2022-03-16 15:03:50 datasets.py[line:154] INFO 1
2022-03-16 15:03:50 datasets.py[line:155] INFO [(1, 0.0), (1, 8.192), (1, 16.384), (1, 24.576)]
2022-03-16 15:03:51 datasets.py[line:45] INFO audio.shape=(131072,)
2022-03-16 15:03:51 datasets.py[line:46] INFO ['A', 'A_FLAT', 'A_FLAT_FLAT', 'A_SHARP', 'A_SHARP_SHARP', 'B', 'B_FLAT', 'B_FLAT_FLAT', 'B_SHARP', 'B_SHARP_SHARP', 'ByteSize', 'C', 'C_FLAT', 'C_FLAT_FLAT', 'C_SHARP', 'C_SHARP_SHARP', 'Clear', 'ClearExtension', 'ClearField', 'ControlChange', 'CopyFrom', 'D', 'DESCRIPTOR', 'D_FLAT', 'D_FLAT_FLAT', 'D_SHARP', 'D_SHARP_SHARP', 'DiscardUnknownFields', 'E', 'E_FLAT', 'E_FLAT_FLAT', 'E_SHARP', 'E_SHARP_SHARP', 'Extensions', 'F', 'F_FLAT', 'F_FLAT_FLAT', 'F_SHARP', 'F_SHARP_SHARP', 'FindInitializationErrors', 'FromString', 'G', 'G_FLAT', 'G_FLAT_FLAT', 'G_SHARP', 'G_SHARP_SHARP', 'HasExtension', 'HasField', 'InstrumentInfo', 'IsInitialized', 'KeySignature', 'ListFields', 'MergeFrom', 'MergeFromString', 'Note', 'ParseFromString', 'PartInfo', 'PitchBend', 'PitchName', 'QuantizationInfo', 'RegisterExtension', 'Section', 'SectionAnnotation', 'SectionGroup', 'SerializePartialToString', 'SerializeToString', 'SetInParent', 'SourceInfo', 'SubsequenceInfo', 'Tempo', 'TextAnnotation', 'TimeSignature', 'UNKNOWN_PITCH_NAME', 'UnknownFields', 'WhichOneof', '_CheckCalledFromGeneratedFile', '_SetListener', '__class__', '__deepcopy__', '__delattr__', '__dir__', '__doc__', '__eq__', '__format__', '__ge__', '__getattribute__', '__getstate__', '__gt__', '__hash__', '__init__', '__init_subclass__', '__le__', '__lt__', '__module__', '__ne__', '__new__', '__reduce__', '__reduce_ex__', '__repr__', '__setattr__', '__setstate__', '__sizeof__', '__slots__', '__str__', '__subclasshook__', '__unicode__', '_extensions_by_name', '_extensions_by_number', 'collection_name', 'control_changes', 'filename', 'id', 'instrument_infos', 'key_signatures', 'notes', 'part_infos', 'pitch_bends', 'quantization_info', 'reference_number', 'section_annotations', 'section_groups', 'sequence_metadata', 'source_info', 'subsequence_info', 'tempos', 'text_annotations', 'ticks_per_quarter', 'time_signatures', 'total_quantized_steps', 'total_time']
2022-03-16 15:03:51 datasets.py[line:48] INFO ticks_per_quarter: 480
time_signatures {
  numerator: 4
  denominator: 4
}
tempos {
  qpm: 120.0
}
notes {
  pitch: 24
  velocity: 93
  start_time: 0.99375
  end_time: 1.0635416666666666
}
notes {
  pitch: 48
  velocity: 96
  start_time: 0.8677083333333333
  end_time: 1.08125
}
notes {
  pitch: 36
  velocity: 99
  start_time: 0.9822916666666667
  end_time: 1.0947916666666666
}
notes {
  pitch: 60
  velocity: 91
  start_time: 0.8677083333333333
  end_time: 1.1083333333333334
}
notes {
  pitch: 60
  velocity: 77
  start_time: 1.559375
  end_time: 1.6854166666666666
}
notes {
  pitch: 84
  velocity: 98
  start_time: 1.8760416666666666
  end_time: 1.996875
}
notes {
  pitch: 88
  velocity: 89
  start_time: 2.0947916666666666
  end_time: 2.167708333333333
}
notes {
  pitch: 96
  velocity: 93
  start_time: 2.0947916666666666
  end_time: 2.2729166666666667
}
notes {
  pitch: 94
  velocity: 87
  start_time: 2.2447916666666665
  end_time: 2.3677083333333333
}
notes {
  pitch: 90
  velocity: 80
  start_time: 2.308333333333333
  end_time: 2.428125
}
notes {
  pitch: 91
  velocity: 34
  start_time: 2.4145833333333333
  end_time: 2.4541666666666666
}
notes {
  pitch: 89
  velocity: 59
  start_t
2022-03-16 15:03:51 datasets.py[line:49] INFO pitch: 75
velocity: 91
start_time: 2.71875
end_time: 2.8

2022-03-16 15:03:51 preprocessors.py[line:124] INFO Padded 131072 samples to multiple of 128
2022-03-16 15:03:51 preprocessors.py[line:134] INFO Encoded 131072 samples to 1024 frames, 128 samples each
2022-03-16 15:03:52 preprocessors.py[line:399] INFO features["targets"].shape=(8290,)
2022-03-16 15:03:52 preprocessors.py[line:401] INFO features["targets"].shape=(8290,), target_start_idx=0 target_end_idx=8290
2022-03-16 15:03:52 preprocessors.py[line:437] INFO targets, features[key].shape=(8290,)
2022-03-16 15:03:52 preprocessors.py[line:439] INFO targets, features[key].shape=(7032,)
2022-03-16 15:03:52 preprocessors.py[line:462] INFO len(state_change_event_ranges)=2, state_change_event_ranges=[(1129, 1256), (1258, 1385)]
2022-03-16 15:03:52 preprocessors.py[line:463] INFO features[key].shape=(7032,)
2022-03-16 15:03:52 preprocessors.py[line:499] INFO features[key].shape=(3680,)
2022-03-16 15:03:52 datasets.py[line:158] INFO inputs.shape=(1024, 128), input_times.shape=(5645,), targets.shape=(3680,), input_event_start_indices.shape=(5645,), input_event_end_indices.shape=(5645,), input_state_event_indices.shape=(5645,), 
2022-03-16 15:03:52 datasets.py[line:160] INFO {'inputs': array([[-0.05773568, -0.09840763, -0.10040253, ...,  0.02933797,
         0.04399889,  0.04689974],
       [ 0.04758182,  0.05576589,  0.07349108, ..., -0.01913706,
        -0.04245656, -0.05350081],
       [-0.04938882, -0.0410261 , -0.03929916, ...,  0.0449984 ,
         0.04283758,  0.0665563 ],
       ...,
       [-0.09009381, -0.07961213, -0.06657699, ..., -0.03178088,
        -0.03280938, -0.03044477],
       [-0.02745384, -0.02329498, -0.01579335, ...,  0.01142853,
         0.02921903,  0.04972014],
       [ 0.06643232,  0.07273928,  0.06822102, ..., -0.0260841 ,
        -0.0212673 , -0.01703604]], dtype=float32), 'input_times': array([0.0000e+00, 8.0000e-03, 1.6000e-02, ..., 4.5136e+01, 4.5144e+01,
       4.5152e+01], dtype=float32), 'targets': array([  87, 1225, 1049, ..., 1000,  516, 1092]), 'input_event_start_indices': array([   0,    0,    1, ..., 8251, 8252, 8253]), 'input_event_end_indices': array([   0,    1,    2, ..., 8252, 8253, 8290]), 'input_state_event_indices': array([0, 0, 0, ..., 0, 0, 0])}
2022-03-16 15:04:05 datasets.py[line:169] INFO <class 'dict'>
2022-03-16 15:04:05 datasets.py[line:171] INFO {'inputs': array([[[ 9.41373000e-04, -2.18674846e-04, -1.74211734e-03, ...,
          2.26207469e-02,  2.86467690e-02,  3.29887979e-02],
        [ 3.65730040e-02,  3.92140932e-02,  4.00047749e-02, ...,
         -7.25524053e-02, -7.05441460e-02, -6.52964264e-02],
        [-5.84352650e-02, -5.18499166e-02, -4.59775366e-02, ...,
          4.53544827e-03,  4.89879923e-04, -2.52224249e-03],
        ...,
        [ 1.18103690e-01,  7.38185197e-02,  2.83027422e-02, ...,
         -3.99151770e-03,  4.03524609e-03,  1.76887922e-02],
        [ 3.92279178e-02,  6.57335296e-02,  9.16928276e-02, ...,
          1.76598176e-01,  1.65271878e-01,  1.44232213e-01],
        [ 1.14225924e-01,  7.91615546e-02,  4.34102938e-02, ...,
         -7.49342889e-03,  1.39099518e-02,  4.67747636e-02]],

       [[-5.76045699e-02, -6.28891513e-02, -2.47266460e-02, ...,
          1.46411076e-01,  1.74135685e-01,  1.96748927e-01],
        [ 2.12164536e-01,  2.18840927e-01,  2.16931254e-01, ...,
         -1.64299607e-01, -1.47067785e-01, -1.20113924e-01],
        [-8.49484354e-02, -4.19840775e-02,  3.43363732e-03, ...,
          8.41737613e-02,  1.03174843e-01,  1.22665040e-01],
        ...,
        [-1.04545696e-04, -1.47579864e-04, -1.96475492e-04, ...,
          2.73732468e-04,  2.65735463e-04,  2.43278191e-04],
        [ 2.15132153e-04,  1.78748436e-04,  1.36923671e-04, ...,
         -3.23121843e-04, -2.84501322e-04, -2.45055184e-04],
        [-2.02128867e-04, -1.64691868e-04, -1.17233663e-04, ...,
         -2.23432799e-04, -2.43619099e-04, -2.73868267e-04]],

       [[-6.40529493e-07,  8.51579955e-07, -1.07714914e-06, ...,
          1.03270933e-01,  1.18775129e-01,  1.34574994e-01],
        [ 1.43419072e-01,  1.30626142e-01,  9.47771594e-02, ...,
          3.21485922e-02,  7.45979026e-02,  8.62498432e-02],
        [ 8.39097723e-02,  8.03555772e-02,  6.07375614e-02, ...,
         -2.20647752e-01, -1.95967048e-01, -1.74289137e-01],
        ...,
        [ 1.44364862e-02,  1.17381243e-02,  9.33010317e-03, ...,
          8.91355518e-03,  8.39573145e-03,  7.86428805e-03],
        [ 7.56143127e-03,  7.65478471e-03,  8.31371173e-03, ...,
         -2.23053880e-02, -2.22269632e-02, -2.21438799e-02],
        [-2.17962787e-02, -2.09549069e-02, -1.96627304e-02, ...,
         -8.74318555e-03, -7.03584077e-03, -5.53790666e-03]],

       [[-2.46380782e-03, -1.91319676e-03,  6.86212967e-04, ...,
          1.64137661e-01,  2.16381818e-01,  2.60184437e-01],
        [ 2.96628654e-01,  3.25714022e-01,  3.01319957e-01, ...,
         -4.43473935e-01, -3.73988450e-01, -2.47028306e-01],
        [-1.10147007e-01,  5.80115523e-03,  6.88345581e-02, ...,
          8.39572772e-03, -4.67205495e-02, -9.27680060e-02],
        ...,
        [-8.70812088e-02, -7.62989596e-02, -6.62388504e-02, ...,
         -8.77857953e-02, -8.61467570e-02, -8.12206343e-02],
        [-7.55606070e-02, -7.14997649e-02, -6.98635057e-02, ...,
         -4.88217250e-02, -3.20933908e-02, -1.86792817e-02],
        [-9.89621505e-03, -5.83129190e-03, -4.26241523e-03, ...,
         -4.27887291e-02, -3.96432914e-02, -3.69929150e-02]]],
      dtype=float32), 'input_times': array([[0.0000e+00, 8.0000e-03, 1.6000e-02, ..., 4.5152e+01, 4.5160e+01,
        4.5168e+01],
       [0.0000e+00, 8.0000e-03, 1.6000e-02, ..., 4.5152e+01, 4.5160e+01,
        4.5168e+01],
       [0.0000e+00, 8.0000e-03, 1.6000e-02, ..., 4.5152e+01, 4.5160e+01,
        4.5168e+01],
       [0.0000e+00, 8.0000e-03, 1.6000e-02, ..., 4.5152e+01, 4.5160e+01,
        4.5168e+01]], dtype=float32), 'targets': array([[ 102, 1221, 1044, ..., 1063, 1071, 1082],
       [ 102, 1221, 1044, ..., 1063, 1071, 1082],
       [ 102, 1221, 1044, ..., 1063, 1071, 1082],
       [ 102, 1221, 1044, ..., 1063, 1071, 1082]]), 'input_event_start_indices': array([[   0,    0,    1, ..., 5277, 5277, 5278],
       [   0,    0,    1, ..., 5277, 5277, 5278],
       [   0,    0,    1, ..., 5277, 5277, 5278],
       [   0,    0,    1, ..., 5277, 5277, 5278]]), 'input_event_end_indices': array([[   0,    1,    2, ..., 5277, 5278, 5291],
       [   0,    1,    2, ..., 5277, 5278, 5291],
       [   0,    1,    2, ..., 5277, 5278, 5291],
       [   0,    1,    2, ..., 5277, 5278, 5291]]), 'input_state_event_indices': array([[0, 0, 0, ..., 0, 0, 0],
       [0, 0, 0, ..., 0, 0, 0],
       [0, 0, 0, ..., 0, 0, 0],
       [0, 0, 0, ..., 0, 0, 0]])}
2022-03-16 15:04:06 datasets.py[line:169] INFO <class 'dict'>
2022-03-16 15:04:06 datasets.py[line:171] INFO {'inputs': array([[[-2.11353768e-02, -2.51499861e-02, -1.43224765e-02, ...,
          3.86929847e-02,  4.97028604e-02,  5.63495755e-02],
        [ 5.90041652e-02,  5.93108088e-02,  5.89885376e-02, ...,
          1.67562850e-02,  1.16011696e-02,  8.12939741e-03],
        [ 6.86347531e-03,  9.22726747e-03,  1.61767993e-02, ...,
          1.86692849e-02,  3.65557782e-02,  5.36520556e-02],
        ...,
        [ 4.01419066e-02,  3.89324613e-02,  3.78442034e-02, ...,
          4.29426879e-02,  4.28187475e-02,  4.21410352e-02],
        [ 4.21933904e-02,  4.35733423e-02,  4.63848934e-02, ...,
          9.03892517e-03, -1.68587395e-03, -1.28502678e-02],
        [-2.05640774e-02, -2.26724185e-02, -1.97291467e-02, ...,
         -2.02113055e-02, -8.83826241e-03,  3.58736655e-03]],

       [[ 9.34370793e-03,  1.76172554e-02,  1.55832646e-02, ...,
          4.62492257e-02,  4.96488810e-02,  4.82256711e-02],
        [ 4.12273109e-02,  2.90371664e-02,  1.29949320e-02, ...,
          3.94168980e-02,  4.55348007e-02,  5.38385846e-02],
        [ 6.34300634e-02,  7.20389485e-02,  7.72759914e-02, ...,
         -8.22913125e-02, -9.10689458e-02, -9.73033383e-02],
        ...,
        [ 3.49533446e-02,  3.20757963e-02,  2.83286497e-02, ...,
          2.76076701e-02,  3.95000130e-02,  5.01382016e-02],
        [ 5.80767244e-02,  6.30815029e-02,  6.59725741e-02, ...,
         -5.16453572e-02, -5.93855008e-02, -6.48770332e-02],
        [-6.78716451e-02, -6.77425936e-02, -6.43270761e-02, ...,
          1.68192033e-02,  1.12974299e-02,  5.73441805e-03]],

       [[ 9.41373000e-04, -2.18674846e-04, -1.74211734e-03, ...,
          2.26207469e-02,  2.86467690e-02,  3.29887979e-02],
        [ 3.65730040e-02,  3.92140932e-02,  4.00047749e-02, ...,
         -7.25524053e-02, -7.05441460e-02, -6.52964264e-02],
        [-5.84352650e-02, -5.18499166e-02, -4.59775366e-02, ...,
          4.53544827e-03,  4.89879923e-04, -2.52224249e-03],
        ...,
        [ 1.18103690e-01,  7.38185197e-02,  2.83027422e-02, ...,
         -3.99151770e-03,  4.03524609e-03,  1.76887922e-02],
        [ 3.92279178e-02,  6.57335296e-02,  9.16928276e-02, ...,
          1.76598176e-01,  1.65271878e-01,  1.44232213e-01],
        [ 1.14225924e-01,  7.91615546e-02,  4.34102938e-02, ...,
         -7.49342889e-03,  1.39099518e-02,  4.67747636e-02]],

       [[-5.76045699e-02, -6.28891513e-02, -2.47266460e-02, ...,
          1.46411076e-01,  1.74135685e-01,  1.96748927e-01],
        [ 2.12164536e-01,  2.18840927e-01,  2.16931254e-01, ...,
         -1.64299607e-01, -1.47067785e-01, -1.20113924e-01],
        [-8.49484354e-02, -4.19840775e-02,  3.43363732e-03, ...,
          8.41737613e-02,  1.03174843e-01,  1.22665040e-01],
        ...,
        [-1.04545696e-04, -1.47579864e-04, -1.96475492e-04, ...,
          2.73732468e-04,  2.65735463e-04,  2.43278191e-04],
        [ 2.15132153e-04,  1.78748436e-04,  1.36923671e-04, ...,
         -3.23121843e-04, -2.84501322e-04, -2.45055184e-04],
        [-2.02128867e-04, -1.64691868e-04, -1.17233663e-04, ...,
         -2.23432799e-04, -2.43619099e-04, -2.73868267e-04]]],
      dtype=float32), 'input_times': array([[0.0000e+00, 8.0000e-03, 1.6000e-02, ..., 4.5152e+01, 4.5160e+01,
        4.5168e+01],
       [0.0000e+00, 8.0000e-03, 1.6000e-02, ..., 4.5152e+01, 4.5160e+01,
        4.5168e+01],
       [0.0000e+00, 8.0000e-03, 1.6000e-02, ..., 4.5152e+01, 4.5160e+01,
        4.5168e+01],
       [0.0000e+00, 8.0000e-03, 1.6000e-02, ..., 4.5152e+01, 4.5160e+01,
        4.5168e+01]], dtype=float32), 'targets': array([[ 102, 1221, 1044, ..., 1063, 1071, 1082],
       [ 102, 1221, 1044, ..., 1063, 1071, 1082],
       [ 102, 1221, 1044, ..., 1063, 1071, 1082],
       [ 102, 1221, 1044, ..., 1063, 1071, 1082]]), 'input_event_start_indices': array([[   0,    0,    1, ..., 5277, 5277, 5278],
       [   0,    0,    1, ..., 5277, 5277, 5278],
       [   0,    0,    1, ..., 5277, 5277, 5278],
       [   0,    0,    1, ..., 5277, 5277, 5278]]), 'input_event_end_indices': array([[   0,    1,    2, ..., 5277, 5278, 5291],
       [   0,    1,    2, ..., 5277, 5278, 5291],
       [   0,    1,    2, ..., 5277, 5278, 5291],
       [   0,    1,    2, ..., 5277, 5278, 5291]]), 'input_state_event_indices': array([[0, 0, 0, ..., 0, 0, 0],
       [0, 0, 0, ..., 0, 0, 0],
       [0, 0, 0, ..., 0, 0, 0],
       [0, 0, 0, ..., 0, 0, 0]])}
2022-03-16 15:04:08 datasets.py[line:169] INFO <class 'dict'>
2022-03-16 15:04:08 datasets.py[line:171] INFO {'inputs': array([[[ 1.14266250e-05,  1.62741981e-05,  1.47522396e-05, ...,
          0.00000000e+00,  0.00000000e+00,  0.00000000e+00],
        [ 0.00000000e+00,  0.00000000e+00,  0.00000000e+00, ...,
         -1.12226253e-05, -1.63239511e-05, -1.51505055e-05],
        [-4.74813396e-06,  1.83441080e-06, -1.25246856e-06, ...,
          0.00000000e+00,  0.00000000e+00,  0.00000000e+00],
        ...,
        [ 1.16708158e-02,  5.71576878e-03, -6.80237426e-04, ...,
         -7.10793445e-03, -3.63898091e-03,  1.12786912e-03],
        [ 7.11693056e-03,  1.34313460e-02,  1.81834009e-02, ...,
          6.26129005e-03,  6.18062774e-03,  5.88297890e-03],
        [ 5.85736381e-03,  7.35117914e-03,  1.10359583e-02, ...,
          8.13966710e-03,  8.17738101e-03,  9.05989949e-03]],

       [[ 5.44417975e-03,  5.18068811e-03, -5.47400676e-04, ...,
          1.27722817e-02,  1.17461849e-02,  1.03566395e-02],
        [ 8.82508606e-03,  7.17478897e-03,  5.60221495e-03, ...,
          1.12847585e-04,  9.31476417e-04,  1.20681059e-03],
        [-1.12358946e-04, -2.27680570e-03, -3.15051968e-03, ...,
         -1.08073624e-02, -1.45934690e-02, -1.66251827e-02],
        ...,
        [-5.19008450e-02, -3.19000036e-02, -2.28878837e-02, ...,
          6.92799911e-02,  8.46654102e-02,  8.88229385e-02],
        [ 8.00576806e-02,  6.45191744e-02,  4.97913323e-02, ...,
         -8.04789513e-02, -7.15572387e-02, -6.32419139e-02],
        [-5.52518629e-02, -4.93547432e-02, -4.05661613e-02, ...,
          1.16575800e-01,  1.17903695e-01,  1.10074595e-01]],

       [[ 5.65982871e-02,  5.82822114e-02,  2.24561226e-02, ...,
         -7.31773898e-02, -6.88790381e-02, -6.40601516e-02],
        [-4.97008264e-02, -2.33620554e-02,  7.20716873e-03, ...,
          8.78024623e-02,  6.41051456e-02,  5.04778624e-02],
        [ 4.57777232e-02,  4.88507971e-02,  5.11698164e-02, ...,
         -1.04008846e-01, -7.49781877e-02, -4.51710299e-02],
        ...,
        [ 1.55149689e-02, -3.02138031e-02, -6.83343112e-02, ...,
          1.16427243e-01,  9.69642624e-02,  6.84289560e-02],
        [ 3.54561545e-02,  3.36820446e-03, -2.76039653e-02, ...,
          9.36279818e-02,  7.48127922e-02,  6.36466518e-02],
        [ 6.39638379e-02,  7.28765056e-02,  7.71060288e-02, ...,
          1.11148894e-01,  7.18279332e-02,  4.00490835e-02]],

       [[ 1.12085575e-02, -6.61394838e-03, -4.95869108e-02, ...,
          2.05987304e-01,  2.33956382e-01,  2.26442486e-01],
        [ 1.91301242e-01,  1.41573370e-01,  9.25664306e-02, ...,
         -4.83968295e-02, -8.14723875e-03,  1.24979233e-02],
        [ 1.13189034e-02,  1.14292642e-02,  2.67100371e-02, ...,
          2.09499802e-02, -8.74198601e-03, -4.82517667e-02],
        ...,
        [-3.85730267e-02, -3.70454900e-02, -3.49103063e-02, ...,
          9.23588034e-03,  4.27332334e-03,  3.19911574e-04],
        [-6.44909916e-04,  1.96640496e-03,  7.82316551e-03, ...,
         -4.12303172e-02, -3.89289856e-02, -3.16283442e-02],
        [-2.05701664e-02, -8.37361347e-03,  2.93949828e-03, ...,
          4.11838070e-02,  4.17766795e-02,  4.52510528e-02]]],
      dtype=float32), 'input_times': array([[0.0000e+00, 8.0000e-03, 1.6000e-02, ..., 6.3360e+01, 6.3368e+01,
        6.3376e+01],
       [0.0000e+00, 8.0000e-03, 1.6000e-02, ..., 6.3360e+01, 6.3368e+01,
        6.3376e+01],
       [0.0000e+00, 8.0000e-03, 1.6000e-02, ..., 6.3360e+01, 6.3368e+01,
        6.3376e+01],
       [0.0000e+00, 8.0000e-03, 1.6000e-02, ..., 6.3360e+01, 6.3368e+01,
        6.3376e+01]], dtype=float32), 'targets': array([[  84, 1211, 1089, ..., 1000,  330, 1034],
       [  84, 1211, 1089, ..., 1000,  330, 1034],
       [  84, 1211, 1089, ..., 1000,  330, 1034],
       [  84, 1211, 1089, ..., 1000,  330, 1034]]), 'input_event_start_indices': array([[    0,     0,     1, ..., 14202, 14202, 14203],
       [    0,     0,     1, ..., 14202, 14202, 14203],
       [    0,     0,     1, ..., 14202, 14202, 14203],
       [    0,     0,     1, ..., 14202, 14202, 14203]]), 'input_event_end_indices': array([[    0,     1,     2, ..., 14202, 14203, 14204],
       [    0,     1,     2, ..., 14202, 14203, 14204],
       [    0,     1,     2, ..., 14202, 14203, 14204],
       [    0,     1,     2, ..., 14202, 14203, 14204]]), 'input_state_event_indices': array([[0, 0, 0, ..., 0, 0, 0],
       [0, 0, 0, ..., 0, 0, 0],
       [0, 0, 0, ..., 0, 0, 0],
       [0, 0, 0, ..., 0, 0, 0]])}
