2022-03-16 15:40:47 datasets.py[line:150] INFO 1
2022-03-16 15:40:47 datasets.py[line:151] INFO [(1, 0.0), (1, 8.192), (1, 16.384), (1, 24.576)]
2022-03-16 15:40:48 datasets.py[line:45] INFO audio.shape=(131072,)
2022-03-16 15:40:48 datasets.py[line:46] INFO ticks_per_quarter: 480
time_signatures {
  numerator: 4
  de
2022-03-16 15:40:48 preprocessors.py[line:165] INFO Got audio for ns.id='(0, 2.3)'::ns.filename='' with length 131072
2022-03-16 15:40:48 preprocessors.py[line:124] INFO Padded 131072 samples to multiple of 128
2022-03-16 15:40:48 preprocessors.py[line:134] INFO Encoded 131072 samples to 1024 frames, 128 samples each
2022-03-16 15:40:48 preprocessors.py[line:202] INFO trim featrue: start=287, end=1311
2022-03-16 15:40:48 preprocessors.py[line:408] INFO features["targets"].shape=(8290,)
2022-03-16 15:40:48 preprocessors.py[line:410] INFO features["targets"].shape=(1626,), target_start_idx=268 target_end_idx=1894
2022-03-16 15:40:48 preprocessors.py[line:446] INFO targets, features[key].shape=(1626,)
2022-03-16 15:40:48 preprocessors.py[line:448] INFO targets, features[key].shape=(1357,)
2022-03-16 15:40:48 preprocessors.py[line:471] INFO len(state_change_event_ranges)=2, state_change_event_ranges=[(1129, 1256), (1258, 1385)]
2022-03-16 15:40:48 preprocessors.py[line:472] INFO features[key].shape=(1357,)
2022-03-16 15:40:48 preprocessors.py[line:508] INFO features[key].shape=(641,)

2022-03-16 15:40:48 datasets.py[line:154] INFO 
inputs.shape=(1024, 128), 
input_times.shape=(5645,), 
targets.shape=(641,), 
input_event_start_indices.shape=(1024,), 
input_event_end_indices.shape=(1024,), 
input_state_event_indices.shape=(1024,), 

2022-03-16 15:40:48 datasets.py[line:156] INFO {'inputs': array([[-0.05773568, -0.09840763, -0.10040253, ...,  0.02933797,
         0.04399889,  0.04689974],
       [ 0.04758182,  0.05576589,  0.07349108, ..., -0.01913706,
        -0.04245656, -0.05350081],
       [-0.04938882, -0.0410261 , -0.03929916, ...,  0.0449984 ,
         0.04283758,  0.0665563 ],
       ...,
       [-0.09009381, -0.07961213, -0.06657699, ..., -0.03178088,
        -0.03280938, -0.03044477],
       [-0.02745384, -0.02329498, -0.01579335, ...,  0.01142853,
         0.02921903,  0.04972014],
       [ 0.06643232,  0.07273928,  0.06822102, ..., -0.0260841 ,
        -0.0212673 , -0.01703604]], dtype=float32), 'input_times': array([0.0000e+00, 8.0000e-03, 1.6000e-02, ..., 4.5136e+01, 4.5144e+01,
       4.5152e+01], dtype=float32), 'targets': array([   2, 1209, 1091,   12, 1163, 1092,   13, 1129, 1089, 1207, 1089,
         15, 1188, 1090,   19, 1129, 1085, 1208, 1085,   29, 1214, 1083,
         35, 1210, 1081,   40, 1218, 1080,   43, 1220, 1076,   52, 1073,
         60, 1186, 1072,   61, 1215, 1070,   67, 1129, 1068, 1201, 1068,
         74, 1221, 1065,   81, 1129, 1061, 1213, 1061,   90, 1218, 1059,
         98, 1204, 1056,  104, 1217, 1053,  111, 1129, 1049, 1206, 1049,
        121, 1207, 1047,  129, 1129, 1025, 1037, 1047, 1049, 1053, 1056,
       1059, 1061, 1065, 1068, 1070, 1071, 1072, 1073, 1076, 1077, 1080,
       1081, 1083, 1085, 1089, 1090, 1091, 1092, 1095, 1097,  130, 1199,
       1044,  138, 1129, 1044, 1192, 1051,  142, 1190, 1049,  143, 1181,
       1041,  144, 1129, 1051, 1192, 1045,  147, 1129, 1041,  149, 1185,
       1047,  151, 1129, 1049,  153, 1045,  156, 1047,  158, 1192, 1046,
        160, 1187, 1042,  164, 1129, 1042,  166, 1046,  167, 1183, 1053,
        172, 1180, 1047,  173, 1184, 1051,  174, 1129, 1053,  175, 1198,
       1043,  179, 1189, 1049,  180, 1129, 1043, 1051,  182, 1047,  186,
       1049,  189, 1195, 1048,  191, 1201, 1044,  195, 1129, 1048,  196,
       1044, 1192, 1054,  203, 1194, 1053,  205, 1202, 1045,  206, 1129,
       1054,  210, 1190, 1051, 1129, 1045,  213, 1053,  220, 1051,  222,
       1207, 1046, 1199, 1049,  229, 1192, 1056,  230, 1129, 1049,  236,
       1195, 1050, 1197, 1054,  238, 1129, 1056,  240, 1046,  243, 1194,
       1053,  246, 1129, 1054, 1050,  253, 1212, 1047, 1211, 1051,  254,
       1129, 1053,  259, 1194, 1058,  260, 1129, 1047,  261, 1051,  267,
       1213, 1048,  268, 1203, 1056, 1206, 1052,  273, 1129, 1058,  274,
       1048,  275, 1204, 1054,  280, 1129, 1056, 1052,  286, 1223, 1049,
       1129, 1054, 1225, 1053,  293, 1129, 1049,  303, 1053,  330, 1229,
       1049, 1220, 1061,  338, 1229, 1037,  339, 1221, 1025,  392, 1129,
       1061, 1208, 1061,  400, 1068,  407, 1211, 1071,  421, 1235, 1077,
       1227, 1085,  440, 1228, 1097,  441, 1089,  455, 1219, 1095,  463,
       1211, 1092,  470, 1129, 1089, 1213, 1089,  478, 1129, 1085, 1208,
       1085,  487, 1215, 1083,  496, 1216, 1080,  502, 1129, 1077, 1217,
       1077,  510, 1219, 1073,  519, 1129, 1071, 1216, 1071,  526, 1129,
       1068, 1206, 1068,  534, 1218, 1065,  542, 1129, 1061, 1217, 1061,
        551, 1213, 1059,  558, 1214, 1056,  559, 1155, 1057,  565, 1215,
       1053,  572, 1129, 1049, 1208, 1049,  584, 1204, 1047,  589, 1129,
       1025, 1037, 1049, 1053, 1056, 1057, 1059, 1061, 1065, 1068, 1071,
       1073, 1077, 1080, 1083, 1085, 1089, 1092, 1095, 1097,  591, 1047,
        592, 1199, 1044,  600, 1129, 1044, 1192, 1051,  605, 1184, 1041,
        606, 1187, 1045, 1183, 1049, 1129, 1051,  610, 1041,  611, 1183,
       1047,  612, 1129, 1045, 1049,  618, 1047,  621, 1192, 1042,  622,
       1184, 1046,  626, 1129, 1042,  628, 1046,  631, 1177, 1053,  635,
       1129, 1053,  636, 1177, 1047,  637, 1192, 1043, 1172, 1051,  642,
       1129, 1043, 1186, 1049,  643, 1129, 1051,  648, 1047,  649, 1049,
        652, 1190, 1044,  653, 1188, 1048,  657, 1129, 1044,  658, 1048,
        659, 1188, 1054,  667, 1191, 1053, 1194, 1045,  668, 1129, 1054,
        672, 1045,  674, 1185, 1051,  675, 1129, 1053,  682, 1051,  684,
       1196, 1046,  686, 1191, 1049,  692, 1129, 1049,  694, 1184, 1056,
        700, 1129, 1056,  701, 1182, 1054,  702, 1179, 1050,  704, 1129,
       1046,  708, 1189, 1053,  709, 1129, 1050, 1054,  718, 1053, 1198,
       1047,  719, 1194, 1051,  723, 1129, 1047,  725, 1051,  727, 1194,
       1058,  732, 1199, 1048,  733, 1190, 1052,  734, 1129, 1058,  735,
       1178, 1056,  737, 1129, 1048,  739, 1190, 1054,  742, 1129, 1056,
        743, 1052,  746, 1054,  749, 1200, 1049, 1199, 1053,  753, 1129,
       1049,  757, 1197, 1059,  758, 1129, 1053,  764, 1198, 1050,  765,
       1129, 1059,  766, 1187, 1058,  769, 1129, 1050,  771, 1195, 1056,
        774, 1129, 1058,  778, 1056,  780, 1202, 1051,  781, 1054,  785,
       1129, 1051,  788, 1054,  789, 1198, 1061,  795, 1203, 1052,  796,
       1190, 1060, 1194, 1055,  798, 1129, 1061,  799, 1052,  802, 1055,
       1193, 1058,  807, 1129, 1060,  811, 1214, 1053,  812, 1129, 1058,
        813, 1204, 1056]), 'input_event_start_indices': array([ 268,  269,  270, ..., 1892, 1893, 1893]), 'input_event_end_indices': array([ 269,  270,  270, ..., 1893, 1893, 1894]), 'input_state_event_indices': array([0, 0, 0, ..., 0, 0, 0])}
2022-03-16 15:41:01 datasets.py[line:165] INFO <class 'dict'>
2022-03-16 15:41:01 datasets.py[line:167] INFO {'inputs': array([[[ 9.41373000e-04, -2.18674846e-04, -1.74211734e-03, ...,
          2.26207469e-02,  2.86467690e-02,  3.29887979e-02],
        [ 3.65730040e-02,  3.92140932e-02,  4.00047749e-02, ...,
         -7.25524053e-02, -7.05441460e-02, -6.52964264e-02],
        [-5.84352650e-02, -5.18499166e-02, -4.59775366e-02, ...,
          4.53544827e-03,  4.89879923e-04, -2.52224249e-03],
        ...,
        [ 1.18103690e-01,  7.38185197e-02,  2.83027422e-02, ...,
         -3.99151770e-03,  4.03524609e-03,  1.76887922e-02],
        [ 3.92279178e-02,  6.57335296e-02,  9.16928276e-02, ...,
          1.76598176e-01,  1.65271878e-01,  1.44232213e-01],
        [ 1.14225924e-01,  7.91615546e-02,  4.34102938e-02, ...,
         -7.49342889e-03,  1.39099518e-02,  4.67747636e-02]],

       [[-5.76045699e-02, -6.28891513e-02, -2.47266460e-02, ...,
          1.46411076e-01,  1.74135685e-01,  1.96748927e-01],
        [ 2.12164536e-01,  2.18840927e-01,  2.16931254e-01, ...,
         -1.64299607e-01, -1.47067785e-01, -1.20113924e-01],
        [-8.49484354e-02, -4.19840775e-02,  3.43363732e-03, ...,
          8.41737613e-02,  1.03174843e-01,  1.22665040e-01],
        ...,
        [-1.04545696e-04, -1.47579864e-04, -1.96475492e-04, ...,
          2.73732468e-04,  2.65735463e-04,  2.43278191e-04],
        [ 2.15132153e-04,  1.78748436e-04,  1.36923671e-04, ...,
         -3.23121843e-04, -2.84501322e-04, -2.45055184e-04],
        [-2.02128867e-04, -1.64691868e-04, -1.17233663e-04, ...,
         -2.23432799e-04, -2.43619099e-04, -2.73868267e-04]],

       [[-6.40529493e-07,  8.51579955e-07, -1.07714914e-06, ...,
          1.03270933e-01,  1.18775129e-01,  1.34574994e-01],
        [ 1.43419072e-01,  1.30626142e-01,  9.47771594e-02, ...,
          3.21485922e-02,  7.45979026e-02,  8.62498432e-02],
        [ 8.39097723e-02,  8.03555772e-02,  6.07375614e-02, ...,
         -2.20647752e-01, -1.95967048e-01, -1.74289137e-01],
        ...,
        [ 1.44364862e-02,  1.17381243e-02,  9.33010317e-03, ...,
          8.91355518e-03,  8.39573145e-03,  7.86428805e-03],
        [ 7.56143127e-03,  7.65478471e-03,  8.31371173e-03, ...,
         -2.23053880e-02, -2.22269632e-02, -2.21438799e-02],
        [-2.17962787e-02, -2.09549069e-02, -1.96627304e-02, ...,
         -8.74318555e-03, -7.03584077e-03, -5.53790666e-03]],

       [[-2.46380782e-03, -1.91319676e-03,  6.86212967e-04, ...,
          1.64137661e-01,  2.16381818e-01,  2.60184437e-01],
        [ 2.96628654e-01,  3.25714022e-01,  3.01319957e-01, ...,
         -4.43473935e-01, -3.73988450e-01, -2.47028306e-01],
        [-1.10147007e-01,  5.80115523e-03,  6.88345581e-02, ...,
          8.39572772e-03, -4.67205495e-02, -9.27680060e-02],
        ...,
        [-8.70812088e-02, -7.62989596e-02, -6.62388504e-02, ...,
         -8.77857953e-02, -8.61467570e-02, -8.12206343e-02],
        [-7.55606070e-02, -7.14997649e-02, -6.98635057e-02, ...,
         -4.88217250e-02, -3.20933908e-02, -1.86792817e-02],
        [-9.89621505e-03, -5.83129190e-03, -4.26241523e-03, ...,
         -4.27887291e-02, -3.96432914e-02, -3.69929150e-02]]],
      dtype=float32), 'input_times': array([[0.0000e+00, 8.0000e-03, 1.6000e-02, ..., 4.5152e+01, 4.5160e+01,
        4.5168e+01],
       [0.0000e+00, 8.0000e-03, 1.6000e-02, ..., 4.5152e+01, 4.5160e+01,
        4.5168e+01],
       [0.0000e+00, 8.0000e-03, 1.6000e-02, ..., 4.5152e+01, 4.5160e+01,
        4.5168e+01],
       [0.0000e+00, 8.0000e-03, 1.6000e-02, ..., 4.5152e+01, 4.5160e+01,
        4.5168e+01]], dtype=float32), 'targets': array([array([  25, 1191, 1064,   33, 1129, 1056,   36, 1187, 1063,   39, 1129,
              1064,  119, 1179, 1066,  132, 1129, 1063,  134, 1180, 1060,  142,
              1129, 1066,  220, 1069, 1187, 1069,  231, 1188, 1068,  239, 1129,
              1069,  317, 1187, 1066,  327, 1129, 1068,  330, 1194, 1075,  335,
              1129, 1066,  409, 1185, 1066,  423, 1191, 1064,  430, 1129, 1066,
               503, 1182, 1063,  520, 1129, 1064, 1188, 1064,  522, 1180, 1061,
               526, 1129, 1049, 1060, 1063,  599, 1195, 1080,  613, 1129, 1075,
              1205, 1075, 1198, 1066,  615, 1193, 1072,  616, 1129, 1080,  617,
              1064,  695, 1194, 1078,  707, 1191, 1068, 1209, 1076,  709, 1195,
              1073,  710, 1129, 1066, 1072, 1075, 1078,  790, 1188, 1059,  803,
              1187, 1058,  804, 1203, 1067,  807, 1129, 1059, 1061, 1068])     ,
       array([   2, 1191, 1064,    9, 1129, 1066,   82, 1182, 1063,   99, 1129,
              1064, 1188, 1064,  101, 1180, 1061,  105, 1129, 1049, 1060, 1063,
               178, 1195, 1080,  192, 1129, 1075, 1205, 1075, 1198, 1066,  194,
              1193, 1072,  195, 1129, 1080,  196, 1064,  274, 1194, 1078,  286,
              1191, 1068, 1209, 1076,  288, 1195, 1073,  289, 1129, 1066, 1072,
              1075, 1078,  369, 1188, 1059,  382, 1187, 1058,  383, 1203, 1067,
               386, 1129, 1059, 1061, 1068,  459, 1199, 1068,  460, 1184, 1061,
               474, 1197, 1070,  477, 1186, 1055,  480, 1129, 1067, 1068,  481,
              1061,  489, 1058,  503, 1073,  549, 1076, 1206, 1076,  561, 1186,
              1058, 1210, 1075,  569, 1129, 1076,  635, 1205, 1073,  648, 1214,
              1082,  650, 1129, 1073, 1075,  729, 1189, 1073,  740, 1173, 1063,
               741, 1187, 1071,  746, 1129, 1058, 1070, 1073])                 ,
       array([ 102, 1221, 1044,  200, 1203, 1068,  208, 1220, 1063,  212, 1129,
              1068,  294, 1210, 1066,  303, 1203, 1064,  305, 1129, 1063,  307,
              1066,  388, 1192, 1059,  398, 1195, 1058,  403, 1129, 1059,  481,
              1188, 1061,  493, 1186, 1055,  501, 1129, 1058, 1061,  568, 1064,
              1189, 1064,  575, 1198, 1063,  586, 1129, 1063, 1205, 1063,  591,
              1129, 1064,  670, 1199, 1061,  683, 1210, 1070,  687, 1129, 1061,
              1063,  760, 1183, 1061,  766, 1194, 1059,  780, 1129, 1059, 1193,
              1059,  781, 1129, 1061, 1070])                                   ,
       array([  40, 1185, 1058,   53, 1170, 1056,   54, 1129, 1059, 1172, 1059,
                61, 1129, 1044, 1055, 1058,  132, 1213, 1075,  143, 1180, 1061,
               145, 1215, 1070,  152, 1129, 1075,  160, 1059,  222, 1203, 1073,
               236, 1186, 1063,  237, 1212, 1071,  242, 1129, 1073,  244, 1061,
               251, 1070,  320, 1191, 1066,  333, 1190, 1065, 1129, 1066,  410,
              1185, 1068,  418, 1129, 1065,  425, 1177, 1062,  431, 1129, 1068,
               432, 1063,  499, 1071, 1194, 1071,  507, 1200, 1070,  514, 1129,
              1071, 1183, 1071,  520, 1129, 1070, 1206, 1070,  526, 1129, 1071,
               603, 1197, 1068,  618, 1209, 1077,  620, 1129, 1068, 1070,  692,
              1203, 1068,  702, 1202, 1067,  710, 1129, 1068, 1204, 1068,  712,
              1129, 1067, 1077,  718, 1197, 1067,  720, 1129, 1068,  793, 1184,
              1065,  808, 1173, 1051,  809, 1129, 1067, 1187, 1067,  810, 1129,
              1056, 1062, 1065,  811, 1174, 1063])                             ],
      dtype=object), 'input_event_start_indices': array([[3825, 3826, 3827, ..., 4783, 4784, 4785],
       [4297, 4298, 4299, ..., 5276, 5277, 5277],
       [   0,    0,    1, ...,  909,  910,  911],
       [ 912,  912,  913, ..., 1891, 1891, 1892]]), 'input_event_end_indices': array([[3826, 3827, 3828, ..., 4784, 4785, 4785],
       [4298, 4299, 4303, ..., 5277, 5277, 5278],
       [   0,    1,    2, ...,  910,  911,  912],
       [ 912,  913,  914, ..., 1891, 1892, 1893]]), 'input_state_event_indices': array([[0, 0, 0, ..., 0, 0, 0],
       [0, 0, 0, ..., 0, 0, 0],
       [0, 0, 0, ..., 0, 0, 0],
       [0, 0, 0, ..., 0, 0, 0]])}
2022-03-16 15:41:02 datasets.py[line:165] INFO <class 'dict'>
2022-03-16 15:41:02 datasets.py[line:167] INFO {'inputs': array([[[-2.11353768e-02, -2.51499861e-02, -1.43224765e-02, ...,
          3.86929847e-02,  4.97028604e-02,  5.63495755e-02],
        [ 5.90041652e-02,  5.93108088e-02,  5.89885376e-02, ...,
          1.67562850e-02,  1.16011696e-02,  8.12939741e-03],
        [ 6.86347531e-03,  9.22726747e-03,  1.61767993e-02, ...,
          1.86692849e-02,  3.65557782e-02,  5.36520556e-02],
        ...,
        [ 4.01419066e-02,  3.89324613e-02,  3.78442034e-02, ...,
          4.29426879e-02,  4.28187475e-02,  4.21410352e-02],
        [ 4.21933904e-02,  4.35733423e-02,  4.63848934e-02, ...,
          9.03892517e-03, -1.68587395e-03, -1.28502678e-02],
        [-2.05640774e-02, -2.26724185e-02, -1.97291467e-02, ...,
         -2.02113055e-02, -8.83826241e-03,  3.58736655e-03]],

       [[ 9.34370793e-03,  1.76172554e-02,  1.55832646e-02, ...,
          4.62492257e-02,  4.96488810e-02,  4.82256711e-02],
        [ 4.12273109e-02,  2.90371664e-02,  1.29949320e-02, ...,
          3.94168980e-02,  4.55348007e-02,  5.38385846e-02],
        [ 6.34300634e-02,  7.20389485e-02,  7.72759914e-02, ...,
         -8.22913125e-02, -9.10689458e-02, -9.73033383e-02],
        ...,
        [ 3.49533446e-02,  3.20757963e-02,  2.83286497e-02, ...,
          2.76076701e-02,  3.95000130e-02,  5.01382016e-02],
        [ 5.80767244e-02,  6.30815029e-02,  6.59725741e-02, ...,
         -5.16453572e-02, -5.93855008e-02, -6.48770332e-02],
        [-6.78716451e-02, -6.77425936e-02, -6.43270761e-02, ...,
          1.68192033e-02,  1.12974299e-02,  5.73441805e-03]],

       [[ 9.41373000e-04, -2.18674846e-04, -1.74211734e-03, ...,
          2.26207469e-02,  2.86467690e-02,  3.29887979e-02],
        [ 3.65730040e-02,  3.92140932e-02,  4.00047749e-02, ...,
         -7.25524053e-02, -7.05441460e-02, -6.52964264e-02],
        [-5.84352650e-02, -5.18499166e-02, -4.59775366e-02, ...,
          4.53544827e-03,  4.89879923e-04, -2.52224249e-03],
        ...,
        [ 1.18103690e-01,  7.38185197e-02,  2.83027422e-02, ...,
         -3.99151770e-03,  4.03524609e-03,  1.76887922e-02],
        [ 3.92279178e-02,  6.57335296e-02,  9.16928276e-02, ...,
          1.76598176e-01,  1.65271878e-01,  1.44232213e-01],
        [ 1.14225924e-01,  7.91615546e-02,  4.34102938e-02, ...,
         -7.49342889e-03,  1.39099518e-02,  4.67747636e-02]],

       [[-5.76045699e-02, -6.28891513e-02, -2.47266460e-02, ...,
          1.46411076e-01,  1.74135685e-01,  1.96748927e-01],
        [ 2.12164536e-01,  2.18840927e-01,  2.16931254e-01, ...,
         -1.64299607e-01, -1.47067785e-01, -1.20113924e-01],
        [-8.49484354e-02, -4.19840775e-02,  3.43363732e-03, ...,
          8.41737613e-02,  1.03174843e-01,  1.22665040e-01],
        ...,
        [-1.04545696e-04, -1.47579864e-04, -1.96475492e-04, ...,
          2.73732468e-04,  2.65735463e-04,  2.43278191e-04],
        [ 2.15132153e-04,  1.78748436e-04,  1.36923671e-04, ...,
         -3.23121843e-04, -2.84501322e-04, -2.45055184e-04],
        [-2.02128867e-04, -1.64691868e-04, -1.17233663e-04, ...,
         -2.23432799e-04, -2.43619099e-04, -2.73868267e-04]]],
      dtype=float32), 'input_times': array([[0.0000e+00, 8.0000e-03, 1.6000e-02, ..., 4.5152e+01, 4.5160e+01,
        4.5168e+01],
       [0.0000e+00, 8.0000e-03, 1.6000e-02, ..., 4.5152e+01, 4.5160e+01,
        4.5168e+01],
       [0.0000e+00, 8.0000e-03, 1.6000e-02, ..., 4.5152e+01, 4.5160e+01,
        4.5168e+01],
       [0.0000e+00, 8.0000e-03, 1.6000e-02, ..., 4.5152e+01, 4.5160e+01,
        4.5168e+01]], dtype=float32), 'targets': array([array([  61, 1188, 1068,   64, 1129, 1067,   78, 1195, 1070,   81, 1129,
              1068,  120, 1179, 1061,  135, 1129, 1063,  162, 1182, 1059,  171,
              1129, 1061,  237, 1188, 1063,  250, 1201, 1068,  262, 1129, 1063,
               272, 1070,  326, 1191, 1071,  342, 1175, 1058, 1191, 1073,  348,
              1129, 1071,  349, 1059,  383, 1068,  421, 1180, 1068,  435, 1179,
              1067,  440, 1129, 1068,  509, 1175, 1065,  510, 1129, 1067,  525,
              1188, 1067,  527, 1129, 1065,  591, 1199, 1075,  604, 1209, 1070,
               606, 1175, 1063,  608, 1129, 1073,  609, 1075,  616, 1058,  644,
              1200, 1052,  651, 1129, 1051,  662, 1189, 1073,  673, 1129, 1067,
               689, 1188, 1054, 1186, 1068,  690, 1196, 1072,  698, 1129, 1073,
               700, 1052,  706, 1070,  757, 1199, 1073,  763, 1129, 1072,  774,
              1203, 1075,  782, 1129, 1073,  816, 1194, 1060])                 ,
       array([  11, 1129, 1063,   41, 1191, 1052,   43, 1189, 1056,   46, 1129,
              1054, 1060,  115, 1068, 1204, 1068,  127, 1189, 1064,  128, 1214,
              1073,  135, 1129, 1056,  136, 1068,  138, 1075,  202, 1211, 1076,
               216, 1217, 1078, 1184, 1051, 1200, 1057,  220, 1129, 1052, 1076,
               230, 1064,  293, 1073, 1199, 1073,  307, 1201, 1072,  308, 1179,
              1054,  311, 1129, 1073,  314, 1057,  380, 1188, 1070,  385, 1129,
              1072,  394, 1197, 1072,  398, 1129, 1070,  399, 1180, 1056,  401,
              1129, 1054,  475, 1219, 1080,  486, 1218, 1075, 1189, 1044,  488,
              1129, 1051, 1078,  491, 1080,  565, 1215, 1078,  578, 1196, 1049,
               579, 1206, 1076,  582, 1129, 1078,  585, 1075,  588, 1044,  609,
              1072,  662, 1196, 1073,  676, 1193, 1068,  678, 1129, 1073,  750,
              1197, 1071,  760, 1129, 1076,  761, 1210, 1069,  765, 1129, 1068,
               770, 1071])                                                     ,
       array([  25, 1191, 1064,   33, 1129, 1056,   36, 1187, 1063,   39, 1129,
              1064,  119, 1179, 1066,  132, 1129, 1063,  134, 1180, 1060,  142,
              1129, 1066,  220, 1069, 1187, 1069,  231, 1188, 1068,  239, 1129,
              1069,  317, 1187, 1066,  327, 1129, 1068,  330, 1194, 1075,  335,
              1129, 1066,  409, 1185, 1066,  423, 1191, 1064,  430, 1129, 1066,
               503, 1182, 1063,  520, 1129, 1064, 1188, 1064,  522, 1180, 1061,
               526, 1129, 1049, 1060, 1063,  599, 1195, 1080,  613, 1129, 1075,
              1205, 1075, 1198, 1066,  615, 1193, 1072,  616, 1129, 1080,  617,
              1064,  695, 1194, 1078,  707, 1191, 1068, 1209, 1076,  709, 1195,
              1073,  710, 1129, 1066, 1072, 1075, 1078,  790, 1188, 1059,  803,
              1187, 1058,  804, 1203, 1067,  807, 1129, 1059, 1061, 1068])     ,
       array([   2, 1191, 1064,    9, 1129, 1066,   82, 1182, 1063,   99, 1129,
              1064, 1188, 1064,  101, 1180, 1061,  105, 1129, 1049, 1060, 1063,
               178, 1195, 1080,  192, 1129, 1075, 1205, 1075, 1198, 1066,  194,
              1193, 1072,  195, 1129, 1080,  196, 1064,  274, 1194, 1078,  286,
              1191, 1068, 1209, 1076,  288, 1195, 1073,  289, 1129, 1066, 1072,
              1075, 1078,  369, 1188, 1059,  382, 1187, 1058,  383, 1203, 1067,
               386, 1129, 1059, 1061, 1068,  459, 1199, 1068,  460, 1184, 1061,
               474, 1197, 1070,  477, 1186, 1055,  480, 1129, 1067, 1068,  481,
              1061,  489, 1058,  503, 1073,  549, 1076, 1206, 1076,  561, 1186,
              1058, 1210, 1075,  569, 1129, 1076,  635, 1205, 1073,  648, 1214,
              1082,  650, 1129, 1073, 1075,  729, 1189, 1073,  740, 1173, 1063,
               741, 1187, 1071,  746, 1129, 1058, 1070, 1073])                 ],
      dtype=object), 'input_event_start_indices': array([[1893, 1894, 1894, ..., 2848, 2848, 2849],
       [2850, 2851, 2852, ..., 3823, 3824, 3824],
       [3825, 3826, 3827, ..., 4783, 4784, 4785],
       [4297, 4298, 4299, ..., 5276, 5277, 5277]]), 'input_event_end_indices': array([[1894, 1894, 1895, ..., 2848, 2849, 2850],
       [2851, 2852, 2853, ..., 3824, 3824, 3825],
       [3826, 3827, 3828, ..., 4784, 4785, 4785],
       [4298, 4299, 4303, ..., 5277, 5277, 5278]]), 'input_state_event_indices': array([[0, 0, 0, ..., 0, 0, 0],
       [0, 0, 0, ..., 0, 0, 0],
       [0, 0, 0, ..., 0, 0, 0],
       [0, 0, 0, ..., 0, 0, 0]])}
2022-03-16 15:41:03 datasets.py[line:165] INFO <class 'dict'>
2022-03-16 15:41:03 datasets.py[line:167] INFO {'inputs': array([[[ 1.14266250e-05,  1.62741981e-05,  1.47522396e-05, ...,
          0.00000000e+00,  0.00000000e+00,  0.00000000e+00],
        [ 0.00000000e+00,  0.00000000e+00,  0.00000000e+00, ...,
         -1.12226253e-05, -1.63239511e-05, -1.51505055e-05],
        [-4.74813396e-06,  1.83441080e-06, -1.25246856e-06, ...,
          0.00000000e+00,  0.00000000e+00,  0.00000000e+00],
        ...,
        [ 1.16708158e-02,  5.71576878e-03, -6.80237426e-04, ...,
         -7.10793445e-03, -3.63898091e-03,  1.12786912e-03],
        [ 7.11693056e-03,  1.34313460e-02,  1.81834009e-02, ...,
          6.26129005e-03,  6.18062774e-03,  5.88297890e-03],
        [ 5.85736381e-03,  7.35117914e-03,  1.10359583e-02, ...,
          8.13966710e-03,  8.17738101e-03,  9.05989949e-03]],

       [[ 5.44417975e-03,  5.18068811e-03, -5.47400676e-04, ...,
          1.27722817e-02,  1.17461849e-02,  1.03566395e-02],
        [ 8.82508606e-03,  7.17478897e-03,  5.60221495e-03, ...,
          1.12847585e-04,  9.31476417e-04,  1.20681059e-03],
        [-1.12358946e-04, -2.27680570e-03, -3.15051968e-03, ...,
         -1.08073624e-02, -1.45934690e-02, -1.66251827e-02],
        ...,
        [-5.19008450e-02, -3.19000036e-02, -2.28878837e-02, ...,
          6.92799911e-02,  8.46654102e-02,  8.88229385e-02],
        [ 8.00576806e-02,  6.45191744e-02,  4.97913323e-02, ...,
         -8.04789513e-02, -7.15572387e-02, -6.32419139e-02],
        [-5.52518629e-02, -4.93547432e-02, -4.05661613e-02, ...,
          1.16575800e-01,  1.17903695e-01,  1.10074595e-01]],

       [[ 5.65982871e-02,  5.82822114e-02,  2.24561226e-02, ...,
         -7.31773898e-02, -6.88790381e-02, -6.40601516e-02],
        [-4.97008264e-02, -2.33620554e-02,  7.20716873e-03, ...,
          8.78024623e-02,  6.41051456e-02,  5.04778624e-02],
        [ 4.57777232e-02,  4.88507971e-02,  5.11698164e-02, ...,
         -1.04008846e-01, -7.49781877e-02, -4.51710299e-02],
        ...,
        [ 1.55149689e-02, -3.02138031e-02, -6.83343112e-02, ...,
          1.16427243e-01,  9.69642624e-02,  6.84289560e-02],
        [ 3.54561545e-02,  3.36820446e-03, -2.76039653e-02, ...,
          9.36279818e-02,  7.48127922e-02,  6.36466518e-02],
        [ 6.39638379e-02,  7.28765056e-02,  7.71060288e-02, ...,
          1.11148894e-01,  7.18279332e-02,  4.00490835e-02]],

       [[ 1.12085575e-02, -6.61394838e-03, -4.95869108e-02, ...,
          2.05987304e-01,  2.33956382e-01,  2.26442486e-01],
        [ 1.91301242e-01,  1.41573370e-01,  9.25664306e-02, ...,
         -4.83968295e-02, -8.14723875e-03,  1.24979233e-02],
        [ 1.13189034e-02,  1.14292642e-02,  2.67100371e-02, ...,
          2.09499802e-02, -8.74198601e-03, -4.82517667e-02],
        ...,
        [-3.85730267e-02, -3.70454900e-02, -3.49103063e-02, ...,
          9.23588034e-03,  4.27332334e-03,  3.19911574e-04],
        [-6.44909916e-04,  1.96640496e-03,  7.82316551e-03, ...,
         -4.12303172e-02, -3.89289856e-02, -3.16283442e-02],
        [-2.05701664e-02, -8.37361347e-03,  2.93949828e-03, ...,
          4.11838070e-02,  4.17766795e-02,  4.52510528e-02]]],
      dtype=float32), 'input_times': array([[0.0000e+00, 8.0000e-03, 1.6000e-02, ..., 6.3360e+01, 6.3368e+01,
        6.3376e+01],
       [0.0000e+00, 8.0000e-03, 1.6000e-02, ..., 6.3360e+01, 6.3368e+01,
        6.3376e+01],
       [0.0000e+00, 8.0000e-03, 1.6000e-02, ..., 6.3360e+01, 6.3368e+01,
        6.3376e+01],
       [0.0000e+00, 8.0000e-03, 1.6000e-02, ..., 6.3360e+01, 6.3368e+01,
        6.3376e+01]], dtype=float32), 'targets': array([array([  84, 1211, 1089, 1215, 1090,   86, 1129, 1090,   87, 1089,   93,
              1162, 1089,   96, 1129, 1089,   98, 1205, 1087,   99, 1175, 1089,
               101, 1129, 1087,  102, 1089,  109, 1191, 1086,  111, 1129, 1086,
               116, 1212, 1087,  124, 1129, 1087, 1203, 1086,  132, 1129, 1086,
               133, 1208, 1085,  138, 1129, 1085,  141, 1200, 1084,  145, 1129,
              1084,  147, 1206, 1085,  152, 1129, 1085,  156, 1192, 1084,  159,
              1129, 1084,  162, 1206, 1083,  166, 1129, 1083,  170, 1213, 1082,
               172, 1129, 1082,  177, 1209, 1081,  182, 1129, 1081,  183, 1203,
              1080,  188, 1129, 1080,  189, 1214, 1079,  195, 1213, 1078,  204,
              1231, 1077,  207, 1129, 1078, 1079, 1077,  211, 1212, 1076,  215,
              1129, 1076,  217, 1202, 1075,  223, 1129, 1075,  225, 1212, 1074,
               232, 1129, 1074,  233, 1202, 1075,  241, 1200, 1074,  242, 1129,
              1075,  245, 1074,  248, 1209, 1073,  254, 1129, 1073,  255, 1199,
              1072,  259, 1129, 1072,  262, 1204, 1073,  267, 1129, 1073,  270,
              1208, 1072,  274, 1129, 1072,  279, 1182, 1071,  282, 1129, 1071,
               287, 1185, 1068, 1166, 1070,  290, 1129, 1070, 1068,  292, 1209,
              1069,  300, 1203, 1068,  306, 1207, 1067,  318, 1224, 1065,  323,
              1129, 1065, 1067, 1068, 1069,  325, 1215, 1064,  332, 1129, 1064,
               333, 1202, 1063,  338, 1129, 1063,  341, 1206, 1062,  349, 1129,
              1062,  351, 1186, 1063,  357, 1192, 1062,  358, 1129, 1063,  361,
              1062,  363, 1199, 1061,  368, 1129, 1061,  371, 1188, 1060,  375,
              1129, 1060,  378, 1201, 1065,  380, 1129, 1065,  385, 1210, 1064,
               391, 1129, 1064,  395, 1189, 1063,  399, 1129, 1063,  403, 1183,
              1062,  406, 1129, 1062,  407, 1204, 1063,  416, 1129, 1063, 1197,
              1062,  419, 1129, 1062,  421, 1193, 1061,  426, 1129, 1061,  427,
              1182, 1060,  430, 1129, 1060,  438, 1190, 1065,  440, 1129, 1065,
               443, 1197, 1064,  447, 1129, 1064,  453, 1172, 1063,  456, 1129,
              1063,  461, 1185, 1062,  465, 1129, 1062, 1200, 1063,  473, 1129,
              1063,  475, 1181, 1062,  478, 1129, 1062,  480, 1193, 1061,  484,
              1129, 1061,  486, 1188, 1060,  488, 1129, 1060,  496, 1200, 1065,
               499, 1129, 1065,  501, 1185, 1064,  505, 1129, 1064,  508, 1194,
              1063,  512, 1129, 1063,  518, 1185, 1062,  522, 1129, 1062,  523,
              1191, 1063,  532, 1129, 1063,  533, 1194, 1062,  537, 1129, 1062,
               540, 1187, 1061,  545, 1129, 1061,  546, 1179, 1046,  548, 1164,
              1060,  550, 1129, 1046, 1186, 1053,  552, 1129, 1060,  555, 1188,
              1065,  556, 1212, 1061,  557, 1129, 1053,  559, 1061,  561, 1065,
               564, 1192, 1064,  569, 1129, 1064, 1194, 1063,  573, 1129, 1063,
               578, 1196, 1062,  583, 1129, 1062,  588, 1184, 1061,  591, 1129,
              1061,  594, 1169, 1066,  599, 1179, 1065, 1129, 1066,  606, 1176,
              1046,  607, 1129, 1065,  608, 1188, 1053,  609, 1193, 1064,  610,
              1129, 1046,  613, 1064,  614, 1053,  615, 1208, 1061,  616, 1197,
              1065,  618, 1129, 1061,  620, 1065,  625, 1195, 1064,  629, 1129,
              1064,  631, 1191, 1063,  636, 1129, 1063,  641, 1198, 1062,  644,
              1129, 1062,  645, 1203, 1058,  647, 1189, 1055,  648, 1198, 1061,
              1129, 1058,  650, 1055,  652, 1061,  656, 1195, 1062,  660, 1129,
              1062,  665, 1173, 1063,  667, 1180, 1046,  668, 1193, 1064,  670,
              1129, 1063, 1198, 1053,  674, 1129, 1046, 1064,  677, 1183, 1065,
               678, 1216, 1061,  681, 1129, 1061,  682, 1053,  683, 1065,  686,
              1176, 1064,  689, 1129, 1064, 1200, 1063,  694, 1129, 1063,  698,
              1194, 1062,  703, 1129, 1062,  706, 1197, 1061,  710, 1129, 1061,
               713, 1190, 1066,  719, 1129, 1066,  720, 1196, 1065,  723, 1180,
              1046,  726, 1129, 1065,  727, 1171, 1053,  729, 1129, 1046, 1191,
              1064,  734, 1129, 1053, 1064,  736, 1207, 1061,  737, 1193, 1065,
               740, 1129, 1065,  741, 1061,  746, 1187, 1064,  749, 1129, 1064,
               750, 1193, 1063,  754, 1129, 1063,  759, 1195, 1062,  763, 1129,
              1062,  766, 1196, 1058, 1202, 1061,  767, 1188, 1055,  770, 1129,
              1061, 1058,  771, 1055,  773, 1199, 1062,  778, 1129, 1062,  783,
              1193, 1063,  788, 1129, 1063, 1186, 1046,  791, 1204, 1053, 1178,
              1065,  794, 1129, 1046,  795, 1199, 1064,  797, 1129, 1065, 1053,
               798, 1212, 1061,  800, 1129, 1064,  804, 1061, 1190, 1063,  809,
              1129, 1063])                                                     ,
       array([   6, 1196, 1054, 1204, 1058,    7, 1164, 1063,   10, 1129, 1058,
              1054,   13, 1063,   17, 1181, 1062,   22, 1129, 1062,   23, 1185,
              1061,   26, 1129, 1061,   29, 1189, 1060,   34, 1129, 1060,   36,
              1202, 1061, 1208, 1058,   37, 1199, 1053,   40, 1129, 1058,   41,
              1053, 1061,   43, 1204, 1062,   48, 1129, 1062,   52, 1200, 1063,
                58, 1129, 1063,   61, 1202, 1064,   67, 1211, 1060, 1203, 1057,
                68, 1129, 1064,   69, 1203, 1065,   70, 1163, 1051, 1129, 1060,
                71, 1057,   74, 1065,   75, 1051,   76, 1194, 1066,   83, 1192,
              1065,   84, 1129, 1066,   89, 1065,   91, 1202, 1064,   96, 1213,
              1058, 1204, 1053,   97, 1199, 1049,   98, 1129, 1064,   99, 1058,
              1186, 1065,  100, 1129, 1053,  101, 1049,  104, 1065,  105, 1197,
              1064,  111, 1129, 1064,  114, 1187, 1063,  121, 1129, 1063,  123,
              1191, 1062,  127, 1203, 1051,  128, 1193, 1046, 1129, 1062, 1195,
              1042,  130, 1193, 1063,  131, 1129, 1051, 1046,  133, 1042,  138,
              1196, 1062,  139, 1129, 1063,  145, 1062,  146, 1199, 1061,  151,
              1129, 1061,  154, 1193, 1060,  158, 1190, 1046, 1129, 1060,  159,
              1206, 1049,  161, 1196, 1061,  163, 1129, 1049, 1046,  165, 1061,
               166, 1192, 1062,  170, 1129, 1062,  174, 1203, 1063,  178, 1129,
              1063,  183, 1192, 1064,  186, 1129, 1064,  187, 1207, 1048,  189,
              1173, 1041,  190, 1203, 1065, 1170, 1039,  191, 1129, 1048,  193,
              1041,  195, 1065, 1039,  197, 1200, 1067,  203, 1129, 1067,  205,
              1203, 1068,  206, 1193, 1038,  211, 1129, 1068, 1038,  213, 1197,
              1046, 1211, 1069,  218, 1221, 1053,  219, 1129, 1046,  220, 1069,
               223, 1199, 1070,  229, 1182, 1069,  235, 1192, 1039, 1191, 1068,
               241, 1177, 1046,  242, 1129, 1053, 1068, 1069, 1070, 1196, 1067,
              1129, 1039,  246, 1046,  248, 1067,  249, 1214, 1054, 1201, 1066,
               253, 1129, 1054,  254, 1066,  256, 1200, 1071,  264, 1197, 1070,
              1129, 1071,  269, 1070,  270, 1194, 1069,  276, 1129, 1069,  278,
              1200, 1070,  281, 1129, 1070,  287, 1197, 1069,  291, 1129, 1069,
               292, 1198, 1068,  296, 1129, 1068,  301, 1199, 1067,  305, 1129,
              1067,  306, 1204, 1060,  307, 1195, 1056,  308, 1179, 1051, 1210,
              1066,  310, 1129, 1060, 1056,  311, 1051,  313, 1066,  317, 1202,
              1067,  323, 1129, 1067,  326, 1188, 1068,  329, 1129, 1068,  330,
              1197, 1069,  337, 1207, 1063, 1129, 1069,  338, 1194, 1058, 1203,
              1070, 1197, 1054,  341, 1129, 1063,  342, 1058,  343, 1054,  346,
              1070, 1197, 1069,  354, 1183, 1068,  358, 1129, 1068, 1069,  360,
              1202, 1067,  365, 1129, 1067,  370, 1194, 1066,  373, 1129, 1066,
               374, 1195, 1071,  381, 1200, 1070,  382, 1190, 1042,  383, 1129,
              1071,  386, 1188, 1051,  387, 1129, 1070,  389, 1196, 1069,  390,
              1129, 1042,  395, 1051, 1069,  396, 1207, 1058, 1205, 1070,  397,
              1190, 1056,  400, 1129, 1056, 1058, 1070,  405, 1194, 1069,  409,
              1129, 1069,  411, 1196, 1068,  415, 1129, 1068,  420, 1203, 1067,
               425, 1129, 1067,  426, 1189, 1056,  427, 1208, 1060,  428, 1206,
              1066,  429, 1179, 1051,  430, 1129, 1060,  431, 1056,  432, 1051,
               433, 1066,  436, 1197, 1067,  441, 1129, 1067,  443, 1198, 1068,
               449, 1129, 1068,  450, 1199, 1069,  457, 1213, 1063, 1129, 1069,
              1198, 1058, 1200, 1054,  458, 1206, 1070,  460, 1129, 1063,  461,
              1058,  462, 1054,  465, 1070,  466, 1203, 1069,  471, 1129, 1069,
               474, 1186, 1068,  477, 1129, 1068,  483, 1191, 1067,  487, 1202,
              1059, 1129, 1067, 1210, 1062,  488, 1198, 1068,  492, 1129, 1062,
               493, 1059,  496, 1068,  497, 1203, 1067,  504, 1129, 1067,  505,
              1204, 1066,  510, 1129, 1066,  511, 1195, 1065,  518, 1129, 1065,
               519, 1214, 1058, 1199, 1066,  520, 1061,  523, 1129, 1061,  525,
              1066, 1058,  526, 1195, 1067,  530, 1129, 1067,  533, 1198, 1068,
               540, 1129, 1068,  541, 1202, 1069,  547, 1129, 1069,  548, 1169,
              1062, 1209, 1058, 1214, 1053,  550, 1196, 1070,  552, 1129, 1062,
              1058,  554, 1190, 1071,  555, 1129, 1053,  557, 1070,  558, 1071,
               563, 1142, 1072, 1180, 1070,  568, 1129, 1072,  571, 1070, 1206,
              1069,  579, 1212, 1058, 1129, 1069,  580, 1216, 1054, 1195, 1070,
              1202, 1051, 1191, 1053,  583, 1129, 1053, 1058,  584, 1054,  586,
              1051, 1194, 1069,  587, 1129, 1070,  593, 1069,  596, 1186, 1068,
               599, 1129, 1068,  602, 1195, 1067,  606, 1129, 1067,  607, 1208,
              1056,  608, 1203, 1047,  609, 1182, 1051, 1203, 1068,  611, 1129,
              1056,  612, 1051,  614, 1047,  617, 1201, 1067,  619, 1129, 1068,
               622, 1067,  626, 1204, 1066,  630, 1129, 1066,  632, 1198, 1065,
               638, 1205, 1054,  639, 1202, 1066, 1177, 1051, 1129, 1065,  640,
              1193, 1046,  642, 1129, 1054,  643, 1051,  644, 1066,  646, 1196,
              1067, 1129, 1046,  650, 1067,  652, 1205, 1068,  660, 1129, 1068,
               661, 1209, 1069,  666, 1129, 1069,  668, 1203, 1053,  669, 1192,
              1050,  671, 1190, 1070,  672, 1129, 1050, 1053,  673, 1196, 1071,
              1129, 1070,  680, 1071,  682, 1211, 1070,  687, 1129, 1070,  689,
              1208, 1069,  694, 1186, 1046, 1196, 1051,  695, 1197, 1070, 1129,
              1069,  698, 1046, 1051, 1070,  702, 1217, 1058,  709, 1129, 1058,
               710, 1212, 1057,  714, 1129, 1057,  718, 1217, 1058,  721, 1129,
              1058,  724, 1208, 1057,  729, 1129, 1057,  735, 1190, 1058,  738,
              1129, 1058, 1219, 1057,  744, 1129, 1057, 1214, 1058,  748, 1129,
              1058,  752, 1228, 1059, 1223, 1057,  759, 1220, 1058,  760, 1209,
              1071,  766, 1129, 1059, 1221, 1059, 1129, 1057, 1215, 1057,  773,
              1129, 1058, 1218, 1058,  774, 1129, 1071, 1214, 1071,  779, 1129,
              1059, 1225, 1059,  780, 1129, 1057, 1220, 1057,  787, 1129, 1058,
              1219, 1058,  790, 1129, 1071, 1190, 1071,  793, 1129, 1059, 1222,
              1059, 1129, 1057, 1217, 1057,  799, 1129, 1071, 1217, 1071,  801,
              1129, 1058, 1195, 1058,  807, 1138, 1060,  810, 1129, 1058, 1221,
              1058,  811, 1215, 1070, 1129, 1057, 1059, 1071,  812, 1058,  813,
              1060])                                                           ,
       array([   5, 1129, 1070,    7, 1227, 1069,   13, 1129, 1069,   15, 1230,
              1070,   17, 1129, 1070,   23, 1225, 1069,   27, 1129, 1069,   30,
              1188, 1070,   31, 1194, 1068,   37, 1129, 1068,   38, 1070, 1234,
              1069,   43, 1129, 1069,   51, 1230, 1071, 1232, 1069,   52, 1226,
              1070, 1215, 1083,   54, 1129, 1070,   64, 1069, 1217, 1069,   65,
              1070,   66, 1206, 1068,   67, 1189, 1067,   68, 1129, 1083, 1222,
              1083,   78, 1129, 1069, 1071, 1227, 1069, 1230, 1071,   86, 1129,
              1070, 1183, 1070, 1129, 1083, 1185, 1083,   91, 1129, 1071, 1224,
              1071,   92, 1129, 1069, 1218, 1069,   98, 1129, 1070, 1218, 1070,
              1129, 1083, 1215, 1083,  100, 1195, 1081,  109, 1129, 1070, 1239,
              1070,  117, 1129, 1067, 1068, 1069, 1070, 1071, 1081, 1083,  120,
              1157, 1070,  124, 1134, 1071,  128, 1129, 1071,  129, 1070,  133,
              1179, 1070,  142, 1129, 1070,  149, 1194, 1071,  150, 1159, 1069,
               155, 1129, 1069,  157, 1071,  158, 1200, 1070,  163, 1203, 1058,
               166, 1129, 1070,  168, 1192, 1071,  174, 1129, 1071,  175, 1184,
              1070,  177, 1199, 1059, 1192, 1057,  180, 1202, 1069,  188, 1129,
              1057, 1058, 1059, 1070,  189, 1205, 1070, 1129, 1069,  192, 1211,
              1060,  194, 1203, 1056,  195, 1165, 1058,  198, 1197, 1071,  207,
              1215, 1061,  208, 1129, 1070, 1203, 1070,  214, 1204, 1069,  219,
              1129, 1056, 1058, 1060, 1061, 1070, 1071,  222, 1069, 1206, 1070,
               224, 1225, 1062, 1217, 1054, 1211, 1058,  228, 1129, 1070, 1058,
              1171, 1061, 1129, 1061,  229, 1054, 1062,  230, 1198, 1071,  241,
              1196, 1072,  250, 1200, 1073,  257, 1199, 1082,  258, 1206, 1074,
               261, 1200, 1083,  268, 1129, 1073, 1154, 1073, 1209, 1084,  270,
              1129, 1083, 1166, 1083,  272, 1129, 1072, 1195, 1072,  277, 1218,
              1085,  282, 1129, 1071, 1201, 1071,  283, 1209, 1086,  284, 1129,
              1072, 1073, 1074, 1082, 1083, 1084,  285, 1085,  287, 1071,  288,
              1212, 1070,  292, 1129, 1086, 1210, 1085,  293, 1129, 1070,  300,
              1183, 1072,  303, 1129, 1072, 1085, 1197, 1083,  304, 1191, 1084,
               306, 1201, 1073,  310, 1129, 1073,  311, 1199, 1074,  313, 1129,
              1084, 1217, 1082, 1129, 1083,  316, 1082,  319, 1143, 1072,  321,
              1129, 1074,  322, 1175, 1073,  326, 1129, 1073,  328, 1072, 1132,
              1072,  337, 1129, 1072, 1213, 1070,  339, 1197, 1063,  340, 1198,
              1055,  341, 1129, 1070,  344, 1063,  355, 1216, 1062,  361, 1129,
              1055, 1062,  362, 1219, 1063,  366, 1129, 1063,  368, 1214, 1062,
               373, 1129, 1062,  377, 1190, 1063,  380, 1129, 1063,  382, 1221,
              1062,  387, 1217, 1063,  388, 1129, 1062,  392, 1063,  396, 1233,
              1064, 1225, 1062,  401, 1171, 1061, 1129, 1061, 1064,  402, 1062,
               405, 1226, 1063,  406, 1218, 1076,  411, 1232, 1064,  412, 1216,
              1062,  418, 1129, 1063, 1230, 1063,  419, 1129, 1076, 1213, 1076,
               425, 1129, 1064, 1225, 1064,  426, 1129, 1062, 1220, 1062,  432,
              1129, 1063, 1224, 1063,  434, 1129, 1076, 1202, 1076,  439, 1129,
              1064, 1219, 1064, 1129, 1062, 1214, 1062,  445, 1129, 1063, 1219,
              1063,  446, 1129, 1076, 1217, 1076,  456, 1129, 1063, 1230, 1063,
               457, 1225, 1075,  459, 1129, 1062, 1063, 1064, 1076,  462, 1075,
               467, 1190, 1075,  471, 1129, 1075,  473, 1223, 1074,  477, 1129,
              1074,  480, 1223, 1075,  484, 1129, 1075,  487, 1219, 1074,  492,
              1129, 1074,  495, 1211, 1075,  499, 1129, 1075,  503, 1224, 1074,
               505, 1208, 1075,  508, 1129, 1074,  510, 1075,  516, 1227, 1074,
              1237, 1076,  520, 1129, 1076,  521, 1074,  523, 1220, 1088,  524,
              1216, 1075,  530, 1231, 1076,  532, 1205, 1073,  537, 1129, 1075,
              1088, 1221, 1075, 1088,  543, 1129, 1076, 1233, 1076,  544, 1220,
              1074,  552, 1129, 1075, 1220, 1075, 1129, 1088, 1219, 1088,  557,
              1129, 1074, 1218, 1074, 1129, 1076, 1220, 1076,  565, 1129, 1088,
              1223, 1088,  566, 1129, 1075, 1215, 1075,  573, 1129, 1075, 1221,
              1075,  580, 1129, 1076, 1211, 1076,  582, 1129, 1073, 1074, 1075,
              1088,  587, 1076,  589, 1205, 1075,  593, 1129, 1075,  599, 1204,
              1074,  602, 1129, 1074,  607, 1206, 1075,  611, 1129, 1075,  613,
              1195, 1076,  620, 1198, 1075,  622, 1129, 1076,  626, 1075,  628,
              1205, 1074,  633, 1129, 1074,  636, 1197, 1063,  637, 1205, 1075,
               644, 1129, 1075,  646, 1201, 1076,  648, 1129, 1063, 1198, 1064,
              1062,  655, 1197, 1075,  660, 1195, 1074,  663, 1214, 1065,  664,
              1213, 1061,  668, 1129, 1075, 1207, 1075,  676, 1129, 1076, 1209,
              1076,  678, 1220, 1066, 1204, 1060,  685, 1129, 1075, 1198, 1075,
               688, 1129, 1060, 1061, 1062, 1064, 1065, 1066, 1074, 1076,  691,
              1201, 1074, 1129, 1075,  695, 1233, 1067, 1199, 1063,  698, 1185,
              1059, 1206, 1058,  699, 1205, 1075,  712, 1185, 1077, 1143, 1079,
               720, 1129, 1077, 1195, 1077,  726, 1211, 1087,  728, 1209, 1078,
               734, 1201, 1088,  737, 1129, 1079, 1208, 1079,  740, 1204, 1089,
               741, 1129, 1058, 1059, 1063, 1067, 1074, 1075, 1077, 1078, 1087,
              1079,  745, 1179, 1078,  748, 1223, 1090,  749, 1184, 1077,  752,
              1129, 1078, 1088, 1089,  753, 1077,  755, 1090, 1139, 1075,  756,
              1217, 1091,  760, 1202, 1076,  761, 1129, 1075,  764, 1214, 1090,
               765, 1129, 1076,  766, 1198, 1077, 1129, 1091,  769, 1181, 1075,
               770, 1129, 1077,  772, 1075,  774, 1204, 1078, 1129, 1090, 1205,
              1089,  775, 1194, 1088,  783, 1129, 1078,  784, 1089, 1208, 1079,
               786, 1191, 1087, 1129, 1088,  788, 1087,  792, 1197, 1078,  794,
              1129, 1079,  796, 1078,  800, 1198, 1077,  805, 1129, 1077,  808,
              1207, 1076,  815, 1129, 1076,  818, 1205, 1075])                 ,
       array([1186, 1056, 1193, 1068, 1153, 1063,   10, 1214, 1073,   19, 1203,
              1072,   25, 1215, 1071,   30, 1129, 1056, 1063, 1068, 1072, 1073,
              1075,   32, 1071,   35, 1196, 1088,   38, 1129, 1088,   39, 1178,
              1087,   41, 1199, 1076,   43, 1129, 1087,   44, 1192, 1085,   45,
              1129, 1076, 1159, 1087,   46, 1129, 1085,   50, 1087,   53, 1200,
              1086,   58, 1202, 1075,   59, 1129, 1086,   60, 1203, 1087,   61,
              1129, 1075,   69, 1186, 1086, 1129, 1087,   71, 1086,   73, 1203,
              1085,   77, 1129, 1085,   82, 1192, 1084,   85, 1129, 1084,   88,
              1206, 1079,   89, 1202, 1083,   90, 1179, 1076,   92, 1129, 1079,
                93, 1076, 1083,   97, 1198, 1084,  102, 1129, 1084,  104, 1203,
              1085,  109, 1129, 1085,  112, 1193, 1086,  116, 1129, 1086,  118,
              1200, 1087, 1208, 1078, 1197, 1075,  119, 1198, 1071,  121, 1129,
              1078, 1075,  123, 1071, 1087,  127, 1202, 1086,  134, 1129, 1086,
               135, 1192, 1085,  136, 1162, 1074,  138, 1129, 1085,  140, 1074,
               142, 1204, 1084,  145, 1129, 1084,  149, 1203, 1085, 1198, 1067,
               150, 1191, 1076,  154, 1129, 1076, 1085,  155, 1067,  159, 1187,
              1084,  161, 1129, 1084,  166, 1190, 1083,  170, 1129, 1083,  173,
              1206, 1082,  176, 1129, 1082,  179, 1195, 1071,  180, 1191, 1075,
               181, 1206, 1083,  182, 1169, 1068,  183, 1129, 1071, 1075,  186,
              1068,  187, 1083,  191, 1201, 1084,  196, 1129, 1084,  197, 1202,
              1085,  203, 1129, 1085,  204, 1198, 1086,  205, 1208, 1074,  207,
              1129, 1086, 1197, 1066,  210, 1208, 1085,  211, 1170, 1070,  215,
              1201, 1075,  216, 1212, 1086,  223, 1206, 1087,  225, 1214, 1076,
               230, 1129, 1066, 1070, 1074, 1075, 1085, 1086,  231, 1087, 1076,
              1205, 1088,  236, 1235, 1077,  237, 1215, 1065, 1218, 1069,  238,
              1220, 1089,  242, 1129, 1088,  247, 1191, 1088,  253, 1206, 1087,
               262, 1209, 1086,  266, 1129, 1077, 1214, 1077,  271, 1129, 1087,
              1216, 1087,  273, 1212, 1078, 1129, 1065, 1069, 1077, 1086, 1088,
              1089,  279, 1203, 1086,  281, 1129, 1078, 1086,  282, 1087, 1211,
              1077,  284, 1198, 1085,  285, 1156, 1087,  289, 1129, 1087,  291,
              1077, 1209, 1078, 1129, 1085,  292, 1205, 1084,  297, 1129, 1084,
               298, 1078, 1209, 1077,  300, 1216, 1085,  305, 1129, 1077,  306,
              1085, 1207, 1078,  308, 1084,  310, 1129, 1084,  313, 1078, 1205,
              1077,  315, 1217, 1083,  321, 1210, 1078, 1129, 1077,  322, 1083,
              1214, 1082,  327, 1129, 1078, 1082,  328, 1209, 1077,  330, 1217,
              1081,  337, 1129, 1077, 1213, 1078,  338, 1129, 1081, 1207, 1080,
               339, 1199, 1082,  341, 1129, 1082,  345, 1080,  347, 1218, 1077,
               348, 1129, 1078,  351, 1077,  359, 1211, 1078,  364, 1206, 1077,
               372, 1204, 1076,  381, 1129, 1076, 1077, 1078, 1221, 1065,  382,
              1208, 1077,  385, 1129, 1065,  391, 1207, 1078, 1129, 1077,  397,
              1221, 1061,  399, 1202, 1077,  400, 1129, 1078,  401, 1061,  406,
              1077,  408, 1201, 1076,  411, 1129, 1076,  412, 1231, 1058,  416,
              1175, 1060, 1129, 1060, 1209, 1077,  417, 1129, 1058,  421, 1077,
               423, 1195, 1078,  429, 1214, 1054,  431, 1191, 1077,  432, 1129,
              1078,  433, 1054,  436, 1077,  438, 1198, 1076,  440, 1129, 1076,
               445, 1208, 1058,  446, 1197, 1077,  449, 1129, 1058,  452, 1077,
               454, 1197, 1078,  460, 1202, 1061,  461, 1129, 1078, 1193, 1077,
               465, 1129, 1061, 1077,  467, 1195, 1076,  470, 1129, 1076,  474,
              1214, 1077,  475, 1212, 1065,  479, 1129, 1065,  480, 1077,  485,
              1195, 1068,  492, 1065,  500, 1197, 1064,  508, 1204, 1053,  509,
              1198, 1041,  510, 1129, 1064, 1065, 1068, 1197, 1065,  511, 1129,
              1053,  513, 1041,  515, 1065,  518, 1187, 1066,  524, 1202, 1049,
               525, 1129, 1066, 1193, 1037, 1202, 1065,  527, 1129, 1049,  529,
              1037,  530, 1065,  533, 1193, 1064,  537, 1129, 1064,  540, 1206,
              1046,  542, 1201, 1065,  543, 1129, 1046, 1167, 1036,  544, 1157,
              1034,  546, 1129, 1065,  548, 1036,  550, 1185, 1066, 1129, 1034,
               556, 1066, 1196, 1042,  557, 1184, 1030, 1193, 1065,  560, 1129,
              1042,  562, 1030, 1065,  564, 1195, 1064,  568, 1129, 1064,  572,
              1200, 1046,  573, 1193, 1034, 1204, 1065,  576, 1129, 1046,  578,
              1034,  579, 1065,  583, 1180, 1066,  589, 1129, 1066, 1193, 1065,
               590, 1190, 1049,  591, 1183, 1037,  593, 1129, 1049,  594, 1065,
               595, 1037,  597, 1184, 1064,  603, 1129, 1064,  604, 1202, 1065,
               605, 1210, 1053,  606, 1201, 1041,  608, 1129, 1065,  610, 1053,
               613, 1190, 1064,  615, 1185, 1053,  617, 1129, 1064, 1192, 1063,
               622, 1129, 1063,  625, 1199, 1062,  631, 1129, 1062,  632, 1199,
              1063,  640, 1129, 1063,  642, 1198, 1062,  645, 1129, 1062,  648,
              1196, 1061,  652, 1129, 1061,  654, 1202, 1060,  659, 1129, 1060,
               662, 1205, 1061,  666, 1129, 1061,  667, 1041,  670, 1208, 1060,
               673, 1129, 1060,  678, 1053, 1197, 1059,  682, 1129, 1059,  686,
              1201, 1058,  689, 1129, 1058,  694, 1205, 1057,  698, 1129, 1057,
               701, 1204, 1056,  707, 1129, 1056,  708, 1195, 1055,  711, 1129,
              1055,  713, 1195, 1054,  716, 1129, 1054,  721, 1203, 1053,  724,
              1129, 1053,  727, 1198, 1054,  735, 1129, 1054,  736, 1196, 1053,
               742, 1129, 1053,  744, 1198, 1052,  751, 1129, 1052,  754, 1197,
              1053,  758, 1129, 1053,  760, 1198, 1054,  766, 1129, 1054,  768,
              1193, 1053,  774, 1129, 1053,  776, 1193, 1052,  784, 1129, 1052,
               786, 1198, 1053,  790, 1129, 1053,  793, 1185, 1054,  798, 1129,
              1054,  800, 1195, 1053,  806, 1129, 1053,  808, 1190, 1052,  814,
              1129, 1052,  816, 1186, 1053])                                   ],
      dtype=object), 'input_event_start_indices': array([[   0,    0,    1, ..., 1530, 1531, 1532],
       [1533, 1533, 1534, ..., 3433, 3433, 3434],
       [3435, 3436, 3436, ..., 5323, 5323, 5324],
       [5328, 5338, 5339, ..., 7147, 7148, 7148]]), 'input_event_end_indices': array([[   0,    1,    2, ..., 1531, 1532, 1533],
       [1533, 1534, 1535, ..., 3433, 3434, 3435],
       [3436, 3436, 3437, ..., 5323, 5324, 5328],
       [5338, 5339, 5340, ..., 7148, 7148, 7149]]), 'input_state_event_indices': array([[0, 0, 0, ..., 0, 0, 0],
       [0, 0, 0, ..., 0, 0, 0],
       [0, 0, 0, ..., 0, 0, 0],
       [0, 0, 0, ..., 0, 0, 0]])}
