2022-03-16 16:16:28 datasets.py[line:150] INFO 1
2022-03-16 16:16:28 datasets.py[line:151] INFO [(1, 0.0), (1, 8.192), (1, 16.384), (1, 24.576)]
2022-03-16 16:16:30 datasets.py[line:45] INFO audio.shape=(131072,)
2022-03-16 16:16:30 datasets.py[line:46] INFO ticks_per_quarter: 480
time_signatures {
  numerator: 4
  denominator: 4
}
tempos {
  qpm: 120.0
}
notes {
  pitch: 24
  velocity: 93
  start_time: 0.99375
  end_time: 1.0635416666666666
}
notes {
  p
2022-03-16 16:16:30 preprocessors.py[line:165] INFO Got audio for ns.id='(0, 2.3)'::ns.filename='' with length 131072
2022-03-16 16:16:30 preprocessors.py[line:124] INFO Padded 131072 samples to multiple of 128
2022-03-16 16:16:30 preprocessors.py[line:134] INFO Encoded 131072 samples to 1024 frames, 128 samples each
2022-03-16 16:16:30 preprocessors.py[line:202] INFO trim featrue: start=287, end=1311
2022-03-16 16:16:30 datasets.py[line:51] INFO inputs.shape=(1024, 128), targets.shape=(8290,), input_event_start_indices.shape=(1024,), input_event_end_indices.shape=(1024,), input_state_event_indices.shape=(1024,), 
2022-03-16 16:16:30 preprocessors.py[line:408] INFO features["targets"].shape=(8290,)
2022-03-16 16:16:30 preprocessors.py[line:410] INFO features["targets"].shape=(1626,), target_start_idx=268 target_end_idx=1894
2022-03-16 16:16:30 preprocessors.py[line:446] INFO targets, features[key].shape=(1626,)
2022-03-16 16:16:30 preprocessors.py[line:448] INFO targets, features[key].shape=(1357,)
2022-03-16 16:16:30 preprocessors.py[line:472] INFO len(state_change_event_ranges)=2, state_change_event_ranges=[(1129, 1256), (1258, 1385)]
2022-03-16 16:16:30 preprocessors.py[line:473] INFO features[key].shape=(1357,)
2022-03-16 16:16:30 preprocessors.py[line:505] INFO RLE(inner) output.shape=(1,), output2.shape=(2,)
2022-03-16 16:16:30 preprocessors.py[line:509] INFO RLE(outer) output.shape=(2,), output2.shape=(3,)
2022-03-16 16:16:30 preprocessors.py[line:509] INFO RLE(outer) output.shape=(3,), output2.shape=(4,)
2022-03-16 16:16:30 preprocessors.py[line:505] INFO RLE(inner) output.shape=(4,), output2.shape=(5,)
2022-03-16 16:16:30 preprocessors.py[line:509] INFO RLE(outer) output.shape=(5,), output2.shape=(6,)
2022-03-16 16:16:30 preprocessors.py[line:509] INFO RLE(outer) output.shape=(6,), output2.shape=(7,)
2022-03-16 16:16:30 preprocessors.py[line:505] INFO RLE(inner) output.shape=(7,), output2.shape=(8,)
2022-03-16 16:16:30 preprocessors.py[line:509] INFO RLE(outer) output.shape=(8,), output2.shape=(9,)
2022-03-16 16:16:30 preprocessors.py[line:509] INFO RLE(outer) output.shape=(9,), output2.shape=(10,)
2022-03-16 16:16:30 preprocessors.py[line:509] INFO RLE(outer) output.shape=(10,), output2.shape=(11,)
2022-03-16 16:16:30 preprocessors.py[line:509] INFO RLE(outer) output.shape=(11,), output2.shape=(12,)
2022-03-16 16:16:30 preprocessors.py[line:505] INFO RLE(inner) output.shape=(12,), output2.shape=(13,)
2022-03-16 16:16:30 preprocessors.py[line:509] INFO RLE(outer) output.shape=(13,), output2.shape=(14,)
2022-03-16 16:16:30 preprocessors.py[line:509] INFO RLE(outer) output.shape=(14,), output2.shape=(15,)
2022-03-16 16:16:30 preprocessors.py[line:505] INFO RLE(inner) output.shape=(15,), output2.shape=(16,)
2022-03-16 16:16:30 preprocessors.py[line:509] INFO RLE(outer) output.shape=(16,), output2.shape=(17,)
2022-03-16 16:16:30 preprocessors.py[line:509] INFO RLE(outer) output.shape=(17,), output2.shape=(18,)
2022-03-16 16:16:30 preprocessors.py[line:509] INFO RLE(outer) output.shape=(18,), output2.shape=(19,)
2022-03-16 16:16:30 preprocessors.py[line:509] INFO RLE(outer) output.shape=(19,), output2.shape=(20,)
2022-03-16 16:16:30 preprocessors.py[line:505] INFO RLE(inner) output.shape=(20,), output2.shape=(21,)
2022-03-16 16:16:30 preprocessors.py[line:509] INFO RLE(outer) output.shape=(21,), output2.shape=(22,)
2022-03-16 16:16:30 preprocessors.py[line:509] INFO RLE(outer) output.shape=(22,), output2.shape=(23,)
2022-03-16 16:16:30 preprocessors.py[line:505] INFO RLE(inner) output.shape=(23,), output2.shape=(24,)
2022-03-16 16:16:30 preprocessors.py[line:509] INFO RLE(outer) output.shape=(24,), output2.shape=(25,)
2022-03-16 16:16:30 preprocessors.py[line:509] INFO RLE(outer) output.shape=(25,), output2.shape=(26,)
2022-03-16 16:16:30 preprocessors.py[line:505] INFO RLE(inner) output.shape=(26,), output2.shape=(27,)
2022-03-16 16:16:30 preprocessors.py[line:509] INFO RLE(outer) output.shape=(27,), output2.shape=(28,)
2022-03-16 16:16:30 preprocessors.py[line:509] INFO RLE(outer) output.shape=(28,), output2.shape=(29,)
2022-03-16 16:16:30 preprocessors.py[line:505] INFO RLE(inner) output.shape=(29,), output2.shape=(30,)
2022-03-16 16:16:30 preprocessors.py[line:509] INFO RLE(outer) output.shape=(30,), output2.shape=(31,)
2022-03-16 16:16:30 preprocessors.py[line:509] INFO RLE(outer) output.shape=(31,), output2.shape=(32,)
2022-03-16 16:16:30 preprocessors.py[line:505] INFO RLE(inner) output.shape=(32,), output2.shape=(33,)
2022-03-16 16:16:30 preprocessors.py[line:509] INFO RLE(outer) output.shape=(33,), output2.shape=(34,)
2022-03-16 16:16:30 preprocessors.py[line:505] INFO RLE(inner) output.shape=(34,), output2.shape=(35,)
2022-03-16 16:16:30 preprocessors.py[line:509] INFO RLE(outer) output.shape=(35,), output2.shape=(36,)
2022-03-16 16:16:30 preprocessors.py[line:509] INFO RLE(outer) output.shape=(36,), output2.shape=(37,)
2022-03-16 16:16:30 preprocessors.py[line:505] INFO RLE(inner) output.shape=(37,), output2.shape=(38,)
2022-03-16 16:16:30 preprocessors.py[line:509] INFO RLE(outer) output.shape=(38,), output2.shape=(39,)
2022-03-16 16:16:30 preprocessors.py[line:509] INFO RLE(outer) output.shape=(39,), output2.shape=(40,)
2022-03-16 16:16:30 preprocessors.py[line:505] INFO RLE(inner) output.shape=(40,), output2.shape=(41,)
2022-03-16 16:16:30 preprocessors.py[line:509] INFO RLE(outer) output.shape=(41,), output2.shape=(42,)
2022-03-16 16:16:30 preprocessors.py[line:509] INFO RLE(outer) output.shape=(42,), output2.shape=(43,)
2022-03-16 16:16:30 preprocessors.py[line:509] INFO RLE(outer) output.shape=(43,), output2.shape=(44,)
2022-03-16 16:16:30 preprocessors.py[line:509] INFO RLE(outer) output.shape=(44,), output2.shape=(45,)
2022-03-16 16:16:30 preprocessors.py[line:505] INFO RLE(inner) output.shape=(45,), output2.shape=(46,)
2022-03-16 16:16:30 preprocessors.py[line:509] INFO RLE(outer) output.shape=(46,), output2.shape=(47,)
2022-03-16 16:16:30 preprocessors.py[line:509] INFO RLE(outer) output.shape=(47,), output2.shape=(48,)
2022-03-16 16:16:30 preprocessors.py[line:505] INFO RLE(inner) output.shape=(48,), output2.shape=(49,)
2022-03-16 16:16:30 preprocessors.py[line:509] INFO RLE(outer) output.shape=(49,), output2.shape=(50,)
2022-03-16 16:16:30 preprocessors.py[line:509] INFO RLE(outer) output.shape=(50,), output2.shape=(51,)
2022-03-16 16:16:30 preprocessors.py[line:509] INFO RLE(outer) output.shape=(51,), output2.shape=(52,)
2022-03-16 16:16:30 preprocessors.py[line:509] INFO RLE(outer) output.shape=(52,), output2.shape=(53,)
2022-03-16 16:16:30 preprocessors.py[line:505] INFO RLE(inner) output.shape=(53,), output2.shape=(54,)
2022-03-16 16:16:30 preprocessors.py[line:509] INFO RLE(outer) output.shape=(54,), output2.shape=(55,)
2022-03-16 16:16:30 preprocessors.py[line:509] INFO RLE(outer) output.shape=(55,), output2.shape=(56,)
2022-03-16 16:16:30 preprocessors.py[line:505] INFO RLE(inner) output.shape=(56,), output2.shape=(57,)
2022-03-16 16:16:30 preprocessors.py[line:509] INFO RLE(outer) output.shape=(57,), output2.shape=(58,)
2022-03-16 16:16:30 preprocessors.py[line:509] INFO RLE(outer) output.shape=(58,), output2.shape=(59,)
2022-03-16 16:16:30 preprocessors.py[line:505] INFO RLE(inner) output.shape=(59,), output2.shape=(60,)
2022-03-16 16:16:30 preprocessors.py[line:509] INFO RLE(outer) output.shape=(60,), output2.shape=(61,)
2022-03-16 16:16:30 preprocessors.py[line:509] INFO RLE(outer) output.shape=(61,), output2.shape=(62,)
2022-03-16 16:16:30 preprocessors.py[line:505] INFO RLE(inner) output.shape=(62,), output2.shape=(63,)
2022-03-16 16:16:30 preprocessors.py[line:509] INFO RLE(outer) output.shape=(63,), output2.shape=(64,)
2022-03-16 16:16:30 preprocessors.py[line:509] INFO RLE(outer) output.shape=(64,), output2.shape=(65,)
2022-03-16 16:16:30 preprocessors.py[line:509] INFO RLE(outer) output.shape=(65,), output2.shape=(66,)
2022-03-16 16:16:30 preprocessors.py[line:509] INFO RLE(outer) output.shape=(66,), output2.shape=(67,)
2022-03-16 16:16:30 preprocessors.py[line:505] INFO RLE(inner) output.shape=(67,), output2.shape=(68,)
2022-03-16 16:16:30 preprocessors.py[line:509] INFO RLE(outer) output.shape=(68,), output2.shape=(69,)
2022-03-16 16:16:30 preprocessors.py[line:509] INFO RLE(outer) output.shape=(69,), output2.shape=(70,)
2022-03-16 16:16:30 preprocessors.py[line:505] INFO RLE(inner) output.shape=(70,), output2.shape=(71,)
2022-03-16 16:16:30 preprocessors.py[line:509] INFO RLE(outer) output.shape=(71,), output2.shape=(72,)
2022-03-16 16:16:30 preprocessors.py[line:509] INFO RLE(outer) output.shape=(72,), output2.shape=(73,)
2022-03-16 16:16:30 preprocessors.py[line:509] INFO RLE(outer) output.shape=(73,), output2.shape=(74,)
2022-03-16 16:16:30 preprocessors.py[line:509] INFO RLE(outer) output.shape=(74,), output2.shape=(75,)
2022-03-16 16:16:30 preprocessors.py[line:509] INFO RLE(outer) output.shape=(75,), output2.shape=(76,)
2022-03-16 16:16:30 preprocessors.py[line:509] INFO RLE(outer) output.shape=(76,), output2.shape=(77,)
2022-03-16 16:16:30 preprocessors.py[line:509] INFO RLE(outer) output.shape=(77,), output2.shape=(78,)
2022-03-16 16:16:30 preprocessors.py[line:509] INFO RLE(outer) output.shape=(78,), output2.shape=(79,)
2022-03-16 16:16:30 preprocessors.py[line:509] INFO RLE(outer) output.shape=(79,), output2.shape=(80,)
2022-03-16 16:16:30 preprocessors.py[line:509] INFO RLE(outer) output.shape=(80,), output2.shape=(81,)
2022-03-16 16:16:30 preprocessors.py[line:509] INFO RLE(outer) output.shape=(81,), output2.shape=(82,)
2022-03-16 16:16:30 preprocessors.py[line:509] INFO RLE(outer) output.shape=(82,), output2.shape=(83,)
2022-03-16 16:16:30 preprocessors.py[line:509] INFO RLE(outer) output.shape=(83,), output2.shape=(84,)
2022-03-16 16:16:30 preprocessors.py[line:509] INFO RLE(outer) output.shape=(84,), output2.shape=(85,)
2022-03-16 16:16:30 preprocessors.py[line:509] INFO RLE(outer) output.shape=(85,), output2.shape=(86,)
2022-03-16 16:16:30 preprocessors.py[line:509] INFO RLE(outer) output.shape=(86,), output2.shape=(87,)
2022-03-16 16:16:30 preprocessors.py[line:509] INFO RLE(outer) output.shape=(87,), output2.shape=(88,)
2022-03-16 16:16:30 preprocessors.py[line:509] INFO RLE(outer) output.shape=(88,), output2.shape=(89,)
2022-03-16 16:16:30 preprocessors.py[line:509] INFO RLE(outer) output.shape=(89,), output2.shape=(90,)
2022-03-16 16:16:30 preprocessors.py[line:509] INFO RLE(outer) output.shape=(90,), output2.shape=(91,)
2022-03-16 16:16:30 preprocessors.py[line:509] INFO RLE(outer) output.shape=(91,), output2.shape=(92,)
2022-03-16 16:16:30 preprocessors.py[line:509] INFO RLE(outer) output.shape=(92,), output2.shape=(93,)
2022-03-16 16:16:30 preprocessors.py[line:509] INFO RLE(outer) output.shape=(93,), output2.shape=(94,)
2022-03-16 16:16:30 preprocessors.py[line:509] INFO RLE(outer) output.shape=(94,), output2.shape=(95,)
2022-03-16 16:16:30 preprocessors.py[line:509] INFO RLE(outer) output.shape=(95,), output2.shape=(96,)
2022-03-16 16:16:30 preprocessors.py[line:509] INFO RLE(outer) output.shape=(96,), output2.shape=(97,)
2022-03-16 16:16:30 preprocessors.py[line:509] INFO RLE(outer) output.shape=(97,), output2.shape=(98,)
2022-03-16 16:16:30 preprocessors.py[line:505] INFO RLE(inner) output.shape=(98,), output2.shape=(99,)
2022-03-16 16:16:30 preprocessors.py[line:509] INFO RLE(outer) output.shape=(99,), output2.shape=(100,)
2022-03-16 16:16:30 preprocessors.py[line:509] INFO RLE(outer) output.shape=(100,), output2.shape=(101,)
2022-03-16 16:16:30 preprocessors.py[line:505] INFO RLE(inner) output.shape=(101,), output2.shape=(102,)
2022-03-16 16:16:30 preprocessors.py[line:509] INFO RLE(outer) output.shape=(102,), output2.shape=(103,)
2022-03-16 16:16:30 preprocessors.py[line:509] INFO RLE(outer) output.shape=(103,), output2.shape=(104,)
2022-03-16 16:16:30 preprocessors.py[line:509] INFO RLE(outer) output.shape=(104,), output2.shape=(105,)
2022-03-16 16:16:30 preprocessors.py[line:509] INFO RLE(outer) output.shape=(105,), output2.shape=(106,)
2022-03-16 16:16:30 preprocessors.py[line:505] INFO RLE(inner) output.shape=(106,), output2.shape=(107,)
2022-03-16 16:16:30 preprocessors.py[line:509] INFO RLE(outer) output.shape=(107,), output2.shape=(108,)
2022-03-16 16:16:30 preprocessors.py[line:509] INFO RLE(outer) output.shape=(108,), output2.shape=(109,)
2022-03-16 16:16:30 preprocessors.py[line:505] INFO RLE(inner) output.shape=(109,), output2.shape=(110,)
2022-03-16 16:16:30 preprocessors.py[line:509] INFO RLE(outer) output.shape=(110,), output2.shape=(111,)
2022-03-16 16:16:30 preprocessors.py[line:509] INFO RLE(outer) output.shape=(111,), output2.shape=(112,)
2022-03-16 16:16:30 preprocessors.py[line:505] INFO RLE(inner) output.shape=(112,), output2.shape=(113,)
2022-03-16 16:16:30 preprocessors.py[line:509] INFO RLE(outer) output.shape=(113,), output2.shape=(114,)
2022-03-16 16:16:30 preprocessors.py[line:509] INFO RLE(outer) output.shape=(114,), output2.shape=(115,)
2022-03-16 16:16:30 preprocessors.py[line:509] INFO RLE(outer) output.shape=(115,), output2.shape=(116,)
2022-03-16 16:16:30 preprocessors.py[line:509] INFO RLE(outer) output.shape=(116,), output2.shape=(117,)
2022-03-16 16:16:30 preprocessors.py[line:505] INFO RLE(inner) output.shape=(117,), output2.shape=(118,)
2022-03-16 16:16:30 preprocessors.py[line:509] INFO RLE(outer) output.shape=(118,), output2.shape=(119,)
2022-03-16 16:16:30 preprocessors.py[line:509] INFO RLE(outer) output.shape=(119,), output2.shape=(120,)
2022-03-16 16:16:30 preprocessors.py[line:505] INFO RLE(inner) output.shape=(120,), output2.shape=(121,)
2022-03-16 16:16:30 preprocessors.py[line:509] INFO RLE(outer) output.shape=(121,), output2.shape=(122,)
2022-03-16 16:16:30 preprocessors.py[line:509] INFO RLE(outer) output.shape=(122,), output2.shape=(123,)
2022-03-16 16:16:30 preprocessors.py[line:505] INFO RLE(inner) output.shape=(123,), output2.shape=(124,)
2022-03-16 16:16:30 preprocessors.py[line:509] INFO RLE(outer) output.shape=(124,), output2.shape=(125,)
2022-03-16 16:16:30 preprocessors.py[line:509] INFO RLE(outer) output.shape=(125,), output2.shape=(126,)
2022-03-16 16:16:30 preprocessors.py[line:505] INFO RLE(inner) output.shape=(126,), output2.shape=(127,)
2022-03-16 16:16:30 preprocessors.py[line:509] INFO RLE(outer) output.shape=(127,), output2.shape=(128,)
2022-03-16 16:16:30 preprocessors.py[line:505] INFO RLE(inner) output.shape=(128,), output2.shape=(129,)
2022-03-16 16:16:30 preprocessors.py[line:509] INFO RLE(outer) output.shape=(129,), output2.shape=(130,)
2022-03-16 16:16:30 preprocessors.py[line:505] INFO RLE(inner) output.shape=(130,), output2.shape=(131,)
2022-03-16 16:16:30 preprocessors.py[line:509] INFO RLE(outer) output.shape=(131,), output2.shape=(132,)
2022-03-16 16:16:30 preprocessors.py[line:509] INFO RLE(outer) output.shape=(132,), output2.shape=(133,)
2022-03-16 16:16:30 preprocessors.py[line:505] INFO RLE(inner) output.shape=(133,), output2.shape=(134,)
2022-03-16 16:16:30 preprocessors.py[line:509] INFO RLE(outer) output.shape=(134,), output2.shape=(135,)
2022-03-16 16:16:30 preprocessors.py[line:509] INFO RLE(outer) output.shape=(135,), output2.shape=(136,)
2022-03-16 16:16:30 preprocessors.py[line:505] INFO RLE(inner) output.shape=(136,), output2.shape=(137,)
2022-03-16 16:16:30 preprocessors.py[line:509] INFO RLE(outer) output.shape=(137,), output2.shape=(138,)
2022-03-16 16:16:30 preprocessors.py[line:509] INFO RLE(outer) output.shape=(138,), output2.shape=(139,)
2022-03-16 16:16:30 preprocessors.py[line:505] INFO RLE(inner) output.shape=(139,), output2.shape=(140,)
2022-03-16 16:16:30 preprocessors.py[line:509] INFO RLE(outer) output.shape=(140,), output2.shape=(141,)
2022-03-16 16:16:30 preprocessors.py[line:505] INFO RLE(inner) output.shape=(141,), output2.shape=(142,)
2022-03-16 16:16:30 preprocessors.py[line:509] INFO RLE(outer) output.shape=(142,), output2.shape=(143,)
2022-03-16 16:16:30 preprocessors.py[line:509] INFO RLE(outer) output.shape=(143,), output2.shape=(144,)
2022-03-16 16:16:30 preprocessors.py[line:505] INFO RLE(inner) output.shape=(144,), output2.shape=(145,)
2022-03-16 16:16:30 preprocessors.py[line:509] INFO RLE(outer) output.shape=(145,), output2.shape=(146,)
2022-03-16 16:16:30 preprocessors.py[line:509] INFO RLE(outer) output.shape=(146,), output2.shape=(147,)
2022-03-16 16:16:30 preprocessors.py[line:505] INFO RLE(inner) output.shape=(147,), output2.shape=(148,)
2022-03-16 16:16:30 preprocessors.py[line:509] INFO RLE(outer) output.shape=(148,), output2.shape=(149,)
2022-03-16 16:16:30 preprocessors.py[line:509] INFO RLE(outer) output.shape=(149,), output2.shape=(150,)
2022-03-16 16:16:30 preprocessors.py[line:505] INFO RLE(inner) output.shape=(150,), output2.shape=(151,)
2022-03-16 16:16:30 preprocessors.py[line:509] INFO RLE(outer) output.shape=(151,), output2.shape=(152,)
2022-03-16 16:16:30 preprocessors.py[line:509] INFO RLE(outer) output.shape=(152,), output2.shape=(153,)
2022-03-16 16:16:30 preprocessors.py[line:505] INFO RLE(inner) output.shape=(153,), output2.shape=(154,)
2022-03-16 16:16:30 preprocessors.py[line:509] INFO RLE(outer) output.shape=(154,), output2.shape=(155,)
2022-03-16 16:16:30 preprocessors.py[line:509] INFO RLE(outer) output.shape=(155,), output2.shape=(156,)
2022-03-16 16:16:30 preprocessors.py[line:505] INFO RLE(inner) output.shape=(156,), output2.shape=(157,)
2022-03-16 16:16:30 preprocessors.py[line:509] INFO RLE(outer) output.shape=(157,), output2.shape=(158,)
2022-03-16 16:16:30 preprocessors.py[line:509] INFO RLE(outer) output.shape=(158,), output2.shape=(159,)
2022-03-16 16:16:30 preprocessors.py[line:505] INFO RLE(inner) output.shape=(159,), output2.shape=(160,)
2022-03-16 16:16:30 preprocessors.py[line:509] INFO RLE(outer) output.shape=(160,), output2.shape=(161,)
2022-03-16 16:16:30 preprocessors.py[line:509] INFO RLE(outer) output.shape=(161,), output2.shape=(162,)
2022-03-16 16:16:30 preprocessors.py[line:509] INFO RLE(outer) output.shape=(162,), output2.shape=(163,)
2022-03-16 16:16:30 preprocessors.py[line:505] INFO RLE(inner) output.shape=(163,), output2.shape=(164,)
2022-03-16 16:16:30 preprocessors.py[line:509] INFO RLE(outer) output.shape=(164,), output2.shape=(165,)
2022-03-16 16:16:30 preprocessors.py[line:505] INFO RLE(inner) output.shape=(165,), output2.shape=(166,)
2022-03-16 16:16:30 preprocessors.py[line:509] INFO RLE(outer) output.shape=(166,), output2.shape=(167,)
2022-03-16 16:16:30 preprocessors.py[line:505] INFO RLE(inner) output.shape=(167,), output2.shape=(168,)
2022-03-16 16:16:30 preprocessors.py[line:509] INFO RLE(outer) output.shape=(168,), output2.shape=(169,)
2022-03-16 16:16:30 preprocessors.py[line:509] INFO RLE(outer) output.shape=(169,), output2.shape=(170,)
2022-03-16 16:16:30 preprocessors.py[line:505] INFO RLE(inner) output.shape=(170,), output2.shape=(171,)
2022-03-16 16:16:30 preprocessors.py[line:509] INFO RLE(outer) output.shape=(171,), output2.shape=(172,)
2022-03-16 16:16:30 preprocessors.py[line:509] INFO RLE(outer) output.shape=(172,), output2.shape=(173,)
2022-03-16 16:16:30 preprocessors.py[line:505] INFO RLE(inner) output.shape=(173,), output2.shape=(174,)
2022-03-16 16:16:30 preprocessors.py[line:509] INFO RLE(outer) output.shape=(174,), output2.shape=(175,)
2022-03-16 16:16:30 preprocessors.py[line:509] INFO RLE(outer) output.shape=(175,), output2.shape=(176,)
2022-03-16 16:16:30 preprocessors.py[line:505] INFO RLE(inner) output.shape=(176,), output2.shape=(177,)
2022-03-16 16:16:30 preprocessors.py[line:509] INFO RLE(outer) output.shape=(177,), output2.shape=(178,)
2022-03-16 16:16:30 preprocessors.py[line:509] INFO RLE(outer) output.shape=(178,), output2.shape=(179,)
2022-03-16 16:16:30 preprocessors.py[line:509] INFO RLE(outer) output.shape=(179,), output2.shape=(180,)
2022-03-16 16:16:30 preprocessors.py[line:505] INFO RLE(inner) output.shape=(180,), output2.shape=(181,)
2022-03-16 16:16:30 preprocessors.py[line:509] INFO RLE(outer) output.shape=(181,), output2.shape=(182,)
2022-03-16 16:16:30 preprocessors.py[line:509] INFO RLE(outer) output.shape=(182,), output2.shape=(183,)
2022-03-16 16:16:30 preprocessors.py[line:505] INFO RLE(inner) output.shape=(183,), output2.shape=(184,)
2022-03-16 16:16:30 preprocessors.py[line:509] INFO RLE(outer) output.shape=(184,), output2.shape=(185,)
2022-03-16 16:16:30 preprocessors.py[line:509] INFO RLE(outer) output.shape=(185,), output2.shape=(186,)
2022-03-16 16:16:30 preprocessors.py[line:505] INFO RLE(inner) output.shape=(186,), output2.shape=(187,)
2022-03-16 16:16:30 preprocessors.py[line:509] INFO RLE(outer) output.shape=(187,), output2.shape=(188,)
2022-03-16 16:16:30 preprocessors.py[line:509] INFO RLE(outer) output.shape=(188,), output2.shape=(189,)
2022-03-16 16:16:30 preprocessors.py[line:505] INFO RLE(inner) output.shape=(189,), output2.shape=(190,)
2022-03-16 16:16:30 preprocessors.py[line:509] INFO RLE(outer) output.shape=(190,), output2.shape=(191,)
2022-03-16 16:16:30 preprocessors.py[line:509] INFO RLE(outer) output.shape=(191,), output2.shape=(192,)
2022-03-16 16:16:30 preprocessors.py[line:509] INFO RLE(outer) output.shape=(192,), output2.shape=(193,)
2022-03-16 16:16:30 preprocessors.py[line:509] INFO RLE(outer) output.shape=(193,), output2.shape=(194,)
2022-03-16 16:16:30 preprocessors.py[line:505] INFO RLE(inner) output.shape=(194,), output2.shape=(195,)
2022-03-16 16:16:30 preprocessors.py[line:509] INFO RLE(outer) output.shape=(195,), output2.shape=(196,)
2022-03-16 16:16:30 preprocessors.py[line:505] INFO RLE(inner) output.shape=(196,), output2.shape=(197,)
2022-03-16 16:16:30 preprocessors.py[line:509] INFO RLE(outer) output.shape=(197,), output2.shape=(198,)
2022-03-16 16:16:30 preprocessors.py[line:505] INFO RLE(inner) output.shape=(198,), output2.shape=(199,)
2022-03-16 16:16:30 preprocessors.py[line:509] INFO RLE(outer) output.shape=(199,), output2.shape=(200,)
2022-03-16 16:16:30 preprocessors.py[line:509] INFO RLE(outer) output.shape=(200,), output2.shape=(201,)
2022-03-16 16:16:30 preprocessors.py[line:509] INFO RLE(outer) output.shape=(201,), output2.shape=(202,)
2022-03-16 16:16:30 preprocessors.py[line:509] INFO RLE(outer) output.shape=(202,), output2.shape=(203,)
2022-03-16 16:16:30 preprocessors.py[line:505] INFO RLE(inner) output.shape=(203,), output2.shape=(204,)
2022-03-16 16:16:30 preprocessors.py[line:509] INFO RLE(outer) output.shape=(204,), output2.shape=(205,)
2022-03-16 16:16:30 preprocessors.py[line:509] INFO RLE(outer) output.shape=(205,), output2.shape=(206,)
2022-03-16 16:16:30 preprocessors.py[line:505] INFO RLE(inner) output.shape=(206,), output2.shape=(207,)
2022-03-16 16:16:30 preprocessors.py[line:509] INFO RLE(outer) output.shape=(207,), output2.shape=(208,)
2022-03-16 16:16:30 preprocessors.py[line:509] INFO RLE(outer) output.shape=(208,), output2.shape=(209,)
2022-03-16 16:16:30 preprocessors.py[line:505] INFO RLE(inner) output.shape=(209,), output2.shape=(210,)
2022-03-16 16:16:30 preprocessors.py[line:509] INFO RLE(outer) output.shape=(210,), output2.shape=(211,)
2022-03-16 16:16:30 preprocessors.py[line:509] INFO RLE(outer) output.shape=(211,), output2.shape=(212,)
2022-03-16 16:16:30 preprocessors.py[line:509] INFO RLE(outer) output.shape=(212,), output2.shape=(213,)
2022-03-16 16:16:30 preprocessors.py[line:509] INFO RLE(outer) output.shape=(213,), output2.shape=(214,)
2022-03-16 16:16:30 preprocessors.py[line:505] INFO RLE(inner) output.shape=(214,), output2.shape=(215,)
2022-03-16 16:16:30 preprocessors.py[line:509] INFO RLE(outer) output.shape=(215,), output2.shape=(216,)
2022-03-16 16:16:30 preprocessors.py[line:509] INFO RLE(outer) output.shape=(216,), output2.shape=(217,)
2022-03-16 16:16:30 preprocessors.py[line:505] INFO RLE(inner) output.shape=(217,), output2.shape=(218,)
2022-03-16 16:16:30 preprocessors.py[line:509] INFO RLE(outer) output.shape=(218,), output2.shape=(219,)
2022-03-16 16:16:30 preprocessors.py[line:505] INFO RLE(inner) output.shape=(219,), output2.shape=(220,)
2022-03-16 16:16:30 preprocessors.py[line:509] INFO RLE(outer) output.shape=(220,), output2.shape=(221,)
2022-03-16 16:16:30 preprocessors.py[line:509] INFO RLE(outer) output.shape=(221,), output2.shape=(222,)
2022-03-16 16:16:30 preprocessors.py[line:505] INFO RLE(inner) output.shape=(222,), output2.shape=(223,)
2022-03-16 16:16:30 preprocessors.py[line:509] INFO RLE(outer) output.shape=(223,), output2.shape=(224,)
2022-03-16 16:16:30 preprocessors.py[line:509] INFO RLE(outer) output.shape=(224,), output2.shape=(225,)
2022-03-16 16:16:30 preprocessors.py[line:509] INFO RLE(outer) output.shape=(225,), output2.shape=(226,)
2022-03-16 16:16:30 preprocessors.py[line:505] INFO RLE(inner) output.shape=(226,), output2.shape=(227,)
2022-03-16 16:16:30 preprocessors.py[line:509] INFO RLE(outer) output.shape=(227,), output2.shape=(228,)
2022-03-16 16:16:30 preprocessors.py[line:509] INFO RLE(outer) output.shape=(228,), output2.shape=(229,)
2022-03-16 16:16:30 preprocessors.py[line:509] INFO RLE(outer) output.shape=(229,), output2.shape=(230,)
2022-03-16 16:16:30 preprocessors.py[line:509] INFO RLE(outer) output.shape=(230,), output2.shape=(231,)
2022-03-16 16:16:30 preprocessors.py[line:505] INFO RLE(inner) output.shape=(231,), output2.shape=(232,)
2022-03-16 16:16:30 preprocessors.py[line:509] INFO RLE(outer) output.shape=(232,), output2.shape=(233,)
2022-03-16 16:16:30 preprocessors.py[line:509] INFO RLE(outer) output.shape=(233,), output2.shape=(234,)
2022-03-16 16:16:30 preprocessors.py[line:505] INFO RLE(inner) output.shape=(234,), output2.shape=(235,)
2022-03-16 16:16:30 preprocessors.py[line:509] INFO RLE(outer) output.shape=(235,), output2.shape=(236,)
2022-03-16 16:16:30 preprocessors.py[line:509] INFO RLE(outer) output.shape=(236,), output2.shape=(237,)
2022-03-16 16:16:30 preprocessors.py[line:505] INFO RLE(inner) output.shape=(237,), output2.shape=(238,)
2022-03-16 16:16:30 preprocessors.py[line:509] INFO RLE(outer) output.shape=(238,), output2.shape=(239,)
2022-03-16 16:16:30 preprocessors.py[line:509] INFO RLE(outer) output.shape=(239,), output2.shape=(240,)
2022-03-16 16:16:30 preprocessors.py[line:505] INFO RLE(inner) output.shape=(240,), output2.shape=(241,)
2022-03-16 16:16:30 preprocessors.py[line:509] INFO RLE(outer) output.shape=(241,), output2.shape=(242,)
2022-03-16 16:16:30 preprocessors.py[line:505] INFO RLE(inner) output.shape=(242,), output2.shape=(243,)
2022-03-16 16:16:30 preprocessors.py[line:509] INFO RLE(outer) output.shape=(243,), output2.shape=(244,)
2022-03-16 16:16:30 preprocessors.py[line:509] INFO RLE(outer) output.shape=(244,), output2.shape=(245,)
2022-03-16 16:16:30 preprocessors.py[line:505] INFO RLE(inner) output.shape=(245,), output2.shape=(246,)
2022-03-16 16:16:30 preprocessors.py[line:509] INFO RLE(outer) output.shape=(246,), output2.shape=(247,)
2022-03-16 16:16:30 preprocessors.py[line:509] INFO RLE(outer) output.shape=(247,), output2.shape=(248,)
2022-03-16 16:16:30 preprocessors.py[line:509] INFO RLE(outer) output.shape=(248,), output2.shape=(249,)
2022-03-16 16:16:30 preprocessors.py[line:509] INFO RLE(outer) output.shape=(249,), output2.shape=(250,)
2022-03-16 16:16:30 preprocessors.py[line:505] INFO RLE(inner) output.shape=(250,), output2.shape=(251,)
2022-03-16 16:16:30 preprocessors.py[line:509] INFO RLE(outer) output.shape=(251,), output2.shape=(252,)
2022-03-16 16:16:30 preprocessors.py[line:509] INFO RLE(outer) output.shape=(252,), output2.shape=(253,)
2022-03-16 16:16:30 preprocessors.py[line:505] INFO RLE(inner) output.shape=(253,), output2.shape=(254,)
2022-03-16 16:16:30 preprocessors.py[line:509] INFO RLE(outer) output.shape=(254,), output2.shape=(255,)
2022-03-16 16:16:30 preprocessors.py[line:505] INFO RLE(inner) output.shape=(255,), output2.shape=(256,)
2022-03-16 16:16:30 preprocessors.py[line:509] INFO RLE(outer) output.shape=(256,), output2.shape=(257,)
2022-03-16 16:16:30 preprocessors.py[line:509] INFO RLE(outer) output.shape=(257,), output2.shape=(258,)
2022-03-16 16:16:30 preprocessors.py[line:505] INFO RLE(inner) output.shape=(258,), output2.shape=(259,)
2022-03-16 16:16:30 preprocessors.py[line:509] INFO RLE(outer) output.shape=(259,), output2.shape=(260,)
2022-03-16 16:16:30 preprocessors.py[line:509] INFO RLE(outer) output.shape=(260,), output2.shape=(261,)
2022-03-16 16:16:30 preprocessors.py[line:509] INFO RLE(outer) output.shape=(261,), output2.shape=(262,)
2022-03-16 16:16:30 preprocessors.py[line:505] INFO RLE(inner) output.shape=(262,), output2.shape=(263,)
2022-03-16 16:16:30 preprocessors.py[line:509] INFO RLE(outer) output.shape=(263,), output2.shape=(264,)
2022-03-16 16:16:30 preprocessors.py[line:509] INFO RLE(outer) output.shape=(264,), output2.shape=(265,)
2022-03-16 16:16:30 preprocessors.py[line:509] INFO RLE(outer) output.shape=(265,), output2.shape=(266,)
2022-03-16 16:16:30 preprocessors.py[line:509] INFO RLE(outer) output.shape=(266,), output2.shape=(267,)
2022-03-16 16:16:30 preprocessors.py[line:509] INFO RLE(outer) output.shape=(267,), output2.shape=(268,)
2022-03-16 16:16:30 preprocessors.py[line:509] INFO RLE(outer) output.shape=(268,), output2.shape=(269,)
2022-03-16 16:16:30 preprocessors.py[line:505] INFO RLE(inner) output.shape=(269,), output2.shape=(270,)
2022-03-16 16:16:30 preprocessors.py[line:509] INFO RLE(outer) output.shape=(270,), output2.shape=(271,)
2022-03-16 16:16:30 preprocessors.py[line:509] INFO RLE(outer) output.shape=(271,), output2.shape=(272,)
2022-03-16 16:16:30 preprocessors.py[line:505] INFO RLE(inner) output.shape=(272,), output2.shape=(273,)
2022-03-16 16:16:30 preprocessors.py[line:509] INFO RLE(outer) output.shape=(273,), output2.shape=(274,)
2022-03-16 16:16:30 preprocessors.py[line:505] INFO RLE(inner) output.shape=(274,), output2.shape=(275,)
2022-03-16 16:16:30 preprocessors.py[line:509] INFO RLE(outer) output.shape=(275,), output2.shape=(276,)
2022-03-16 16:16:30 preprocessors.py[line:509] INFO RLE(outer) output.shape=(276,), output2.shape=(277,)
2022-03-16 16:16:30 preprocessors.py[line:509] INFO RLE(outer) output.shape=(277,), output2.shape=(278,)
2022-03-16 16:16:30 preprocessors.py[line:509] INFO RLE(outer) output.shape=(278,), output2.shape=(279,)
2022-03-16 16:16:30 preprocessors.py[line:505] INFO RLE(inner) output.shape=(279,), output2.shape=(280,)
2022-03-16 16:16:30 preprocessors.py[line:509] INFO RLE(outer) output.shape=(280,), output2.shape=(281,)
2022-03-16 16:16:30 preprocessors.py[line:509] INFO RLE(outer) output.shape=(281,), output2.shape=(282,)
2022-03-16 16:16:30 preprocessors.py[line:505] INFO RLE(inner) output.shape=(282,), output2.shape=(283,)
2022-03-16 16:16:30 preprocessors.py[line:509] INFO RLE(outer) output.shape=(283,), output2.shape=(284,)
2022-03-16 16:16:30 preprocessors.py[line:509] INFO RLE(outer) output.shape=(284,), output2.shape=(285,)
2022-03-16 16:16:30 preprocessors.py[line:505] INFO RLE(inner) output.shape=(285,), output2.shape=(286,)
2022-03-16 16:16:30 preprocessors.py[line:509] INFO RLE(outer) output.shape=(286,), output2.shape=(287,)
2022-03-16 16:16:30 preprocessors.py[line:509] INFO RLE(outer) output.shape=(287,), output2.shape=(288,)
2022-03-16 16:16:30 preprocessors.py[line:509] INFO RLE(outer) output.shape=(288,), output2.shape=(289,)
2022-03-16 16:16:30 preprocessors.py[line:509] INFO RLE(outer) output.shape=(289,), output2.shape=(290,)
2022-03-16 16:16:30 preprocessors.py[line:505] INFO RLE(inner) output.shape=(290,), output2.shape=(291,)
2022-03-16 16:16:30 preprocessors.py[line:509] INFO RLE(outer) output.shape=(291,), output2.shape=(292,)
2022-03-16 16:16:30 preprocessors.py[line:505] INFO RLE(inner) output.shape=(292,), output2.shape=(293,)
2022-03-16 16:16:30 preprocessors.py[line:509] INFO RLE(outer) output.shape=(293,), output2.shape=(294,)
2022-03-16 16:16:30 preprocessors.py[line:509] INFO RLE(outer) output.shape=(294,), output2.shape=(295,)
2022-03-16 16:16:30 preprocessors.py[line:505] INFO RLE(inner) output.shape=(295,), output2.shape=(296,)
2022-03-16 16:16:30 preprocessors.py[line:509] INFO RLE(outer) output.shape=(296,), output2.shape=(297,)
2022-03-16 16:16:30 preprocessors.py[line:509] INFO RLE(outer) output.shape=(297,), output2.shape=(298,)
2022-03-16 16:16:30 preprocessors.py[line:509] INFO RLE(outer) output.shape=(298,), output2.shape=(299,)
2022-03-16 16:16:30 preprocessors.py[line:509] INFO RLE(outer) output.shape=(299,), output2.shape=(300,)
2022-03-16 16:16:30 preprocessors.py[line:505] INFO RLE(inner) output.shape=(300,), output2.shape=(301,)
2022-03-16 16:16:30 preprocessors.py[line:509] INFO RLE(outer) output.shape=(301,), output2.shape=(302,)
2022-03-16 16:16:30 preprocessors.py[line:509] INFO RLE(outer) output.shape=(302,), output2.shape=(303,)
2022-03-16 16:16:30 preprocessors.py[line:505] INFO RLE(inner) output.shape=(303,), output2.shape=(304,)
2022-03-16 16:16:30 preprocessors.py[line:509] INFO RLE(outer) output.shape=(304,), output2.shape=(305,)
2022-03-16 16:16:30 preprocessors.py[line:505] INFO RLE(inner) output.shape=(305,), output2.shape=(306,)
2022-03-16 16:16:30 preprocessors.py[line:509] INFO RLE(outer) output.shape=(306,), output2.shape=(307,)
2022-03-16 16:16:30 preprocessors.py[line:509] INFO RLE(outer) output.shape=(307,), output2.shape=(308,)
2022-03-16 16:16:30 preprocessors.py[line:505] INFO RLE(inner) output.shape=(308,), output2.shape=(309,)
2022-03-16 16:16:30 preprocessors.py[line:509] INFO RLE(outer) output.shape=(309,), output2.shape=(310,)
2022-03-16 16:16:30 preprocessors.py[line:509] INFO RLE(outer) output.shape=(310,), output2.shape=(311,)
2022-03-16 16:16:30 preprocessors.py[line:505] INFO RLE(inner) output.shape=(311,), output2.shape=(312,)
2022-03-16 16:16:30 preprocessors.py[line:509] INFO RLE(outer) output.shape=(312,), output2.shape=(313,)
2022-03-16 16:16:30 preprocessors.py[line:509] INFO RLE(outer) output.shape=(313,), output2.shape=(314,)
2022-03-16 16:16:30 preprocessors.py[line:509] INFO RLE(outer) output.shape=(314,), output2.shape=(315,)
2022-03-16 16:16:30 preprocessors.py[line:509] INFO RLE(outer) output.shape=(315,), output2.shape=(316,)
2022-03-16 16:16:30 preprocessors.py[line:505] INFO RLE(inner) output.shape=(316,), output2.shape=(317,)
2022-03-16 16:16:30 preprocessors.py[line:509] INFO RLE(outer) output.shape=(317,), output2.shape=(318,)
2022-03-16 16:16:30 preprocessors.py[line:509] INFO RLE(outer) output.shape=(318,), output2.shape=(319,)
2022-03-16 16:16:30 preprocessors.py[line:509] INFO RLE(outer) output.shape=(319,), output2.shape=(320,)
2022-03-16 16:16:30 preprocessors.py[line:509] INFO RLE(outer) output.shape=(320,), output2.shape=(321,)
2022-03-16 16:16:30 preprocessors.py[line:505] INFO RLE(inner) output.shape=(321,), output2.shape=(322,)
2022-03-16 16:16:30 preprocessors.py[line:509] INFO RLE(outer) output.shape=(322,), output2.shape=(323,)
2022-03-16 16:16:30 preprocessors.py[line:509] INFO RLE(outer) output.shape=(323,), output2.shape=(324,)
2022-03-16 16:16:30 preprocessors.py[line:505] INFO RLE(inner) output.shape=(324,), output2.shape=(325,)
2022-03-16 16:16:30 preprocessors.py[line:509] INFO RLE(outer) output.shape=(325,), output2.shape=(326,)
2022-03-16 16:16:30 preprocessors.py[line:509] INFO RLE(outer) output.shape=(326,), output2.shape=(327,)
2022-03-16 16:16:30 preprocessors.py[line:505] INFO RLE(inner) output.shape=(327,), output2.shape=(328,)
2022-03-16 16:16:30 preprocessors.py[line:509] INFO RLE(outer) output.shape=(328,), output2.shape=(329,)
2022-03-16 16:16:30 preprocessors.py[line:509] INFO RLE(outer) output.shape=(329,), output2.shape=(330,)
2022-03-16 16:16:30 preprocessors.py[line:509] INFO RLE(outer) output.shape=(330,), output2.shape=(331,)
2022-03-16 16:16:30 preprocessors.py[line:509] INFO RLE(outer) output.shape=(331,), output2.shape=(332,)
2022-03-16 16:16:30 preprocessors.py[line:505] INFO RLE(inner) output.shape=(332,), output2.shape=(333,)
2022-03-16 16:16:30 preprocessors.py[line:509] INFO RLE(outer) output.shape=(333,), output2.shape=(334,)
2022-03-16 16:16:30 preprocessors.py[line:509] INFO RLE(outer) output.shape=(334,), output2.shape=(335,)
2022-03-16 16:16:30 preprocessors.py[line:505] INFO RLE(inner) output.shape=(335,), output2.shape=(336,)
2022-03-16 16:16:30 preprocessors.py[line:509] INFO RLE(outer) output.shape=(336,), output2.shape=(337,)
2022-03-16 16:16:30 preprocessors.py[line:509] INFO RLE(outer) output.shape=(337,), output2.shape=(338,)
2022-03-16 16:16:30 preprocessors.py[line:509] INFO RLE(outer) output.shape=(338,), output2.shape=(339,)
2022-03-16 16:16:30 preprocessors.py[line:509] INFO RLE(outer) output.shape=(339,), output2.shape=(340,)
2022-03-16 16:16:30 preprocessors.py[line:505] INFO RLE(inner) output.shape=(340,), output2.shape=(341,)
2022-03-16 16:16:30 preprocessors.py[line:509] INFO RLE(outer) output.shape=(341,), output2.shape=(342,)
2022-03-16 16:16:30 preprocessors.py[line:509] INFO RLE(outer) output.shape=(342,), output2.shape=(343,)
2022-03-16 16:16:30 preprocessors.py[line:509] INFO RLE(outer) output.shape=(343,), output2.shape=(344,)
2022-03-16 16:16:30 preprocessors.py[line:509] INFO RLE(outer) output.shape=(344,), output2.shape=(345,)
2022-03-16 16:16:30 preprocessors.py[line:505] INFO RLE(inner) output.shape=(345,), output2.shape=(346,)
2022-03-16 16:16:30 preprocessors.py[line:509] INFO RLE(outer) output.shape=(346,), output2.shape=(347,)
2022-03-16 16:16:30 preprocessors.py[line:509] INFO RLE(outer) output.shape=(347,), output2.shape=(348,)
2022-03-16 16:16:30 preprocessors.py[line:505] INFO RLE(inner) output.shape=(348,), output2.shape=(349,)
2022-03-16 16:16:30 preprocessors.py[line:509] INFO RLE(outer) output.shape=(349,), output2.shape=(350,)
2022-03-16 16:16:30 preprocessors.py[line:509] INFO RLE(outer) output.shape=(350,), output2.shape=(351,)
2022-03-16 16:16:30 preprocessors.py[line:509] INFO RLE(outer) output.shape=(351,), output2.shape=(352,)
2022-03-16 16:16:30 preprocessors.py[line:509] INFO RLE(outer) output.shape=(352,), output2.shape=(353,)
2022-03-16 16:16:30 preprocessors.py[line:505] INFO RLE(inner) output.shape=(353,), output2.shape=(354,)
2022-03-16 16:16:30 preprocessors.py[line:509] INFO RLE(outer) output.shape=(354,), output2.shape=(355,)
2022-03-16 16:16:30 preprocessors.py[line:509] INFO RLE(outer) output.shape=(355,), output2.shape=(356,)
2022-03-16 16:16:30 preprocessors.py[line:505] INFO RLE(inner) output.shape=(356,), output2.shape=(357,)
2022-03-16 16:16:30 preprocessors.py[line:509] INFO RLE(outer) output.shape=(357,), output2.shape=(358,)
2022-03-16 16:16:30 preprocessors.py[line:509] INFO RLE(outer) output.shape=(358,), output2.shape=(359,)
2022-03-16 16:16:30 preprocessors.py[line:505] INFO RLE(inner) output.shape=(359,), output2.shape=(360,)
2022-03-16 16:16:30 preprocessors.py[line:509] INFO RLE(outer) output.shape=(360,), output2.shape=(361,)
2022-03-16 16:16:30 preprocessors.py[line:509] INFO RLE(outer) output.shape=(361,), output2.shape=(362,)
2022-03-16 16:16:30 preprocessors.py[line:505] INFO RLE(inner) output.shape=(362,), output2.shape=(363,)
2022-03-16 16:16:30 preprocessors.py[line:509] INFO RLE(outer) output.shape=(363,), output2.shape=(364,)
2022-03-16 16:16:30 preprocessors.py[line:509] INFO RLE(outer) output.shape=(364,), output2.shape=(365,)
2022-03-16 16:16:30 preprocessors.py[line:505] INFO RLE(inner) output.shape=(365,), output2.shape=(366,)
2022-03-16 16:16:30 preprocessors.py[line:509] INFO RLE(outer) output.shape=(366,), output2.shape=(367,)
2022-03-16 16:16:30 preprocessors.py[line:509] INFO RLE(outer) output.shape=(367,), output2.shape=(368,)
2022-03-16 16:16:30 preprocessors.py[line:509] INFO RLE(outer) output.shape=(368,), output2.shape=(369,)
2022-03-16 16:16:30 preprocessors.py[line:509] INFO RLE(outer) output.shape=(369,), output2.shape=(370,)
2022-03-16 16:16:30 preprocessors.py[line:505] INFO RLE(inner) output.shape=(370,), output2.shape=(371,)
2022-03-16 16:16:30 preprocessors.py[line:509] INFO RLE(outer) output.shape=(371,), output2.shape=(372,)
2022-03-16 16:16:30 preprocessors.py[line:509] INFO RLE(outer) output.shape=(372,), output2.shape=(373,)
2022-03-16 16:16:30 preprocessors.py[line:505] INFO RLE(inner) output.shape=(373,), output2.shape=(374,)
2022-03-16 16:16:30 preprocessors.py[line:509] INFO RLE(outer) output.shape=(374,), output2.shape=(375,)
2022-03-16 16:16:30 preprocessors.py[line:509] INFO RLE(outer) output.shape=(375,), output2.shape=(376,)
2022-03-16 16:16:30 preprocessors.py[line:509] INFO RLE(outer) output.shape=(376,), output2.shape=(377,)
2022-03-16 16:16:30 preprocessors.py[line:509] INFO RLE(outer) output.shape=(377,), output2.shape=(378,)
2022-03-16 16:16:30 preprocessors.py[line:509] INFO RLE(outer) output.shape=(378,), output2.shape=(379,)
2022-03-16 16:16:30 preprocessors.py[line:509] INFO RLE(outer) output.shape=(379,), output2.shape=(380,)
2022-03-16 16:16:30 preprocessors.py[line:509] INFO RLE(outer) output.shape=(380,), output2.shape=(381,)
2022-03-16 16:16:30 preprocessors.py[line:509] INFO RLE(outer) output.shape=(381,), output2.shape=(382,)
2022-03-16 16:16:30 preprocessors.py[line:509] INFO RLE(outer) output.shape=(382,), output2.shape=(383,)
2022-03-16 16:16:30 preprocessors.py[line:509] INFO RLE(outer) output.shape=(383,), output2.shape=(384,)
2022-03-16 16:16:30 preprocessors.py[line:509] INFO RLE(outer) output.shape=(384,), output2.shape=(385,)
2022-03-16 16:16:30 preprocessors.py[line:509] INFO RLE(outer) output.shape=(385,), output2.shape=(386,)
2022-03-16 16:16:30 preprocessors.py[line:509] INFO RLE(outer) output.shape=(386,), output2.shape=(387,)
2022-03-16 16:16:30 preprocessors.py[line:509] INFO RLE(outer) output.shape=(387,), output2.shape=(388,)
2022-03-16 16:16:30 preprocessors.py[line:509] INFO RLE(outer) output.shape=(388,), output2.shape=(389,)
2022-03-16 16:16:30 preprocessors.py[line:509] INFO RLE(outer) output.shape=(389,), output2.shape=(390,)
2022-03-16 16:16:30 preprocessors.py[line:509] INFO RLE(outer) output.shape=(390,), output2.shape=(391,)
2022-03-16 16:16:30 preprocessors.py[line:509] INFO RLE(outer) output.shape=(391,), output2.shape=(392,)
2022-03-16 16:16:30 preprocessors.py[line:509] INFO RLE(outer) output.shape=(392,), output2.shape=(393,)
2022-03-16 16:16:30 preprocessors.py[line:509] INFO RLE(outer) output.shape=(393,), output2.shape=(394,)
2022-03-16 16:16:30 preprocessors.py[line:509] INFO RLE(outer) output.shape=(394,), output2.shape=(395,)
2022-03-16 16:16:30 preprocessors.py[line:505] INFO RLE(inner) output.shape=(395,), output2.shape=(396,)
2022-03-16 16:16:30 preprocessors.py[line:509] INFO RLE(outer) output.shape=(396,), output2.shape=(397,)
2022-03-16 16:16:30 preprocessors.py[line:505] INFO RLE(inner) output.shape=(397,), output2.shape=(398,)
2022-03-16 16:16:30 preprocessors.py[line:509] INFO RLE(outer) output.shape=(398,), output2.shape=(399,)
2022-03-16 16:16:30 preprocessors.py[line:509] INFO RLE(outer) output.shape=(399,), output2.shape=(400,)
2022-03-16 16:16:30 preprocessors.py[line:505] INFO RLE(inner) output.shape=(400,), output2.shape=(401,)
2022-03-16 16:16:30 preprocessors.py[line:509] INFO RLE(outer) output.shape=(401,), output2.shape=(402,)
2022-03-16 16:16:30 preprocessors.py[line:509] INFO RLE(outer) output.shape=(402,), output2.shape=(403,)
2022-03-16 16:16:30 preprocessors.py[line:509] INFO RLE(outer) output.shape=(403,), output2.shape=(404,)
2022-03-16 16:16:30 preprocessors.py[line:509] INFO RLE(outer) output.shape=(404,), output2.shape=(405,)
2022-03-16 16:16:30 preprocessors.py[line:505] INFO RLE(inner) output.shape=(405,), output2.shape=(406,)
2022-03-16 16:16:30 preprocessors.py[line:509] INFO RLE(outer) output.shape=(406,), output2.shape=(407,)
2022-03-16 16:16:30 preprocessors.py[line:509] INFO RLE(outer) output.shape=(407,), output2.shape=(408,)
2022-03-16 16:16:30 preprocessors.py[line:505] INFO RLE(inner) output.shape=(408,), output2.shape=(409,)
2022-03-16 16:16:30 preprocessors.py[line:509] INFO RLE(outer) output.shape=(409,), output2.shape=(410,)
2022-03-16 16:16:30 preprocessors.py[line:509] INFO RLE(outer) output.shape=(410,), output2.shape=(411,)
2022-03-16 16:16:30 preprocessors.py[line:509] INFO RLE(outer) output.shape=(411,), output2.shape=(412,)
2022-03-16 16:16:30 preprocessors.py[line:509] INFO RLE(outer) output.shape=(412,), output2.shape=(413,)
2022-03-16 16:16:30 preprocessors.py[line:509] INFO RLE(outer) output.shape=(413,), output2.shape=(414,)
2022-03-16 16:16:30 preprocessors.py[line:509] INFO RLE(outer) output.shape=(414,), output2.shape=(415,)
2022-03-16 16:16:30 preprocessors.py[line:505] INFO RLE(inner) output.shape=(415,), output2.shape=(416,)
2022-03-16 16:16:30 preprocessors.py[line:509] INFO RLE(outer) output.shape=(416,), output2.shape=(417,)
2022-03-16 16:16:30 preprocessors.py[line:505] INFO RLE(inner) output.shape=(417,), output2.shape=(418,)
2022-03-16 16:16:30 preprocessors.py[line:509] INFO RLE(outer) output.shape=(418,), output2.shape=(419,)
2022-03-16 16:16:30 preprocessors.py[line:509] INFO RLE(outer) output.shape=(419,), output2.shape=(420,)
2022-03-16 16:16:30 preprocessors.py[line:505] INFO RLE(inner) output.shape=(420,), output2.shape=(421,)
2022-03-16 16:16:30 preprocessors.py[line:509] INFO RLE(outer) output.shape=(421,), output2.shape=(422,)
2022-03-16 16:16:30 preprocessors.py[line:509] INFO RLE(outer) output.shape=(422,), output2.shape=(423,)
2022-03-16 16:16:30 preprocessors.py[line:509] INFO RLE(outer) output.shape=(423,), output2.shape=(424,)
2022-03-16 16:16:30 preprocessors.py[line:505] INFO RLE(inner) output.shape=(424,), output2.shape=(425,)
2022-03-16 16:16:30 preprocessors.py[line:509] INFO RLE(outer) output.shape=(425,), output2.shape=(426,)
2022-03-16 16:16:30 preprocessors.py[line:505] INFO RLE(inner) output.shape=(426,), output2.shape=(427,)
2022-03-16 16:16:30 preprocessors.py[line:509] INFO RLE(outer) output.shape=(427,), output2.shape=(428,)
2022-03-16 16:16:30 preprocessors.py[line:509] INFO RLE(outer) output.shape=(428,), output2.shape=(429,)
2022-03-16 16:16:30 preprocessors.py[line:505] INFO RLE(inner) output.shape=(429,), output2.shape=(430,)
2022-03-16 16:16:30 preprocessors.py[line:509] INFO RLE(outer) output.shape=(430,), output2.shape=(431,)
2022-03-16 16:16:30 preprocessors.py[line:509] INFO RLE(outer) output.shape=(431,), output2.shape=(432,)
2022-03-16 16:16:30 preprocessors.py[line:505] INFO RLE(inner) output.shape=(432,), output2.shape=(433,)
2022-03-16 16:16:30 preprocessors.py[line:509] INFO RLE(outer) output.shape=(433,), output2.shape=(434,)
2022-03-16 16:16:30 preprocessors.py[line:509] INFO RLE(outer) output.shape=(434,), output2.shape=(435,)
2022-03-16 16:16:30 preprocessors.py[line:505] INFO RLE(inner) output.shape=(435,), output2.shape=(436,)
2022-03-16 16:16:30 preprocessors.py[line:509] INFO RLE(outer) output.shape=(436,), output2.shape=(437,)
2022-03-16 16:16:30 preprocessors.py[line:505] INFO RLE(inner) output.shape=(437,), output2.shape=(438,)
2022-03-16 16:16:30 preprocessors.py[line:509] INFO RLE(outer) output.shape=(438,), output2.shape=(439,)
2022-03-16 16:16:30 preprocessors.py[line:509] INFO RLE(outer) output.shape=(439,), output2.shape=(440,)
2022-03-16 16:16:30 preprocessors.py[line:505] INFO RLE(inner) output.shape=(440,), output2.shape=(441,)
2022-03-16 16:16:30 preprocessors.py[line:509] INFO RLE(outer) output.shape=(441,), output2.shape=(442,)
2022-03-16 16:16:30 preprocessors.py[line:509] INFO RLE(outer) output.shape=(442,), output2.shape=(443,)
2022-03-16 16:16:30 preprocessors.py[line:505] INFO RLE(inner) output.shape=(443,), output2.shape=(444,)
2022-03-16 16:16:30 preprocessors.py[line:509] INFO RLE(outer) output.shape=(444,), output2.shape=(445,)
2022-03-16 16:16:30 preprocessors.py[line:509] INFO RLE(outer) output.shape=(445,), output2.shape=(446,)
2022-03-16 16:16:30 preprocessors.py[line:505] INFO RLE(inner) output.shape=(446,), output2.shape=(447,)
2022-03-16 16:16:30 preprocessors.py[line:509] INFO RLE(outer) output.shape=(447,), output2.shape=(448,)
2022-03-16 16:16:30 preprocessors.py[line:509] INFO RLE(outer) output.shape=(448,), output2.shape=(449,)
2022-03-16 16:16:30 preprocessors.py[line:509] INFO RLE(outer) output.shape=(449,), output2.shape=(450,)
2022-03-16 16:16:30 preprocessors.py[line:509] INFO RLE(outer) output.shape=(450,), output2.shape=(451,)
2022-03-16 16:16:30 preprocessors.py[line:505] INFO RLE(inner) output.shape=(451,), output2.shape=(452,)
2022-03-16 16:16:30 preprocessors.py[line:509] INFO RLE(outer) output.shape=(452,), output2.shape=(453,)
2022-03-16 16:16:30 preprocessors.py[line:509] INFO RLE(outer) output.shape=(453,), output2.shape=(454,)
2022-03-16 16:16:30 preprocessors.py[line:509] INFO RLE(outer) output.shape=(454,), output2.shape=(455,)
2022-03-16 16:16:30 preprocessors.py[line:509] INFO RLE(outer) output.shape=(455,), output2.shape=(456,)
2022-03-16 16:16:30 preprocessors.py[line:505] INFO RLE(inner) output.shape=(456,), output2.shape=(457,)
2022-03-16 16:16:30 preprocessors.py[line:509] INFO RLE(outer) output.shape=(457,), output2.shape=(458,)
2022-03-16 16:16:30 preprocessors.py[line:509] INFO RLE(outer) output.shape=(458,), output2.shape=(459,)
2022-03-16 16:16:30 preprocessors.py[line:505] INFO RLE(inner) output.shape=(459,), output2.shape=(460,)
2022-03-16 16:16:30 preprocessors.py[line:509] INFO RLE(outer) output.shape=(460,), output2.shape=(461,)
2022-03-16 16:16:30 preprocessors.py[line:505] INFO RLE(inner) output.shape=(461,), output2.shape=(462,)
2022-03-16 16:16:30 preprocessors.py[line:509] INFO RLE(outer) output.shape=(462,), output2.shape=(463,)
2022-03-16 16:16:30 preprocessors.py[line:505] INFO RLE(inner) output.shape=(463,), output2.shape=(464,)
2022-03-16 16:16:30 preprocessors.py[line:509] INFO RLE(outer) output.shape=(464,), output2.shape=(465,)
2022-03-16 16:16:30 preprocessors.py[line:509] INFO RLE(outer) output.shape=(465,), output2.shape=(466,)
2022-03-16 16:16:30 preprocessors.py[line:505] INFO RLE(inner) output.shape=(466,), output2.shape=(467,)
2022-03-16 16:16:30 preprocessors.py[line:509] INFO RLE(outer) output.shape=(467,), output2.shape=(468,)
2022-03-16 16:16:30 preprocessors.py[line:509] INFO RLE(outer) output.shape=(468,), output2.shape=(469,)
2022-03-16 16:16:30 preprocessors.py[line:505] INFO RLE(inner) output.shape=(469,), output2.shape=(470,)
2022-03-16 16:16:30 preprocessors.py[line:509] INFO RLE(outer) output.shape=(470,), output2.shape=(471,)
2022-03-16 16:16:30 preprocessors.py[line:509] INFO RLE(outer) output.shape=(471,), output2.shape=(472,)
2022-03-16 16:16:30 preprocessors.py[line:505] INFO RLE(inner) output.shape=(472,), output2.shape=(473,)
2022-03-16 16:16:30 preprocessors.py[line:509] INFO RLE(outer) output.shape=(473,), output2.shape=(474,)
2022-03-16 16:16:30 preprocessors.py[line:505] INFO RLE(inner) output.shape=(474,), output2.shape=(475,)
2022-03-16 16:16:30 preprocessors.py[line:509] INFO RLE(outer) output.shape=(475,), output2.shape=(476,)
2022-03-16 16:16:30 preprocessors.py[line:509] INFO RLE(outer) output.shape=(476,), output2.shape=(477,)
2022-03-16 16:16:30 preprocessors.py[line:505] INFO RLE(inner) output.shape=(477,), output2.shape=(478,)
2022-03-16 16:16:30 preprocessors.py[line:509] INFO RLE(outer) output.shape=(478,), output2.shape=(479,)
2022-03-16 16:16:30 preprocessors.py[line:509] INFO RLE(outer) output.shape=(479,), output2.shape=(480,)
2022-03-16 16:16:30 preprocessors.py[line:509] INFO RLE(outer) output.shape=(480,), output2.shape=(481,)
2022-03-16 16:16:30 preprocessors.py[line:509] INFO RLE(outer) output.shape=(481,), output2.shape=(482,)
2022-03-16 16:16:30 preprocessors.py[line:505] INFO RLE(inner) output.shape=(482,), output2.shape=(483,)
2022-03-16 16:16:30 preprocessors.py[line:509] INFO RLE(outer) output.shape=(483,), output2.shape=(484,)
2022-03-16 16:16:30 preprocessors.py[line:509] INFO RLE(outer) output.shape=(484,), output2.shape=(485,)
2022-03-16 16:16:30 preprocessors.py[line:505] INFO RLE(inner) output.shape=(485,), output2.shape=(486,)
2022-03-16 16:16:30 preprocessors.py[line:509] INFO RLE(outer) output.shape=(486,), output2.shape=(487,)
2022-03-16 16:16:30 preprocessors.py[line:505] INFO RLE(inner) output.shape=(487,), output2.shape=(488,)
2022-03-16 16:16:30 preprocessors.py[line:509] INFO RLE(outer) output.shape=(488,), output2.shape=(489,)
2022-03-16 16:16:30 preprocessors.py[line:509] INFO RLE(outer) output.shape=(489,), output2.shape=(490,)
2022-03-16 16:16:30 preprocessors.py[line:505] INFO RLE(inner) output.shape=(490,), output2.shape=(491,)
2022-03-16 16:16:30 preprocessors.py[line:509] INFO RLE(outer) output.shape=(491,), output2.shape=(492,)
2022-03-16 16:16:30 preprocessors.py[line:509] INFO RLE(outer) output.shape=(492,), output2.shape=(493,)
2022-03-16 16:16:30 preprocessors.py[line:505] INFO RLE(inner) output.shape=(493,), output2.shape=(494,)
2022-03-16 16:16:30 preprocessors.py[line:509] INFO RLE(outer) output.shape=(494,), output2.shape=(495,)
2022-03-16 16:16:30 preprocessors.py[line:505] INFO RLE(inner) output.shape=(495,), output2.shape=(496,)
2022-03-16 16:16:30 preprocessors.py[line:509] INFO RLE(outer) output.shape=(496,), output2.shape=(497,)
2022-03-16 16:16:30 preprocessors.py[line:509] INFO RLE(outer) output.shape=(497,), output2.shape=(498,)
2022-03-16 16:16:30 preprocessors.py[line:505] INFO RLE(inner) output.shape=(498,), output2.shape=(499,)
2022-03-16 16:16:30 preprocessors.py[line:509] INFO RLE(outer) output.shape=(499,), output2.shape=(500,)
2022-03-16 16:16:30 preprocessors.py[line:509] INFO RLE(outer) output.shape=(500,), output2.shape=(501,)
2022-03-16 16:16:30 preprocessors.py[line:505] INFO RLE(inner) output.shape=(501,), output2.shape=(502,)
2022-03-16 16:16:30 preprocessors.py[line:509] INFO RLE(outer) output.shape=(502,), output2.shape=(503,)
2022-03-16 16:16:30 preprocessors.py[line:509] INFO RLE(outer) output.shape=(503,), output2.shape=(504,)
2022-03-16 16:16:30 preprocessors.py[line:505] INFO RLE(inner) output.shape=(504,), output2.shape=(505,)
2022-03-16 16:16:30 preprocessors.py[line:509] INFO RLE(outer) output.shape=(505,), output2.shape=(506,)
2022-03-16 16:16:30 preprocessors.py[line:509] INFO RLE(outer) output.shape=(506,), output2.shape=(507,)
2022-03-16 16:16:30 preprocessors.py[line:505] INFO RLE(inner) output.shape=(507,), output2.shape=(508,)
2022-03-16 16:16:30 preprocessors.py[line:509] INFO RLE(outer) output.shape=(508,), output2.shape=(509,)
2022-03-16 16:16:30 preprocessors.py[line:509] INFO RLE(outer) output.shape=(509,), output2.shape=(510,)
2022-03-16 16:16:30 preprocessors.py[line:505] INFO RLE(inner) output.shape=(510,), output2.shape=(511,)
2022-03-16 16:16:30 preprocessors.py[line:509] INFO RLE(outer) output.shape=(511,), output2.shape=(512,)
2022-03-16 16:16:30 preprocessors.py[line:509] INFO RLE(outer) output.shape=(512,), output2.shape=(513,)
2022-03-16 16:16:30 preprocessors.py[line:505] INFO RLE(inner) output.shape=(513,), output2.shape=(514,)
2022-03-16 16:16:30 preprocessors.py[line:509] INFO RLE(outer) output.shape=(514,), output2.shape=(515,)
2022-03-16 16:16:30 preprocessors.py[line:509] INFO RLE(outer) output.shape=(515,), output2.shape=(516,)
2022-03-16 16:16:30 preprocessors.py[line:505] INFO RLE(inner) output.shape=(516,), output2.shape=(517,)
2022-03-16 16:16:30 preprocessors.py[line:509] INFO RLE(outer) output.shape=(517,), output2.shape=(518,)
2022-03-16 16:16:30 preprocessors.py[line:509] INFO RLE(outer) output.shape=(518,), output2.shape=(519,)
2022-03-16 16:16:30 preprocessors.py[line:505] INFO RLE(inner) output.shape=(519,), output2.shape=(520,)
2022-03-16 16:16:30 preprocessors.py[line:509] INFO RLE(outer) output.shape=(520,), output2.shape=(521,)
2022-03-16 16:16:30 preprocessors.py[line:509] INFO RLE(outer) output.shape=(521,), output2.shape=(522,)
2022-03-16 16:16:30 preprocessors.py[line:505] INFO RLE(inner) output.shape=(522,), output2.shape=(523,)
2022-03-16 16:16:30 preprocessors.py[line:509] INFO RLE(outer) output.shape=(523,), output2.shape=(524,)
2022-03-16 16:16:30 preprocessors.py[line:509] INFO RLE(outer) output.shape=(524,), output2.shape=(525,)
2022-03-16 16:16:30 preprocessors.py[line:509] INFO RLE(outer) output.shape=(525,), output2.shape=(526,)
2022-03-16 16:16:30 preprocessors.py[line:505] INFO RLE(inner) output.shape=(526,), output2.shape=(527,)
2022-03-16 16:16:30 preprocessors.py[line:509] INFO RLE(outer) output.shape=(527,), output2.shape=(528,)
2022-03-16 16:16:30 preprocessors.py[line:509] INFO RLE(outer) output.shape=(528,), output2.shape=(529,)
2022-03-16 16:16:30 preprocessors.py[line:509] INFO RLE(outer) output.shape=(529,), output2.shape=(530,)
2022-03-16 16:16:30 preprocessors.py[line:505] INFO RLE(inner) output.shape=(530,), output2.shape=(531,)
2022-03-16 16:16:30 preprocessors.py[line:509] INFO RLE(outer) output.shape=(531,), output2.shape=(532,)
2022-03-16 16:16:30 preprocessors.py[line:509] INFO RLE(outer) output.shape=(532,), output2.shape=(533,)
2022-03-16 16:16:30 preprocessors.py[line:505] INFO RLE(inner) output.shape=(533,), output2.shape=(534,)
2022-03-16 16:16:30 preprocessors.py[line:509] INFO RLE(outer) output.shape=(534,), output2.shape=(535,)
2022-03-16 16:16:30 preprocessors.py[line:509] INFO RLE(outer) output.shape=(535,), output2.shape=(536,)
2022-03-16 16:16:30 preprocessors.py[line:505] INFO RLE(inner) output.shape=(536,), output2.shape=(537,)
2022-03-16 16:16:30 preprocessors.py[line:509] INFO RLE(outer) output.shape=(537,), output2.shape=(538,)
2022-03-16 16:16:30 preprocessors.py[line:505] INFO RLE(inner) output.shape=(538,), output2.shape=(539,)
2022-03-16 16:16:30 preprocessors.py[line:509] INFO RLE(outer) output.shape=(539,), output2.shape=(540,)
2022-03-16 16:16:30 preprocessors.py[line:509] INFO RLE(outer) output.shape=(540,), output2.shape=(541,)
2022-03-16 16:16:30 preprocessors.py[line:505] INFO RLE(inner) output.shape=(541,), output2.shape=(542,)
2022-03-16 16:16:30 preprocessors.py[line:509] INFO RLE(outer) output.shape=(542,), output2.shape=(543,)
2022-03-16 16:16:30 preprocessors.py[line:509] INFO RLE(outer) output.shape=(543,), output2.shape=(544,)
2022-03-16 16:16:30 preprocessors.py[line:505] INFO RLE(inner) output.shape=(544,), output2.shape=(545,)
2022-03-16 16:16:30 preprocessors.py[line:509] INFO RLE(outer) output.shape=(545,), output2.shape=(546,)
2022-03-16 16:16:30 preprocessors.py[line:509] INFO RLE(outer) output.shape=(546,), output2.shape=(547,)
2022-03-16 16:16:30 preprocessors.py[line:505] INFO RLE(inner) output.shape=(547,), output2.shape=(548,)
2022-03-16 16:16:30 preprocessors.py[line:509] INFO RLE(outer) output.shape=(548,), output2.shape=(549,)
2022-03-16 16:16:30 preprocessors.py[line:509] INFO RLE(outer) output.shape=(549,), output2.shape=(550,)
2022-03-16 16:16:30 preprocessors.py[line:505] INFO RLE(inner) output.shape=(550,), output2.shape=(551,)
2022-03-16 16:16:30 preprocessors.py[line:509] INFO RLE(outer) output.shape=(551,), output2.shape=(552,)
2022-03-16 16:16:30 preprocessors.py[line:509] INFO RLE(outer) output.shape=(552,), output2.shape=(553,)
2022-03-16 16:16:30 preprocessors.py[line:505] INFO RLE(inner) output.shape=(553,), output2.shape=(554,)
2022-03-16 16:16:30 preprocessors.py[line:509] INFO RLE(outer) output.shape=(554,), output2.shape=(555,)
2022-03-16 16:16:30 preprocessors.py[line:509] INFO RLE(outer) output.shape=(555,), output2.shape=(556,)
2022-03-16 16:16:30 preprocessors.py[line:505] INFO RLE(inner) output.shape=(556,), output2.shape=(557,)
2022-03-16 16:16:30 preprocessors.py[line:509] INFO RLE(outer) output.shape=(557,), output2.shape=(558,)
2022-03-16 16:16:30 preprocessors.py[line:509] INFO RLE(outer) output.shape=(558,), output2.shape=(559,)
2022-03-16 16:16:30 preprocessors.py[line:505] INFO RLE(inner) output.shape=(559,), output2.shape=(560,)
2022-03-16 16:16:30 preprocessors.py[line:509] INFO RLE(outer) output.shape=(560,), output2.shape=(561,)
2022-03-16 16:16:30 preprocessors.py[line:509] INFO RLE(outer) output.shape=(561,), output2.shape=(562,)
2022-03-16 16:16:30 preprocessors.py[line:505] INFO RLE(inner) output.shape=(562,), output2.shape=(563,)
2022-03-16 16:16:30 preprocessors.py[line:509] INFO RLE(outer) output.shape=(563,), output2.shape=(564,)
2022-03-16 16:16:30 preprocessors.py[line:505] INFO RLE(inner) output.shape=(564,), output2.shape=(565,)
2022-03-16 16:16:30 preprocessors.py[line:509] INFO RLE(outer) output.shape=(565,), output2.shape=(566,)
2022-03-16 16:16:30 preprocessors.py[line:505] INFO RLE(inner) output.shape=(566,), output2.shape=(567,)
2022-03-16 16:16:30 preprocessors.py[line:509] INFO RLE(outer) output.shape=(567,), output2.shape=(568,)
2022-03-16 16:16:30 preprocessors.py[line:509] INFO RLE(outer) output.shape=(568,), output2.shape=(569,)
2022-03-16 16:16:30 preprocessors.py[line:509] INFO RLE(outer) output.shape=(569,), output2.shape=(570,)
2022-03-16 16:16:30 preprocessors.py[line:509] INFO RLE(outer) output.shape=(570,), output2.shape=(571,)
2022-03-16 16:16:30 preprocessors.py[line:505] INFO RLE(inner) output.shape=(571,), output2.shape=(572,)
2022-03-16 16:16:30 preprocessors.py[line:509] INFO RLE(outer) output.shape=(572,), output2.shape=(573,)
2022-03-16 16:16:30 preprocessors.py[line:509] INFO RLE(outer) output.shape=(573,), output2.shape=(574,)
2022-03-16 16:16:30 preprocessors.py[line:505] INFO RLE(inner) output.shape=(574,), output2.shape=(575,)
2022-03-16 16:16:30 preprocessors.py[line:509] INFO RLE(outer) output.shape=(575,), output2.shape=(576,)
2022-03-16 16:16:30 preprocessors.py[line:509] INFO RLE(outer) output.shape=(576,), output2.shape=(577,)
2022-03-16 16:16:30 preprocessors.py[line:505] INFO RLE(inner) output.shape=(577,), output2.shape=(578,)
2022-03-16 16:16:30 preprocessors.py[line:509] INFO RLE(outer) output.shape=(578,), output2.shape=(579,)
2022-03-16 16:16:30 preprocessors.py[line:509] INFO RLE(outer) output.shape=(579,), output2.shape=(580,)
2022-03-16 16:16:30 preprocessors.py[line:505] INFO RLE(inner) output.shape=(580,), output2.shape=(581,)
2022-03-16 16:16:30 preprocessors.py[line:509] INFO RLE(outer) output.shape=(581,), output2.shape=(582,)
2022-03-16 16:16:30 preprocessors.py[line:509] INFO RLE(outer) output.shape=(582,), output2.shape=(583,)
2022-03-16 16:16:30 preprocessors.py[line:505] INFO RLE(inner) output.shape=(583,), output2.shape=(584,)
2022-03-16 16:16:30 preprocessors.py[line:509] INFO RLE(outer) output.shape=(584,), output2.shape=(585,)
2022-03-16 16:16:30 preprocessors.py[line:509] INFO RLE(outer) output.shape=(585,), output2.shape=(586,)
2022-03-16 16:16:30 preprocessors.py[line:505] INFO RLE(inner) output.shape=(586,), output2.shape=(587,)
2022-03-16 16:16:30 preprocessors.py[line:509] INFO RLE(outer) output.shape=(587,), output2.shape=(588,)
2022-03-16 16:16:30 preprocessors.py[line:509] INFO RLE(outer) output.shape=(588,), output2.shape=(589,)
2022-03-16 16:16:30 preprocessors.py[line:505] INFO RLE(inner) output.shape=(589,), output2.shape=(590,)
2022-03-16 16:16:30 preprocessors.py[line:509] INFO RLE(outer) output.shape=(590,), output2.shape=(591,)
2022-03-16 16:16:30 preprocessors.py[line:509] INFO RLE(outer) output.shape=(591,), output2.shape=(592,)
2022-03-16 16:16:30 preprocessors.py[line:505] INFO RLE(inner) output.shape=(592,), output2.shape=(593,)
2022-03-16 16:16:30 preprocessors.py[line:509] INFO RLE(outer) output.shape=(593,), output2.shape=(594,)
2022-03-16 16:16:30 preprocessors.py[line:509] INFO RLE(outer) output.shape=(594,), output2.shape=(595,)
2022-03-16 16:16:30 preprocessors.py[line:505] INFO RLE(inner) output.shape=(595,), output2.shape=(596,)
2022-03-16 16:16:30 preprocessors.py[line:509] INFO RLE(outer) output.shape=(596,), output2.shape=(597,)
2022-03-16 16:16:30 preprocessors.py[line:509] INFO RLE(outer) output.shape=(597,), output2.shape=(598,)
2022-03-16 16:16:30 preprocessors.py[line:505] INFO RLE(inner) output.shape=(598,), output2.shape=(599,)
2022-03-16 16:16:30 preprocessors.py[line:509] INFO RLE(outer) output.shape=(599,), output2.shape=(600,)
2022-03-16 16:16:30 preprocessors.py[line:505] INFO RLE(inner) output.shape=(600,), output2.shape=(601,)
2022-03-16 16:16:30 preprocessors.py[line:509] INFO RLE(outer) output.shape=(601,), output2.shape=(602,)
2022-03-16 16:16:30 preprocessors.py[line:509] INFO RLE(outer) output.shape=(602,), output2.shape=(603,)
2022-03-16 16:16:30 preprocessors.py[line:505] INFO RLE(inner) output.shape=(603,), output2.shape=(604,)
2022-03-16 16:16:30 preprocessors.py[line:509] INFO RLE(outer) output.shape=(604,), output2.shape=(605,)
2022-03-16 16:16:30 preprocessors.py[line:505] INFO RLE(inner) output.shape=(605,), output2.shape=(606,)
2022-03-16 16:16:30 preprocessors.py[line:509] INFO RLE(outer) output.shape=(606,), output2.shape=(607,)
2022-03-16 16:16:30 preprocessors.py[line:509] INFO RLE(outer) output.shape=(607,), output2.shape=(608,)
2022-03-16 16:16:30 preprocessors.py[line:505] INFO RLE(inner) output.shape=(608,), output2.shape=(609,)
2022-03-16 16:16:30 preprocessors.py[line:509] INFO RLE(outer) output.shape=(609,), output2.shape=(610,)
2022-03-16 16:16:30 preprocessors.py[line:505] INFO RLE(inner) output.shape=(610,), output2.shape=(611,)
2022-03-16 16:16:30 preprocessors.py[line:509] INFO RLE(outer) output.shape=(611,), output2.shape=(612,)
2022-03-16 16:16:30 preprocessors.py[line:509] INFO RLE(outer) output.shape=(612,), output2.shape=(613,)
2022-03-16 16:16:30 preprocessors.py[line:505] INFO RLE(inner) output.shape=(613,), output2.shape=(614,)
2022-03-16 16:16:30 preprocessors.py[line:509] INFO RLE(outer) output.shape=(614,), output2.shape=(615,)
2022-03-16 16:16:30 preprocessors.py[line:509] INFO RLE(outer) output.shape=(615,), output2.shape=(616,)
2022-03-16 16:16:30 preprocessors.py[line:505] INFO RLE(inner) output.shape=(616,), output2.shape=(617,)
2022-03-16 16:16:30 preprocessors.py[line:509] INFO RLE(outer) output.shape=(617,), output2.shape=(618,)
2022-03-16 16:16:30 preprocessors.py[line:509] INFO RLE(outer) output.shape=(618,), output2.shape=(619,)
2022-03-16 16:16:30 preprocessors.py[line:509] INFO RLE(outer) output.shape=(619,), output2.shape=(620,)
2022-03-16 16:16:30 preprocessors.py[line:509] INFO RLE(outer) output.shape=(620,), output2.shape=(621,)
2022-03-16 16:16:30 preprocessors.py[line:505] INFO RLE(inner) output.shape=(621,), output2.shape=(622,)
2022-03-16 16:16:30 preprocessors.py[line:509] INFO RLE(outer) output.shape=(622,), output2.shape=(623,)
2022-03-16 16:16:30 preprocessors.py[line:509] INFO RLE(outer) output.shape=(623,), output2.shape=(624,)
2022-03-16 16:16:30 preprocessors.py[line:505] INFO RLE(inner) output.shape=(624,), output2.shape=(625,)
2022-03-16 16:16:30 preprocessors.py[line:509] INFO RLE(outer) output.shape=(625,), output2.shape=(626,)
2022-03-16 16:16:30 preprocessors.py[line:505] INFO RLE(inner) output.shape=(626,), output2.shape=(627,)
2022-03-16 16:16:30 preprocessors.py[line:509] INFO RLE(outer) output.shape=(627,), output2.shape=(628,)
2022-03-16 16:16:30 preprocessors.py[line:509] INFO RLE(outer) output.shape=(628,), output2.shape=(629,)
2022-03-16 16:16:30 preprocessors.py[line:509] INFO RLE(outer) output.shape=(629,), output2.shape=(630,)
2022-03-16 16:16:30 preprocessors.py[line:505] INFO RLE(inner) output.shape=(630,), output2.shape=(631,)
2022-03-16 16:16:30 preprocessors.py[line:509] INFO RLE(outer) output.shape=(631,), output2.shape=(632,)
2022-03-16 16:16:30 preprocessors.py[line:509] INFO RLE(outer) output.shape=(632,), output2.shape=(633,)
2022-03-16 16:16:30 preprocessors.py[line:505] INFO RLE(inner) output.shape=(633,), output2.shape=(634,)
2022-03-16 16:16:30 preprocessors.py[line:509] INFO RLE(outer) output.shape=(634,), output2.shape=(635,)
2022-03-16 16:16:30 preprocessors.py[line:509] INFO RLE(outer) output.shape=(635,), output2.shape=(636,)
2022-03-16 16:16:30 preprocessors.py[line:505] INFO RLE(inner) output.shape=(636,), output2.shape=(637,)
2022-03-16 16:16:30 preprocessors.py[line:509] INFO RLE(outer) output.shape=(637,), output2.shape=(638,)
2022-03-16 16:16:30 preprocessors.py[line:509] INFO RLE(outer) output.shape=(638,), output2.shape=(639,)
2022-03-16 16:16:30 preprocessors.py[line:505] INFO RLE(inner) output.shape=(639,), output2.shape=(640,)
2022-03-16 16:16:30 preprocessors.py[line:509] INFO RLE(outer) output.shape=(640,), output2.shape=(641,)
2022-03-16 16:16:30 preprocessors.py[line:509] INFO RLE(outer) output.shape=(641,), output2.shape=(642,)
2022-03-16 16:16:30 preprocessors.py[line:512] INFO features[key].shape=(641,)
2022-03-16 16:16:30 datasets.py[line:154] INFO inputs.shape=(1024, 128), targets.shape=(641,), input_event_start_indices.shape=(1024,), input_event_end_indices.shape=(1024,), input_state_event_indices.shape=(1024,), 
2022-03-16 16:16:30 datasets.py[line:156] INFO {'inputs': array([[-0.05773568, -0.09840763, -0.10040253, ...,  0.02933797,
         0.04399889,  0.04689974],
       [ 0.04758182,  0.05576589,  0.07349108, ..., -0.01913706,
        -0.04245656, -0.05350081],
       [-0.04938882, -0.0410261 , -0.03929916, ...,  0.0449984 ,
         0.04283758,  0.0665563 ],
       ...,
       [-0.09009381, -0.07961213, -0.06657699, ..., -0.03178088,
        -0.03280938, -0.03044477],
       [-0.02745384, -0.02329498, -0.01579335, ...,  0.01142853,
         0.02921903,  0.04972014],
       [ 0.06643232,  0.07273928,  0.06822102, ..., -0.0260841 ,
        -0.0212673 , -0.01703604]], dtype=float32), 'targets': array([   2, 1209, 1091,   12, 1163, 1092,   13, 1129, 1089, 1207, 1089,
         15, 1188, 1090,   19, 1129, 1085, 1208, 1085,   29, 1214, 1083,
         35, 1210, 1081,   40, 1218, 1080,   43, 1220, 1076,   52, 1073,
         60, 1186, 1072,   61, 1215, 1070,   67, 1129, 1068, 1201, 1068,
         74, 1221, 1065,   81, 1129, 1061, 1213, 1061,   90, 1218, 1059,
         98, 1204, 1056,  104, 1217, 1053,  111, 1129, 1049, 1206, 1049,
        121, 1207, 1047,  129, 1129, 1025, 1037, 1047, 1049, 1053, 1056,
       1059, 1061, 1065, 1068, 1070, 1071, 1072, 1073, 1076, 1077, 1080,
       1081, 1083, 1085, 1089, 1090, 1091, 1092, 1095, 1097,  130, 1199,
       1044,  138, 1129, 1044, 1192, 1051,  142, 1190, 1049,  143, 1181,
       1041,  144, 1129, 1051, 1192, 1045,  147, 1129, 1041,  149, 1185,
       1047,  151, 1129, 1049,  153, 1045,  156, 1047,  158, 1192, 1046,
        160, 1187, 1042,  164, 1129, 1042,  166, 1046,  167, 1183, 1053,
        172, 1180, 1047,  173, 1184, 1051,  174, 1129, 1053,  175, 1198,
       1043,  179, 1189, 1049,  180, 1129, 1043, 1051,  182, 1047,  186,
       1049,  189, 1195, 1048,  191, 1201, 1044,  195, 1129, 1048,  196,
       1044, 1192, 1054,  203, 1194, 1053,  205, 1202, 1045,  206, 1129,
       1054,  210, 1190, 1051, 1129, 1045,  213, 1053,  220, 1051,  222,
       1207, 1046, 1199, 1049,  229, 1192, 1056,  230, 1129, 1049,  236,
       1195, 1050, 1197, 1054,  238, 1129, 1056,  240, 1046,  243, 1194,
       1053,  246, 1129, 1054, 1050,  253, 1212, 1047, 1211, 1051,  254,
       1129, 1053,  259, 1194, 1058,  260, 1129, 1047,  261, 1051,  267,
       1213, 1048,  268, 1203, 1056, 1206, 1052,  273, 1129, 1058,  274,
       1048,  275, 1204, 1054,  280, 1129, 1056, 1052,  286, 1223, 1049,
       1129, 1054, 1225, 1053,  293, 1129, 1049,  303, 1053,  330, 1229,
       1049, 1220, 1061,  338, 1229, 1037,  339, 1221, 1025,  392, 1129,
       1061, 1208, 1061,  400, 1068,  407, 1211, 1071,  421, 1235, 1077,
       1227, 1085,  440, 1228, 1097,  441, 1089,  455, 1219, 1095,  463,
       1211, 1092,  470, 1129, 1089, 1213, 1089,  478, 1129, 1085, 1208,
       1085,  487, 1215, 1083,  496, 1216, 1080,  502, 1129, 1077, 1217,
       1077,  510, 1219, 1073,  519, 1129, 1071, 1216, 1071,  526, 1129,
       1068, 1206, 1068,  534, 1218, 1065,  542, 1129, 1061, 1217, 1061,
        551, 1213, 1059,  558, 1214, 1056,  559, 1155, 1057,  565, 1215,
       1053,  572, 1129, 1049, 1208, 1049,  584, 1204, 1047,  589, 1129,
       1025, 1037, 1049, 1053, 1056, 1057, 1059, 1061, 1065, 1068, 1071,
       1073, 1077, 1080, 1083, 1085, 1089, 1092, 1095, 1097,  591, 1047,
        592, 1199, 1044,  600, 1129, 1044, 1192, 1051,  605, 1184, 1041,
        606, 1187, 1045, 1183, 1049, 1129, 1051,  610, 1041,  611, 1183,
       1047,  612, 1129, 1045, 1049,  618, 1047,  621, 1192, 1042,  622,
       1184, 1046,  626, 1129, 1042,  628, 1046,  631, 1177, 1053,  635,
       1129, 1053,  636, 1177, 1047,  637, 1192, 1043, 1172, 1051,  642,
       1129, 1043, 1186, 1049,  643, 1129, 1051,  648, 1047,  649, 1049,
        652, 1190, 1044,  653, 1188, 1048,  657, 1129, 1044,  658, 1048,
        659, 1188, 1054,  667, 1191, 1053, 1194, 1045,  668, 1129, 1054,
        672, 1045,  674, 1185, 1051,  675, 1129, 1053,  682, 1051,  684,
       1196, 1046,  686, 1191, 1049,  692, 1129, 1049,  694, 1184, 1056,
        700, 1129, 1056,  701, 1182, 1054,  702, 1179, 1050,  704, 1129,
       1046,  708, 1189, 1053,  709, 1129, 1050, 1054,  718, 1053, 1198,
       1047,  719, 1194, 1051,  723, 1129, 1047,  725, 1051,  727, 1194,
       1058,  732, 1199, 1048,  733, 1190, 1052,  734, 1129, 1058,  735,
       1178, 1056,  737, 1129, 1048,  739, 1190, 1054,  742, 1129, 1056,
        743, 1052,  746, 1054,  749, 1200, 1049, 1199, 1053,  753, 1129,
       1049,  757, 1197, 1059,  758, 1129, 1053,  764, 1198, 1050,  765,
       1129, 1059,  766, 1187, 1058,  769, 1129, 1050,  771, 1195, 1056,
        774, 1129, 1058,  778, 1056,  780, 1202, 1051,  781, 1054,  785,
       1129, 1051,  788, 1054,  789, 1198, 1061,  795, 1203, 1052,  796,
       1190, 1060, 1194, 1055,  798, 1129, 1061,  799, 1052,  802, 1055,
       1193, 1058,  807, 1129, 1060,  811, 1214, 1053,  812, 1129, 1058,
        813, 1204, 1056]), 'input_event_start_indices': array([ 268,  269,  270, ..., 1892, 1893, 1893]), 'input_event_end_indices': array([ 269,  270,  270, ..., 1893, 1893, 1894]), 'input_state_event_indices': array([0, 0, 0, ..., 0, 0, 0])}
2022-03-16 16:16:43 datasets.py[line:165] INFO <class 'dict'>
2022-03-16 16:16:43 datasets.py[line:167] INFO {'inputs': array([[[ 9.41373000e-04, -2.18674846e-04, -1.74211734e-03, ...,
          2.26207469e-02,  2.86467690e-02,  3.29887979e-02],
        [ 3.65730040e-02,  3.92140932e-02,  4.00047749e-02, ...,
         -7.25524053e-02, -7.05441460e-02, -6.52964264e-02],
        [-5.84352650e-02, -5.18499166e-02, -4.59775366e-02, ...,
          4.53544827e-03,  4.89879923e-04, -2.52224249e-03],
        ...,
        [ 1.18103690e-01,  7.38185197e-02,  2.83027422e-02, ...,
         -3.99151770e-03,  4.03524609e-03,  1.76887922e-02],
        [ 3.92279178e-02,  6.57335296e-02,  9.16928276e-02, ...,
          1.76598176e-01,  1.65271878e-01,  1.44232213e-01],
        [ 1.14225924e-01,  7.91615546e-02,  4.34102938e-02, ...,
         -7.49342889e-03,  1.39099518e-02,  4.67747636e-02]],

       [[-5.76045699e-02, -6.28891513e-02, -2.47266460e-02, ...,
          1.46411076e-01,  1.74135685e-01,  1.96748927e-01],
        [ 2.12164536e-01,  2.18840927e-01,  2.16931254e-01, ...,
         -1.64299607e-01, -1.47067785e-01, -1.20113924e-01],
        [-8.49484354e-02, -4.19840775e-02,  3.43363732e-03, ...,
          8.41737613e-02,  1.03174843e-01,  1.22665040e-01],
        ...,
        [-1.04545696e-04, -1.47579864e-04, -1.96475492e-04, ...,
          2.73732468e-04,  2.65735463e-04,  2.43278191e-04],
        [ 2.15132153e-04,  1.78748436e-04,  1.36923671e-04, ...,
         -3.23121843e-04, -2.84501322e-04, -2.45055184e-04],
        [-2.02128867e-04, -1.64691868e-04, -1.17233663e-04, ...,
         -2.23432799e-04, -2.43619099e-04, -2.73868267e-04]],

       [[-6.40529493e-07,  8.51579955e-07, -1.07714914e-06, ...,
          1.03270933e-01,  1.18775129e-01,  1.34574994e-01],
        [ 1.43419072e-01,  1.30626142e-01,  9.47771594e-02, ...,
          3.21485922e-02,  7.45979026e-02,  8.62498432e-02],
        [ 8.39097723e-02,  8.03555772e-02,  6.07375614e-02, ...,
         -2.20647752e-01, -1.95967048e-01, -1.74289137e-01],
        ...,
        [ 1.44364862e-02,  1.17381243e-02,  9.33010317e-03, ...,
          8.91355518e-03,  8.39573145e-03,  7.86428805e-03],
        [ 7.56143127e-03,  7.65478471e-03,  8.31371173e-03, ...,
         -2.23053880e-02, -2.22269632e-02, -2.21438799e-02],
        [-2.17962787e-02, -2.09549069e-02, -1.96627304e-02, ...,
         -8.74318555e-03, -7.03584077e-03, -5.53790666e-03]],

       [[-2.46380782e-03, -1.91319676e-03,  6.86212967e-04, ...,
          1.64137661e-01,  2.16381818e-01,  2.60184437e-01],
        [ 2.96628654e-01,  3.25714022e-01,  3.01319957e-01, ...,
         -4.43473935e-01, -3.73988450e-01, -2.47028306e-01],
        [-1.10147007e-01,  5.80115523e-03,  6.88345581e-02, ...,
          8.39572772e-03, -4.67205495e-02, -9.27680060e-02],
        ...,
        [-8.70812088e-02, -7.62989596e-02, -6.62388504e-02, ...,
         -8.77857953e-02, -8.61467570e-02, -8.12206343e-02],
        [-7.55606070e-02, -7.14997649e-02, -6.98635057e-02, ...,
         -4.88217250e-02, -3.20933908e-02, -1.86792817e-02],
        [-9.89621505e-03, -5.83129190e-03, -4.26241523e-03, ...,
         -4.27887291e-02, -3.96432914e-02, -3.69929150e-02]]],
      dtype=float32), 'targets': array([array([  25, 1191, 1064,   33, 1129, 1056,   36, 1187, 1063,   39, 1129,
              1064,  119, 1179, 1066,  132, 1129, 1063,  134, 1180, 1060,  142,
              1129, 1066,  220, 1069, 1187, 1069,  231, 1188, 1068,  239, 1129,
              1069,  317, 1187, 1066,  327, 1129, 1068,  330, 1194, 1075,  335,
              1129, 1066,  409, 1185, 1066,  423, 1191, 1064,  430, 1129, 1066,
               503, 1182, 1063,  520, 1129, 1064, 1188, 1064,  522, 1180, 1061,
               526, 1129, 1049, 1060, 1063,  599, 1195, 1080,  613, 1129, 1075,
              1205, 1075, 1198, 1066,  615, 1193, 1072,  616, 1129, 1080,  617,
              1064,  695, 1194, 1078,  707, 1191, 1068, 1209, 1076,  709, 1195,
              1073,  710, 1129, 1066, 1072, 1075, 1078,  790, 1188, 1059,  803,
              1187, 1058,  804, 1203, 1067,  807, 1129, 1059, 1061, 1068])     ,
       array([   2, 1191, 1064,    9, 1129, 1066,   82, 1182, 1063,   99, 1129,
              1064, 1188, 1064,  101, 1180, 1061,  105, 1129, 1049, 1060, 1063,
               178, 1195, 1080,  192, 1129, 1075, 1205, 1075, 1198, 1066,  194,
              1193, 1072,  195, 1129, 1080,  196, 1064,  274, 1194, 1078,  286,
              1191, 1068, 1209, 1076,  288, 1195, 1073,  289, 1129, 1066, 1072,
              1075, 1078,  369, 1188, 1059,  382, 1187, 1058,  383, 1203, 1067,
               386, 1129, 1059, 1061, 1068,  459, 1199, 1068,  460, 1184, 1061,
               474, 1197, 1070,  477, 1186, 1055,  480, 1129, 1067, 1068,  481,
              1061,  489, 1058,  503, 1073,  549, 1076, 1206, 1076,  561, 1186,
              1058, 1210, 1075,  569, 1129, 1076,  635, 1205, 1073,  648, 1214,
              1082,  650, 1129, 1073, 1075,  729, 1189, 1073,  740, 1173, 1063,
               741, 1187, 1071,  746, 1129, 1058, 1070, 1073])                 ,
       array([ 102, 1221, 1044,  200, 1203, 1068,  208, 1220, 1063,  212, 1129,
              1068,  294, 1210, 1066,  303, 1203, 1064,  305, 1129, 1063,  307,
              1066,  388, 1192, 1059,  398, 1195, 1058,  403, 1129, 1059,  481,
              1188, 1061,  493, 1186, 1055,  501, 1129, 1058, 1061,  568, 1064,
              1189, 1064,  575, 1198, 1063,  586, 1129, 1063, 1205, 1063,  591,
              1129, 1064,  670, 1199, 1061,  683, 1210, 1070,  687, 1129, 1061,
              1063,  760, 1183, 1061,  766, 1194, 1059,  780, 1129, 1059, 1193,
              1059,  781, 1129, 1061, 1070])                                   ,
       array([  40, 1185, 1058,   53, 1170, 1056,   54, 1129, 1059, 1172, 1059,
                61, 1129, 1044, 1055, 1058,  132, 1213, 1075,  143, 1180, 1061,
               145, 1215, 1070,  152, 1129, 1075,  160, 1059,  222, 1203, 1073,
               236, 1186, 1063,  237, 1212, 1071,  242, 1129, 1073,  244, 1061,
               251, 1070,  320, 1191, 1066,  333, 1190, 1065, 1129, 1066,  410,
              1185, 1068,  418, 1129, 1065,  425, 1177, 1062,  431, 1129, 1068,
               432, 1063,  499, 1071, 1194, 1071,  507, 1200, 1070,  514, 1129,
              1071, 1183, 1071,  520, 1129, 1070, 1206, 1070,  526, 1129, 1071,
               603, 1197, 1068,  618, 1209, 1077,  620, 1129, 1068, 1070,  692,
              1203, 1068,  702, 1202, 1067,  710, 1129, 1068, 1204, 1068,  712,
              1129, 1067, 1077,  718, 1197, 1067,  720, 1129, 1068,  793, 1184,
              1065,  808, 1173, 1051,  809, 1129, 1067, 1187, 1067,  810, 1129,
              1056, 1062, 1065,  811, 1174, 1063])                             ],
      dtype=object), 'input_event_start_indices': array([[3825, 3826, 3827, ..., 4783, 4784, 4785],
       [4297, 4298, 4299, ..., 5276, 5277, 5277],
       [   0,    0,    1, ...,  909,  910,  911],
       [ 912,  912,  913, ..., 1891, 1891, 1892]]), 'input_event_end_indices': array([[3826, 3827, 3828, ..., 4784, 4785, 4785],
       [4298, 4299, 4303, ..., 5277, 5277, 5278],
       [   0,    1,    2, ...,  910,  911,  912],
       [ 912,  913,  914, ..., 1891, 1892, 1893]]), 'input_state_event_indices': array([[0, 0, 0, ..., 0, 0, 0],
       [0, 0, 0, ..., 0, 0, 0],
       [0, 0, 0, ..., 0, 0, 0],
       [0, 0, 0, ..., 0, 0, 0]])}
2022-03-16 16:16:44 datasets.py[line:165] INFO <class 'dict'>
2022-03-16 16:16:44 datasets.py[line:167] INFO {'inputs': array([[[-2.11353768e-02, -2.51499861e-02, -1.43224765e-02, ...,
          3.86929847e-02,  4.97028604e-02,  5.63495755e-02],
        [ 5.90041652e-02,  5.93108088e-02,  5.89885376e-02, ...,
          1.67562850e-02,  1.16011696e-02,  8.12939741e-03],
        [ 6.86347531e-03,  9.22726747e-03,  1.61767993e-02, ...,
          1.86692849e-02,  3.65557782e-02,  5.36520556e-02],
        ...,
        [ 4.01419066e-02,  3.89324613e-02,  3.78442034e-02, ...,
          4.29426879e-02,  4.28187475e-02,  4.21410352e-02],
        [ 4.21933904e-02,  4.35733423e-02,  4.63848934e-02, ...,
          9.03892517e-03, -1.68587395e-03, -1.28502678e-02],
        [-2.05640774e-02, -2.26724185e-02, -1.97291467e-02, ...,
         -2.02113055e-02, -8.83826241e-03,  3.58736655e-03]],

       [[ 9.34370793e-03,  1.76172554e-02,  1.55832646e-02, ...,
          4.62492257e-02,  4.96488810e-02,  4.82256711e-02],
        [ 4.12273109e-02,  2.90371664e-02,  1.29949320e-02, ...,
          3.94168980e-02,  4.55348007e-02,  5.38385846e-02],
        [ 6.34300634e-02,  7.20389485e-02,  7.72759914e-02, ...,
         -8.22913125e-02, -9.10689458e-02, -9.73033383e-02],
        ...,
        [ 3.49533446e-02,  3.20757963e-02,  2.83286497e-02, ...,
          2.76076701e-02,  3.95000130e-02,  5.01382016e-02],
        [ 5.80767244e-02,  6.30815029e-02,  6.59725741e-02, ...,
         -5.16453572e-02, -5.93855008e-02, -6.48770332e-02],
        [-6.78716451e-02, -6.77425936e-02, -6.43270761e-02, ...,
          1.68192033e-02,  1.12974299e-02,  5.73441805e-03]],

       [[ 9.41373000e-04, -2.18674846e-04, -1.74211734e-03, ...,
          2.26207469e-02,  2.86467690e-02,  3.29887979e-02],
        [ 3.65730040e-02,  3.92140932e-02,  4.00047749e-02, ...,
         -7.25524053e-02, -7.05441460e-02, -6.52964264e-02],
        [-5.84352650e-02, -5.18499166e-02, -4.59775366e-02, ...,
          4.53544827e-03,  4.89879923e-04, -2.52224249e-03],
        ...,
        [ 1.18103690e-01,  7.38185197e-02,  2.83027422e-02, ...,
         -3.99151770e-03,  4.03524609e-03,  1.76887922e-02],
        [ 3.92279178e-02,  6.57335296e-02,  9.16928276e-02, ...,
          1.76598176e-01,  1.65271878e-01,  1.44232213e-01],
        [ 1.14225924e-01,  7.91615546e-02,  4.34102938e-02, ...,
         -7.49342889e-03,  1.39099518e-02,  4.67747636e-02]],

       [[-5.76045699e-02, -6.28891513e-02, -2.47266460e-02, ...,
          1.46411076e-01,  1.74135685e-01,  1.96748927e-01],
        [ 2.12164536e-01,  2.18840927e-01,  2.16931254e-01, ...,
         -1.64299607e-01, -1.47067785e-01, -1.20113924e-01],
        [-8.49484354e-02, -4.19840775e-02,  3.43363732e-03, ...,
          8.41737613e-02,  1.03174843e-01,  1.22665040e-01],
        ...,
        [-1.04545696e-04, -1.47579864e-04, -1.96475492e-04, ...,
          2.73732468e-04,  2.65735463e-04,  2.43278191e-04],
        [ 2.15132153e-04,  1.78748436e-04,  1.36923671e-04, ...,
         -3.23121843e-04, -2.84501322e-04, -2.45055184e-04],
        [-2.02128867e-04, -1.64691868e-04, -1.17233663e-04, ...,
         -2.23432799e-04, -2.43619099e-04, -2.73868267e-04]]],
      dtype=float32), 'targets': array([array([  61, 1188, 1068,   64, 1129, 1067,   78, 1195, 1070,   81, 1129,
              1068,  120, 1179, 1061,  135, 1129, 1063,  162, 1182, 1059,  171,
              1129, 1061,  237, 1188, 1063,  250, 1201, 1068,  262, 1129, 1063,
               272, 1070,  326, 1191, 1071,  342, 1175, 1058, 1191, 1073,  348,
              1129, 1071,  349, 1059,  383, 1068,  421, 1180, 1068,  435, 1179,
              1067,  440, 1129, 1068,  509, 1175, 1065,  510, 1129, 1067,  525,
              1188, 1067,  527, 1129, 1065,  591, 1199, 1075,  604, 1209, 1070,
               606, 1175, 1063,  608, 1129, 1073,  609, 1075,  616, 1058,  644,
              1200, 1052,  651, 1129, 1051,  662, 1189, 1073,  673, 1129, 1067,
               689, 1188, 1054, 1186, 1068,  690, 1196, 1072,  698, 1129, 1073,
               700, 1052,  706, 1070,  757, 1199, 1073,  763, 1129, 1072,  774,
              1203, 1075,  782, 1129, 1073,  816, 1194, 1060])                 ,
       array([  11, 1129, 1063,   41, 1191, 1052,   43, 1189, 1056,   46, 1129,
              1054, 1060,  115, 1068, 1204, 1068,  127, 1189, 1064,  128, 1214,
              1073,  135, 1129, 1056,  136, 1068,  138, 1075,  202, 1211, 1076,
               216, 1217, 1078, 1184, 1051, 1200, 1057,  220, 1129, 1052, 1076,
               230, 1064,  293, 1073, 1199, 1073,  307, 1201, 1072,  308, 1179,
              1054,  311, 1129, 1073,  314, 1057,  380, 1188, 1070,  385, 1129,
              1072,  394, 1197, 1072,  398, 1129, 1070,  399, 1180, 1056,  401,
              1129, 1054,  475, 1219, 1080,  486, 1218, 1075, 1189, 1044,  488,
              1129, 1051, 1078,  491, 1080,  565, 1215, 1078,  578, 1196, 1049,
               579, 1206, 1076,  582, 1129, 1078,  585, 1075,  588, 1044,  609,
              1072,  662, 1196, 1073,  676, 1193, 1068,  678, 1129, 1073,  750,
              1197, 1071,  760, 1129, 1076,  761, 1210, 1069,  765, 1129, 1068,
               770, 1071])                                                     ,
       array([  25, 1191, 1064,   33, 1129, 1056,   36, 1187, 1063,   39, 1129,
              1064,  119, 1179, 1066,  132, 1129, 1063,  134, 1180, 1060,  142,
              1129, 1066,  220, 1069, 1187, 1069,  231, 1188, 1068,  239, 1129,
              1069,  317, 1187, 1066,  327, 1129, 1068,  330, 1194, 1075,  335,
              1129, 1066,  409, 1185, 1066,  423, 1191, 1064,  430, 1129, 1066,
               503, 1182, 1063,  520, 1129, 1064, 1188, 1064,  522, 1180, 1061,
               526, 1129, 1049, 1060, 1063,  599, 1195, 1080,  613, 1129, 1075,
              1205, 1075, 1198, 1066,  615, 1193, 1072,  616, 1129, 1080,  617,
              1064,  695, 1194, 1078,  707, 1191, 1068, 1209, 1076,  709, 1195,
              1073,  710, 1129, 1066, 1072, 1075, 1078,  790, 1188, 1059,  803,
              1187, 1058,  804, 1203, 1067,  807, 1129, 1059, 1061, 1068])     ,
       array([   2, 1191, 1064,    9, 1129, 1066,   82, 1182, 1063,   99, 1129,
              1064, 1188, 1064,  101, 1180, 1061,  105, 1129, 1049, 1060, 1063,
               178, 1195, 1080,  192, 1129, 1075, 1205, 1075, 1198, 1066,  194,
              1193, 1072,  195, 1129, 1080,  196, 1064,  274, 1194, 1078,  286,
              1191, 1068, 1209, 1076,  288, 1195, 1073,  289, 1129, 1066, 1072,
              1075, 1078,  369, 1188, 1059,  382, 1187, 1058,  383, 1203, 1067,
               386, 1129, 1059, 1061, 1068,  459, 1199, 1068,  460, 1184, 1061,
               474, 1197, 1070,  477, 1186, 1055,  480, 1129, 1067, 1068,  481,
              1061,  489, 1058,  503, 1073,  549, 1076, 1206, 1076,  561, 1186,
              1058, 1210, 1075,  569, 1129, 1076,  635, 1205, 1073,  648, 1214,
              1082,  650, 1129, 1073, 1075,  729, 1189, 1073,  740, 1173, 1063,
               741, 1187, 1071,  746, 1129, 1058, 1070, 1073])                 ],
      dtype=object), 'input_event_start_indices': array([[1893, 1894, 1894, ..., 2848, 2848, 2849],
       [2850, 2851, 2852, ..., 3823, 3824, 3824],
       [3825, 3826, 3827, ..., 4783, 4784, 4785],
       [4297, 4298, 4299, ..., 5276, 5277, 5277]]), 'input_event_end_indices': array([[1894, 1894, 1895, ..., 2848, 2849, 2850],
       [2851, 2852, 2853, ..., 3824, 3824, 3825],
       [3826, 3827, 3828, ..., 4784, 4785, 4785],
       [4298, 4299, 4303, ..., 5277, 5277, 5278]]), 'input_state_event_indices': array([[0, 0, 0, ..., 0, 0, 0],
       [0, 0, 0, ..., 0, 0, 0],
       [0, 0, 0, ..., 0, 0, 0],
       [0, 0, 0, ..., 0, 0, 0]])}
