2022-03-18 20:07:09 datasets.py[line:46] INFO audio.shape=(65536,)
2022-03-18 20:07:09 datasets.py[line:47] INFO ticks_per_quarter: 384
time_signatures {
  numerator: 4
  denominator: 4
}
tempos {
  qpm: 120.0
}
notes {
  pitch: 67
  velocity: 74
  start_time: 2.001302083333333
  end_time: 2.1158854166666665
}
n
2022-03-18 20:07:09 preprocessors.py[line:169] INFO Got audio for ns.id='(1, 0.0)'::ns.filename='' with length 65536
2022-03-18 20:07:09 preprocessors.py[line:128] INFO Padded 65536 samples to multiple of 128
2022-03-18 20:07:09 preprocessors.py[line:138] INFO Encoded 65536 samples to 512 frames, 128 samples each
2022-03-18 20:07:09 preprocessors.py[line:173] INFO [0.0000e+00 8.0000e-03 1.6000e-02 ... 4.5152e+01 4.5160e+01 4.5168e+01]
2022-03-18 20:07:10 preprocessors.py[line:207] INFO trim featrue: start=0, end=512
2022-03-18 20:07:10 preprocessors.py[line:417] INFO features["targets"].shape=(5291,)
2022-03-18 20:07:10 preprocessors.py[line:419] INFO features["targets"].shape=(442,), target_start_idx=0 target_end_idx=442
2022-03-18 20:07:10 preprocessors.py[line:460] INFO targets, features[key].shape=(442,)
2022-03-18 20:07:10 preprocessors.py[line:462] INFO targets, features[key].shape=(431,)
2022-03-18 20:07:10 preprocessors.py[line:486] INFO len(state_change_event_ranges)=2, state_change_event_ranges=[(1129, 1256), (1258, 1385)]
2022-03-18 20:07:10 preprocessors.py[line:487] INFO before RLE, features[key].shape=(431,)
2022-03-18 20:07:10 preprocessors.py[line:528] INFO after RLE, features[key].shape=(32,)
2022-03-18 20:07:10 preprocessors.py[line:538] INFO samples.shape=(65536,)
2022-03-18 20:07:10 preprocessors.py[line:567] INFO log_mel_spec.shape=(512, 512)
2022-03-18 20:07:10 preprocessors.py[line:588] INFO before tokenize, v[:20]=array([ 102, 1221, 1044,  200, 1203, 1068,  208, 1220, 1063,  212, 1129,
       1068,  294, 1210, 1066,  303, 1203, 1064,  305, 1129]), [ 294 1210 1066  303 1203 1064  305 1129 1063  307 1066  388 1192 1059
  398 1195 1058  403 1129 1059]
2022-03-18 20:07:10 preprocessors.py[line:596] INFO after tokenize, v[:20]=array([ 105, 1224, 1047,  203, 1206, 1071,  211, 1223, 1066,  215, 1132,
       1071,  297, 1213, 1069,  306, 1206, 1067,  308, 1132]), [1213 1069  306 1206 1067  308 1132 1066  310 1069  391 1195 1062  401
 1198 1061  406 1132 1062    1]
2022-03-18 20:07:10 datasets.py[line:46] INFO audio.shape=(65536,)
2022-03-18 20:07:10 datasets.py[line:47] INFO ticks_per_quarter: 384
time_signatures {
  numerator: 4
  denominator: 4
}
tempos {
  qpm: 120.0
}
notes {
  pitch: 67
  velocity: 74
  start_time: 2.001302083333333
  end_time: 2.1158854166666665
}
n
2022-03-18 20:07:10 preprocessors.py[line:169] INFO Got audio for ns.id='(1, 4.096)'::ns.filename='' with length 65536
2022-03-18 20:07:10 preprocessors.py[line:128] INFO Padded 65536 samples to multiple of 128
2022-03-18 20:07:10 preprocessors.py[line:138] INFO Encoded 65536 samples to 512 frames, 128 samples each
2022-03-18 20:07:10 preprocessors.py[line:173] INFO [0.0000e+00 8.0000e-03 1.6000e-02 ... 4.5152e+01 4.5160e+01 4.5168e+01]
2022-03-18 20:07:10 preprocessors.py[line:207] INFO trim featrue: start=512, end=1024
2022-03-18 20:07:10 preprocessors.py[line:417] INFO features["targets"].shape=(5291,)
2022-03-18 20:07:10 preprocessors.py[line:419] INFO features["targets"].shape=(470,), target_start_idx=442 target_end_idx=912
2022-03-18 20:07:10 preprocessors.py[line:460] INFO targets, features[key].shape=(470,)
2022-03-18 20:07:10 preprocessors.py[line:462] INFO targets, features[key].shape=(450,)
2022-03-18 20:07:10 preprocessors.py[line:486] INFO len(state_change_event_ranges)=2, state_change_event_ranges=[(1129, 1256), (1258, 1385)]
2022-03-18 20:07:10 preprocessors.py[line:487] INFO before RLE, features[key].shape=(450,)
2022-03-18 20:07:10 preprocessors.py[line:528] INFO after RLE, features[key].shape=(50,)
2022-03-18 20:07:10 preprocessors.py[line:538] INFO samples.shape=(65536,)
2022-03-18 20:07:10 preprocessors.py[line:567] INFO log_mel_spec.shape=(512, 512)
2022-03-18 20:07:10 preprocessors.py[line:588] INFO before tokenize, v[:20]=array([  72, 1188, 1061,   84, 1186, 1055,   92, 1129, 1058, 1061,  159,
       1064, 1189, 1064,  166, 1198, 1063,  177, 1129, 1063]), [1070  278 1129 1061 1063  351 1183 1061  357 1194 1059  371 1129 1059
 1193 1059  372 1129 1061 1070]
2022-03-18 20:07:10 preprocessors.py[line:596] INFO after tokenize, v[:20]=array([  75, 1191, 1064,   87, 1189, 1058,   95, 1132, 1061, 1064,  162,
       1067, 1192, 1067,  169, 1201, 1066,  180, 1132, 1066]), [ 281 1132 1064 1066  354 1186 1064  360 1197 1062  374 1132 1062 1196
 1062  375 1132 1064 1073    1]
2022-03-18 20:07:10 datasets.py[line:46] INFO audio.shape=(65536,)
2022-03-18 20:07:10 datasets.py[line:47] INFO ticks_per_quarter: 384
time_signatures {
  numerator: 4
  denominator: 4
}
tempos {
  qpm: 120.0
}
notes {
  pitch: 67
  velocity: 74
  start_time: 2.001302083333333
  end_time: 2.1158854166666665
}
n
2022-03-18 20:07:10 preprocessors.py[line:169] INFO Got audio for ns.id='(1, 8.192)'::ns.filename='' with length 65536
2022-03-18 20:07:10 preprocessors.py[line:128] INFO Padded 65536 samples to multiple of 128
2022-03-18 20:07:10 preprocessors.py[line:138] INFO Encoded 65536 samples to 512 frames, 128 samples each
2022-03-18 20:07:10 preprocessors.py[line:173] INFO [0.0000e+00 8.0000e-03 1.6000e-02 ... 4.5152e+01 4.5160e+01 4.5168e+01]
2022-03-18 20:07:10 preprocessors.py[line:207] INFO trim featrue: start=1024, end=1536
2022-03-18 20:07:10 preprocessors.py[line:417] INFO features["targets"].shape=(5291,)
2022-03-18 20:07:10 preprocessors.py[line:419] INFO features["targets"].shape=(472,), target_start_idx=912 target_end_idx=1384
2022-03-18 20:07:10 preprocessors.py[line:460] INFO targets, features[key].shape=(472,)
2022-03-18 20:07:10 preprocessors.py[line:462] INFO targets, features[key].shape=(451,)
2022-03-18 20:07:10 preprocessors.py[line:486] INFO len(state_change_event_ranges)=2, state_change_event_ranges=[(1129, 1256), (1258, 1385)]
2022-03-18 20:07:10 preprocessors.py[line:487] INFO before RLE, features[key].shape=(451,)
2022-03-18 20:07:10 preprocessors.py[line:528] INFO after RLE, features[key].shape=(54,)
2022-03-18 20:07:10 preprocessors.py[line:538] INFO samples.shape=(65536,)
2022-03-18 20:07:10 preprocessors.py[line:567] INFO log_mel_spec.shape=(512, 512)
2022-03-18 20:07:10 preprocessors.py[line:588] INFO before tokenize, v[:20]=array([  40, 1185, 1058,   53, 1170, 1056,   54, 1129, 1059, 1172, 1059,
         61, 1129, 1044, 1055, 1058,  132, 1213, 1075,  143]), [1186 1063  237 1212 1071  242 1129 1073  244 1061  251 1070  320 1191
 1066  333 1190 1065 1129 1066]
2022-03-18 20:07:10 preprocessors.py[line:596] INFO after tokenize, v[:20]=array([  43, 1188, 1061,   56, 1173, 1059,   57, 1132, 1062, 1175, 1062,
         64, 1132, 1047, 1058, 1061,  135, 1216, 1078,  146]), [1066  240 1215 1074  245 1132 1076  247 1064  254 1073  323 1194 1069
  336 1193 1068 1132 1069    1]
2022-03-18 20:07:10 try.py[line:31] INFO encoder_input_tokens, <class 'list'>, len=1; decoder_target_tokens, <class 'list'>, len=1; decoder_input_tokens, <class 'list'>, len=1; id, <class 'list'>, len=1; 
2022-03-18 20:07:10 try.py[line:34] INFO repr(f)="NoteEncodingSpecType(init_encoding_state_fn=<function <lambda> at 0x000001E90FC57550>, encode_event_fn=<function note_event_data_to_events at 0x000001E90FC54C10>, encoding_state_to_events_fn=None, init_decoding_state_fn=<class 'note_sequences.NoteDecodingState'>, begin_decoding_segment_fn=<function <lambda> at 0x000001E90FC575E0>, decode_event_fn=<function decode_note_event at 0x000001E90FC573A0>, flush_decoding_state_fn=<function flush_note_decoding_state at 0x000001E90FC574C0>)"
2022-03-18 20:07:10 try.py[line:40] INFO 8.192
2022-03-18 20:07:10 try.py[line:42] INFO 8.19
2022-03-18 20:07:10 try.py[line:48] INFO est_tokens, <class 'numpy.ndarray'>, shape=(54,); start_time, <class 'float'>, repr(v)='8.19'


2022-03-18 20:07:10 run_length_encoding.py[line:205] INFO Got invalid event when decoding event Event(type='pitch', value=58) at time 8.730000. Invalid event counter now at 1.
Traceback (most recent call last):
  File "d:\A日常\大学\毕业设计\code\yui\yui\run_length_encoding.py", line 202, in decode_events
    decode_event_fn(state, cur_time, event, codec)
  File "d:\A日常\大学\毕业设计\code\yui\yui\note_sequences.py", line 322, in decode_note_event
    raise ValueError('note-off for inactive pitch/program: %d/%d' %
ValueError: note-off for inactive pitch/program: 58/0
2022-03-18 20:07:10 run_length_encoding.py[line:205] INFO Got invalid event when decoding event Event(type='pitch', value=43) at time 8.800000. Invalid event counter now at 2.
Traceback (most recent call last):
  File "d:\A日常\大学\毕业设计\code\yui\yui\run_length_encoding.py", line 202, in decode_events
    decode_event_fn(state, cur_time, event, codec)
  File "d:\A日常\大学\毕业设计\code\yui\yui\note_sequences.py", line 322, in decode_note_event
    raise ValueError('note-off for inactive pitch/program: %d/%d' %
ValueError: note-off for inactive pitch/program: 43/0
2022-03-18 20:07:10 run_length_encoding.py[line:205] INFO Got invalid event when decoding event Event(type='pitch', value=54) at time 8.800000. Invalid event counter now at 3.
Traceback (most recent call last):
  File "d:\A日常\大学\毕业设计\code\yui\yui\run_length_encoding.py", line 202, in decode_events
    decode_event_fn(state, cur_time, event, codec)
  File "d:\A日常\大学\毕业设计\code\yui\yui\note_sequences.py", line 322, in decode_note_event
    raise ValueError('note-off for inactive pitch/program: %d/%d' %
ValueError: note-off for inactive pitch/program: 54/0

2022-03-18 20:07:10 try.py[line:51] INFO 
est_ns, <class 'note_seq.protobuf.music_pb2.NoteSequence'>, repr(v)='ticks_per_quarter: 220\nnotes {\n  pitch: 57\n  velocity: 56\n  start_time: 8.59\n  end_time: 8.799999999999999\n}\nnotes {\n  pitch: 74\n  velocity: 84\n  start_time: 9.51\n  end_time: 9.709999999999999\n}\nnotes {\n  pitch: 58\n  velocity: 43\n  start_time: 8.73\n  end_time: 9.79\n}\nnotes {\n  pitch: 72\n  velocity: 74\n  start_time: 10.41\n  end_time: 10.61\n}\nnotes {\n  pitch: 60\n  velocity: 51\n  start_time: 9.62\n  end_time: 10.629999999999999\n}\nnotes {\n  pitch: 69\n  velocity: 86\n  start_time: 9.639999999999999\n  end_time: 10.7\n}\nnotes {\n  pitch: 65\n  velocity: 62\n  start_time: 11.39\n  end_time: 11.52\n}\nnotes {\n  pitch: 55\n  velocity: 41\n  start_time: 8.719999999999999\n  end_time: 11.53\n}\nnotes {\n  pitch: 62\n  velocity: 57\n  start_time: 10.549999999999999\n  end_time: 11.53\n}\nnotes {\n  pitch: 70\n  velocity: 83\n  start_time: 10.559999999999999\n  end_time: 11.53\n}\nnotes {\n  pitch: 64\n  velocity: 61\n  start_time: 11.52\n  end_time: 11.53\n}\ntotal_time: 11.53\n'
est_invalid_events, <class 'int'>, repr(v)='3'
est_dropped_events, <class 'int'>, repr(v)='0'
