2022-03-16 09:59:57 datasets.py[line:153] INFO 1
2022-03-16 09:59:57 datasets.py[line:154] INFO [(1, 0.0), (1, 8.192), (1, 16.384), (1, 24.576)]
2022-03-16 09:59:58 datasets.py[line:45] INFO audio.shape=(131072,)
2022-03-16 09:59:58 datasets.py[line:46] INFO ['A', 'A_FLAT', 'A_FLAT_FLAT', 'A_SHARP', 'A_SHARP_SHARP', 'B', 'B_FLAT', 'B_FLAT_FLAT', 'B_SHARP', 'B_SHARP_SHARP', 'ByteSize', 'C', 'C_FLAT', 'C_FLAT_FLAT', 'C_SHARP', 'C_SHARP_SHARP', 'Clear', 'ClearExtension', 'ClearField', 'ControlChange', 'CopyFrom', 'D', 'DESCRIPTOR', 'D_FLAT', 'D_FLAT_FLAT', 'D_SHARP', 'D_SHARP_SHARP', 'DiscardUnknownFields', 'E', 'E_FLAT', 'E_FLAT_FLAT', 'E_SHARP', 'E_SHARP_SHARP', 'Extensions', 'F', 'F_FLAT', 'F_FLAT_FLAT', 'F_SHARP', 'F_SHARP_SHARP', 'FindInitializationErrors', 'FromString', 'G', 'G_FLAT', 'G_FLAT_FLAT', 'G_SHARP', 'G_SHARP_SHARP', 'HasExtension', 'HasField', 'InstrumentInfo', 'IsInitialized', 'KeySignature', 'ListFields', 'MergeFrom', 'MergeFromString', 'Note', 'ParseFromString', 'PartInfo', 'PitchBend', 'PitchName', 'QuantizationInfo', 'RegisterExtension', 'Section', 'SectionAnnotation', 'SectionGroup', 'SerializePartialToString', 'SerializeToString', 'SetInParent', 'SourceInfo', 'SubsequenceInfo', 'Tempo', 'TextAnnotation', 'TimeSignature', 'UNKNOWN_PITCH_NAME', 'UnknownFields', 'WhichOneof', '_CheckCalledFromGeneratedFile', '_SetListener', '__class__', '__deepcopy__', '__delattr__', '__dir__', '__doc__', '__eq__', '__format__', '__ge__', '__getattribute__', '__getstate__', '__gt__', '__hash__', '__init__', '__init_subclass__', '__le__', '__lt__', '__module__', '__ne__', '__new__', '__reduce__', '__reduce_ex__', '__repr__', '__setattr__', '__setstate__', '__sizeof__', '__slots__', '__str__', '__subclasshook__', '__unicode__', '_extensions_by_name', '_extensions_by_number', 'collection_name', 'control_changes', 'filename', 'id', 'instrument_infos', 'key_signatures', 'notes', 'part_infos', 'pitch_bends', 'quantization_info', 'reference_number', 'section_annotations', 'section_groups', 'sequence_metadata', 'source_info', 'subsequence_info', 'tempos', 'text_annotations', 'ticks_per_quarter', 'time_signatures', 'total_quantized_steps', 'total_time']
2022-03-16 09:59:58 datasets.py[line:48] INFO ''
2022-03-16 09:59:58 datasets.py[line:49] INFO [control_number: 64
control_value: 55
, control_number: 67
, time: 0.16875
control_number: 64
control_value: 56
, time: 0.39166666666666666
control_number: 64
control_value: 54
, time: 0.4114583333333333
control_number: 64
control_value: 51
, time: 0.42916666666666664
control_number: 64
control_value: 43
, time: 0.4479166666666667
control_number: 64
control_value: 16
, time: 0.46770833333333334
control_number: 64
, time: 0.9072916666666666
control_number: 64
control_value: 33
, time: 0.9260416666666667
control_number: 64
control_value: 58
, time: 0.9458333333333333
control_number: 64
control_value: 77
, time: 0.9666666666666667
control_number: 64
control_value: 127
, time: 3.503125
control_number: 64
control_value: 106
, time: 3.5208333333333335
control_number: 64
control_value: 92
, time: 3.5416666666666665
control_number: 64
control_value: 81
, time: 3.5625
control_number: 64
control_value: 70
, time: 3.58125
control_number: 64
control_value: 63
, time: 3.6020833333333333
control_number: 64
control_value: 60
, time: 3.6239583333333334
control_number: 64
control_value: 58
, time: 3.6447916666666664
control_number: 64
control_value: 57
, time: 3.6625
control_number: 64
control_value: 54
, time: 3.68125
control_number: 64
control_value: 51
, time: 3.703125
control_number: 64
control_value: 47
, time: 3.7239583333333335
control_number: 64
control_value: 44
, time: 3.7416666666666667
control_number: 64
control_value: 41
, time: 3.763541666666667
control_number: 64
control_value: 38
, time: 3.783333333333333
control_number: 64
control_value: 34
, time: 3.8052083333333333
control_number: 64
control_value: 31
, time: 3.823958333333333
control_number: 64
control_value: 30
, time: 3.8427083333333334
control_number: 64
control_value: 29
, time: 3.861458333333333
control_number: 64
control_value: 28
, time: 3.88125
control_number: 64
control_value: 27
, time: 3.9010416666666665
control_number: 64
control_value: 25
, time: 3.9208333333333334
control_number: 64
control_value: 23
, time: 3.9427083333333335
control_number: 64
control_value: 21
, time: 3.9625
control_number: 64
control_value: 20
, time: 4.383333333333333
control_number: 64
control_value: 21
, time: 4.521875
control_number: 64
control_value: 22
, time: 4.559375
control_number: 64
control_value: 23
, time: 4.580208333333333
control_number: 64
control_value: 25
, time: 4.6
control_number: 64
control_value: 26
, time: 4.623958333333333
control_number: 64
control_value: 27
, time: 4.659375
control_number: 64
control_value: 29
, time: 4.680208333333333
control_number: 64
control_value: 31
, time: 4.7
control_number: 64
control_value: 33
, time: 4.720833333333333
control_number: 64
control_value: 34
, time: 4.836458333333333
control_number: 64
control_value: 33
, time: 4.85625
control_number: 64
control_value: 31
, time: 4.877083333333333
control_number: 64
control_value: 30
, time: 4.957291666666666
control_number: 64
control_value: 29
, time: 4.996875
control_number: 64
control_value: 28
, time: 5.015625
control_number: 64
control_value: 27
, time: 5.057291666666667
control_number: 64
control_value: 26
, time: 5.117708333333333
control_number: 64
control_value: 25
, time: 5.136458333333334
control_number: 64
control_value: 23
, time: 5.158333333333333
control_number: 64
control_value: 20
, time: 5.175
control_number: 64
control_value: 16
, time: 5.195833333333333
control_number: 64
control_value: 11
, time: 5.21875
control_number: 64
, time: 5.596875
control_number: 64
control_value: 11
, time: 5.616666666666666
control_number: 64
control_value: 46
, time: 5.635416666666667
control_number: 64
control_value: 69
, time: 5.65625
control_number: 64
control_value: 127
, time: 8.123958333333333
control_number: 64
control_value: 100
, time: 8.142708333333333
control_number: 64
control_value: 79
, time: 8.1625
control_number: 64
control_value: 68
, time: 8.182291666666666
control_number: 64
control_value: 61
, time: 8.205208333333333
control_number: 64
control_value: 57
, time: 8.221875
control_number: 64
control_value: 56
, time: 8.246875
control_number: 64
control_value: 55
, time: 8.264583333333333
control_number: 64
control_value: 53
, time: 8.282291666666666
control_number: 64
control_value: 50
, time: 8.302083333333334
control_number: 64
control_value: 46
, time: 8.321875
control_number: 64
control_value: 43
, time: 8.342708333333333
control_number: 64
control_value: 41
, time: 8.3625
control_number: 64
control_value: 39
, time: 8.383333333333333
control_number: 64
control_value: 35
, time: 8.407291666666666
control_number: 64
control_value: 32
, time: 8.421875
control_number: 64
control_value: 29
, time: 8.444791666666667
control_number: 64
control_value: 27
, time: 8.4625
control_number: 64
control_value: 26
, time: 8.48125
control_number: 64
control_value: 24
, time: 8.503125
control_number: 64
control_value: 22
, time: 8.525
control_number: 64
control_value: 20
, time: 8.58125
control_number: 64
control_value: 19
, time: 8.883333333333333
control_number: 64
control_value: 20
, time: 9.182291666666666
control_number: 64
control_value: 21
, time: 9.220833333333333
control_number: 64
control_value: 22
, time: 9.28125
control_number: 64
control_value: 23
, time: 9.466666666666667
control_number: 64
control_value: 24
, time: 9.504166666666666
control_number: 64
control_value: 25
, time: 9.623958333333333
control_number: 64
control_value: 26
, time: 9.764583333333333
control_number: 64
control_value: 27
, time: 9.86875
control_number: 64
control_value: 28
, time: 10.082291666666666
control_number: 64
control_value: 29
, time: 10.982291666666667
control_number: 64
control_value: 30
, time: 11.401041666666666
control_number: 64
control_value: 31
, time: 11.560416666666667
control_number: 64
control_value: 32
, time: 11.723958333333334
control_number: 64
control_value: 31
, time: 12.203125
control_number: 64
control_value: 32
, time: 12.263541666666667
control_number: 64
control_value: 33
, time: 12.284375
control_number: 64
control_value: 34
, time: 12.302083333333334
control_number: 64
control_value: 35
, time: 12.34375
control_number: 64
control_value: 36
, time: 12.363541666666666
control_number: 64
control_value: 37
, time: 12.38125
control_number: 64
control_value: 39
, time: 12.402083333333334
control_number: 64
control_value: 42
, time: 12.427083333333334
control_number: 64
control_value: 46
, time: 12.444791666666667
control_number: 64
control_value: 49
, time: 12.464583333333334
control_number: 64
control_value: 51
, time: 12.480208333333334
control_number: 64
control_value: 54
, time: 12.504166666666666
control_number: 64
control_value: 56
, time: 12.520833333333334
control_number: 64
control_value: 58
, time: 12.540625
control_number: 64
control_value: 61
, time: 12.560416666666667
control_number: 64
control_value: 64
, time: 12.588541666666666
control_number: 64
control_value: 67
, time: 12.602083333333333
control_number: 64
control_value: 71
, time: 12.621875
control_number: 64
control_value: 78
, time: 12.645833333333334
control_number: 64
control_value: 85
, time: 12.667708333333334
control_number: 64
control_value: 89
, time: 12.705208333333333
control_number: 64
control_value: 88
, time: 12.727083333333333
control_number: 64
control_value: 81
, time: 12.747916666666667
control_number: 64
control_value: 67
, time: 12.764583333333333
control_number: 64
control_value: 59
, time: 12.784375
control_number: 64
control_value: 56
, time: 12.808333333333334
control_number: 64
control_value: 58
, time: 12.829166666666666
control_number: 64
control_value: 62
, time: 12.84375
control_number: 64
control_value: 64
, time: 12.864583333333334
control_number: 64
control_value: 67
, time: 12.886458333333334
control_number: 64
control_value: 72
, time: 12.905208333333333
control_number: 64
control_value: 77
, time: 12.923958333333333
control_number: 64
control_value: 82
, time: 12.945833333333333
control_number: 64
control_value: 85
, time: 12.965625
control_number: 64
control_value: 86
, time: 13.025
control_number: 64
control_value: 82
, time: 13.045833333333333
control_number: 64
control_value: 74
, time: 13.066666666666666
control_number: 64
control_value: 65
, time: 13.086458333333333
control_number: 64
control_value: 59
, time: 13.108333333333333
control_number: 64
control_value: 55
, time: 13.127083333333333
control_number: 64
control_value: 53
, time: 13.147916666666667
control_number: 64
control_value: 55
, time: 13.165625
control_number: 64
control_value: 60
, time: 13.186458333333333
control_number: 64
control_value: 64
, time: 13.206249999999999
control_number: 64
control_value: 67
, time: 13.223958333333334
control_number: 64
control_value: 73
, time: 13.245833333333334
control_number: 64
control_value: 86
, time: 13.264583333333333
control_number: 64
control_value: 127
, time: 14.823958333333334
control_number: 64
control_value: 72
, time: 14.845833333333333
control_number: 64
control_value: 42
, time: 14.865625
control_number: 64
, time: 14.905208333333333
control_number: 64
control_value: 51
, time: 14.924999999999999
control_number: 64
control_value: 78
, time: 14.947916666666666
control_number: 64
control_value: 127
, time: 15.385416666666666
control_number: 64
control_value: 106
, time: 15.408333333333333
control_number: 64
control_value: 69
, time: 15.424999999999999
control_number: 64
control_value: 47
, time: 15.456249999999999
control_number: 64
, time: 15.485416666666666
control_number: 64
control_value: 45
, time: 15.504166666666666
control_number: 64
control_value: 66
, time: 15.527083333333334
control_number: 64
control_value: 94
, time: 15.545833333333333
control_number: 64
control_value: 127
, time: 15.845833333333333
control_number: 64
control_value: 84
, time: 15.863541666666666
control_number: 64
control_value: 59
, time: 15.8875
control_number: 64
control_value: 22
, time: 15.90625
control_number: 64
control_value: 28
, time: 15.927083333333334
control_number: 64
control_value: 53
, time: 15.944791666666667
control_number: 64
control_value: 72
, time: 15.963541666666666
control_number: 64
control_value: 127
, time: 16.245833333333334
control_number: 64
control_value: 81
, time: 16.264583333333334
control_number: 64
control_value: 58
, time: 16.286458333333332
control_number: 64
control_value: 27
, time: 16.31458333333333
control_number: 64
control_value: 33
, time: 16.325
control_number: 64
control_value: 56
, time: 16.34375
control_number: 64
control_value: 76
, time: 16.367708333333333
control_number: 64
control_value: 127
, time: 16.644791666666666
control_number: 64
control_value: 69
, time: 16.663541666666667
control_number: 64
control_value: 47
, time: 16.688541666666666
control_number: 64
control_value: 23
, time: 16.70520833333333
control_number: 64
control_value: 41
, time: 16.726041666666667
control_number: 64
control_value: 62
, time: 16.745833333333334
control_number: 64
control_value: 96
, time: 16.769791666666666
control_number: 64
control_value: 127
, time: 17.047916666666666
control_number: 64
control_value: 75
, time: 17.063541666666666
control_number: 64
control_value: 52
, time: 17.09583333333333
control_number: 64
, time: 17.105208333333334
control_number: 64
control_value: 16
, time: 17.123958333333334
control_number: 64
control_value: 50
, time: 17.145833333333332
control_number: 64
control_value: 69
, time: 17.165625
control_number: 64
control_value: 127
, time: 17.42395833333333
control_number: 64
control_value: 72
, time: 17.445833333333333
control_number: 64
control_value: 51
, time: 17.472916666666666
control_number: 64
control_value: 30
, time: 17.482291666666665
control_number: 64
control_value: 47
, time: 17.5
control_number: 64
control_value: 64
, time: 17.520833333333332
control_number: 64
control_value: 91
, time: 17.542708333333334
control_number: 64
control_value: 127
, time: 17.820833333333333
control_number: 64
control_value: 68
, time: 17.839583333333334
control_number: 64
control_value: 43
, time: 17.867708333333333
control_number: 64
, time: 17.879166666666666
control_number: 64
control_value: 33
, time: 17.902083333333334
control_number: 64
control_value: 63
, time: 17.91875
control_number: 64
control_value: 100
, time: 17.938541666666666
control_number: 64
control_value: 127
, time: 18.319791666666667
control_number: 64
control_value: 65
, time: 18.339583333333334
control_number: 64
, time: 18.398958333333333
control_number: 64
control_value: 29
, time: 18.41875
control_number: 64
control_value: 63
, time: 18.440625
control_number: 64
control_value: 109
, time: 18.457291666666666
control_number: 64
control_value: 127
, time: 19.041666666666668
control_number: 64
control_value: 122
, time: 19.059375
control_number: 64
control_value: 120
, time: 19.140625
control_number: 64
control_value: 116
, time: 19.15833333333333
control_number: 64
control_value: 112
, time: 19.179166666666667
control_number: 64
control_value: 107
, time: 19.202083333333334
control_number: 64
control_value: 101
, time: 19.22083333333333
control_number: 64
control_value: 97
, time: 19.239583333333332
control_number: 64
control_value: 83
, time: 19.259375
control_number: 64
control_value: 65
, time: 19.280208333333334
control_number: 64
control_value: 46
, time: 19.297916666666666
control_number: 64
, time: 19.339583333333334
control_number: 64
control_value: 34
, time: 19.358333333333334
control_number: 64
control_value: 60
, time: 19.380208333333332
control_number: 64
control_value: 81
, time: 19.4
control_number: 64
control_value: 127
, time: 20.367708333333333
control_number: 64
control_value: 90
, time: 20.384375
control_number: 64
control_value: 60
, time: 20.410416666666666
control_number: 64
, time: 20.466666666666665
control_number: 64
control_value: 33
, time: 20.484375
control_number: 64
control_value: 62
, time: 20.503125
control_number: 64
control_value: 74
, time: 20.523958333333333
control_number: 64
control_value: 115
, time: 20.545833333333334
control_number: 64
control_value: 127
, time: 21.605208333333334
control_number: 64
control_value: 115
, time: 21.623958333333334
control_number: 64
control_value: 71
, time: 21.64375
control_number: 64
control_value: 56
, time: 21.665625
control_number: 64
control_value: 45
, time: 21.688541666666666
control_number: 64
control_value: 51
, time: 21.704166666666666
control_number: 64
control_value: 63
, time: 21.725
control_number: 64
control_value: 73
, time: 21.744791666666668
control_number: 64
control_value: 111
, time: 21.765625
control_number: 64
control_value: 127
, time: 22.186458333333334
control_number: 64
control_value: 78
, time: 22.20520833333333
control_number: 64
control_value: 52
, time: 22.235416666666666
control_number: 64
, time: 22.264583333333334
control_number: 64
control_value: 37
, time: 22.285416666666666
control_number: 64
control_value: 58
, time: 22.309375
control_number: 64
control_value: 70
, time: 22.323958333333334
control_number: 64
control_value: 92
, time: 22.344791666666666
control_number: 64
control_value: 127
, time: 22.688541666666666
control_number: 64
control_value: 78
, time: 22.704166666666666
control_number: 64
control_value: 58
, time: 22.725
control_number: 64
control_value: 43
, time: 22.74375
control_number: 64
control_value: 49
, time: 22.765625
control_number: 64
control_value: 61
, time: 22.78333333333333
control_number: 64
control_value: 74
, time: 22.808333333333334
control_number: 64
control_value: 118
, time: 22.823958333333334
control_number: 64
control_value: 127
, time: 23.103125
control_number: 64
control_value: 115
, time: 23.121875
control_number: 64
control_value: 68
, time: 23.140625
control_number: 64
control_value: 49
, time: 23.163541666666667
control_number: 64
control_value: 42
, time: 23.18125
control_number: 64
control_value: 53
, time: 23.203125
control_number: 64
control_value: 68
, time: 23.22083333333333
control_number: 64
control_value: 91
, time: 23.241666666666667
control_number: 64
control_value: 127
, time: 23.561458333333334
control_number: 64
control_value: 73
, time: 23.582291666666666
control_number: 64
control_value: 51
, time: 23.604166666666668
control_number: 64
, time: 23.64375
control_number: 64
control_value: 47
, time: 23.6625
control_number: 64
control_value: 65
, time: 23.680208333333333
control_number: 64
control_value: 85
, time: 23.7
control_number: 64
control_value: 127
, time: 24.240625
control_number: 64
control_value: 79
, time: 24.2625
control_number: 64
control_value: 56
, time: 24.282291666666666
control_number: 64
, time: 24.320833333333333
control_number: 64
control_value: 41
, time: 24.340625
control_number: 64
control_value: 62
, time: 24.359375
control_number: 64
control_value: 83
, time: 24.38125
control_number: 64
control_value: 127
, time: 24.957291666666666
control_number: 64
control_value: 122
, time: 24.977083333333333
control_number: 64
control_value: 112
, time: 24.997916666666665
control_number: 64
control_value: 107
, time: 25.015625
control_number: 64
control_value: 103
, time: 25.036458333333332
control_number: 64
control_value: 99
, time: 25.055208333333333
control_number: 64
control_value: 96
, time: 25.078125
control_number: 64
control_value: 94
, time: 25.098958333333332
control_number: 64
control_value: 91
, time: 25.115625
control_number: 64
control_value: 90
, time: 25.134375
control_number: 64
control_value: 88
, time: 25.15625
control_number: 64
control_value: 87
, time: 25.178125
control_number: 64
control_value: 86
, time: 25.195833333333333
control_number: 64
control_value: 85
, time: 25.215625
control_number: 64
control_value: 83
, time: 25.235416666666666
control_number: 64
control_value: 81
, time: 25.25625
control_number: 64
control_value: 79
, time: 25.279166666666665
control_number: 64
control_value: 78
, time: 25.296875
control_number: 64
control_value: 77
, time: 25.31875
control_number: 64
control_value: 76
, time: 25.3375
control_number: 64
control_value: 75
, time: 25.358333333333334
control_number: 64
control_value: 74
, time: 25.37708333333333
control_number: 64
control_value: 73
, time: 25.415625
control_number: 64
control_value: 72
, time: 25.435416666666665
control_number: 64
control_value: 71
, time: 25.459375
control_number: 64
control_value: 70
, time: 25.477083333333333
control_number: 64
control_value: 69
, time: 25.576041666666665
control_number: 64
control_value: 68
, time: 25.636458333333334
control_number: 64
control_value: 67
, time: 25.695833333333333
control_number: 64
control_value: 66
, time: 25.797916666666666
control_number: 64
control_value: 65
, time: 25.836458333333333
control_number: 64
control_value: 64
, time: 25.997916666666665
control_number: 64
control_value: 63
, time: 26.15625
control_number: 64
control_value: 62
, time: 26.217708333333334
control_number: 64
control_value: 61
, time: 26.316666666666666
control_number: 64
control_value: 60
, time: 26.397916666666667
control_number: 64
control_value: 59
, time: 26.4375
control_number: 64
control_value: 58
, time: 26.476041666666667
control_number: 64
control_value: 57
, time: 26.494791666666668
control_number: 64
control_value: 56
, time: 26.51770833333333
control_number: 64
control_value: 55
, time: 26.535416666666666
control_number: 64
control_value: 51
, time: 26.559375
control_number: 64
control_value: 47
, time: 26.578125
control_number: 64
control_value: 41
, time: 26.597916666666666
control_number: 64
control_value: 37
, time: 26.61875
control_number: 64
control_value: 36
, time: 26.65625
control_number: 64
control_value: 38
, time: 26.677083333333332
control_number: 64
control_value: 43
, time: 26.694791666666667
control_number: 64
control_value: 50
, time: 26.715625
control_number: 64
control_value: 57
, time: 26.735416666666666
control_number: 64
control_value: 61
, time: 26.758333333333333
control_number: 64
control_value: 63
, time: 26.775
control_number: 64
control_value: 65
, time: 26.797916666666666
control_number: 64
control_value: 70
, time: 26.818749999999998
control_number: 64
control_value: 80
, time: 26.8375
control_number: 64
control_value: 109
, time: 26.855208333333334
control_number: 64
control_value: 127
, time: 27.61875
control_number: 64
control_value: 98
, time: 27.6375
control_number: 64
control_value: 73
, time: 27.659375
control_number: 64
control_value: 62
, time: 27.678124999999998
control_number: 64
control_value: 55
, time: 27.694791666666667
control_number: 64
control_value: 54
, time: 27.715625
control_number: 64
control_value: 58
, time: 27.735416666666666
control_number: 64
control_value: 62
, time: 27.755208333333332
control_number: 64
control_value: 66
, time: 27.776041666666668
control_number: 64
control_value: 72
, time: 27.797916666666666
control_number: 64
control_value: 88
, time: 27.818749999999998
control_number: 64
control_value: 127
, time: 28.039583333333333
control_number: 64
control_value: 115
, time: 28.0625
control_number: 64
control_value: 82
, time: 28.084374999999998
control_number: 64
control_value: 64
, time: 28.103125
control_number: 64
control_value: 59
, time: 28.120833333333334
control_number: 64
control_value: 61
, time: 28.139583333333334
control_number: 64
control_value: 66
, time: 28.159375
control_number: 64
control_value: 73
, time: 28.179166666666667
control_number: 64
control_value: 93
, time: 28.203125
control_number: 64
control_value: 127
, time: 28.479166666666668
control_number: 64
control_value: 89
, time: 28.5
control_number: 64
control_value: 66
, time: 28.519791666666666
control_number: 64
control_value: 57
, time: 28.538541666666667
control_number: 64
control_value: 54
, time: 28.560416666666665
control_number: 64
control_value: 57
, time: 28.58020833333333
control_number: 64
control_value: 63
, time: 28.602083333333333
control_number: 64
control_value: 67
, time: 28.617708333333333
control_number: 64
control_value: 74
, time: 28.641666666666666
control_number: 64
control_value: 91
, time: 28.660416666666666
control_number: 64
control_value: 127
, time: 29.264583333333334
control_number: 64
control_value: 78
, time: 29.285416666666666
control_number: 64
control_value: 63
, time: 29.304166666666667
control_number: 64
control_value: 57
, time: 29.327083333333334
control_number: 64
control_value: 59
, time: 29.34375
control_number: 64
control_value: 63
, time: 29.365624999999998
control_number: 64
control_value: 69
, time: 29.385416666666668
control_number: 64
control_value: 79
, time: 29.404166666666665
control_number: 64
control_value: 107
, time: 29.427083333333332
control_number: 64
control_value: 127
, time: 29.686458333333334
control_number: 64
control_value: 92
, time: 29.70625
control_number: 64
control_value: 68
, time: 29.726041666666667
control_number: 64
control_value: 60
, time: 29.744791666666668
control_number: 64
control_value: 59
, time: 29.763541666666665
control_number: 64
control_value: 64
, time: 29.785416666666666
control_number: 64
control_value: 71
, time: 29.804166666666667
control_number: 64
control_value: 97
, time: 29.829166666666666
control_number: 64
control_value: 127
, time: 30.104166666666668
control_number: 64
control_value: 88
, time: 30.125
control_number: 64
control_value: 66
, time: 30.14375
control_number: 64
control_value: 55
, time: 30.164583333333333
control_number: 64
control_value: 51
, time: 30.184375
control_number: 64
control_value: 55
, time: 30.207291666666666
control_number: 64
control_value: 61
, time: 30.223958333333332
control_number: 64
control_value: 66
, time: 30.24375
control_number: 64
control_value: 73
, time: 30.263541666666665
control_number: 64
control_value: 86
, time: 30.286458333333332
control_number: 64
control_value: 127
, time: 30.84583333333333
control_number: 64
control_value: 86
, time: 30.864583333333332
control_number: 64
control_value: 65
, time: 30.883333333333333
control_number: 64
control_value: 54
, time: 30.905208333333334
control_number: 64
control_value: 50
, time: 30.92395833333333
control_number: 64
control_value: 53
, time: 30.944791666666667
control_number: 64
control_value: 61
, time: 30.964583333333334
control_number: 64
control_value: 65
, time: 30.984375
control_number: 64
control_value: 69
, time: 31.005208333333332
control_number: 64
control_value: 77
, time: 31.023958333333333
control_number: 64
control_value: 88
, time: 31.04375
control_number: 64
control_value: 127
, time: 31.626041666666666
control_number: 64
control_value: 94
, time: 31.644791666666666
control_number: 64
control_value: 72
, time: 31.664583333333333
control_number: 64
control_value: 62
, time: 31.6875
control_number: 64
control_value: 60
, time: 31.70520833333333
control_number: 64
control_value: 63
, time: 31.724999999999998
control_number: 64
control_value: 68
, time: 31.744791666666668
control_number: 64
control_value: 79
, time: 31.765625
control_number: 64
control_value: 127
, time: 32.40416666666667
control_number: 64
control_value: 97
, time: 32.425
control_number: 64
control_value: 70
, time: 32.44479166666667
control_number: 64
control_value: 57
, time: 32.467708333333334
control_number: 64
control_value: 48
, time: 32.483333333333334
control_number: 64
control_value: 50
, time: 32.503125
control_number: 64
control_value: 57
, time: 32.52291666666667
control_number: 64
control_value: 63
, time: 32.545833333333334
control_number: 64
control_value: 67
, time: 32.56458333333333
control_number: 64
control_value: 75
, time: 32.584375
control_number: 64
control_value: 87
, time: 32.604166666666664
control_number: 64
control_value: 127
, time: 33.145833333333336
control_number: 64
control_value: 92
, time: 33.16458333333333
control_number: 64
control_value: 68
, time: 33.186458333333334
control_number: 64
control_value: 59
, time: 33.20625
control_number: 64
control_value: 57
, time: 33.223958333333336
control_number: 64
control_value: 61
, time: 33.244791666666664
control_number: 64
control_value: 66
, time: 33.26354166666667
control_number: 64
control_value: 72
, time: 33.284375
control_number: 64
control_value: 88
, time: 33.303125
control_number: 64
control_value: 127
, time: 33.84375
control_number: 64
control_value: 112
, time: 33.8625
control_number: 64
control_value: 90
, time: 33.885416666666664
control_number: 64
control_value: 69
, time: 33.903125
control_number: 64
control_value: 56
, time: 33.92604166666666
control_number: 64
control_value: 44
, time: 33.947916666666664
control_number: 64
control_value: 43
, time: 33.963541666666664
control_number: 64
control_value: 51
, time: 33.983333333333334
control_number: 64
control_value: 60
, time: 34.010416666666664
control_number: 64
control_value: 65
, time: 34.02395833333333
control_number: 64
control_value: 70
, time: 34.045833333333334
control_number: 64
control_value: 80
, time: 34.063541666666666
control_number: 64
control_value: 115
, time: 34.088541666666664
control_number: 64
control_value: 127
, time: 34.60520833333333
control_number: 64
control_value: 77
, time: 34.626041666666666
control_number: 64
control_value: 62
, time: 34.64479166666666
control_number: 64
control_value: 54
, time: 34.66354166666667
control_number: 64
control_value: 56
, time: 34.68333333333333
control_number: 64
control_value: 63
, time: 34.703125
control_number: 64
control_value: 69
, time: 34.723958333333336
control_number: 64
control_value: 82
, time: 34.74791666666667
control_number: 64
control_value: 127
, time: 35.34375
control_number: 64
control_value: 96
, time: 35.365625
control_number: 64
control_value: 67
, time: 35.3875
control_number: 64
control_value: 48
, time: 35.40416666666667
control_number: 64
control_value: 36
, time: 35.427083333333336
control_number: 64
control_value: 42
, time: 35.44479166666667
control_number: 64
control_value: 55
, time: 35.4625
control_number: 64
control_value: 64
, time: 35.484375
control_number: 64
control_value: 73
, time: 35.50625
control_number: 64
control_value: 90
, time: 35.52395833333333
control_number: 64
control_value: 127
, time: 36.084375
control_number: 64
control_value: 101
, time: 36.103125
control_number: 64
control_value: 66
, time: 36.123958333333334
control_number: 64
control_value: 54
, time: 36.14270833333333
control_number: 64
control_value: 51
, time: 36.166666666666664
control_number: 64
control_value: 57
, time: 36.18333333333333
control_number: 64
control_value: 64
, time: 36.204166666666666
control_number: 64
control_value: 72
, time: 36.22604166666667
control_number: 64
control_value: 97
, time: 36.24583333333333
control_number: 64
control_value: 127
, time: 36.7875
control_number: 64
control_value: 94
, time: 36.803125
control_number: 64
control_value: 64
, time: 36.825
control_number: 64
control_value: 35
, time: 36.84583333333333
control_number: 64
, time: 36.86145833333333
control_number: 64
control_value: 13
, time: 36.88125
control_number: 64
control_value: 41
, time: 36.9
control_number: 64
control_value: 59
, time: 36.91770833333333
control_number: 64
control_value: 68
, time: 36.938541666666666
control_number: 64
control_value: 81
, time: 36.95729166666666
control_number: 64
control_value: 127
, time: 37.58020833333333
control_number: 64
control_value: 86
, time: 37.6
control_number: 64
control_value: 62
, time: 37.626041666666666
control_number: 64
control_value: 47
, time: 37.639583333333334
control_number: 64
control_value: 43
, time: 37.661458333333336
control_number: 64
control_value: 53
, time: 37.67916666666667
control_number: 64
control_value: 68
, time: 37.697916666666664
control_number: 64
control_value: 102
, time: 37.717708333333334
control_number: 64
control_value: 127
, time: 38.420833333333334
control_number: 64
control_value: 93
, time: 38.438541666666666
control_number: 64
control_value: 60
, time: 38.45729166666666
control_number: 64
, time: 38.51875
control_number: 64
control_value: 38
, time: 38.53854166666667
control_number: 64
control_value: 66
, time: 38.559375
control_number: 64
control_value: 100
, time: 38.579166666666666
control_number: 64
control_value: 127
, time: 39.780208333333334
control_number: 64
control_value: 99
, time: 39.802083333333336
control_number: 64
control_value: 66
, time: 39.81979166666667
control_number: 64
control_value: 52
, time: 39.840625
control_number: 64
control_value: 60
, time: 39.8625
control_number: 64
control_value: 74
, time: 39.884375
control_number: 64
control_value: 127
, time: 40.82604166666667
control_number: 64
control_value: 86
, time: 40.848958333333336
control_number: 64
control_value: 60
, time: 40.86770833333333
control_number: 64
control_value: 42
, time: 40.911458333333336
control_number: 64
control_value: 55
, time: 40.92604166666666
control_number: 64
control_value: 66
, time: 40.946875
control_number: 64
control_value: 80
, time: 40.96666666666667
control_number: 64
control_value: 127
, time: 41.7
control_number: 64
control_value: 68
, time: 41.71875
control_number: 64
control_value: 38
, time: 41.73854166666666
control_number: 64
control_value: 15
, time: 41.760416666666664
control_number: 64
control_value: 46
, time: 41.78125
control_number: 64
control_value: 68
, time: 41.79895833333333
control_number: 64
control_value: 127
, time: 45.125
control_number: 64
control_value: 68
, time: 45.145833333333336
control_number: 64
control_value: 40
, time: 45.16041666666666
control_number: 64
]

2022-03-16 09:59:58 datasets.py[line:50] INFO 
ticks_per_quarter: 480

time_signatures {
  numerator: 4
  denominator: 4
}
tempos {
  qpm: 120.0
}
notes {
  pitch: 24
  velocity: 93
  start_time: 0.99375
  end_time: 1.0635416666666666
}
notes {
  pitch: 48
  velocity: 96
  start_time: 0.8677083333333333
  end_time: 1.08125
}
notes {
  pitch: 36
  velocity: 99
  start_time: 0.9822916666666667
  end_time: 1.0947916666666666
}
notes {
  pitch: 60
  velocity: 91
  start_time: 0.8677083333333333
  end_time: 1.1083333333333334
}
notes {
  pitch: 60
  velocity: 77
  start_time: 1.559375
  end_time: 1.6854166666666666
}
notes {
  pitch: 84
  velocity: 98
  start_time: 1.8760416666666666
  end_time: 1.996875
}
notes {
  pitch: 88
  velocity: 89
  start_time: 2.0947916666666666
  end_time: 2.167708333333333
}
notes {
  pitch: 96
  velocity: 93
  start_time: 2.0947916666666666
  end_time: 2.2729166666666667
}
notes {
  pitch: 94
  velocity: 87
  start_time: 2.2447916666666665
  end_time: 2.3677083333333333
}
notes {
  pitch: 90
  velocity: 80
  start_time: 2.308333333333333
  end_time: 2.428125
}
notes {
  pitch: 91
  velocity: 34
  start_time: 2.4145833333333333
  end_time: 2.4541666666666666
}
notes {
  pitch: 89
  velocity: 59
  start_t
2022-03-16 09:59:58 datasets.py[line:51] INFO pitch: 75
velocity: 91
start_time: 2.71875
end_time: 2.8

2022-03-16 09:59:58 preprocessors.py[line:121] INFO Padded 131072 samples to multiple of 128
2022-03-16 09:59:58 preprocessors.py[line:131] INFO Encoded 131072 samples to 1024 frames, 128 samples each
2022-03-16 09:59:58 preprocessors.py[line:387] INFO features["targets"].shape=(8290,)
2022-03-16 09:59:58 preprocessors.py[line:389] INFO features["targets"].shape=(8290,), target_start_idx=0 target_end_idx=8290
2022-03-16 09:59:58 preprocessors.py[line:425] INFO targets, features[key].shape=(8290,)
2022-03-16 09:59:58 preprocessors.py[line:427] INFO targets, features[key].shape=(7032,)
2022-03-16 09:59:58 datasets.py[line:157] INFO inputs.shape=(1024, 128), input_times.shape=(1024,), targets.shape=(7032,), input_event_start_indices.shape=(1024,), input_event_end_indices.shape=(1024,), input_state_event_indices.shape=(1024,), 
2022-03-16 09:59:58 datasets.py[line:159] INFO {'inputs': array([[-0.05773568, -0.09840763, -0.10040253, ...,  0.02933797,
         0.04399889,  0.04689974],
       [ 0.04758182,  0.05576589,  0.07349108, ..., -0.01913706,
        -0.04245656, -0.05350081],
       [-0.04938882, -0.0410261 , -0.03929916, ...,  0.0449984 ,
         0.04283758,  0.0665563 ],
       ...,
       [-0.09009381, -0.07961213, -0.06657699, ..., -0.03178088,
        -0.03280938, -0.03044477],
       [-0.02745384, -0.02329498, -0.01579335, ...,  0.01142853,
         0.02921903,  0.04972014],
       [ 0.06643232,  0.07273928,  0.06822102, ..., -0.0260841 ,
        -0.0212673 , -0.01703604]], dtype=float32), 'input_times': array([0.000e+00, 8.000e-03, 1.600e-02, ..., 8.168e+00, 8.176e+00,
       8.184e+00], dtype=float32), 'targets': array([   1,    1,    1, ...,    1, 1129, 1092]), 'input_event_start_indices': array([   0,    0,    1, ..., 1323, 1324, 1325]), 'input_event_end_indices': array([   0,    1,    2, ..., 1324, 1325, 8290]), 'input_state_event_indices': array([0, 0, 0, ..., 0, 0, 0])}
2022-03-16 10:00:12 datasets.py[line:168] INFO <class 'dict'>
2022-03-16 10:00:12 datasets.py[line:170] INFO {'inputs': array([[[ 9.41373000e-04, -2.18674846e-04, -1.74211734e-03, ...,
          2.26207469e-02,  2.86467690e-02,  3.29887979e-02],
        [ 3.65730040e-02,  3.92140932e-02,  4.00047749e-02, ...,
         -7.25524053e-02, -7.05441460e-02, -6.52964264e-02],
        [-5.84352650e-02, -5.18499166e-02, -4.59775366e-02, ...,
          4.53544827e-03,  4.89879923e-04, -2.52224249e-03],
        ...,
        [ 1.18103690e-01,  7.38185197e-02,  2.83027422e-02, ...,
         -3.99151770e-03,  4.03524609e-03,  1.76887922e-02],
        [ 3.92279178e-02,  6.57335296e-02,  9.16928276e-02, ...,
          1.76598176e-01,  1.65271878e-01,  1.44232213e-01],
        [ 1.14225924e-01,  7.91615546e-02,  4.34102938e-02, ...,
         -7.49342889e-03,  1.39099518e-02,  4.67747636e-02]],

       [[-5.76045699e-02, -6.28891513e-02, -2.47266460e-02, ...,
          1.46411076e-01,  1.74135685e-01,  1.96748927e-01],
        [ 2.12164536e-01,  2.18840927e-01,  2.16931254e-01, ...,
         -1.64299607e-01, -1.47067785e-01, -1.20113924e-01],
        [-8.49484354e-02, -4.19840775e-02,  3.43363732e-03, ...,
          8.41737613e-02,  1.03174843e-01,  1.22665040e-01],
        ...,
        [-1.04545696e-04, -1.47579864e-04, -1.96475492e-04, ...,
          2.73732468e-04,  2.65735463e-04,  2.43278191e-04],
        [ 2.15132153e-04,  1.78748436e-04,  1.36923671e-04, ...,
         -3.23121843e-04, -2.84501322e-04, -2.45055184e-04],
        [-2.02128867e-04, -1.64691868e-04, -1.17233663e-04, ...,
         -2.23432799e-04, -2.43619099e-04, -2.73868267e-04]],

       [[-6.40529493e-07,  8.51579955e-07, -1.07714914e-06, ...,
          1.03270933e-01,  1.18775129e-01,  1.34574994e-01],
        [ 1.43419072e-01,  1.30626142e-01,  9.47771594e-02, ...,
          3.21485922e-02,  7.45979026e-02,  8.62498432e-02],
        [ 8.39097723e-02,  8.03555772e-02,  6.07375614e-02, ...,
         -2.20647752e-01, -1.95967048e-01, -1.74289137e-01],
        ...,
        [ 1.44364862e-02,  1.17381243e-02,  9.33010317e-03, ...,
          8.91355518e-03,  8.39573145e-03,  7.86428805e-03],
        [ 7.56143127e-03,  7.65478471e-03,  8.31371173e-03, ...,
         -2.23053880e-02, -2.22269632e-02, -2.21438799e-02],
        [-2.17962787e-02, -2.09549069e-02, -1.96627304e-02, ...,
         -8.74318555e-03, -7.03584077e-03, -5.53790666e-03]],

       [[-2.46380782e-03, -1.91319676e-03,  6.86212967e-04, ...,
          1.64137661e-01,  2.16381818e-01,  2.60184437e-01],
        [ 2.96628654e-01,  3.25714022e-01,  3.01319957e-01, ...,
         -4.43473935e-01, -3.73988450e-01, -2.47028306e-01],
        [-1.10147007e-01,  5.80115523e-03,  6.88345581e-02, ...,
          8.39572772e-03, -4.67205495e-02, -9.27680060e-02],
        ...,
        [-8.70812088e-02, -7.62989596e-02, -6.62388504e-02, ...,
         -8.77857953e-02, -8.61467570e-02, -8.12206343e-02],
        [-7.55606070e-02, -7.14997649e-02, -6.98635057e-02, ...,
         -4.88217250e-02, -3.20933908e-02, -1.86792817e-02],
        [-9.89621505e-03, -5.83129190e-03, -4.26241523e-03, ...,
         -4.27887291e-02, -3.96432914e-02, -3.69929150e-02]]],
      dtype=float32), 'input_times': array([[0.000e+00, 8.000e-03, 1.600e-02, ..., 8.168e+00, 8.176e+00,
        8.184e+00],
       [0.000e+00, 8.000e-03, 1.600e-02, ..., 8.168e+00, 8.176e+00,
        8.184e+00],
       [0.000e+00, 8.000e-03, 1.600e-02, ..., 8.168e+00, 8.176e+00,
        8.184e+00],
       [0.000e+00, 8.000e-03, 1.600e-02, ..., 8.168e+00, 8.176e+00,
        8.184e+00]], dtype=float32), 'targets': array([[   1,    1,    1, ..., 1071, 1129, 1082],
       [   1,    1,    1, ..., 1071, 1129, 1082],
       [   1,    1,    1, ..., 1071, 1129, 1082],
       [   1,    1,    1, ..., 1071, 1129, 1082]]), 'input_event_start_indices': array([[  0,   0,   1, ..., 909, 910, 911],
       [  0,   0,   1, ..., 909, 910, 911],
       [  0,   0,   1, ..., 909, 910, 911],
       [  0,   0,   1, ..., 909, 910, 911]]), 'input_event_end_indices': array([[   0,    1,    2, ...,  910,  911, 5291],
       [   0,    1,    2, ...,  910,  911, 5291],
       [   0,    1,    2, ...,  910,  911, 5291],
       [   0,    1,    2, ...,  910,  911, 5291]]), 'input_state_event_indices': array([[0, 0, 0, ..., 0, 0, 0],
       [0, 0, 0, ..., 0, 0, 0],
       [0, 0, 0, ..., 0, 0, 0],
       [0, 0, 0, ..., 0, 0, 0]])}
2022-03-16 10:00:13 datasets.py[line:168] INFO <class 'dict'>
2022-03-16 10:00:13 datasets.py[line:170] INFO {'inputs': array([[[-2.11353768e-02, -2.51499861e-02, -1.43224765e-02, ...,
          3.86929847e-02,  4.97028604e-02,  5.63495755e-02],
        [ 5.90041652e-02,  5.93108088e-02,  5.89885376e-02, ...,
          1.67562850e-02,  1.16011696e-02,  8.12939741e-03],
        [ 6.86347531e-03,  9.22726747e-03,  1.61767993e-02, ...,
          1.86692849e-02,  3.65557782e-02,  5.36520556e-02],
        ...,
        [ 4.01419066e-02,  3.89324613e-02,  3.78442034e-02, ...,
          4.29426879e-02,  4.28187475e-02,  4.21410352e-02],
        [ 4.21933904e-02,  4.35733423e-02,  4.63848934e-02, ...,
          9.03892517e-03, -1.68587395e-03, -1.28502678e-02],
        [-2.05640774e-02, -2.26724185e-02, -1.97291467e-02, ...,
         -2.02113055e-02, -8.83826241e-03,  3.58736655e-03]],

       [[ 9.34370793e-03,  1.76172554e-02,  1.55832646e-02, ...,
          4.62492257e-02,  4.96488810e-02,  4.82256711e-02],
        [ 4.12273109e-02,  2.90371664e-02,  1.29949320e-02, ...,
          3.94168980e-02,  4.55348007e-02,  5.38385846e-02],
        [ 6.34300634e-02,  7.20389485e-02,  7.72759914e-02, ...,
         -8.22913125e-02, -9.10689458e-02, -9.73033383e-02],
        ...,
        [ 3.49533446e-02,  3.20757963e-02,  2.83286497e-02, ...,
          2.76076701e-02,  3.95000130e-02,  5.01382016e-02],
        [ 5.80767244e-02,  6.30815029e-02,  6.59725741e-02, ...,
         -5.16453572e-02, -5.93855008e-02, -6.48770332e-02],
        [-6.78716451e-02, -6.77425936e-02, -6.43270761e-02, ...,
          1.68192033e-02,  1.12974299e-02,  5.73441805e-03]],

       [[ 9.41373000e-04, -2.18674846e-04, -1.74211734e-03, ...,
          2.26207469e-02,  2.86467690e-02,  3.29887979e-02],
        [ 3.65730040e-02,  3.92140932e-02,  4.00047749e-02, ...,
         -7.25524053e-02, -7.05441460e-02, -6.52964264e-02],
        [-5.84352650e-02, -5.18499166e-02, -4.59775366e-02, ...,
          4.53544827e-03,  4.89879923e-04, -2.52224249e-03],
        ...,
        [ 1.18103690e-01,  7.38185197e-02,  2.83027422e-02, ...,
         -3.99151770e-03,  4.03524609e-03,  1.76887922e-02],
        [ 3.92279178e-02,  6.57335296e-02,  9.16928276e-02, ...,
          1.76598176e-01,  1.65271878e-01,  1.44232213e-01],
        [ 1.14225924e-01,  7.91615546e-02,  4.34102938e-02, ...,
         -7.49342889e-03,  1.39099518e-02,  4.67747636e-02]],

       [[-5.76045699e-02, -6.28891513e-02, -2.47266460e-02, ...,
          1.46411076e-01,  1.74135685e-01,  1.96748927e-01],
        [ 2.12164536e-01,  2.18840927e-01,  2.16931254e-01, ...,
         -1.64299607e-01, -1.47067785e-01, -1.20113924e-01],
        [-8.49484354e-02, -4.19840775e-02,  3.43363732e-03, ...,
          8.41737613e-02,  1.03174843e-01,  1.22665040e-01],
        ...,
        [-1.04545696e-04, -1.47579864e-04, -1.96475492e-04, ...,
          2.73732468e-04,  2.65735463e-04,  2.43278191e-04],
        [ 2.15132153e-04,  1.78748436e-04,  1.36923671e-04, ...,
         -3.23121843e-04, -2.84501322e-04, -2.45055184e-04],
        [-2.02128867e-04, -1.64691868e-04, -1.17233663e-04, ...,
         -2.23432799e-04, -2.43619099e-04, -2.73868267e-04]]],
      dtype=float32), 'input_times': array([[0.000e+00, 8.000e-03, 1.600e-02, ..., 8.168e+00, 8.176e+00,
        8.184e+00],
       [0.000e+00, 8.000e-03, 1.600e-02, ..., 8.168e+00, 8.176e+00,
        8.184e+00],
       [0.000e+00, 8.000e-03, 1.600e-02, ..., 8.168e+00, 8.176e+00,
        8.184e+00],
       [0.000e+00, 8.000e-03, 1.600e-02, ..., 8.168e+00, 8.176e+00,
        8.184e+00]], dtype=float32), 'targets': array([[   1,    1,    1, ..., 1071, 1129, 1082],
       [   1,    1,    1, ..., 1071, 1129, 1082],
       [   1,    1,    1, ..., 1071, 1129, 1082],
       [   1,    1,    1, ..., 1071, 1129, 1082]]), 'input_event_start_indices': array([[  0,   0,   1, ..., 909, 910, 911],
       [  0,   0,   1, ..., 909, 910, 911],
       [  0,   0,   1, ..., 909, 910, 911],
       [  0,   0,   1, ..., 909, 910, 911]]), 'input_event_end_indices': array([[   0,    1,    2, ...,  910,  911, 5291],
       [   0,    1,    2, ...,  910,  911, 5291],
       [   0,    1,    2, ...,  910,  911, 5291],
       [   0,    1,    2, ...,  910,  911, 5291]]), 'input_state_event_indices': array([[0, 0, 0, ..., 0, 0, 0],
       [0, 0, 0, ..., 0, 0, 0],
       [0, 0, 0, ..., 0, 0, 0],
       [0, 0, 0, ..., 0, 0, 0]])}
2022-03-16 10:00:14 datasets.py[line:168] INFO <class 'dict'>
2022-03-16 10:00:14 datasets.py[line:170] INFO {'inputs': array([[[ 1.14266250e-05,  1.62741981e-05,  1.47522396e-05, ...,
          0.00000000e+00,  0.00000000e+00,  0.00000000e+00],
        [ 0.00000000e+00,  0.00000000e+00,  0.00000000e+00, ...,
         -1.12226253e-05, -1.63239511e-05, -1.51505055e-05],
        [-4.74813396e-06,  1.83441080e-06, -1.25246856e-06, ...,
          0.00000000e+00,  0.00000000e+00,  0.00000000e+00],
        ...,
        [ 1.16708158e-02,  5.71576878e-03, -6.80237426e-04, ...,
         -7.10793445e-03, -3.63898091e-03,  1.12786912e-03],
        [ 7.11693056e-03,  1.34313460e-02,  1.81834009e-02, ...,
          6.26129005e-03,  6.18062774e-03,  5.88297890e-03],
        [ 5.85736381e-03,  7.35117914e-03,  1.10359583e-02, ...,
          8.13966710e-03,  8.17738101e-03,  9.05989949e-03]],

       [[ 5.44417975e-03,  5.18068811e-03, -5.47400676e-04, ...,
          1.27722817e-02,  1.17461849e-02,  1.03566395e-02],
        [ 8.82508606e-03,  7.17478897e-03,  5.60221495e-03, ...,
          1.12847585e-04,  9.31476417e-04,  1.20681059e-03],
        [-1.12358946e-04, -2.27680570e-03, -3.15051968e-03, ...,
         -1.08073624e-02, -1.45934690e-02, -1.66251827e-02],
        ...,
        [-5.19008450e-02, -3.19000036e-02, -2.28878837e-02, ...,
          6.92799911e-02,  8.46654102e-02,  8.88229385e-02],
        [ 8.00576806e-02,  6.45191744e-02,  4.97913323e-02, ...,
         -8.04789513e-02, -7.15572387e-02, -6.32419139e-02],
        [-5.52518629e-02, -4.93547432e-02, -4.05661613e-02, ...,
          1.16575800e-01,  1.17903695e-01,  1.10074595e-01]],

       [[ 5.65982871e-02,  5.82822114e-02,  2.24561226e-02, ...,
         -7.31773898e-02, -6.88790381e-02, -6.40601516e-02],
        [-4.97008264e-02, -2.33620554e-02,  7.20716873e-03, ...,
          8.78024623e-02,  6.41051456e-02,  5.04778624e-02],
        [ 4.57777232e-02,  4.88507971e-02,  5.11698164e-02, ...,
         -1.04008846e-01, -7.49781877e-02, -4.51710299e-02],
        ...,
        [ 1.55149689e-02, -3.02138031e-02, -6.83343112e-02, ...,
          1.16427243e-01,  9.69642624e-02,  6.84289560e-02],
        [ 3.54561545e-02,  3.36820446e-03, -2.76039653e-02, ...,
          9.36279818e-02,  7.48127922e-02,  6.36466518e-02],
        [ 6.39638379e-02,  7.28765056e-02,  7.71060288e-02, ...,
          1.11148894e-01,  7.18279332e-02,  4.00490835e-02]],

       [[ 1.12085575e-02, -6.61394838e-03, -4.95869108e-02, ...,
          2.05987304e-01,  2.33956382e-01,  2.26442486e-01],
        [ 1.91301242e-01,  1.41573370e-01,  9.25664306e-02, ...,
         -4.83968295e-02, -8.14723875e-03,  1.24979233e-02],
        [ 1.13189034e-02,  1.14292642e-02,  2.67100371e-02, ...,
          2.09499802e-02, -8.74198601e-03, -4.82517667e-02],
        ...,
        [-3.85730267e-02, -3.70454900e-02, -3.49103063e-02, ...,
          9.23588034e-03,  4.27332334e-03,  3.19911574e-04],
        [-6.44909916e-04,  1.96640496e-03,  7.82316551e-03, ...,
         -4.12303172e-02, -3.89289856e-02, -3.16283442e-02],
        [-2.05701664e-02, -8.37361347e-03,  2.93949828e-03, ...,
          4.11838070e-02,  4.17766795e-02,  4.52510528e-02]]],
      dtype=float32), 'input_times': array([[0.000e+00, 8.000e-03, 1.600e-02, ..., 8.168e+00, 8.176e+00,
        8.184e+00],
       [0.000e+00, 8.000e-03, 1.600e-02, ..., 8.168e+00, 8.176e+00,
        8.184e+00],
       [0.000e+00, 8.000e-03, 1.600e-02, ..., 8.168e+00, 8.176e+00,
        8.184e+00],
       [0.000e+00, 8.000e-03, 1.600e-02, ..., 8.168e+00, 8.176e+00,
        8.184e+00]], dtype=float32), 'targets': array([[   1,    1,    1, ...,    1, 1129, 1034],
       [   1,    1,    1, ...,    1, 1129, 1034],
       [   1,    1,    1, ...,    1, 1129, 1034],
       [   1,    1,    1, ...,    1, 1129, 1034]]), 'input_event_start_indices': array([[   0,    0,    1, ..., 1530, 1531, 1532],
       [   0,    0,    1, ..., 1530, 1531, 1532],
       [   0,    0,    1, ..., 1530, 1531, 1532],
       [   0,    0,    1, ..., 1530, 1531, 1532]]), 'input_event_end_indices': array([[    0,     1,     2, ...,  1531,  1532, 14196],
       [    0,     1,     2, ...,  1531,  1532, 14196],
       [    0,     1,     2, ...,  1531,  1532, 14196],
       [    0,     1,     2, ...,  1531,  1532, 14196]]), 'input_state_event_indices': array([[0, 0, 0, ..., 0, 0, 0],
       [0, 0, 0, ..., 0, 0, 0],
       [0, 0, 0, ..., 0, 0, 0],
       [0, 0, 0, ..., 0, 0, 0]])}
