2022-03-16 16:56:24 datasets.py[line:46] INFO audio.shape=(131072,)
2022-03-16 16:56:24 datasets.py[line:47] INFO ticks_per_quarter: 480
time_signatures {
  numerator: 4
  denominator: 4
}
tempos {
  qpm: 120.0
}
notes {
  pitch: 24
  velocity: 93
  start_time: 0.99375
  end_time: 1.0635416666666666
}
notes {
  p
2022-03-16 16:56:24 preprocessors.py[line:165] INFO Got audio for ns.id='(0, 2.3)'::ns.filename='' with length 131072
2022-03-16 16:56:24 preprocessors.py[line:124] INFO Padded 131072 samples to multiple of 128
2022-03-16 16:56:24 preprocessors.py[line:134] INFO Encoded 131072 samples to 1024 frames, 128 samples each
2022-03-16 16:56:24 preprocessors.py[line:202] INFO trim featrue: start=287, end=1311
2022-03-16 16:56:24 preprocessors.py[line:409] INFO features["targets"].shape=(8290,)
2022-03-16 16:56:24 preprocessors.py[line:411] INFO features["targets"].shape=(1626,), target_start_idx=268 target_end_idx=1894
2022-03-16 16:56:24 preprocessors.py[line:447] INFO targets, features[key].shape=(1626,)
2022-03-16 16:56:24 preprocessors.py[line:449] INFO targets, features[key].shape=(1357,)
2022-03-16 16:56:24 preprocessors.py[line:473] INFO len(state_change_event_ranges)=2, state_change_event_ranges=[(1129, 1256), (1258, 1385)]
2022-03-16 16:56:24 preprocessors.py[line:474] INFO before RLE, features[key].shape=(1357,)
2022-03-16 16:56:24 preprocessors.py[line:515] INFO after RLE, features[key].shape=(641,)
