2022-04-29 20:18:33 inference.py[line:114] INFO YuiConfigDev(RANDOM_SEED=233, DATASET_DIR='D:/A日常/大学/毕业设计/dataset/maestro-v3.0.0_hdf5/', DATAMETA_NAME='maestro-v3.0.0_tinymp3.csv', WORKSPACE='D:/A日常/大学/毕业设计/code/yui/', MAX_INPUTS_LENGTH=512, MAX_TARGETS_LENGTH=1024, PROGRAM_GRANULARITY='flat', SAMPLE_RATE=16000, FRAME_SIZE=128, HOP_WIDTH=128, NUM_MEL_BINS=256, FFT_SIZE=2048, MEL_LO_HZ=20.0, MEL_HI_HZ=8000.0, PAD_ID=0, ENCODED_EOS_ID=1, ENCODED_UNK_ID=2, EXTRA_IDS=100, DECODED_EOS_ID=-1, DECODED_INVALID_ID=-2, STEPS_PER_SECOND=100, MAX_SHIFT_SECONDS=10, NUM_VELOCITY_BINS=127, CUDA=True, BATCH_SIZE=8, EXPECT_BATCH_SIZE=128, NUM_WORKERS=2, NUM_EPOCHS=160, TRAIN_ITERATION=600, LEARNING_RATE=0.001, OVERFIT_PATIENCE=8, MODEL_SUFFIX='_kaggle7')
2022-04-29 20:18:33 inference.py[line:116] INFO Using GPU.
2022-04-29 20:18:33 inference.py[line:117] INFO GPU number: 1
2022-04-29 20:18:33 inference.py[line:128] INFO The model has 5,118,208 trainable parameters
2022-04-29 20:18:33 inference.py[line:78] INFO -------infer starts-------
2022-04-29 20:18:51 postprocessors.py[line:33] INFO 41
2022-04-29 20:18:51 postprocessors.py[line:37] INFO 40
2022-04-29 20:18:51 postprocessors.py[line:33] INFO 107
2022-04-29 20:18:51 postprocessors.py[line:37] INFO 106
2022-04-29 20:18:51 postprocessors.py[line:33] INFO 70
2022-04-29 20:18:51 postprocessors.py[line:37] INFO 69
2022-04-29 20:18:51 postprocessors.py[line:33] INFO 121
2022-04-29 20:18:51 postprocessors.py[line:37] INFO 120
2022-04-29 20:18:51 postprocessors.py[line:33] INFO 171
2022-04-29 20:18:51 postprocessors.py[line:37] INFO 170
2022-04-29 20:18:51 postprocessors.py[line:33] INFO 82
2022-04-29 20:18:51 postprocessors.py[line:37] INFO 81
2022-04-29 20:18:51 postprocessors.py[line:33] INFO 102
2022-04-29 20:18:51 postprocessors.py[line:37] INFO 101
2022-04-29 20:18:51 postprocessors.py[line:33] INFO 72
2022-04-29 20:18:51 postprocessors.py[line:37] INFO 71
2022-04-29 20:18:54 postprocessors.py[line:33] INFO 133
2022-04-29 20:18:54 postprocessors.py[line:37] INFO 132
2022-04-29 20:18:54 postprocessors.py[line:33] INFO 154
2022-04-29 20:18:54 postprocessors.py[line:37] INFO 153
2022-04-29 20:18:54 postprocessors.py[line:33] INFO 91
2022-04-29 20:18:54 postprocessors.py[line:37] INFO 90
2022-04-29 20:18:54 postprocessors.py[line:33] INFO 128
2022-04-29 20:18:54 postprocessors.py[line:37] INFO 127
2022-04-29 20:18:54 postprocessors.py[line:33] INFO 146
2022-04-29 20:18:54 postprocessors.py[line:37] INFO 145
2022-04-29 20:18:54 postprocessors.py[line:33] INFO 180
2022-04-29 20:18:54 postprocessors.py[line:37] INFO 179
2022-04-29 20:18:54 postprocessors.py[line:33] INFO 185
2022-04-29 20:18:54 postprocessors.py[line:37] INFO 184
2022-04-29 20:18:54 postprocessors.py[line:33] INFO 170
2022-04-29 20:18:54 postprocessors.py[line:37] INFO 169
2022-04-29 20:18:58 postprocessors.py[line:33] INFO 157
2022-04-29 20:18:58 postprocessors.py[line:37] INFO 156
2022-04-29 20:18:58 postprocessors.py[line:33] INFO 72
2022-04-29 20:18:58 postprocessors.py[line:37] INFO 71
2022-04-29 20:18:58 postprocessors.py[line:33] INFO 66
2022-04-29 20:18:58 postprocessors.py[line:37] INFO 65
2022-04-29 20:18:58 postprocessors.py[line:33] INFO 98
2022-04-29 20:18:58 postprocessors.py[line:37] INFO 97
2022-04-29 20:18:58 postprocessors.py[line:33] INFO 72
2022-04-29 20:18:58 postprocessors.py[line:37] INFO 71
2022-04-29 20:18:58 postprocessors.py[line:33] INFO 125
2022-04-29 20:18:58 postprocessors.py[line:37] INFO 124
2022-04-29 20:18:58 postprocessors.py[line:33] INFO 170
2022-04-29 20:18:58 postprocessors.py[line:37] INFO 169
2022-04-29 20:18:58 postprocessors.py[line:33] INFO 178
2022-04-29 20:18:58 postprocessors.py[line:37] INFO 177
2022-04-29 20:19:02 postprocessors.py[line:33] INFO 225
2022-04-29 20:19:02 postprocessors.py[line:37] INFO 224
2022-04-29 20:19:02 postprocessors.py[line:33] INFO 196
2022-04-29 20:19:02 postprocessors.py[line:37] INFO 195
2022-04-29 20:19:02 postprocessors.py[line:33] INFO 164
2022-04-29 20:19:02 postprocessors.py[line:37] INFO 163
2022-04-29 20:19:02 postprocessors.py[line:33] INFO 222
2022-04-29 20:19:02 postprocessors.py[line:37] INFO 221
2022-04-29 20:19:02 postprocessors.py[line:33] INFO 176
2022-04-29 20:19:02 postprocessors.py[line:37] INFO 175
2022-04-29 20:19:02 postprocessors.py[line:33] INFO 117
2022-04-29 20:19:02 postprocessors.py[line:37] INFO 116
2022-04-29 20:19:02 postprocessors.py[line:33] INFO 62
2022-04-29 20:19:02 postprocessors.py[line:37] INFO 61
2022-04-29 20:19:02 postprocessors.py[line:33] INFO 70
2022-04-29 20:19:02 postprocessors.py[line:37] INFO 69
2022-04-29 20:19:05 postprocessors.py[line:33] INFO 89
2022-04-29 20:19:05 postprocessors.py[line:37] INFO 88
2022-04-29 20:19:05 postprocessors.py[line:33] INFO 119
2022-04-29 20:19:05 postprocessors.py[line:37] INFO 118
2022-04-29 20:19:05 postprocessors.py[line:33] INFO 116
2022-04-29 20:19:05 postprocessors.py[line:37] INFO 115
2022-04-29 20:19:05 postprocessors.py[line:33] INFO 82
2022-04-29 20:19:05 postprocessors.py[line:37] INFO 81
2022-04-29 20:19:05 postprocessors.py[line:33] INFO 100
2022-04-29 20:19:05 postprocessors.py[line:37] INFO 99
2022-04-29 20:19:05 postprocessors.py[line:33] INFO 56
2022-04-29 20:19:05 postprocessors.py[line:37] INFO 55
2022-04-29 20:19:05 postprocessors.py[line:33] INFO 80
2022-04-29 20:19:05 postprocessors.py[line:37] INFO 79
2022-04-29 20:19:05 postprocessors.py[line:33] INFO 128
2022-04-29 20:19:05 postprocessors.py[line:37] INFO 127
2022-04-29 20:19:09 postprocessors.py[line:33] INFO 125
2022-04-29 20:19:09 postprocessors.py[line:37] INFO 124
2022-04-29 20:19:09 postprocessors.py[line:33] INFO 107
2022-04-29 20:19:09 postprocessors.py[line:37] INFO 106
2022-04-29 20:19:09 postprocessors.py[line:33] INFO 164
2022-04-29 20:19:09 postprocessors.py[line:37] INFO 163
2022-04-29 20:19:09 postprocessors.py[line:33] INFO 214
2022-04-29 20:19:09 postprocessors.py[line:37] INFO 213
2022-04-29 20:19:09 postprocessors.py[line:33] INFO 185
2022-04-29 20:19:09 postprocessors.py[line:37] INFO 184
2022-04-29 20:19:09 postprocessors.py[line:33] INFO 96
2022-04-29 20:19:09 postprocessors.py[line:37] INFO 95
2022-04-29 20:19:09 postprocessors.py[line:33] INFO 191
2022-04-29 20:19:09 postprocessors.py[line:37] INFO 190
2022-04-29 20:19:09 postprocessors.py[line:33] INFO 199
2022-04-29 20:19:09 postprocessors.py[line:37] INFO 198
2022-04-29 20:19:14 postprocessors.py[line:33] INFO 221
2022-04-29 20:19:14 postprocessors.py[line:37] INFO 220
2022-04-29 20:19:14 postprocessors.py[line:33] INFO 260
2022-04-29 20:19:14 postprocessors.py[line:37] INFO 259
2022-04-29 20:19:14 postprocessors.py[line:33] INFO 241
2022-04-29 20:19:14 postprocessors.py[line:37] INFO 240
2022-04-29 20:19:14 postprocessors.py[line:33] INFO 275
2022-04-29 20:19:14 postprocessors.py[line:37] INFO 274
2022-04-29 20:19:14 postprocessors.py[line:33] INFO 258
2022-04-29 20:19:14 postprocessors.py[line:37] INFO 257
2022-04-29 20:19:14 postprocessors.py[line:33] INFO 259
2022-04-29 20:19:14 postprocessors.py[line:37] INFO 258
2022-04-29 20:19:14 postprocessors.py[line:33] INFO 198
2022-04-29 20:19:14 postprocessors.py[line:37] INFO 197
2022-04-29 20:19:14 postprocessors.py[line:33] INFO 170
2022-04-29 20:19:14 postprocessors.py[line:37] INFO 169
2022-04-29 20:19:18 postprocessors.py[line:33] INFO 143
2022-04-29 20:19:18 postprocessors.py[line:37] INFO 142
2022-04-29 20:19:18 postprocessors.py[line:33] INFO 117
2022-04-29 20:19:18 postprocessors.py[line:37] INFO 116
2022-04-29 20:19:18 postprocessors.py[line:33] INFO 84
2022-04-29 20:19:18 postprocessors.py[line:37] INFO 83
2022-04-29 20:19:18 postprocessors.py[line:33] INFO 68
2022-04-29 20:19:18 postprocessors.py[line:37] INFO 67
2022-04-29 20:19:18 postprocessors.py[line:33] INFO 78
2022-04-29 20:19:18 postprocessors.py[line:37] INFO 77
2022-04-29 20:19:18 postprocessors.py[line:33] INFO 165
2022-04-29 20:19:18 postprocessors.py[line:37] INFO 164
2022-04-29 20:19:18 postprocessors.py[line:33] INFO 165
2022-04-29 20:19:18 postprocessors.py[line:37] INFO 164
2022-04-29 20:19:18 postprocessors.py[line:33] INFO 170
2022-04-29 20:19:18 postprocessors.py[line:37] INFO 169
2022-04-29 20:19:21 postprocessors.py[line:33] INFO 171
2022-04-29 20:19:21 postprocessors.py[line:37] INFO 170
2022-04-29 20:19:21 postprocessors.py[line:33] INFO 142
2022-04-29 20:19:21 postprocessors.py[line:37] INFO 141
2022-04-29 20:19:21 postprocessors.py[line:33] INFO 103
2022-04-29 20:19:21 postprocessors.py[line:37] INFO 102
2022-04-29 20:19:21 postprocessors.py[line:33] INFO 92
2022-04-29 20:19:21 postprocessors.py[line:37] INFO 91
2022-04-29 20:19:21 postprocessors.py[line:33] INFO 140
2022-04-29 20:19:21 postprocessors.py[line:37] INFO 139
2022-04-29 20:19:21 postprocessors.py[line:33] INFO 125
2022-04-29 20:19:21 postprocessors.py[line:37] INFO 124
2022-04-29 20:19:21 postprocessors.py[line:33] INFO 159
2022-04-29 20:19:21 postprocessors.py[line:37] INFO 158
2022-04-29 20:19:21 postprocessors.py[line:33] INFO 186
2022-04-29 20:19:21 postprocessors.py[line:37] INFO 185
2022-04-29 20:19:26 postprocessors.py[line:33] INFO 161
2022-04-29 20:19:26 postprocessors.py[line:37] INFO 160
2022-04-29 20:19:26 postprocessors.py[line:33] INFO 181
2022-04-29 20:19:26 postprocessors.py[line:37] INFO 180
2022-04-29 20:19:26 postprocessors.py[line:33] INFO 244
2022-04-29 20:19:26 postprocessors.py[line:37] INFO 243
2022-04-29 20:19:26 postprocessors.py[line:33] INFO 222
2022-04-29 20:19:26 postprocessors.py[line:37] INFO 221
2022-04-29 20:19:26 postprocessors.py[line:33] INFO 210
2022-04-29 20:19:26 postprocessors.py[line:37] INFO 209
2022-04-29 20:19:26 postprocessors.py[line:33] INFO 168
2022-04-29 20:19:26 postprocessors.py[line:37] INFO 167
2022-04-29 20:19:26 postprocessors.py[line:33] INFO 131
2022-04-29 20:19:26 postprocessors.py[line:37] INFO 130
2022-04-29 20:19:26 postprocessors.py[line:33] INFO 133
2022-04-29 20:19:26 postprocessors.py[line:37] INFO 132
2022-04-29 20:19:30 postprocessors.py[line:33] INFO 146
2022-04-29 20:19:30 postprocessors.py[line:37] INFO 145
2022-04-29 20:19:30 postprocessors.py[line:33] INFO 92
2022-04-29 20:19:30 postprocessors.py[line:37] INFO 91
2022-04-29 20:19:30 postprocessors.py[line:33] INFO 87
2022-04-29 20:19:30 postprocessors.py[line:37] INFO 86
2022-04-29 20:19:30 postprocessors.py[line:33] INFO 66
2022-04-29 20:19:30 postprocessors.py[line:37] INFO 65
2022-04-29 20:19:30 postprocessors.py[line:33] INFO 93
2022-04-29 20:19:30 postprocessors.py[line:37] INFO 92
2022-04-29 20:19:30 postprocessors.py[line:33] INFO 108
2022-04-29 20:19:30 postprocessors.py[line:37] INFO 107
2022-04-29 20:19:30 postprocessors.py[line:33] INFO 224
2022-04-29 20:19:30 postprocessors.py[line:37] INFO 223
2022-04-29 20:19:30 postprocessors.py[line:33] INFO 222
2022-04-29 20:19:30 postprocessors.py[line:37] INFO 221
2022-04-29 20:19:35 postprocessors.py[line:33] INFO 220
2022-04-29 20:19:35 postprocessors.py[line:37] INFO 219
2022-04-29 20:19:35 postprocessors.py[line:33] INFO 219
2022-04-29 20:19:35 postprocessors.py[line:37] INFO 218
2022-04-29 20:19:35 postprocessors.py[line:33] INFO 200
2022-04-29 20:19:35 postprocessors.py[line:37] INFO 199
2022-04-29 20:19:35 postprocessors.py[line:33] INFO 244
2022-04-29 20:19:35 postprocessors.py[line:37] INFO 243
2022-04-29 20:19:35 postprocessors.py[line:33] INFO 253
2022-04-29 20:19:35 postprocessors.py[line:37] INFO 252
2022-04-29 20:19:35 postprocessors.py[line:33] INFO 232
2022-04-29 20:19:35 postprocessors.py[line:37] INFO 231
2022-04-29 20:19:35 postprocessors.py[line:33] INFO 184
2022-04-29 20:19:35 postprocessors.py[line:37] INFO 183
2022-04-29 20:19:35 postprocessors.py[line:33] INFO 178
2022-04-29 20:19:35 postprocessors.py[line:37] INFO 177
2022-04-29 20:19:38 postprocessors.py[line:33] INFO 144
2022-04-29 20:19:38 postprocessors.py[line:37] INFO 143
2022-04-29 20:19:38 postprocessors.py[line:33] INFO 95
2022-04-29 20:19:38 postprocessors.py[line:37] INFO 94
2022-04-29 20:19:38 postprocessors.py[line:33] INFO 46
2022-04-29 20:19:38 postprocessors.py[line:37] INFO 45
2022-04-29 20:19:38 postprocessors.py[line:33] INFO 88
2022-04-29 20:19:38 postprocessors.py[line:37] INFO 87
2022-04-29 20:19:38 postprocessors.py[line:33] INFO 87
2022-04-29 20:19:38 postprocessors.py[line:37] INFO 86
2022-04-29 20:19:38 postprocessors.py[line:33] INFO 115
2022-04-29 20:19:38 postprocessors.py[line:37] INFO 114
2022-04-29 20:19:38 postprocessors.py[line:33] INFO 96
2022-04-29 20:19:38 postprocessors.py[line:37] INFO 95
2022-04-29 20:19:38 postprocessors.py[line:33] INFO 103
2022-04-29 20:19:38 postprocessors.py[line:37] INFO 102
2022-04-29 20:19:41 postprocessors.py[line:33] INFO 133
2022-04-29 20:19:41 postprocessors.py[line:37] INFO 132
2022-04-29 20:19:41 postprocessors.py[line:33] INFO 73
2022-04-29 20:19:41 postprocessors.py[line:37] INFO 72
2022-04-29 20:19:41 postprocessors.py[line:33] INFO 65
2022-04-29 20:19:41 postprocessors.py[line:37] INFO 64
2022-04-29 20:19:41 postprocessors.py[line:33] INFO 44
2022-04-29 20:19:41 postprocessors.py[line:37] INFO 43
2022-04-29 20:19:41 postprocessors.py[line:33] INFO 63
2022-04-29 20:19:41 postprocessors.py[line:37] INFO 62
2022-04-29 20:19:41 postprocessors.py[line:33] INFO 36
2022-04-29 20:19:41 postprocessors.py[line:37] INFO 35
2022-04-29 20:19:41 postprocessors.py[line:33] INFO 19
2022-04-29 20:19:41 postprocessors.py[line:37] INFO 18
2022-04-29 20:19:41 postprocessors.py[line:33] INFO 2
2022-04-29 20:19:41 postprocessors.py[line:37] INFO 1
2022-04-29 20:19:41 inference.py[line:98] INFO -------infer exits-------
2022-04-29 20:19:41 inference.py[line:152] INFO infer finish, time=68.059s
2022-04-29 20:19:41 inference.py[line:153] INFO the output midi file: D:/A日常/大学/毕业设计/dataset/maestro-v3.0.0/2017/MIDI-Unprocessed_066_PIANO066_MID--AUDIO-split_07-07-17_Piano-e_3-02_wav--3_yui.midi
