2022-04-19 15:55:20 train.py[line:151] INFO YuiConfigPro(RANDOM_SEED=233, DATASET_DIR='D:/A日常/大学/毕业设计/dataset/maestro-v3.0.0/', DATAMETA_NAME='maestro-v3.0.0_tinymp3.csv', WORKSPACE='D:/A日常/大学/毕业设计/code/yui/', MAX_INPUTS_LENGTH=512, MAX_TARGETS_LENGTH=1024, PROGRAM_GRANULARITY='flat', SAMPLE_RATE=16000, FRAME_SIZE=128, HOP_WIDTH=128, NUM_MEL_BINS=256, FFT_SIZE=2048, MEL_LO_HZ=20.0, MEL_HI_HZ=8000.0, PAD_ID=0, ENCODED_EOS_ID=1, ENCODED_UNK_ID=2, EXTRA_IDS=100, DECODED_EOS_ID=-1, DECODED_INVALID_ID=-2, STEPS_PER_SECOND=100, MAX_SHIFT_SECONDS=10, NUM_VELOCITY_BINS=127, CUDA=True, BATCH_SIZE=4, NUM_WORKERS=3, NUM_EPOCHS=160, TRAIN_ITERATION=600, LEARNING_RATE=0.001, OVERFIT_PATIENCE=8)
2022-04-19 15:55:20 train.py[line:153] INFO Using GPU.
2022-04-19 15:55:20 train.py[line:154] INFO GPU number: 1
2022-04-19 15:55:20 train.py[line:177] INFO The model has 4,640,512 trainable parameters
2022-04-19 15:55:20 train.py[line:254] INFO -------train loop starts, start_time=1650354920.491s-------
2022-04-19 15:55:39 train.py[line:78] INFO train: epoch=0, iteration=20, loss=8.514854431152344, lr=[tensor(2.0006e-06, device='cuda:0')], in 18.870s
2022-04-19 15:55:43 train.py[line:78] INFO train: epoch=0, iteration=40, loss=8.574325561523438, lr=[tensor(3.0010e-06, device='cuda:0')], in 4.176s
2022-04-19 15:55:47 train.py[line:78] INFO train: epoch=0, iteration=60, loss=8.55223274230957, lr=[tensor(4.0013e-06, device='cuda:0')], in 3.638s
2022-04-19 15:55:50 train.py[line:78] INFO train: epoch=0, iteration=80, loss=8.541950225830078, lr=[tensor(5.0016e-06, device='cuda:0')], in 3.656s
2022-04-19 15:55:54 train.py[line:78] INFO train: epoch=0, iteration=100, loss=8.579294204711914, lr=[tensor(7.0023e-06, device='cuda:0')], in 3.684s
2022-04-19 15:55:58 train.py[line:78] INFO train: epoch=0, iteration=120, loss=8.586631774902344, lr=[tensor(8.0026e-06, device='cuda:0')], in 3.660s
2022-04-19 15:56:01 train.py[line:78] INFO train: epoch=0, iteration=140, loss=8.569402694702148, lr=[tensor(9.0029e-06, device='cuda:0')], in 3.657s
2022-04-19 15:56:06 train.py[line:78] INFO train: epoch=0, iteration=160, loss=8.543259620666504, lr=[tensor(1.0003e-05, device='cuda:0')], in 4.201s
2022-04-19 15:56:09 train.py[line:78] INFO train: epoch=0, iteration=180, loss=8.548565864562988, lr=[tensor(1.2004e-05, device='cuda:0')], in 3.684s
2022-04-19 15:56:13 train.py[line:78] INFO train: epoch=0, iteration=200, loss=8.526195526123047, lr=[tensor(1.3004e-05, device='cuda:0')], in 3.657s
2022-04-19 15:56:17 train.py[line:78] INFO train: epoch=0, iteration=220, loss=8.576337814331055, lr=[tensor(1.4005e-05, device='cuda:0')], in 3.658s
2022-04-19 15:56:20 train.py[line:78] INFO train: epoch=0, iteration=240, loss=8.56556224822998, lr=[tensor(1.5005e-05, device='cuda:0')], in 3.659s
2022-04-19 15:56:24 train.py[line:78] INFO train: epoch=0, iteration=260, loss=8.592925071716309, lr=[tensor(1.7005e-05, device='cuda:0')], in 3.678s
2022-04-19 15:56:28 train.py[line:78] INFO train: epoch=0, iteration=280, loss=8.584864616394043, lr=[tensor(1.8006e-05, device='cuda:0')], in 3.660s
2022-04-19 15:56:32 train.py[line:78] INFO train: epoch=0, iteration=300, loss=8.593453407287598, lr=[tensor(1.9006e-05, device='cuda:0')], in 4.143s
2022-04-19 15:56:35 train.py[line:78] INFO train: epoch=0, iteration=320, loss=8.563782691955566, lr=[tensor(2.0006e-05, device='cuda:0')], in 3.668s
2022-04-19 15:56:39 train.py[line:78] INFO train: epoch=0, iteration=340, loss=8.544051170349121, lr=[tensor(2.2007e-05, device='cuda:0')], in 3.691s
2022-04-19 15:56:43 train.py[line:78] INFO train: epoch=0, iteration=360, loss=8.536974906921387, lr=[tensor(2.3007e-05, device='cuda:0')], in 3.679s
2022-04-19 15:56:47 train.py[line:78] INFO train: epoch=0, iteration=380, loss=8.505948066711426, lr=[tensor(2.4008e-05, device='cuda:0')], in 4.010s
2022-04-19 15:56:50 train.py[line:78] INFO train: epoch=0, iteration=400, loss=8.581551551818848, lr=[tensor(2.5008e-05, device='cuda:0')], in 3.664s
2022-04-19 15:56:55 train.py[line:78] INFO train: epoch=0, iteration=420, loss=8.537473678588867, lr=[tensor(2.7009e-05, device='cuda:0')], in 4.178s
2022-04-19 15:56:58 train.py[line:78] INFO train: epoch=0, iteration=440, loss=8.53239917755127, lr=[tensor(2.8009e-05, device='cuda:0')], in 3.690s
2022-04-19 15:57:02 train.py[line:78] INFO train: epoch=0, iteration=460, loss=8.56675910949707, lr=[tensor(2.9009e-05, device='cuda:0')], in 3.675s
2022-04-19 15:57:06 train.py[line:78] INFO train: epoch=0, iteration=480, loss=8.572256088256836, lr=[tensor(3.0010e-05, device='cuda:0')], in 3.669s
2022-04-19 15:57:09 train.py[line:78] INFO train: epoch=0, iteration=500, loss=8.551847457885742, lr=[tensor(3.2010e-05, device='cuda:0')], in 3.710s
2022-04-19 15:57:13 train.py[line:78] INFO train: epoch=0, iteration=520, loss=8.559891700744629, lr=[tensor(3.3011e-05, device='cuda:0')], in 3.674s
2022-04-19 15:57:17 train.py[line:78] INFO train: epoch=0, iteration=540, loss=8.511863708496094, lr=[tensor(3.4011e-05, device='cuda:0')], in 3.672s
2022-04-19 15:57:21 train.py[line:78] INFO train: epoch=0, iteration=560, loss=8.500990867614746, lr=[tensor(3.5011e-05, device='cuda:0')], in 3.994s
2022-04-19 15:57:24 train.py[line:78] INFO train: epoch=0, iteration=580, loss=8.550633430480957, lr=[tensor(3.7012e-05, device='cuda:0')], in 3.698s
2022-04-19 15:57:28 train.py[line:78] INFO train: epoch=0, iteration=600, loss=8.530571937561035, lr=[tensor(3.8012e-05, device='cuda:0')], in 3.669s
2022-04-19 15:57:29 train.py[line:86] INFO -------train exits, epoch=0-------
2022-04-19 15:57:46 train.py[line:78] INFO train: epoch=0, iteration=20, loss=8.518393516540527, lr=[tensor(4.0013e-05, device='cuda:0')], in 17.417s
2022-04-19 15:57:50 train.py[line:78] INFO train: epoch=0, iteration=40, loss=8.54977035522461, lr=[tensor(4.1013e-05, device='cuda:0')], in 3.651s
2022-04-19 15:57:53 train.py[line:78] INFO train: epoch=0, iteration=60, loss=8.547646522521973, lr=[tensor(4.2014e-05, device='cuda:0')], in 3.653s
2022-04-19 15:57:57 train.py[line:78] INFO train: epoch=0, iteration=80, loss=8.536107063293457, lr=[tensor(4.3014e-05, device='cuda:0')], in 3.653s
2022-04-19 15:58:01 train.py[line:78] INFO train: epoch=0, iteration=100, loss=8.529425621032715, lr=[tensor(4.5015e-05, device='cuda:0')], in 3.726s
2022-04-19 15:58:05 train.py[line:78] INFO train: epoch=0, iteration=120, loss=8.519718170166016, lr=[tensor(4.6015e-05, device='cuda:0')], in 3.680s
2022-04-19 15:58:08 train.py[line:78] INFO train: epoch=0, iteration=140, loss=8.48698902130127, lr=[tensor(4.7015e-05, device='cuda:0')], in 3.665s
2022-04-19 15:58:12 train.py[line:78] INFO train: epoch=0, iteration=160, loss=8.526649475097656, lr=[tensor(4.8015e-05, device='cuda:0')], in 3.666s
2022-04-19 15:58:16 train.py[line:78] INFO train: epoch=0, iteration=180, loss=8.49022102355957, lr=[tensor(5.0016e-05, device='cuda:0')], in 3.694s
2022-04-19 15:58:19 train.py[line:78] INFO train: epoch=0, iteration=200, loss=8.482444763183594, lr=[tensor(5.1016e-05, device='cuda:0')], in 3.676s
2022-04-19 15:58:23 train.py[line:78] INFO train: epoch=0, iteration=220, loss=8.492171287536621, lr=[tensor(5.2017e-05, device='cuda:0')], in 3.667s
2022-04-19 15:58:27 train.py[line:78] INFO train: epoch=0, iteration=240, loss=8.505335807800293, lr=[tensor(5.3017e-05, device='cuda:0')], in 3.660s
2022-04-19 15:58:30 train.py[line:78] INFO train: epoch=0, iteration=260, loss=8.511209487915039, lr=[tensor(5.5018e-05, device='cuda:0')], in 3.693s
2022-04-19 15:58:34 train.py[line:78] INFO train: epoch=0, iteration=280, loss=8.476249694824219, lr=[tensor(5.6018e-05, device='cuda:0')], in 3.682s
2022-04-19 15:58:38 train.py[line:78] INFO train: epoch=0, iteration=300, loss=8.493027687072754, lr=[tensor(5.7018e-05, device='cuda:0')], in 3.671s
2022-04-19 15:58:41 train.py[line:78] INFO train: epoch=0, iteration=320, loss=8.445215225219727, lr=[tensor(5.8019e-05, device='cuda:0')], in 3.687s
2022-04-19 15:58:45 train.py[line:78] INFO train: epoch=0, iteration=340, loss=8.494366645812988, lr=[tensor(6.0019e-05, device='cuda:0')], in 3.777s
2022-04-19 15:58:49 train.py[line:78] INFO train: epoch=0, iteration=360, loss=8.474051475524902, lr=[tensor(6.1020e-05, device='cuda:0')], in 4.441s
2022-04-19 15:58:53 train.py[line:78] INFO train: epoch=0, iteration=380, loss=8.424193382263184, lr=[tensor(6.2020e-05, device='cuda:0')], in 3.695s
2022-04-19 15:58:57 train.py[line:78] INFO train: epoch=0, iteration=400, loss=8.462867736816406, lr=[tensor(6.3020e-05, device='cuda:0')], in 3.667s
2022-04-19 15:59:01 train.py[line:78] INFO train: epoch=0, iteration=420, loss=8.463973045349121, lr=[tensor(6.5021e-05, device='cuda:0')], in 3.705s
2022-04-19 15:59:04 train.py[line:78] INFO train: epoch=0, iteration=440, loss=8.466133117675781, lr=[tensor(6.6021e-05, device='cuda:0')], in 3.677s
2022-04-19 15:59:08 train.py[line:78] INFO train: epoch=0, iteration=460, loss=8.459538459777832, lr=[tensor(6.7021e-05, device='cuda:0')], in 4.142s
2022-04-19 15:59:12 train.py[line:78] INFO train: epoch=0, iteration=480, loss=8.45846176147461, lr=[tensor(6.8022e-05, device='cuda:0')], in 3.666s
2022-04-19 15:59:16 train.py[line:78] INFO train: epoch=0, iteration=500, loss=8.381271362304688, lr=[tensor(7.0022e-05, device='cuda:0')], in 3.680s
2022-04-19 15:59:20 train.py[line:78] INFO train: epoch=0, iteration=520, loss=8.482791900634766, lr=[tensor(7.1023e-05, device='cuda:0')], in 4.035s
2022-04-19 15:59:23 train.py[line:78] INFO train: epoch=0, iteration=540, loss=8.436985969543457, lr=[tensor(7.2023e-05, device='cuda:0')], in 3.698s
2022-04-19 15:59:27 train.py[line:78] INFO train: epoch=0, iteration=560, loss=8.372784614562988, lr=[tensor(7.3023e-05, device='cuda:0')], in 3.663s
2022-04-19 15:59:31 train.py[line:78] INFO train: epoch=0, iteration=580, loss=8.432487487792969, lr=[tensor(7.5024e-05, device='cuda:0')], in 3.700s
2022-04-19 15:59:34 train.py[line:78] INFO train: epoch=0, iteration=600, loss=8.420583724975586, lr=[tensor(7.6024e-05, device='cuda:0')], in 3.672s
2022-04-19 15:59:35 train.py[line:86] INFO -------train exits, epoch=0-------
2022-04-19 15:59:56 train.py[line:78] INFO train: epoch=0, iteration=20, loss=8.437092781066895, lr=[tensor(7.8025e-05, device='cuda:0')], in 20.638s
2022-04-19 15:59:59 train.py[line:78] INFO train: epoch=0, iteration=40, loss=8.431025505065918, lr=[tensor(7.9025e-05, device='cuda:0')], in 3.654s
2022-04-19 16:00:04 train.py[line:78] INFO train: epoch=0, iteration=60, loss=8.365421295166016, lr=[tensor(8.0025e-05, device='cuda:0')], in 4.857s
2022-04-19 16:00:08 train.py[line:78] INFO train: epoch=0, iteration=80, loss=8.36038589477539, lr=[tensor(8.1026e-05, device='cuda:0')], in 3.657s
2022-04-19 16:00:12 train.py[line:78] INFO train: epoch=0, iteration=100, loss=8.433886528015137, lr=[tensor(8.3026e-05, device='cuda:0')], in 4.189s
2022-04-19 16:00:16 train.py[line:78] INFO train: epoch=0, iteration=120, loss=8.393475532531738, lr=[tensor(8.4026e-05, device='cuda:0')], in 3.936s
2022-04-19 16:00:20 train.py[line:78] INFO train: epoch=0, iteration=140, loss=8.360647201538086, lr=[tensor(8.5027e-05, device='cuda:0')], in 4.022s
2022-04-19 16:00:24 train.py[line:78] INFO train: epoch=0, iteration=160, loss=8.374939918518066, lr=[tensor(8.6027e-05, device='cuda:0')], in 3.694s
2022-04-19 16:00:28 train.py[line:78] INFO train: epoch=0, iteration=180, loss=8.351930618286133, lr=[tensor(8.8027e-05, device='cuda:0')], in 3.747s
2022-04-19 16:00:31 train.py[line:78] INFO train: epoch=0, iteration=200, loss=8.399898529052734, lr=[tensor(8.9028e-05, device='cuda:0')], in 3.673s
2022-04-19 16:00:35 train.py[line:78] INFO train: epoch=0, iteration=220, loss=8.33021068572998, lr=[tensor(9.0028e-05, device='cuda:0')], in 3.668s
2022-04-19 16:00:39 train.py[line:78] INFO train: epoch=0, iteration=240, loss=8.329545021057129, lr=[tensor(9.1028e-05, device='cuda:0')], in 3.690s
2022-04-19 16:00:42 train.py[line:78] INFO train: epoch=0, iteration=260, loss=8.308260917663574, lr=[tensor(9.3029e-05, device='cuda:0')], in 3.696s
2022-04-19 16:00:46 train.py[line:78] INFO train: epoch=0, iteration=280, loss=8.393351554870605, lr=[tensor(9.4029e-05, device='cuda:0')], in 3.671s
2022-04-19 16:00:50 train.py[line:78] INFO train: epoch=0, iteration=300, loss=8.339214324951172, lr=[tensor(9.5029e-05, device='cuda:0')], in 3.666s
2022-04-19 16:00:54 train.py[line:78] INFO train: epoch=0, iteration=320, loss=8.311920166015625, lr=[tensor(9.6030e-05, device='cuda:0')], in 4.043s
2022-04-19 16:00:58 train.py[line:78] INFO train: epoch=0, iteration=340, loss=8.285573959350586, lr=[tensor(9.8030e-05, device='cuda:0')], in 4.219s
2022-04-19 16:01:02 train.py[line:78] INFO train: epoch=0, iteration=360, loss=8.305062294006348, lr=[tensor(9.9030e-05, device='cuda:0')], in 3.679s
2022-04-19 16:01:05 train.py[line:78] INFO train: epoch=0, iteration=380, loss=8.32821273803711, lr=[tensor(0.0001, device='cuda:0')], in 3.671s
2022-04-19 16:01:09 train.py[line:78] INFO train: epoch=0, iteration=400, loss=8.323246955871582, lr=[tensor(0.0001, device='cuda:0')], in 3.664s
2022-04-19 16:01:13 train.py[line:78] INFO train: epoch=0, iteration=420, loss=8.230816841125488, lr=[tensor(0.0001, device='cuda:0')], in 3.689s
2022-04-19 16:01:16 train.py[line:78] INFO train: epoch=0, iteration=440, loss=8.260944366455078, lr=[tensor(0.0001, device='cuda:0')], in 3.669s
2022-04-19 16:01:20 train.py[line:78] INFO train: epoch=0, iteration=460, loss=8.34205150604248, lr=[tensor(0.0001, device='cuda:0')], in 3.668s
2022-04-19 16:01:24 train.py[line:78] INFO train: epoch=0, iteration=480, loss=8.282889366149902, lr=[tensor(0.0001, device='cuda:0')], in 3.665s
2022-04-19 16:01:27 train.py[line:78] INFO train: epoch=0, iteration=500, loss=8.217182159423828, lr=[tensor(0.0001, device='cuda:0')], in 3.685s
2022-04-19 16:01:31 train.py[line:78] INFO train: epoch=0, iteration=520, loss=8.226628303527832, lr=[tensor(0.0001, device='cuda:0')], in 3.661s
2022-04-19 16:01:35 train.py[line:78] INFO train: epoch=0, iteration=540, loss=8.265707015991211, lr=[tensor(0.0001, device='cuda:0')], in 3.663s
2022-04-19 16:01:38 train.py[line:78] INFO train: epoch=0, iteration=560, loss=8.276016235351562, lr=[tensor(0.0001, device='cuda:0')], in 3.672s
2022-04-19 16:01:42 train.py[line:78] INFO train: epoch=0, iteration=580, loss=8.222412109375, lr=[tensor(0.0001, device='cuda:0')], in 3.685s
2022-04-19 16:01:46 train.py[line:78] INFO train: epoch=0, iteration=600, loss=8.183981895446777, lr=[tensor(0.0001, device='cuda:0')], in 3.663s
2022-04-19 16:01:46 train.py[line:86] INFO -------train exits, epoch=0-------
2022-04-19 16:02:04 train.py[line:78] INFO train: epoch=1, iteration=20, loss=8.207682609558105, lr=[tensor(0.0001, device='cuda:0')], in 17.441s
2022-04-19 16:02:07 train.py[line:78] INFO train: epoch=1, iteration=40, loss=8.284786224365234, lr=[tensor(0.0001, device='cuda:0')], in 3.648s
2022-04-19 16:02:11 train.py[line:78] INFO train: epoch=1, iteration=60, loss=8.214686393737793, lr=[tensor(0.0001, device='cuda:0')], in 3.652s
2022-04-19 16:02:15 train.py[line:78] INFO train: epoch=1, iteration=80, loss=8.165384292602539, lr=[tensor(0.0001, device='cuda:0')], in 3.653s
2022-04-19 16:02:18 train.py[line:78] INFO train: epoch=1, iteration=100, loss=8.152142524719238, lr=[tensor(0.0001, device='cuda:0')], in 3.681s
2022-04-19 16:02:23 train.py[line:78] INFO train: epoch=1, iteration=120, loss=8.160564422607422, lr=[tensor(0.0001, device='cuda:0')], in 4.176s
2022-04-19 16:02:26 train.py[line:78] INFO train: epoch=1, iteration=140, loss=8.219793319702148, lr=[tensor(0.0001, device='cuda:0')], in 3.734s
2022-04-19 16:02:30 train.py[line:78] INFO train: epoch=1, iteration=160, loss=8.167387008666992, lr=[tensor(0.0001, device='cuda:0')], in 3.688s
2022-04-19 16:02:34 train.py[line:78] INFO train: epoch=1, iteration=180, loss=8.118850708007812, lr=[tensor(0.0001, device='cuda:0')], in 3.711s
2022-04-19 16:02:37 train.py[line:78] INFO train: epoch=1, iteration=200, loss=8.147127151489258, lr=[tensor(0.0001, device='cuda:0')], in 3.684s
2022-04-19 16:02:41 train.py[line:78] INFO train: epoch=1, iteration=220, loss=8.239705085754395, lr=[tensor(0.0001, device='cuda:0')], in 3.663s
2022-04-19 16:02:45 train.py[line:78] INFO train: epoch=1, iteration=240, loss=8.137932777404785, lr=[tensor(0.0001, device='cuda:0')], in 3.663s
2022-04-19 16:02:48 train.py[line:78] INFO train: epoch=1, iteration=260, loss=8.037108421325684, lr=[tensor(0.0001, device='cuda:0')], in 3.682s
2022-04-19 16:02:52 train.py[line:78] INFO train: epoch=1, iteration=280, loss=8.060367584228516, lr=[tensor(0.0001, device='cuda:0')], in 3.660s
2022-04-19 16:02:56 train.py[line:78] INFO train: epoch=1, iteration=300, loss=8.080262184143066, lr=[tensor(0.0001, device='cuda:0')], in 4.352s
2022-04-19 16:03:00 train.py[line:78] INFO train: epoch=1, iteration=320, loss=8.14731502532959, lr=[tensor(0.0001, device='cuda:0')], in 3.668s
2022-04-19 16:03:04 train.py[line:78] INFO train: epoch=1, iteration=340, loss=8.088935852050781, lr=[tensor(0.0001, device='cuda:0')], in 3.692s
2022-04-19 16:03:07 train.py[line:78] INFO train: epoch=1, iteration=360, loss=8.02840518951416, lr=[tensor(0.0001, device='cuda:0')], in 3.674s
2022-04-19 16:03:11 train.py[line:78] INFO train: epoch=1, iteration=380, loss=8.06672191619873, lr=[tensor(0.0001, device='cuda:0')], in 3.657s
2022-04-19 16:03:15 train.py[line:78] INFO train: epoch=1, iteration=400, loss=8.160176277160645, lr=[tensor(0.0001, device='cuda:0')], in 3.661s
2022-04-19 16:03:18 train.py[line:78] INFO train: epoch=1, iteration=420, loss=8.071087837219238, lr=[tensor(0.0001, device='cuda:0')], in 3.687s
2022-04-19 16:03:22 train.py[line:78] INFO train: epoch=1, iteration=440, loss=7.923232555389404, lr=[tensor(0.0001, device='cuda:0')], in 3.665s
2022-04-19 16:03:26 train.py[line:78] INFO train: epoch=1, iteration=460, loss=7.961095809936523, lr=[tensor(0.0001, device='cuda:0')], in 3.687s
2022-04-19 16:03:30 train.py[line:78] INFO train: epoch=1, iteration=480, loss=7.982462406158447, lr=[tensor(0.0001, device='cuda:0')], in 3.776s
2022-04-19 16:03:34 train.py[line:78] INFO train: epoch=1, iteration=500, loss=8.065155029296875, lr=[tensor(0.0001, device='cuda:0')], in 4.280s
2022-04-19 16:03:38 train.py[line:78] INFO train: epoch=1, iteration=520, loss=8.037616729736328, lr=[tensor(0.0001, device='cuda:0')], in 3.673s
2022-04-19 16:03:41 train.py[line:78] INFO train: epoch=1, iteration=540, loss=7.936013698577881, lr=[tensor(0.0001, device='cuda:0')], in 3.669s
2022-04-19 16:03:45 train.py[line:78] INFO train: epoch=1, iteration=560, loss=7.992635726928711, lr=[tensor(0.0001, device='cuda:0')], in 3.667s
2022-04-19 16:03:49 train.py[line:78] INFO train: epoch=1, iteration=580, loss=8.094210624694824, lr=[tensor(0.0002, device='cuda:0')], in 3.829s
2022-04-19 16:03:52 train.py[line:78] INFO train: epoch=1, iteration=600, loss=8.004405975341797, lr=[tensor(0.0002, device='cuda:0')], in 3.669s
2022-04-19 16:03:53 train.py[line:86] INFO -------train exits, epoch=1-------
2022-04-19 16:04:12 train.py[line:78] INFO train: epoch=1, iteration=20, loss=7.856786727905273, lr=[tensor(0.0002, device='cuda:0')], in 18.964s
2022-04-19 16:04:16 train.py[line:78] INFO train: epoch=1, iteration=40, loss=7.857343673706055, lr=[tensor(0.0002, device='cuda:0')], in 3.657s
2022-04-19 16:04:19 train.py[line:78] INFO train: epoch=1, iteration=60, loss=7.907198429107666, lr=[tensor(0.0002, device='cuda:0')], in 3.668s
2022-04-19 16:04:23 train.py[line:78] INFO train: epoch=1, iteration=80, loss=8.01134204864502, lr=[tensor(0.0002, device='cuda:0')], in 3.662s
2022-04-19 16:04:27 train.py[line:78] INFO train: epoch=1, iteration=100, loss=7.9240641593933105, lr=[tensor(0.0002, device='cuda:0')], in 3.680s
2022-04-19 16:04:30 train.py[line:78] INFO train: epoch=1, iteration=120, loss=7.825364589691162, lr=[tensor(0.0002, device='cuda:0')], in 3.660s
2022-04-19 16:04:34 train.py[line:78] INFO train: epoch=1, iteration=140, loss=7.910625457763672, lr=[tensor(0.0002, device='cuda:0')], in 3.687s
2022-04-19 16:04:38 train.py[line:78] INFO train: epoch=1, iteration=160, loss=8.024544715881348, lr=[tensor(0.0002, device='cuda:0')], in 3.660s
2022-04-19 16:04:41 train.py[line:78] INFO train: epoch=1, iteration=180, loss=7.89348840713501, lr=[tensor(0.0002, device='cuda:0')], in 3.682s
2022-04-19 16:04:45 train.py[line:78] INFO train: epoch=1, iteration=200, loss=7.780200004577637, lr=[tensor(0.0002, device='cuda:0')], in 3.658s
2022-04-19 16:04:49 train.py[line:78] INFO train: epoch=1, iteration=220, loss=7.770869255065918, lr=[tensor(0.0002, device='cuda:0')], in 3.656s
2022-04-19 16:04:52 train.py[line:78] INFO train: epoch=1, iteration=240, loss=7.819200038909912, lr=[tensor(0.0002, device='cuda:0')], in 3.668s
2022-04-19 16:04:56 train.py[line:78] INFO train: epoch=1, iteration=260, loss=7.930851936340332, lr=[tensor(0.0002, device='cuda:0')], in 3.682s
2022-04-19 16:05:00 train.py[line:78] INFO train: epoch=1, iteration=280, loss=7.849964141845703, lr=[tensor(0.0002, device='cuda:0')], in 3.656s
2022-04-19 16:05:04 train.py[line:78] INFO train: epoch=1, iteration=300, loss=7.78177547454834, lr=[tensor(0.0002, device='cuda:0')], in 4.672s
2022-04-19 16:05:08 train.py[line:78] INFO train: epoch=1, iteration=320, loss=7.852948188781738, lr=[tensor(0.0002, device='cuda:0')], in 3.664s
2022-04-19 16:05:12 train.py[line:78] INFO train: epoch=1, iteration=340, loss=7.950965881347656, lr=[tensor(0.0002, device='cuda:0')], in 3.680s
2022-04-19 16:05:15 train.py[line:78] INFO train: epoch=1, iteration=360, loss=7.829922199249268, lr=[tensor(0.0002, device='cuda:0')], in 3.657s
2022-04-19 16:05:19 train.py[line:78] INFO train: epoch=1, iteration=380, loss=7.702098846435547, lr=[tensor(0.0002, device='cuda:0')], in 3.655s
2022-04-19 16:05:23 train.py[line:78] INFO train: epoch=1, iteration=400, loss=7.677363395690918, lr=[tensor(0.0002, device='cuda:0')], in 3.657s
2022-04-19 16:05:26 train.py[line:78] INFO train: epoch=1, iteration=420, loss=7.7603230476379395, lr=[tensor(0.0002, device='cuda:0')], in 3.677s
2022-04-19 16:05:30 train.py[line:78] INFO train: epoch=1, iteration=440, loss=7.843066692352295, lr=[tensor(0.0002, device='cuda:0')], in 3.661s
2022-04-19 16:05:34 train.py[line:78] INFO train: epoch=1, iteration=460, loss=7.822887420654297, lr=[tensor(0.0002, device='cuda:0')], in 4.199s
2022-04-19 16:05:38 train.py[line:78] INFO train: epoch=1, iteration=480, loss=7.679290294647217, lr=[tensor(0.0002, device='cuda:0')], in 3.695s
2022-04-19 16:05:42 train.py[line:78] INFO train: epoch=1, iteration=500, loss=7.745681285858154, lr=[tensor(0.0002, device='cuda:0')], in 3.717s
2022-04-19 16:05:45 train.py[line:78] INFO train: epoch=1, iteration=520, loss=7.89080810546875, lr=[tensor(0.0002, device='cuda:0')], in 3.667s
2022-04-19 16:05:49 train.py[line:78] INFO train: epoch=1, iteration=540, loss=7.745408058166504, lr=[tensor(0.0002, device='cuda:0')], in 3.920s
2022-04-19 16:05:53 train.py[line:78] INFO train: epoch=1, iteration=560, loss=7.610623359680176, lr=[tensor(0.0002, device='cuda:0')], in 3.667s
2022-04-19 16:05:57 train.py[line:78] INFO train: epoch=1, iteration=580, loss=7.58957576751709, lr=[tensor(0.0002, device='cuda:0')], in 3.695s
2022-04-19 16:06:00 train.py[line:78] INFO train: epoch=1, iteration=600, loss=7.66731595993042, lr=[tensor(0.0002, device='cuda:0')], in 3.654s
2022-04-19 16:06:01 train.py[line:86] INFO -------train exits, epoch=1-------
2022-04-19 16:06:01 train.py[line:299] INFO save model and statistics to D:/A日常/大学/毕业设计/code/yui/checkpoints
2022-04-19 16:06:22 train.py[line:78] INFO train: epoch=1, iteration=20, loss=7.776551246643066, lr=[tensor(0.0002, device='cuda:0')], in 21.285s
2022-04-19 16:06:26 train.py[line:78] INFO train: epoch=1, iteration=40, loss=7.69327974319458, lr=[tensor(0.0002, device='cuda:0')], in 3.645s
2022-04-19 16:06:30 train.py[line:78] INFO train: epoch=1, iteration=60, loss=7.603140830993652, lr=[tensor(0.0002, device='cuda:0')], in 3.644s
2022-04-19 16:06:33 train.py[line:78] INFO train: epoch=1, iteration=80, loss=7.680522918701172, lr=[tensor(0.0002, device='cuda:0')], in 3.664s
2022-04-19 16:06:37 train.py[line:78] INFO train: epoch=1, iteration=100, loss=7.815812587738037, lr=[tensor(0.0002, device='cuda:0')], in 3.698s
2022-04-19 16:06:41 train.py[line:78] INFO train: epoch=1, iteration=120, loss=7.670022964477539, lr=[tensor(0.0002, device='cuda:0')], in 3.682s
2022-04-19 16:06:44 train.py[line:78] INFO train: epoch=1, iteration=140, loss=7.506903171539307, lr=[tensor(0.0002, device='cuda:0')], in 3.676s
2022-04-19 16:06:48 train.py[line:78] INFO train: epoch=1, iteration=160, loss=7.485959053039551, lr=[tensor(0.0002, device='cuda:0')], in 3.661s
2022-04-19 16:06:52 train.py[line:78] INFO train: epoch=1, iteration=180, loss=7.593424320220947, lr=[tensor(0.0002, device='cuda:0')], in 3.690s
2022-04-19 16:06:55 train.py[line:78] INFO train: epoch=1, iteration=200, loss=7.697002410888672, lr=[tensor(0.0002, device='cuda:0')], in 3.664s
2022-04-19 16:06:59 train.py[line:78] INFO train: epoch=1, iteration=220, loss=7.622457027435303, lr=[tensor(0.0002, device='cuda:0')], in 3.667s
2022-04-19 16:07:03 train.py[line:78] INFO train: epoch=1, iteration=240, loss=7.528364658355713, lr=[tensor(0.0002, device='cuda:0')], in 3.666s
2022-04-19 16:07:06 train.py[line:78] INFO train: epoch=1, iteration=260, loss=7.628415584564209, lr=[tensor(0.0002, device='cuda:0')], in 3.686s
2022-04-19 16:07:10 train.py[line:78] INFO train: epoch=1, iteration=280, loss=7.747063636779785, lr=[tensor(0.0002, device='cuda:0')], in 3.668s
2022-04-19 16:07:14 train.py[line:78] INFO train: epoch=1, iteration=300, loss=7.595480918884277, lr=[tensor(0.0002, device='cuda:0')], in 3.730s
2022-04-19 16:07:17 train.py[line:78] INFO train: epoch=1, iteration=320, loss=7.424638748168945, lr=[tensor(0.0002, device='cuda:0')], in 3.667s
2022-04-19 16:07:21 train.py[line:78] INFO train: epoch=1, iteration=340, loss=7.392321586608887, lr=[tensor(0.0002, device='cuda:0')], in 3.691s
2022-04-19 16:07:25 train.py[line:78] INFO train: epoch=1, iteration=360, loss=7.493238925933838, lr=[tensor(0.0002, device='cuda:0')], in 3.663s
2022-04-19 16:07:28 train.py[line:78] INFO train: epoch=1, iteration=380, loss=7.627506732940674, lr=[tensor(0.0002, device='cuda:0')], in 3.704s
2022-04-19 16:07:33 train.py[line:78] INFO train: epoch=1, iteration=400, loss=7.551480770111084, lr=[tensor(0.0002, device='cuda:0')], in 4.135s
2022-04-19 16:07:36 train.py[line:78] INFO train: epoch=1, iteration=420, loss=7.4288811683654785, lr=[tensor(0.0002, device='cuda:0')], in 3.691s
2022-04-19 16:07:40 train.py[line:78] INFO train: epoch=1, iteration=440, loss=7.541606903076172, lr=[tensor(0.0002, device='cuda:0')], in 3.684s
2022-04-19 16:07:44 train.py[line:78] INFO train: epoch=1, iteration=460, loss=7.6880011558532715, lr=[tensor(0.0002, device='cuda:0')], in 3.677s
2022-04-19 16:07:47 train.py[line:78] INFO train: epoch=1, iteration=480, loss=7.527583122253418, lr=[tensor(0.0002, device='cuda:0')], in 3.677s
2022-04-19 16:07:51 train.py[line:78] INFO train: epoch=1, iteration=500, loss=7.366534233093262, lr=[tensor(0.0002, device='cuda:0')], in 3.687s
2022-04-19 16:07:55 train.py[line:78] INFO train: epoch=1, iteration=520, loss=7.335155963897705, lr=[tensor(0.0002, device='cuda:0')], in 3.682s
2022-04-19 16:07:58 train.py[line:78] INFO train: epoch=1, iteration=540, loss=7.42441987991333, lr=[tensor(0.0002, device='cuda:0')], in 3.665s
2022-04-19 16:08:02 train.py[line:78] INFO train: epoch=1, iteration=560, loss=7.571998119354248, lr=[tensor(0.0002, device='cuda:0')], in 3.673s
2022-04-19 16:08:06 train.py[line:78] INFO train: epoch=1, iteration=580, loss=7.51832914352417, lr=[tensor(0.0002, device='cuda:0')], in 3.687s
2022-04-19 16:08:09 train.py[line:78] INFO train: epoch=1, iteration=600, loss=7.380011081695557, lr=[tensor(0.0002, device='cuda:0')], in 3.668s
2022-04-19 16:08:10 train.py[line:86] INFO -------train exits, epoch=1-------
2022-04-19 16:08:27 train.py[line:78] INFO train: epoch=2, iteration=20, loss=7.489180564880371, lr=[tensor(0.0002, device='cuda:0')], in 16.849s
2022-04-19 16:08:31 train.py[line:78] INFO train: epoch=2, iteration=40, loss=7.6192426681518555, lr=[tensor(0.0002, device='cuda:0')], in 3.651s
2022-04-19 16:08:35 train.py[line:78] INFO train: epoch=2, iteration=60, loss=7.468481540679932, lr=[tensor(0.0002, device='cuda:0')], in 4.105s
2022-04-19 16:08:38 train.py[line:78] INFO train: epoch=2, iteration=80, loss=7.269420146942139, lr=[tensor(0.0002, device='cuda:0')], in 3.655s
2022-04-19 16:08:42 train.py[line:78] INFO train: epoch=2, iteration=100, loss=7.250235557556152, lr=[tensor(0.0002, device='cuda:0')], in 3.678s
2022-04-19 16:08:46 train.py[line:78] INFO train: epoch=2, iteration=120, loss=7.355994701385498, lr=[tensor(0.0002, device='cuda:0')], in 3.654s
2022-04-19 16:08:49 train.py[line:78] INFO train: epoch=2, iteration=140, loss=7.5056257247924805, lr=[tensor(0.0002, device='cuda:0')], in 3.651s
2022-04-19 16:08:53 train.py[line:78] INFO train: epoch=2, iteration=160, loss=7.413475513458252, lr=[tensor(0.0002, device='cuda:0')], in 3.659s
2022-04-19 16:08:57 train.py[line:78] INFO train: epoch=2, iteration=180, loss=7.327701568603516, lr=[tensor(0.0002, device='cuda:0')], in 3.690s
2022-04-19 16:09:00 train.py[line:78] INFO train: epoch=2, iteration=200, loss=7.425024032592773, lr=[tensor(0.0002, device='cuda:0')], in 3.663s
2022-04-19 16:09:04 train.py[line:78] INFO train: epoch=2, iteration=220, loss=7.572683334350586, lr=[tensor(0.0002, device='cuda:0')], in 3.920s
2022-04-19 16:09:08 train.py[line:78] INFO train: epoch=2, iteration=240, loss=7.389392852783203, lr=[tensor(0.0002, device='cuda:0')], in 3.822s
2022-04-19 16:09:12 train.py[line:78] INFO train: epoch=2, iteration=260, loss=7.175877094268799, lr=[tensor(0.0002, device='cuda:0')], in 3.994s
2022-04-19 16:09:16 train.py[line:78] INFO train: epoch=2, iteration=280, loss=7.1535186767578125, lr=[tensor(0.0002, device='cuda:0')], in 3.663s
2022-04-19 16:09:19 train.py[line:78] INFO train: epoch=2, iteration=300, loss=7.2952752113342285, lr=[tensor(0.0002, device='cuda:0')], in 3.664s
2022-04-19 16:09:23 train.py[line:78] INFO train: epoch=2, iteration=320, loss=7.444980621337891, lr=[tensor(0.0002, device='cuda:0')], in 3.672s
2022-04-19 16:09:27 train.py[line:78] INFO train: epoch=2, iteration=340, loss=7.312985420227051, lr=[tensor(0.0002, device='cuda:0')], in 4.147s
2022-04-19 16:09:31 train.py[line:78] INFO train: epoch=2, iteration=360, loss=7.240015029907227, lr=[tensor(0.0003, device='cuda:0')], in 3.663s
2022-04-19 16:09:35 train.py[line:78] INFO train: epoch=2, iteration=380, loss=7.373159408569336, lr=[tensor(0.0003, device='cuda:0')], in 3.666s
2022-04-19 16:09:38 train.py[line:78] INFO train: epoch=2, iteration=400, loss=7.518683910369873, lr=[tensor(0.0003, device='cuda:0')], in 3.669s
2022-04-19 16:09:42 train.py[line:78] INFO train: epoch=2, iteration=420, loss=7.327746391296387, lr=[tensor(0.0003, device='cuda:0')], in 3.691s
2022-04-19 16:09:46 train.py[line:78] INFO train: epoch=2, iteration=440, loss=7.132940769195557, lr=[tensor(0.0003, device='cuda:0')], in 4.329s
2022-04-19 16:09:50 train.py[line:78] INFO train: epoch=2, iteration=460, loss=7.1171956062316895, lr=[tensor(0.0003, device='cuda:0')], in 3.682s
2022-04-19 16:09:54 train.py[line:78] INFO train: epoch=2, iteration=480, loss=7.201292991638184, lr=[tensor(0.0003, device='cuda:0')], in 3.671s
2022-04-19 16:09:57 train.py[line:78] INFO train: epoch=2, iteration=500, loss=7.390343189239502, lr=[tensor(0.0003, device='cuda:0')], in 3.694s
2022-04-19 16:10:01 train.py[line:78] INFO train: epoch=2, iteration=520, loss=7.299371719360352, lr=[tensor(0.0003, device='cuda:0')], in 3.667s
2022-04-19 16:10:05 train.py[line:78] INFO train: epoch=2, iteration=540, loss=7.142927646636963, lr=[tensor(0.0003, device='cuda:0')], in 3.668s
2022-04-19 16:10:08 train.py[line:78] INFO train: epoch=2, iteration=560, loss=7.304112434387207, lr=[tensor(0.0003, device='cuda:0')], in 3.664s
2022-04-19 16:10:12 train.py[line:78] INFO train: epoch=2, iteration=580, loss=7.468493461608887, lr=[tensor(0.0003, device='cuda:0')], in 3.692s
2022-04-19 16:10:16 train.py[line:78] INFO train: epoch=2, iteration=600, loss=7.273016452789307, lr=[tensor(0.0003, device='cuda:0')], in 3.662s
2022-04-19 16:10:16 train.py[line:86] INFO -------train exits, epoch=2-------
2022-04-19 16:10:34 train.py[line:78] INFO train: epoch=2, iteration=20, loss=7.085325717926025, lr=[tensor(0.0003, device='cuda:0')], in 17.684s
2022-04-19 16:10:38 train.py[line:78] INFO train: epoch=2, iteration=40, loss=7.036057472229004, lr=[tensor(0.0003, device='cuda:0')], in 3.879s
2022-04-19 16:10:41 train.py[line:78] INFO train: epoch=2, iteration=60, loss=7.155412197113037, lr=[tensor(0.0003, device='cuda:0')], in 3.655s
2022-04-19 16:10:45 train.py[line:78] INFO train: epoch=2, iteration=80, loss=7.330636978149414, lr=[tensor(0.0003, device='cuda:0')], in 3.657s
2022-04-19 16:10:49 train.py[line:78] INFO train: epoch=2, iteration=100, loss=7.243303298950195, lr=[tensor(0.0003, device='cuda:0')], in 3.721s
2022-04-19 16:10:53 train.py[line:78] INFO train: epoch=2, iteration=120, loss=7.071923732757568, lr=[tensor(0.0003, device='cuda:0')], in 3.717s
2022-04-19 16:10:57 train.py[line:78] INFO train: epoch=2, iteration=140, loss=7.26917028427124, lr=[tensor(0.0003, device='cuda:0')], in 4.142s
2022-04-19 16:11:01 train.py[line:78] INFO train: epoch=2, iteration=160, loss=7.416159152984619, lr=[tensor(0.0003, device='cuda:0')], in 4.152s
2022-04-19 16:11:05 train.py[line:78] INFO train: epoch=2, iteration=180, loss=7.206423282623291, lr=[tensor(0.0003, device='cuda:0')], in 3.680s
2022-04-19 16:11:08 train.py[line:78] INFO train: epoch=2, iteration=200, loss=6.984334468841553, lr=[tensor(0.0003, device='cuda:0')], in 3.663s
2022-04-19 16:11:12 train.py[line:78] INFO train: epoch=2, iteration=220, loss=6.949065685272217, lr=[tensor(0.0003, device='cuda:0')], in 3.662s
2022-04-19 16:11:16 train.py[line:78] INFO train: epoch=2, iteration=240, loss=7.097272872924805, lr=[tensor(0.0003, device='cuda:0')], in 3.669s
2022-04-19 16:11:20 train.py[line:78] INFO train: epoch=2, iteration=260, loss=7.2716288566589355, lr=[tensor(0.0003, device='cuda:0')], in 4.429s
2022-04-19 16:11:24 train.py[line:78] INFO train: epoch=2, iteration=280, loss=7.146232604980469, lr=[tensor(0.0003, device='cuda:0')], in 3.666s
2022-04-19 16:11:27 train.py[line:78] INFO train: epoch=2, iteration=300, loss=7.030107498168945, lr=[tensor(0.0003, device='cuda:0')], in 3.663s
2022-04-19 16:11:31 train.py[line:78] INFO train: epoch=2, iteration=320, loss=7.192673206329346, lr=[tensor(0.0003, device='cuda:0')], in 3.660s
2022-04-19 16:11:35 train.py[line:78] INFO train: epoch=2, iteration=340, loss=7.361642837524414, lr=[tensor(0.0003, device='cuda:0')], in 3.695s
2022-04-19 16:11:38 train.py[line:78] INFO train: epoch=2, iteration=360, loss=7.158975601196289, lr=[tensor(0.0003, device='cuda:0')], in 3.728s
2022-04-19 16:11:43 train.py[line:78] INFO train: epoch=2, iteration=380, loss=6.919325828552246, lr=[tensor(0.0003, device='cuda:0')], in 4.147s
2022-04-19 16:11:47 train.py[line:78] INFO train: epoch=2, iteration=400, loss=6.894613742828369, lr=[tensor(0.0003, device='cuda:0')], in 4.148s
2022-04-19 16:11:50 train.py[line:78] INFO train: epoch=2, iteration=420, loss=7.013405799865723, lr=[tensor(0.0003, device='cuda:0')], in 3.685s
2022-04-19 16:11:54 train.py[line:78] INFO train: epoch=2, iteration=440, loss=7.230017185211182, lr=[tensor(0.0003, device='cuda:0')], in 4.055s
2022-04-19 16:11:58 train.py[line:78] INFO train: epoch=2, iteration=460, loss=7.1093363761901855, lr=[tensor(0.0003, device='cuda:0')], in 3.748s
2022-04-19 16:12:02 train.py[line:78] INFO train: epoch=2, iteration=480, loss=6.958444118499756, lr=[tensor(0.0003, device='cuda:0')], in 3.683s
2022-04-19 16:12:06 train.py[line:78] INFO train: epoch=2, iteration=500, loss=7.12548303604126, lr=[tensor(0.0003, device='cuda:0')], in 4.051s
2022-04-19 16:12:10 train.py[line:78] INFO train: epoch=2, iteration=520, loss=7.30849552154541, lr=[tensor(0.0003, device='cuda:0')], in 3.665s
2022-04-19 16:12:13 train.py[line:78] INFO train: epoch=2, iteration=540, loss=7.1070427894592285, lr=[tensor(0.0003, device='cuda:0')], in 3.677s
2022-04-19 16:12:17 train.py[line:78] INFO train: epoch=2, iteration=560, loss=6.852404594421387, lr=[tensor(0.0003, device='cuda:0')], in 3.671s
2022-04-19 16:12:21 train.py[line:78] INFO train: epoch=2, iteration=580, loss=6.851059913635254, lr=[tensor(0.0003, device='cuda:0')], in 3.688s
2022-04-19 16:12:24 train.py[line:78] INFO train: epoch=2, iteration=600, loss=6.972900390625, lr=[tensor(0.0003, device='cuda:0')], in 3.668s
2022-04-19 16:12:25 train.py[line:86] INFO -------train exits, epoch=2-------
2022-04-19 16:12:44 train.py[line:78] INFO train: epoch=2, iteration=20, loss=7.165232181549072, lr=[tensor(0.0003, device='cuda:0')], in 18.927s
2022-04-19 16:12:48 train.py[line:78] INFO train: epoch=2, iteration=40, loss=7.051495552062988, lr=[tensor(0.0003, device='cuda:0')], in 3.658s
2022-04-19 16:12:52 train.py[line:78] INFO train: epoch=2, iteration=60, loss=6.915011882781982, lr=[tensor(0.0003, device='cuda:0')], in 3.690s
2022-04-19 16:12:55 train.py[line:78] INFO train: epoch=2, iteration=80, loss=7.08313512802124, lr=[tensor(0.0003, device='cuda:0')], in 3.722s
2022-04-19 16:13:00 train.py[line:78] INFO train: epoch=2, iteration=100, loss=7.265023231506348, lr=[tensor(0.0003, device='cuda:0')], in 4.121s
2022-04-19 16:13:03 train.py[line:78] INFO train: epoch=2, iteration=120, loss=7.0417704582214355, lr=[tensor(0.0003, device='cuda:0')], in 3.660s
2022-04-19 16:13:07 train.py[line:78] INFO train: epoch=2, iteration=140, loss=6.824557781219482, lr=[tensor(0.0003, device='cuda:0')], in 3.662s
2022-04-19 16:13:11 train.py[line:78] INFO train: epoch=2, iteration=160, loss=6.798586845397949, lr=[tensor(0.0003, device='cuda:0')], in 3.662s
2022-04-19 16:13:15 train.py[line:78] INFO train: epoch=2, iteration=180, loss=6.910803318023682, lr=[tensor(0.0003, device='cuda:0')], in 3.970s
2022-04-19 16:13:18 train.py[line:78] INFO train: epoch=2, iteration=200, loss=7.1203179359436035, lr=[tensor(0.0003, device='cuda:0')], in 3.662s
2022-04-19 16:13:22 train.py[line:78] INFO train: epoch=2, iteration=220, loss=6.989703178405762, lr=[tensor(0.0003, device='cuda:0')], in 3.674s
2022-04-19 16:13:26 train.py[line:78] INFO train: epoch=2, iteration=240, loss=6.8257060050964355, lr=[tensor(0.0003, device='cuda:0')], in 3.675s
2022-04-19 16:13:29 train.py[line:78] INFO train: epoch=2, iteration=260, loss=7.022701263427734, lr=[tensor(0.0003, device='cuda:0')], in 3.687s
2022-04-19 16:13:33 train.py[line:78] INFO train: epoch=2, iteration=280, loss=7.201664447784424, lr=[tensor(0.0003, device='cuda:0')], in 3.659s
2022-04-19 16:13:37 train.py[line:78] INFO train: epoch=2, iteration=300, loss=6.98527193069458, lr=[tensor(0.0003, device='cuda:0')], in 3.658s
2022-04-19 16:13:40 train.py[line:78] INFO train: epoch=2, iteration=320, loss=6.727547645568848, lr=[tensor(0.0003, device='cuda:0')], in 3.660s
2022-04-19 16:13:44 train.py[line:78] INFO train: epoch=2, iteration=340, loss=6.72924280166626, lr=[tensor(0.0003, device='cuda:0')], in 3.689s
2022-04-19 16:13:48 train.py[line:78] INFO train: epoch=2, iteration=360, loss=6.835783004760742, lr=[tensor(0.0003, device='cuda:0')], in 3.690s
2022-04-19 16:13:51 train.py[line:78] INFO train: epoch=2, iteration=380, loss=7.0579729080200195, lr=[tensor(0.0003, device='cuda:0')], in 3.654s
2022-04-19 16:13:55 train.py[line:78] INFO train: epoch=2, iteration=400, loss=6.931428909301758, lr=[tensor(0.0003, device='cuda:0')], in 3.660s
2022-04-19 16:13:59 train.py[line:78] INFO train: epoch=2, iteration=420, loss=6.765962600708008, lr=[tensor(0.0003, device='cuda:0')], in 3.680s
2022-04-19 16:14:02 train.py[line:78] INFO train: epoch=2, iteration=440, loss=6.976133823394775, lr=[tensor(0.0003, device='cuda:0')], in 3.658s
2022-04-19 16:14:06 train.py[line:78] INFO train: epoch=2, iteration=460, loss=7.1645331382751465, lr=[tensor(0.0003, device='cuda:0')], in 3.657s
2022-04-19 16:14:10 train.py[line:78] INFO train: epoch=2, iteration=480, loss=6.938266277313232, lr=[tensor(0.0003, device='cuda:0')], in 3.657s
2022-04-19 16:14:13 train.py[line:78] INFO train: epoch=2, iteration=500, loss=6.674921035766602, lr=[tensor(0.0003, device='cuda:0')], in 3.684s
2022-04-19 16:14:17 train.py[line:78] INFO train: epoch=2, iteration=520, loss=6.674841403961182, lr=[tensor(0.0003, device='cuda:0')], in 3.655s
2022-04-19 16:14:21 train.py[line:78] INFO train: epoch=2, iteration=540, loss=6.7612385749816895, lr=[tensor(0.0003, device='cuda:0')], in 4.249s
2022-04-19 16:14:25 train.py[line:78] INFO train: epoch=2, iteration=560, loss=7.0124945640563965, lr=[tensor(0.0003, device='cuda:0')], in 3.659s
2022-04-19 16:14:29 train.py[line:78] INFO train: epoch=2, iteration=580, loss=6.84365177154541, lr=[tensor(0.0003, device='cuda:0')], in 3.738s
2022-04-19 16:14:32 train.py[line:78] INFO train: epoch=2, iteration=600, loss=6.694344997406006, lr=[tensor(0.0003, device='cuda:0')], in 3.884s
2022-04-19 16:14:33 train.py[line:86] INFO -------train exits, epoch=2-------
2022-04-19 16:14:51 train.py[line:78] INFO train: epoch=3, iteration=20, loss=6.891669273376465, lr=[tensor(0.0003, device='cuda:0')], in 18.370s
2022-04-19 16:14:55 train.py[line:78] INFO train: epoch=3, iteration=40, loss=7.1010212898254395, lr=[tensor(0.0003, device='cuda:0')], in 3.652s
2022-04-19 16:14:59 train.py[line:78] INFO train: epoch=3, iteration=60, loss=6.872351169586182, lr=[tensor(0.0003, device='cuda:0')], in 3.649s
2022-04-19 16:15:02 train.py[line:78] INFO train: epoch=3, iteration=80, loss=6.618636608123779, lr=[tensor(0.0003, device='cuda:0')], in 3.655s
2022-04-19 16:15:06 train.py[line:78] INFO train: epoch=3, iteration=100, loss=6.6048583984375, lr=[tensor(0.0003, device='cuda:0')], in 3.673s
2022-04-19 16:15:10 train.py[line:78] INFO train: epoch=3, iteration=120, loss=6.717534065246582, lr=[tensor(0.0003, device='cuda:0')], in 3.652s
2022-04-19 16:15:13 train.py[line:78] INFO train: epoch=3, iteration=140, loss=6.950509548187256, lr=[tensor(0.0004, device='cuda:0')], in 3.655s
2022-04-19 16:15:17 train.py[line:78] INFO train: epoch=3, iteration=160, loss=6.812437534332275, lr=[tensor(0.0004, device='cuda:0')], in 3.665s
2022-04-19 16:15:21 train.py[line:78] INFO train: epoch=3, iteration=180, loss=6.63824462890625, lr=[tensor(0.0004, device='cuda:0')], in 3.688s
2022-04-19 16:15:24 train.py[line:78] INFO train: epoch=3, iteration=200, loss=6.821776390075684, lr=[tensor(0.0004, device='cuda:0')], in 3.671s
2022-04-19 16:15:28 train.py[line:78] INFO train: epoch=3, iteration=220, loss=7.039548873901367, lr=[tensor(0.0004, device='cuda:0')], in 3.670s
2022-04-19 16:15:32 train.py[line:78] INFO train: epoch=3, iteration=240, loss=6.8171186447143555, lr=[tensor(0.0004, device='cuda:0')], in 3.670s
2022-04-19 16:15:35 train.py[line:78] INFO train: epoch=3, iteration=260, loss=6.529443264007568, lr=[tensor(0.0004, device='cuda:0')], in 3.693s
2022-04-19 16:15:40 train.py[line:78] INFO train: epoch=3, iteration=280, loss=6.528395175933838, lr=[tensor(0.0004, device='cuda:0')], in 4.322s
2022-04-19 16:15:44 train.py[line:78] INFO train: epoch=3, iteration=300, loss=6.620036602020264, lr=[tensor(0.0004, device='cuda:0')], in 3.737s
2022-04-19 16:15:47 train.py[line:78] INFO train: epoch=3, iteration=320, loss=6.890787124633789, lr=[tensor(0.0004, device='cuda:0')], in 3.673s
2022-04-19 16:15:51 train.py[line:78] INFO train: epoch=3, iteration=340, loss=6.731462478637695, lr=[tensor(0.0004, device='cuda:0')], in 3.929s
2022-04-19 16:15:55 train.py[line:78] INFO train: epoch=3, iteration=360, loss=6.575432300567627, lr=[tensor(0.0004, device='cuda:0')], in 4.061s
2022-04-19 16:15:59 train.py[line:78] INFO train: epoch=3, iteration=380, loss=6.825788974761963, lr=[tensor(0.0004, device='cuda:0')], in 3.670s
2022-04-19 16:16:03 train.py[line:78] INFO train: epoch=3, iteration=400, loss=6.994657039642334, lr=[tensor(0.0004, device='cuda:0')], in 3.685s
2022-04-19 16:16:06 train.py[line:78] INFO train: epoch=3, iteration=420, loss=6.770511150360107, lr=[tensor(0.0004, device='cuda:0')], in 3.727s
2022-04-19 16:16:10 train.py[line:78] INFO train: epoch=3, iteration=440, loss=6.442746162414551, lr=[tensor(0.0004, device='cuda:0')], in 3.686s
2022-04-19 16:16:14 train.py[line:78] INFO train: epoch=3, iteration=460, loss=6.4478373527526855, lr=[tensor(0.0004, device='cuda:0')], in 3.675s
2022-04-19 16:16:17 train.py[line:78] INFO train: epoch=3, iteration=480, loss=6.5620622634887695, lr=[tensor(0.0004, device='cuda:0')], in 3.780s
2022-04-19 16:16:21 train.py[line:78] INFO train: epoch=3, iteration=500, loss=6.8270769119262695, lr=[tensor(0.0004, device='cuda:0')], in 3.732s
2022-04-19 16:16:25 train.py[line:78] INFO train: epoch=3, iteration=520, loss=6.642088890075684, lr=[tensor(0.0004, device='cuda:0')], in 3.677s
2022-04-19 16:16:29 train.py[line:78] INFO train: epoch=3, iteration=540, loss=6.510880470275879, lr=[tensor(0.0004, device='cuda:0')], in 3.677s
2022-04-19 16:16:32 train.py[line:78] INFO train: epoch=3, iteration=560, loss=6.7249908447265625, lr=[tensor(0.0004, device='cuda:0')], in 3.701s
2022-04-19 16:16:36 train.py[line:78] INFO train: epoch=3, iteration=580, loss=6.938384532928467, lr=[tensor(0.0004, device='cuda:0')], in 3.695s
2022-04-19 16:16:40 train.py[line:78] INFO train: epoch=3, iteration=600, loss=6.706634998321533, lr=[tensor(0.0004, device='cuda:0')], in 3.666s
2022-04-19 16:16:40 train.py[line:86] INFO -------train exits, epoch=3-------
2022-04-19 16:16:40 train.py[line:299] INFO save model and statistics to D:/A日常/大学/毕业设计/code/yui/checkpoints
2022-04-19 16:16:58 train.py[line:78] INFO train: epoch=3, iteration=20, loss=6.369276523590088, lr=[tensor(0.0004, device='cuda:0')], in 17.327s
2022-04-19 16:17:01 train.py[line:78] INFO train: epoch=3, iteration=40, loss=6.364188194274902, lr=[tensor(0.0004, device='cuda:0')], in 3.658s
2022-04-19 16:17:05 train.py[line:78] INFO train: epoch=3, iteration=60, loss=6.513881683349609, lr=[tensor(0.0004, device='cuda:0')], in 3.653s
2022-04-19 16:17:09 train.py[line:78] INFO train: epoch=3, iteration=80, loss=6.776721954345703, lr=[tensor(0.0004, device='cuda:0')], in 3.671s
2022-04-19 16:17:13 train.py[line:78] INFO train: epoch=3, iteration=100, loss=6.575611114501953, lr=[tensor(0.0004, device='cuda:0')], in 4.228s
2022-04-19 16:17:17 train.py[line:78] INFO train: epoch=3, iteration=120, loss=6.419291973114014, lr=[tensor(0.0004, device='cuda:0')], in 3.670s
2022-04-19 16:17:20 train.py[line:78] INFO train: epoch=3, iteration=140, loss=6.673273086547852, lr=[tensor(0.0004, device='cuda:0')], in 3.718s
2022-04-19 16:17:24 train.py[line:78] INFO train: epoch=3, iteration=160, loss=6.874058723449707, lr=[tensor(0.0004, device='cuda:0')], in 3.679s
2022-04-19 16:17:28 train.py[line:78] INFO train: epoch=3, iteration=180, loss=6.6410136222839355, lr=[tensor(0.0004, device='cuda:0')], in 3.692s
2022-04-19 16:17:31 train.py[line:78] INFO train: epoch=3, iteration=200, loss=6.285199165344238, lr=[tensor(0.0004, device='cuda:0')], in 3.668s
2022-04-19 16:17:35 train.py[line:78] INFO train: epoch=3, iteration=220, loss=6.319147109985352, lr=[tensor(0.0004, device='cuda:0')], in 3.671s
2022-04-19 16:17:39 train.py[line:78] INFO train: epoch=3, iteration=240, loss=6.4340643882751465, lr=[tensor(0.0004, device='cuda:0')], in 4.055s
2022-04-19 16:17:43 train.py[line:78] INFO train: epoch=3, iteration=260, loss=6.725569725036621, lr=[tensor(0.0004, device='cuda:0')], in 3.698s
2022-04-19 16:17:46 train.py[line:78] INFO train: epoch=3, iteration=280, loss=6.49480676651001, lr=[tensor(0.0004, device='cuda:0')], in 3.689s
2022-04-19 16:17:50 train.py[line:78] INFO train: epoch=3, iteration=300, loss=6.334706783294678, lr=[tensor(0.0004, device='cuda:0')], in 3.965s
2022-04-19 16:17:54 train.py[line:78] INFO train: epoch=3, iteration=320, loss=6.597247123718262, lr=[tensor(0.0004, device='cuda:0')], in 3.830s
2022-04-19 16:17:58 train.py[line:78] INFO train: epoch=3, iteration=340, loss=6.81504487991333, lr=[tensor(0.0004, device='cuda:0')], in 3.703s
2022-04-19 16:18:02 train.py[line:78] INFO train: epoch=3, iteration=360, loss=6.581369876861572, lr=[tensor(0.0004, device='cuda:0')], in 3.678s
2022-04-19 16:18:06 train.py[line:78] INFO train: epoch=3, iteration=380, loss=6.210453033447266, lr=[tensor(0.0004, device='cuda:0')], in 4.081s
2022-04-19 16:18:09 train.py[line:78] INFO train: epoch=3, iteration=400, loss=6.2182841300964355, lr=[tensor(0.0004, device='cuda:0')], in 3.819s
2022-04-19 16:18:13 train.py[line:78] INFO train: epoch=3, iteration=420, loss=6.356761455535889, lr=[tensor(0.0004, device='cuda:0')], in 3.705s
2022-04-19 16:18:17 train.py[line:78] INFO train: epoch=3, iteration=440, loss=6.666093826293945, lr=[tensor(0.0004, device='cuda:0')], in 3.678s
2022-04-19 16:18:21 train.py[line:78] INFO train: epoch=3, iteration=460, loss=6.398558616638184, lr=[tensor(0.0004, device='cuda:0')], in 3.681s
2022-04-19 16:18:24 train.py[line:78] INFO train: epoch=3, iteration=480, loss=6.282749652862549, lr=[tensor(0.0004, device='cuda:0')], in 3.674s
2022-04-19 16:18:28 train.py[line:78] INFO train: epoch=3, iteration=500, loss=6.504728317260742, lr=[tensor(0.0004, device='cuda:0')], in 3.706s
2022-04-19 16:18:32 train.py[line:78] INFO train: epoch=3, iteration=520, loss=6.75311279296875, lr=[tensor(0.0004, device='cuda:0')], in 3.673s
2022-04-19 16:18:36 train.py[line:78] INFO train: epoch=3, iteration=540, loss=6.514866352081299, lr=[tensor(0.0004, device='cuda:0')], in 4.218s
2022-04-19 16:18:40 train.py[line:78] INFO train: epoch=3, iteration=560, loss=6.147502422332764, lr=[tensor(0.0004, device='cuda:0')], in 3.685s
2022-04-19 16:18:43 train.py[line:78] INFO train: epoch=3, iteration=580, loss=6.179873943328857, lr=[tensor(0.0004, device='cuda:0')], in 3.692s
2022-04-19 16:18:47 train.py[line:78] INFO train: epoch=3, iteration=600, loss=6.318007946014404, lr=[tensor(0.0004, device='cuda:0')], in 3.672s
2022-04-19 16:18:48 train.py[line:86] INFO -------train exits, epoch=3-------
2022-04-19 16:19:07 train.py[line:78] INFO train: epoch=3, iteration=20, loss=6.6024861335754395, lr=[tensor(0.0004, device='cuda:0')], in 19.756s
2022-04-19 16:19:11 train.py[line:78] INFO train: epoch=3, iteration=40, loss=6.337201118469238, lr=[tensor(0.0004, device='cuda:0')], in 3.672s
2022-04-19 16:19:15 train.py[line:78] INFO train: epoch=3, iteration=60, loss=6.190145492553711, lr=[tensor(0.0004, device='cuda:0')], in 3.657s
2022-04-19 16:19:18 train.py[line:78] INFO train: epoch=3, iteration=80, loss=6.471700191497803, lr=[tensor(0.0004, device='cuda:0')], in 3.658s
2022-04-19 16:19:22 train.py[line:78] INFO train: epoch=3, iteration=100, loss=6.698605537414551, lr=[tensor(0.0004, device='cuda:0')], in 3.675s
2022-04-19 16:19:26 train.py[line:78] INFO train: epoch=3, iteration=120, loss=6.461092472076416, lr=[tensor(0.0004, device='cuda:0')], in 3.656s
2022-04-19 16:19:29 train.py[line:78] INFO train: epoch=3, iteration=140, loss=6.051544666290283, lr=[tensor(0.0004, device='cuda:0')], in 3.664s
2022-04-19 16:19:33 train.py[line:78] INFO train: epoch=3, iteration=160, loss=6.088639259338379, lr=[tensor(0.0004, device='cuda:0')], in 3.671s
2022-04-19 16:19:37 train.py[line:78] INFO train: epoch=3, iteration=180, loss=6.221445083618164, lr=[tensor(0.0004, device='cuda:0')], in 3.746s
2022-04-19 16:19:41 train.py[line:78] INFO train: epoch=3, iteration=200, loss=6.544540882110596, lr=[tensor(0.0004, device='cuda:0')], in 4.369s
2022-04-19 16:19:45 train.py[line:78] INFO train: epoch=3, iteration=220, loss=6.254001140594482, lr=[tensor(0.0004, device='cuda:0')], in 3.659s
2022-04-19 16:19:48 train.py[line:78] INFO train: epoch=3, iteration=240, loss=6.095671653747559, lr=[tensor(0.0004, device='cuda:0')], in 3.660s
2022-04-19 16:19:52 train.py[line:78] INFO train: epoch=3, iteration=260, loss=6.378241539001465, lr=[tensor(0.0004, device='cuda:0')], in 3.689s
2022-04-19 16:19:56 train.py[line:78] INFO train: epoch=3, iteration=280, loss=6.645586967468262, lr=[tensor(0.0004, device='cuda:0')], in 3.658s
2022-04-19 16:19:59 train.py[line:78] INFO train: epoch=3, iteration=300, loss=6.385191440582275, lr=[tensor(0.0004, device='cuda:0')], in 3.660s
2022-04-19 16:20:03 train.py[line:78] INFO train: epoch=3, iteration=320, loss=5.938604831695557, lr=[tensor(0.0004, device='cuda:0')], in 3.674s
2022-04-19 16:20:07 train.py[line:78] INFO train: epoch=3, iteration=340, loss=5.99191951751709, lr=[tensor(0.0004, device='cuda:0')], in 3.686s
2022-04-19 16:20:10 train.py[line:78] INFO train: epoch=3, iteration=360, loss=6.151222229003906, lr=[tensor(0.0004, device='cuda:0')], in 3.665s
2022-04-19 16:20:14 train.py[line:78] INFO train: epoch=3, iteration=380, loss=6.4689860343933105, lr=[tensor(0.0004, device='cuda:0')], in 3.672s
2022-04-19 16:20:18 train.py[line:78] INFO train: epoch=3, iteration=400, loss=6.180474758148193, lr=[tensor(0.0004, device='cuda:0')], in 3.841s
2022-04-19 16:20:22 train.py[line:78] INFO train: epoch=3, iteration=420, loss=6.024947166442871, lr=[tensor(0.0004, device='cuda:0')], in 4.044s
2022-04-19 16:20:26 train.py[line:78] INFO train: epoch=3, iteration=440, loss=6.284261226654053, lr=[tensor(0.0004, device='cuda:0')], in 3.674s
2022-04-19 16:20:29 train.py[line:78] INFO train: epoch=3, iteration=460, loss=6.582501411437988, lr=[tensor(0.0004, device='cuda:0')], in 3.662s
2022-04-19 16:20:33 train.py[line:78] INFO train: epoch=3, iteration=480, loss=6.333564281463623, lr=[tensor(0.0004, device='cuda:0')], in 3.662s
2022-04-19 16:20:37 train.py[line:78] INFO train: epoch=3, iteration=500, loss=5.83064603805542, lr=[tensor(0.0004, device='cuda:0')], in 3.687s
2022-04-19 16:20:40 train.py[line:78] INFO train: epoch=3, iteration=520, loss=5.919768810272217, lr=[tensor(0.0005, device='cuda:0')], in 3.659s
2022-04-19 16:20:44 train.py[line:78] INFO train: epoch=3, iteration=540, loss=6.0881500244140625, lr=[tensor(0.0005, device='cuda:0')], in 3.668s
2022-04-19 16:20:48 train.py[line:78] INFO train: epoch=3, iteration=560, loss=6.410189151763916, lr=[tensor(0.0005, device='cuda:0')], in 4.180s
2022-04-19 16:20:52 train.py[line:78] INFO train: epoch=3, iteration=580, loss=6.106833457946777, lr=[tensor(0.0005, device='cuda:0')], in 3.716s
2022-04-19 16:20:56 train.py[line:78] INFO train: epoch=3, iteration=600, loss=5.91787576675415, lr=[tensor(0.0005, device='cuda:0')], in 4.355s
2022-04-19 16:20:57 train.py[line:86] INFO -------train exits, epoch=3-------
2022-04-19 16:21:17 train.py[line:78] INFO train: epoch=4, iteration=20, loss=6.230144023895264, lr=[tensor(0.0005, device='cuda:0')], in 19.570s
2022-04-19 16:21:20 train.py[line:78] INFO train: epoch=4, iteration=40, loss=6.536211013793945, lr=[tensor(0.0005, device='cuda:0')], in 3.659s
2022-04-19 16:21:24 train.py[line:78] INFO train: epoch=4, iteration=60, loss=6.251433372497559, lr=[tensor(0.0005, device='cuda:0')], in 3.653s
2022-04-19 16:21:28 train.py[line:78] INFO train: epoch=4, iteration=80, loss=5.750182151794434, lr=[tensor(0.0005, device='cuda:0')], in 3.663s
2022-04-19 16:21:32 train.py[line:78] INFO train: epoch=4, iteration=100, loss=5.841568946838379, lr=[tensor(0.0005, device='cuda:0')], in 4.256s
2022-04-19 16:21:35 train.py[line:78] INFO train: epoch=4, iteration=120, loss=5.996434688568115, lr=[tensor(0.0005, device='cuda:0')], in 3.669s
2022-04-19 16:21:39 train.py[line:78] INFO train: epoch=4, iteration=140, loss=6.350898742675781, lr=[tensor(0.0005, device='cuda:0')], in 3.667s
2022-04-19 16:21:43 train.py[line:78] INFO train: epoch=4, iteration=160, loss=5.994318008422852, lr=[tensor(0.0005, device='cuda:0')], in 3.660s
2022-04-19 16:21:47 train.py[line:78] INFO train: epoch=4, iteration=180, loss=5.829782009124756, lr=[tensor(0.0005, device='cuda:0')], in 3.681s
2022-04-19 16:21:50 train.py[line:78] INFO train: epoch=4, iteration=200, loss=6.147832870483398, lr=[tensor(0.0005, device='cuda:0')], in 3.666s
2022-04-19 16:21:54 train.py[line:78] INFO train: epoch=4, iteration=220, loss=6.478845596313477, lr=[tensor(0.0005, device='cuda:0')], in 3.663s
2022-04-19 16:21:58 train.py[line:78] INFO train: epoch=4, iteration=240, loss=6.199862003326416, lr=[tensor(0.0005, device='cuda:0')], in 3.673s
2022-04-19 16:22:01 train.py[line:78] INFO train: epoch=4, iteration=260, loss=5.6485819816589355, lr=[tensor(0.0005, device='cuda:0')], in 3.691s
2022-04-19 16:22:05 train.py[line:78] INFO train: epoch=4, iteration=280, loss=5.746974945068359, lr=[tensor(0.0005, device='cuda:0')], in 3.666s
2022-04-19 16:22:09 train.py[line:78] INFO train: epoch=4, iteration=300, loss=5.905186176300049, lr=[tensor(0.0005, device='cuda:0')], in 3.665s
2022-04-19 16:22:12 train.py[line:78] INFO train: epoch=4, iteration=320, loss=6.294827461242676, lr=[tensor(0.0005, device='cuda:0')], in 3.662s
2022-04-19 16:22:16 train.py[line:78] INFO train: epoch=4, iteration=340, loss=5.870460510253906, lr=[tensor(0.0005, device='cuda:0')], in 3.695s
2022-04-19 16:22:20 train.py[line:78] INFO train: epoch=4, iteration=360, loss=5.7448954582214355, lr=[tensor(0.0005, device='cuda:0')], in 3.674s
2022-04-19 16:22:23 train.py[line:78] INFO train: epoch=4, iteration=380, loss=6.0894575119018555, lr=[tensor(0.0005, device='cuda:0')], in 3.663s
2022-04-19 16:22:27 train.py[line:78] INFO train: epoch=4, iteration=400, loss=6.40570068359375, lr=[tensor(0.0005, device='cuda:0')], in 3.697s
2022-04-19 16:22:31 train.py[line:78] INFO train: epoch=4, iteration=420, loss=6.1472930908203125, lr=[tensor(0.0005, device='cuda:0')], in 3.787s
2022-04-19 16:22:35 train.py[line:78] INFO train: epoch=4, iteration=440, loss=5.518893718719482, lr=[tensor(0.0005, device='cuda:0')], in 4.174s
2022-04-19 16:22:39 train.py[line:78] INFO train: epoch=4, iteration=460, loss=5.650261878967285, lr=[tensor(0.0005, device='cuda:0')], in 3.680s
2022-04-19 16:22:42 train.py[line:78] INFO train: epoch=4, iteration=480, loss=5.854153633117676, lr=[tensor(0.0005, device='cuda:0')], in 3.682s
2022-04-19 16:22:46 train.py[line:78] INFO train: epoch=4, iteration=500, loss=6.218172550201416, lr=[tensor(0.0005, device='cuda:0')], in 3.702s
2022-04-19 16:22:50 train.py[line:78] INFO train: epoch=4, iteration=520, loss=5.805508613586426, lr=[tensor(0.0005, device='cuda:0')], in 3.685s
2022-04-19 16:22:53 train.py[line:78] INFO train: epoch=4, iteration=540, loss=5.646072864532471, lr=[tensor(0.0005, device='cuda:0')], in 3.687s
2022-04-19 16:22:57 train.py[line:78] INFO train: epoch=4, iteration=560, loss=6.011397361755371, lr=[tensor(0.0005, device='cuda:0')], in 3.677s
2022-04-19 16:23:01 train.py[line:78] INFO train: epoch=4, iteration=580, loss=6.363763332366943, lr=[tensor(0.0005, device='cuda:0')], in 3.699s
2022-04-19 16:23:04 train.py[line:78] INFO train: epoch=4, iteration=600, loss=6.072826385498047, lr=[tensor(0.0005, device='cuda:0')], in 3.664s
2022-04-19 16:23:05 train.py[line:86] INFO -------train exits, epoch=4-------
2022-04-19 16:23:22 train.py[line:78] INFO train: epoch=4, iteration=20, loss=5.425939559936523, lr=[tensor(0.0005, device='cuda:0')], in 17.384s
2022-04-19 16:23:26 train.py[line:78] INFO train: epoch=4, iteration=40, loss=5.579814910888672, lr=[tensor(0.0005, device='cuda:0')], in 3.657s
2022-04-19 16:23:30 train.py[line:78] INFO train: epoch=4, iteration=60, loss=5.770750999450684, lr=[tensor(0.0005, device='cuda:0')], in 3.661s
2022-04-19 16:23:33 train.py[line:78] INFO train: epoch=4, iteration=80, loss=6.168732166290283, lr=[tensor(0.0005, device='cuda:0')], in 3.668s
2022-04-19 16:23:37 train.py[line:78] INFO train: epoch=4, iteration=100, loss=5.6688666343688965, lr=[tensor(0.0005, device='cuda:0')], in 3.679s
2022-04-19 16:23:41 train.py[line:78] INFO train: epoch=4, iteration=120, loss=5.537199974060059, lr=[tensor(0.0005, device='cuda:0')], in 3.666s
2022-04-19 16:23:45 train.py[line:78] INFO train: epoch=4, iteration=140, loss=5.922479629516602, lr=[tensor(0.0005, device='cuda:0')], in 4.048s
2022-04-19 16:23:49 train.py[line:78] INFO train: epoch=4, iteration=160, loss=6.296764850616455, lr=[tensor(0.0005, device='cuda:0')], in 3.678s
2022-04-19 16:23:52 train.py[line:78] INFO train: epoch=4, iteration=180, loss=5.9950432777404785, lr=[tensor(0.0005, device='cuda:0')], in 3.689s
2022-04-19 16:23:56 train.py[line:78] INFO train: epoch=4, iteration=200, loss=5.295625686645508, lr=[tensor(0.0005, device='cuda:0')], in 3.677s
2022-04-19 16:24:00 train.py[line:78] INFO train: epoch=4, iteration=220, loss=5.487277030944824, lr=[tensor(0.0005, device='cuda:0')], in 3.680s
2022-04-19 16:24:03 train.py[line:78] INFO train: epoch=4, iteration=240, loss=5.6899285316467285, lr=[tensor(0.0005, device='cuda:0')], in 3.730s
2022-04-19 16:24:07 train.py[line:78] INFO train: epoch=4, iteration=260, loss=6.088349342346191, lr=[tensor(0.0005, device='cuda:0')], in 4.032s
2022-04-19 16:24:11 train.py[line:78] INFO train: epoch=4, iteration=280, loss=5.538986682891846, lr=[tensor(0.0005, device='cuda:0')], in 3.675s
2022-04-19 16:24:15 train.py[line:78] INFO train: epoch=4, iteration=300, loss=5.423471927642822, lr=[tensor(0.0005, device='cuda:0')], in 3.682s
2022-04-19 16:24:18 train.py[line:78] INFO train: epoch=4, iteration=320, loss=5.833568096160889, lr=[tensor(0.0005, device='cuda:0')], in 3.682s
2022-04-19 16:24:22 train.py[line:78] INFO train: epoch=4, iteration=340, loss=6.23539924621582, lr=[tensor(0.0005, device='cuda:0')], in 3.700s
2022-04-19 16:24:26 train.py[line:78] INFO train: epoch=4, iteration=360, loss=5.951157569885254, lr=[tensor(0.0005, device='cuda:0')], in 3.673s
2022-04-19 16:24:29 train.py[line:78] INFO train: epoch=4, iteration=380, loss=5.194503307342529, lr=[tensor(0.0005, device='cuda:0')], in 3.674s
2022-04-19 16:24:33 train.py[line:78] INFO train: epoch=4, iteration=400, loss=5.4103617668151855, lr=[tensor(0.0005, device='cuda:0')], in 3.680s
2022-04-19 16:24:37 train.py[line:78] INFO train: epoch=4, iteration=420, loss=5.577175140380859, lr=[tensor(0.0005, device='cuda:0')], in 4.151s
2022-04-19 16:24:41 train.py[line:78] INFO train: epoch=4, iteration=440, loss=6.044196605682373, lr=[tensor(0.0005, device='cuda:0')], in 3.684s
2022-04-19 16:24:45 train.py[line:78] INFO train: epoch=4, iteration=460, loss=5.493332862854004, lr=[tensor(0.0005, device='cuda:0')], in 3.668s
2022-04-19 16:24:48 train.py[line:78] INFO train: epoch=4, iteration=480, loss=5.362417221069336, lr=[tensor(0.0005, device='cuda:0')], in 3.675s
2022-04-19 16:24:52 train.py[line:78] INFO train: epoch=4, iteration=500, loss=5.761998176574707, lr=[tensor(0.0005, device='cuda:0')], in 4.104s
2022-04-19 16:24:56 train.py[line:78] INFO train: epoch=4, iteration=520, loss=6.168709754943848, lr=[tensor(0.0005, device='cuda:0')], in 3.674s
2022-04-19 16:25:00 train.py[line:78] INFO train: epoch=4, iteration=540, loss=5.8770527839660645, lr=[tensor(0.0005, device='cuda:0')], in 3.671s
2022-04-19 16:25:03 train.py[line:78] INFO train: epoch=4, iteration=560, loss=5.105584621429443, lr=[tensor(0.0005, device='cuda:0')], in 3.673s
2022-04-19 16:25:07 train.py[line:78] INFO train: epoch=4, iteration=580, loss=5.322996139526367, lr=[tensor(0.0005, device='cuda:0')], in 3.714s
2022-04-19 16:25:11 train.py[line:78] INFO train: epoch=4, iteration=600, loss=5.523869037628174, lr=[tensor(0.0005, device='cuda:0')], in 3.669s
2022-04-19 16:25:11 train.py[line:86] INFO -------train exits, epoch=4-------
2022-04-19 16:25:29 train.py[line:78] INFO train: epoch=4, iteration=20, loss=5.983455181121826, lr=[tensor(0.0005, device='cuda:0')], in 17.747s
2022-04-19 16:25:33 train.py[line:78] INFO train: epoch=4, iteration=40, loss=5.355656147003174, lr=[tensor(0.0005, device='cuda:0')], in 3.657s
2022-04-19 16:25:37 train.py[line:78] INFO train: epoch=4, iteration=60, loss=5.271692752838135, lr=[tensor(0.0005, device='cuda:0')], in 3.862s
2022-04-19 16:25:41 train.py[line:78] INFO train: epoch=4, iteration=80, loss=5.677145004272461, lr=[tensor(0.0005, device='cuda:0')], in 3.824s
2022-04-19 16:25:44 train.py[line:78] INFO train: epoch=4, iteration=100, loss=6.121946811676025, lr=[tensor(0.0005, device='cuda:0')], in 3.684s
2022-04-19 16:25:48 train.py[line:78] INFO train: epoch=4, iteration=120, loss=5.81302547454834, lr=[tensor(0.0005, device='cuda:0')], in 3.662s
2022-04-19 16:25:52 train.py[line:78] INFO train: epoch=4, iteration=140, loss=4.936238765716553, lr=[tensor(0.0005, device='cuda:0')], in 3.669s
2022-04-19 16:25:55 train.py[line:78] INFO train: epoch=4, iteration=160, loss=5.2306227684021, lr=[tensor(0.0005, device='cuda:0')], in 3.663s
2022-04-19 16:25:59 train.py[line:78] INFO train: epoch=4, iteration=180, loss=5.431332111358643, lr=[tensor(0.0005, device='cuda:0')], in 4.035s
2022-04-19 16:26:04 train.py[line:78] INFO train: epoch=4, iteration=200, loss=5.911410331726074, lr=[tensor(0.0005, device='cuda:0')], in 4.284s
2022-04-19 16:26:07 train.py[line:78] INFO train: epoch=4, iteration=220, loss=5.2569169998168945, lr=[tensor(0.0005, device='cuda:0')], in 3.670s
2022-04-19 16:26:11 train.py[line:78] INFO train: epoch=4, iteration=240, loss=5.188158988952637, lr=[tensor(0.0005, device='cuda:0')], in 3.663s
2022-04-19 16:26:15 train.py[line:78] INFO train: epoch=4, iteration=260, loss=5.600742340087891, lr=[tensor(0.0005, device='cuda:0')], in 3.683s
2022-04-19 16:26:19 train.py[line:78] INFO train: epoch=4, iteration=280, loss=6.061132431030273, lr=[tensor(0.0005, device='cuda:0')], in 4.332s
2022-04-19 16:26:23 train.py[line:78] INFO train: epoch=4, iteration=300, loss=5.738531112670898, lr=[tensor(0.0006, device='cuda:0')], in 3.663s
2022-04-19 16:26:26 train.py[line:78] INFO train: epoch=4, iteration=320, loss=4.847227096557617, lr=[tensor(0.0006, device='cuda:0')], in 3.665s
2022-04-19 16:26:30 train.py[line:78] INFO train: epoch=4, iteration=340, loss=5.13054084777832, lr=[tensor(0.0006, device='cuda:0')], in 3.688s
2022-04-19 16:26:34 train.py[line:78] INFO train: epoch=4, iteration=360, loss=5.346616268157959, lr=[tensor(0.0006, device='cuda:0')], in 4.293s
2022-04-19 16:26:38 train.py[line:78] INFO train: epoch=4, iteration=380, loss=5.856855392456055, lr=[tensor(0.0006, device='cuda:0')], in 3.666s
2022-04-19 16:26:42 train.py[line:78] INFO train: epoch=4, iteration=400, loss=5.158859729766846, lr=[tensor(0.0006, device='cuda:0')], in 3.667s
2022-04-19 16:26:45 train.py[line:78] INFO train: epoch=4, iteration=420, loss=5.066730976104736, lr=[tensor(0.0006, device='cuda:0')], in 3.684s
2022-04-19 16:26:49 train.py[line:78] INFO train: epoch=4, iteration=440, loss=5.510007381439209, lr=[tensor(0.0006, device='cuda:0')], in 3.666s
2022-04-19 16:26:53 train.py[line:78] INFO train: epoch=4, iteration=460, loss=6.00676155090332, lr=[tensor(0.0006, device='cuda:0')], in 3.666s
2022-04-19 16:26:56 train.py[line:78] INFO train: epoch=4, iteration=480, loss=5.686286926269531, lr=[tensor(0.0006, device='cuda:0')], in 3.669s
2022-04-19 16:27:00 train.py[line:78] INFO train: epoch=4, iteration=500, loss=4.73524284362793, lr=[tensor(0.0006, device='cuda:0')], in 3.697s
2022-04-19 16:27:04 train.py[line:78] INFO train: epoch=4, iteration=520, loss=5.071009635925293, lr=[tensor(0.0006, device='cuda:0')], in 3.668s
2022-04-19 16:27:07 train.py[line:78] INFO train: epoch=4, iteration=540, loss=5.258255958557129, lr=[tensor(0.0006, device='cuda:0')], in 3.671s
2022-04-19 16:27:11 train.py[line:78] INFO train: epoch=4, iteration=560, loss=5.796613693237305, lr=[tensor(0.0006, device='cuda:0')], in 3.691s
2022-04-19 16:27:15 train.py[line:78] INFO train: epoch=4, iteration=580, loss=5.054374694824219, lr=[tensor(0.0006, device='cuda:0')], in 4.260s
2022-04-19 16:27:19 train.py[line:78] INFO train: epoch=4, iteration=600, loss=4.97854471206665, lr=[tensor(0.0006, device='cuda:0')], in 3.671s
2022-04-19 16:27:20 train.py[line:86] INFO -------train exits, epoch=4-------
2022-04-19 16:27:20 train.py[line:299] INFO save model and statistics to D:/A日常/大学/毕业设计/code/yui/checkpoints
2022-04-19 16:27:44 train.py[line:78] INFO train: epoch=5, iteration=20, loss=5.437559127807617, lr=[tensor(0.0006, device='cuda:0')], in 23.952s
2022-04-19 16:27:47 train.py[line:78] INFO train: epoch=5, iteration=40, loss=5.946166038513184, lr=[tensor(0.0006, device='cuda:0')], in 3.654s
2022-04-19 16:27:51 train.py[line:78] INFO train: epoch=5, iteration=60, loss=5.60308837890625, lr=[tensor(0.0006, device='cuda:0')], in 3.649s
2022-04-19 16:27:55 train.py[line:78] INFO train: epoch=5, iteration=80, loss=4.631795406341553, lr=[tensor(0.0006, device='cuda:0')], in 3.667s
2022-04-19 16:27:58 train.py[line:78] INFO train: epoch=5, iteration=100, loss=4.940650463104248, lr=[tensor(0.0006, device='cuda:0')], in 3.702s
2022-04-19 16:28:02 train.py[line:78] INFO train: epoch=5, iteration=120, loss=5.187668323516846, lr=[tensor(0.0006, device='cuda:0')], in 4.008s
2022-04-19 16:28:06 train.py[line:78] INFO train: epoch=5, iteration=140, loss=5.727484703063965, lr=[tensor(0.0006, device='cuda:0')], in 3.673s
2022-04-19 16:28:10 train.py[line:78] INFO train: epoch=5, iteration=160, loss=4.966870307922363, lr=[tensor(0.0006, device='cuda:0')], in 3.671s
2022-04-19 16:28:13 train.py[line:78] INFO train: epoch=5, iteration=180, loss=4.8566789627075195, lr=[tensor(0.0006, device='cuda:0')], in 3.710s
2022-04-19 16:28:17 train.py[line:78] INFO train: epoch=5, iteration=200, loss=5.343611240386963, lr=[tensor(0.0006, device='cuda:0')], in 3.676s
2022-04-19 16:28:21 train.py[line:78] INFO train: epoch=5, iteration=220, loss=5.905497074127197, lr=[tensor(0.0006, device='cuda:0')], in 4.061s
2022-04-19 16:28:25 train.py[line:78] INFO train: epoch=5, iteration=240, loss=5.576842784881592, lr=[tensor(0.0006, device='cuda:0')], in 3.673s
2022-04-19 16:28:28 train.py[line:78] INFO train: epoch=5, iteration=260, loss=4.471539497375488, lr=[tensor(0.0006, device='cuda:0')], in 3.712s
2022-04-19 16:28:32 train.py[line:78] INFO train: epoch=5, iteration=280, loss=4.906307697296143, lr=[tensor(0.0006, device='cuda:0')], in 3.675s
2022-04-19 16:28:36 train.py[line:78] INFO train: epoch=5, iteration=300, loss=5.124309062957764, lr=[tensor(0.0006, device='cuda:0')], in 3.674s
2022-04-19 16:28:40 train.py[line:78] INFO train: epoch=5, iteration=320, loss=5.664700984954834, lr=[tensor(0.0006, device='cuda:0')], in 3.685s
2022-04-19 16:28:43 train.py[line:78] INFO train: epoch=5, iteration=340, loss=4.819189071655273, lr=[tensor(0.0006, device='cuda:0')], in 3.707s
2022-04-19 16:28:47 train.py[line:78] INFO train: epoch=5, iteration=360, loss=4.764166831970215, lr=[tensor(0.0006, device='cuda:0')], in 3.695s
2022-04-19 16:28:51 train.py[line:78] INFO train: epoch=5, iteration=380, loss=5.270020008087158, lr=[tensor(0.0006, device='cuda:0')], in 4.314s
2022-04-19 16:28:55 train.py[line:78] INFO train: epoch=5, iteration=400, loss=5.838545322418213, lr=[tensor(0.0006, device='cuda:0')], in 3.680s
2022-04-19 16:28:59 train.py[line:78] INFO train: epoch=5, iteration=420, loss=5.503600597381592, lr=[tensor(0.0006, device='cuda:0')], in 3.701s
2022-04-19 16:29:02 train.py[line:78] INFO train: epoch=5, iteration=440, loss=4.355983734130859, lr=[tensor(0.0006, device='cuda:0')], in 3.681s
2022-04-19 16:29:06 train.py[line:78] INFO train: epoch=5, iteration=460, loss=4.79630184173584, lr=[tensor(0.0006, device='cuda:0')], in 3.674s
2022-04-19 16:29:10 train.py[line:78] INFO train: epoch=5, iteration=480, loss=5.025328636169434, lr=[tensor(0.0006, device='cuda:0')], in 3.674s
2022-04-19 16:29:13 train.py[line:78] INFO train: epoch=5, iteration=500, loss=5.601435661315918, lr=[tensor(0.0006, device='cuda:0')], in 3.701s
2022-04-19 16:29:17 train.py[line:78] INFO train: epoch=5, iteration=520, loss=4.716623783111572, lr=[tensor(0.0006, device='cuda:0')], in 3.676s
2022-04-19 16:29:21 train.py[line:78] INFO train: epoch=5, iteration=540, loss=4.643401145935059, lr=[tensor(0.0006, device='cuda:0')], in 3.679s
2022-04-19 16:29:24 train.py[line:78] INFO train: epoch=5, iteration=560, loss=5.15954065322876, lr=[tensor(0.0006, device='cuda:0')], in 3.683s
2022-04-19 16:29:28 train.py[line:78] INFO train: epoch=5, iteration=580, loss=5.791323184967041, lr=[tensor(0.0006, device='cuda:0')], in 3.696s
2022-04-19 16:29:32 train.py[line:78] INFO train: epoch=5, iteration=600, loss=5.446444511413574, lr=[tensor(0.0006, device='cuda:0')], in 3.672s
2022-04-19 16:29:33 train.py[line:86] INFO -------train exits, epoch=5-------
2022-04-19 16:29:53 train.py[line:78] INFO train: epoch=5, iteration=20, loss=4.210650444030762, lr=[tensor(0.0006, device='cuda:0')], in 20.436s
2022-04-19 16:29:57 train.py[line:78] INFO train: epoch=5, iteration=40, loss=4.689907550811768, lr=[tensor(0.0006, device='cuda:0')], in 3.662s
2022-04-19 16:30:00 train.py[line:78] INFO train: epoch=5, iteration=60, loss=4.956023216247559, lr=[tensor(0.0006, device='cuda:0')], in 3.668s
2022-04-19 16:30:04 train.py[line:78] INFO train: epoch=5, iteration=80, loss=5.5446271896362305, lr=[tensor(0.0006, device='cuda:0')], in 3.673s
2022-04-19 16:30:08 train.py[line:78] INFO train: epoch=5, iteration=100, loss=4.621854305267334, lr=[tensor(0.0006, device='cuda:0')], in 3.697s
2022-04-19 16:30:12 train.py[line:78] INFO train: epoch=5, iteration=120, loss=4.5310516357421875, lr=[tensor(0.0006, device='cuda:0')], in 3.874s
2022-04-19 16:30:16 train.py[line:78] INFO train: epoch=5, iteration=140, loss=5.094168663024902, lr=[tensor(0.0006, device='cuda:0')], in 4.165s
2022-04-19 16:30:19 train.py[line:78] INFO train: epoch=5, iteration=160, loss=5.7397541999816895, lr=[tensor(0.0006, device='cuda:0')], in 3.666s
2022-04-19 16:30:23 train.py[line:78] INFO train: epoch=5, iteration=180, loss=5.375794410705566, lr=[tensor(0.0006, device='cuda:0')], in 4.128s
2022-04-19 16:30:27 train.py[line:78] INFO train: epoch=5, iteration=200, loss=4.125694751739502, lr=[tensor(0.0006, device='cuda:0')], in 3.670s
2022-04-19 16:30:31 train.py[line:78] INFO train: epoch=5, iteration=220, loss=4.5445051193237305, lr=[tensor(0.0006, device='cuda:0')], in 3.676s
2022-04-19 16:30:35 train.py[line:78] INFO train: epoch=5, iteration=240, loss=4.877089977264404, lr=[tensor(0.0006, device='cuda:0')], in 3.819s
2022-04-19 16:30:39 train.py[line:78] INFO train: epoch=5, iteration=260, loss=5.490007400512695, lr=[tensor(0.0006, device='cuda:0')], in 4.122s
2022-04-19 16:30:42 train.py[line:78] INFO train: epoch=5, iteration=280, loss=4.473018169403076, lr=[tensor(0.0006, device='cuda:0')], in 3.671s
2022-04-19 16:30:46 train.py[line:78] INFO train: epoch=5, iteration=300, loss=4.436168193817139, lr=[tensor(0.0006, device='cuda:0')], in 3.680s
2022-04-19 16:30:50 train.py[line:78] INFO train: epoch=5, iteration=320, loss=5.01450252532959, lr=[tensor(0.0006, device='cuda:0')], in 3.669s
2022-04-19 16:30:53 train.py[line:78] INFO train: epoch=5, iteration=340, loss=5.68113899230957, lr=[tensor(0.0006, device='cuda:0')], in 3.694s
2022-04-19 16:30:57 train.py[line:78] INFO train: epoch=5, iteration=360, loss=5.335069179534912, lr=[tensor(0.0006, device='cuda:0')], in 3.669s
2022-04-19 16:31:01 train.py[line:78] INFO train: epoch=5, iteration=380, loss=4.030721187591553, lr=[tensor(0.0006, device='cuda:0')], in 4.099s
2022-04-19 16:31:05 train.py[line:78] INFO train: epoch=5, iteration=400, loss=4.462762832641602, lr=[tensor(0.0006, device='cuda:0')], in 3.894s
2022-04-19 16:31:09 train.py[line:78] INFO train: epoch=5, iteration=420, loss=4.775295734405518, lr=[tensor(0.0006, device='cuda:0')], in 3.687s
2022-04-19 16:31:13 train.py[line:78] INFO train: epoch=5, iteration=440, loss=5.422971725463867, lr=[tensor(0.0006, device='cuda:0')], in 3.663s
2022-04-19 16:31:16 train.py[line:78] INFO train: epoch=5, iteration=460, loss=4.342855453491211, lr=[tensor(0.0006, device='cuda:0')], in 3.665s
2022-04-19 16:31:20 train.py[line:78] INFO train: epoch=5, iteration=480, loss=4.31831169128418, lr=[tensor(0.0006, device='cuda:0')], in 4.148s
2022-04-19 16:31:24 train.py[line:78] INFO train: epoch=5, iteration=500, loss=4.911640167236328, lr=[tensor(0.0006, device='cuda:0')], in 3.786s
2022-04-19 16:31:28 train.py[line:78] INFO train: epoch=5, iteration=520, loss=5.616628170013428, lr=[tensor(0.0006, device='cuda:0')], in 3.678s
2022-04-19 16:31:32 train.py[line:78] INFO train: epoch=5, iteration=540, loss=5.2596354484558105, lr=[tensor(0.0006, device='cuda:0')], in 3.983s
2022-04-19 16:31:35 train.py[line:78] INFO train: epoch=5, iteration=560, loss=3.9198195934295654, lr=[tensor(0.0006, device='cuda:0')], in 3.680s
2022-04-19 16:31:39 train.py[line:78] INFO train: epoch=5, iteration=580, loss=4.390475273132324, lr=[tensor(0.0006, device='cuda:0')], in 3.694s
2022-04-19 16:31:43 train.py[line:78] INFO train: epoch=5, iteration=600, loss=4.684298515319824, lr=[tensor(0.0006, device='cuda:0')], in 3.658s
2022-04-19 16:31:43 train.py[line:86] INFO -------train exits, epoch=5-------
2022-04-19 16:32:03 train.py[line:78] INFO train: epoch=5, iteration=20, loss=5.370168685913086, lr=[tensor(0.0006, device='cuda:0')], in 19.493s
2022-04-19 16:32:07 train.py[line:78] INFO train: epoch=5, iteration=40, loss=4.274270534515381, lr=[tensor(0.0006, device='cuda:0')], in 3.657s
2022-04-19 16:32:10 train.py[line:78] INFO train: epoch=5, iteration=60, loss=4.2419281005859375, lr=[tensor(0.0006, device='cuda:0')], in 3.670s
2022-04-19 16:32:14 train.py[line:78] INFO train: epoch=5, iteration=80, loss=4.830197811126709, lr=[tensor(0.0007, device='cuda:0')], in 3.660s
2022-04-19 16:32:18 train.py[line:78] INFO train: epoch=5, iteration=100, loss=5.559831142425537, lr=[tensor(0.0007, device='cuda:0')], in 3.702s
2022-04-19 16:32:21 train.py[line:78] INFO train: epoch=5, iteration=120, loss=5.197990417480469, lr=[tensor(0.0007, device='cuda:0')], in 3.756s
2022-04-19 16:32:25 train.py[line:78] INFO train: epoch=5, iteration=140, loss=3.7240962982177734, lr=[tensor(0.0007, device='cuda:0')], in 3.777s
2022-04-19 16:32:30 train.py[line:78] INFO train: epoch=5, iteration=160, loss=4.336230278015137, lr=[tensor(0.0007, device='cuda:0')], in 4.673s
2022-04-19 16:32:34 train.py[line:78] INFO train: epoch=5, iteration=180, loss=4.598172664642334, lr=[tensor(0.0007, device='cuda:0')], in 4.071s
2022-04-19 16:32:38 train.py[line:78] INFO train: epoch=5, iteration=200, loss=5.312420845031738, lr=[tensor(0.0007, device='cuda:0')], in 3.660s
2022-04-19 16:32:41 train.py[line:78] INFO train: epoch=5, iteration=220, loss=4.153270244598389, lr=[tensor(0.0007, device='cuda:0')], in 3.666s
2022-04-19 16:32:45 train.py[line:78] INFO train: epoch=5, iteration=240, loss=4.167827129364014, lr=[tensor(0.0007, device='cuda:0')], in 3.673s
2022-04-19 16:32:49 train.py[line:78] INFO train: epoch=5, iteration=260, loss=4.717418193817139, lr=[tensor(0.0007, device='cuda:0')], in 3.688s
2022-04-19 16:32:52 train.py[line:78] INFO train: epoch=5, iteration=280, loss=5.50419807434082, lr=[tensor(0.0007, device='cuda:0')], in 3.664s
2022-04-19 16:32:56 train.py[line:78] INFO train: epoch=5, iteration=300, loss=5.148777484893799, lr=[tensor(0.0007, device='cuda:0')], in 3.660s
2022-04-19 16:33:00 train.py[line:78] INFO train: epoch=5, iteration=320, loss=3.596818685531616, lr=[tensor(0.0007, device='cuda:0')], in 4.038s
2022-04-19 16:33:04 train.py[line:78] INFO train: epoch=5, iteration=340, loss=4.203474998474121, lr=[tensor(0.0007, device='cuda:0')], in 3.692s
2022-04-19 16:33:07 train.py[line:78] INFO train: epoch=5, iteration=360, loss=4.537525177001953, lr=[tensor(0.0007, device='cuda:0')], in 3.674s
2022-04-19 16:33:11 train.py[line:78] INFO train: epoch=5, iteration=380, loss=5.25510835647583, lr=[tensor(0.0007, device='cuda:0')], in 3.663s
2022-04-19 16:33:15 train.py[line:78] INFO train: epoch=5, iteration=400, loss=4.0100579261779785, lr=[tensor(0.0007, device='cuda:0')], in 3.663s
2022-04-19 16:33:18 train.py[line:78] INFO train: epoch=5, iteration=420, loss=3.963092088699341, lr=[tensor(0.0007, device='cuda:0')], in 3.684s
2022-04-19 16:33:22 train.py[line:78] INFO train: epoch=5, iteration=440, loss=4.619880676269531, lr=[tensor(0.0007, device='cuda:0')], in 3.659s
2022-04-19 16:33:26 train.py[line:78] INFO train: epoch=5, iteration=460, loss=5.455888748168945, lr=[tensor(0.0007, device='cuda:0')], in 3.660s
2022-04-19 16:33:29 train.py[line:78] INFO train: epoch=5, iteration=480, loss=5.095583915710449, lr=[tensor(0.0007, device='cuda:0')], in 3.667s
2022-04-19 16:33:33 train.py[line:78] INFO train: epoch=5, iteration=500, loss=3.5093095302581787, lr=[tensor(0.0007, device='cuda:0')], in 3.683s
2022-04-19 16:33:37 train.py[line:78] INFO train: epoch=5, iteration=520, loss=4.117157936096191, lr=[tensor(0.0007, device='cuda:0')], in 3.666s
2022-04-19 16:33:40 train.py[line:78] INFO train: epoch=5, iteration=540, loss=4.442294120788574, lr=[tensor(0.0007, device='cuda:0')], in 3.676s
2022-04-19 16:33:44 train.py[line:78] INFO train: epoch=5, iteration=560, loss=5.209965705871582, lr=[tensor(0.0007, device='cuda:0')], in 3.683s
2022-04-19 16:33:48 train.py[line:78] INFO train: epoch=5, iteration=580, loss=3.913113832473755, lr=[tensor(0.0007, device='cuda:0')], in 3.704s
2022-04-19 16:33:51 train.py[line:78] INFO train: epoch=5, iteration=600, loss=3.8875975608825684, lr=[tensor(0.0007, device='cuda:0')], in 3.673s
2022-04-19 16:33:52 train.py[line:86] INFO -------train exits, epoch=5-------
2022-04-19 16:34:13 train.py[line:78] INFO train: epoch=6, iteration=20, loss=4.547418594360352, lr=[tensor(0.0007, device='cuda:0')], in 20.510s
2022-04-19 16:34:16 train.py[line:78] INFO train: epoch=6, iteration=40, loss=5.394711494445801, lr=[tensor(0.0007, device='cuda:0')], in 3.660s
2022-04-19 16:34:20 train.py[line:78] INFO train: epoch=6, iteration=60, loss=5.036555290222168, lr=[tensor(0.0007, device='cuda:0')], in 3.661s
2022-04-19 16:34:24 train.py[line:78] INFO train: epoch=6, iteration=80, loss=3.369961977005005, lr=[tensor(0.0007, device='cuda:0')], in 3.658s
2022-04-19 16:34:28 train.py[line:78] INFO train: epoch=6, iteration=100, loss=4.010326862335205, lr=[tensor(0.0007, device='cuda:0')], in 4.018s
2022-04-19 16:34:32 train.py[line:78] INFO train: epoch=6, iteration=120, loss=4.346685409545898, lr=[tensor(0.0007, device='cuda:0')], in 3.943s
2022-04-19 16:34:35 train.py[line:78] INFO train: epoch=6, iteration=140, loss=5.150559902191162, lr=[tensor(0.0007, device='cuda:0')], in 3.865s
2022-04-19 16:34:39 train.py[line:78] INFO train: epoch=6, iteration=160, loss=3.7774431705474854, lr=[tensor(0.0007, device='cuda:0')], in 3.800s
2022-04-19 16:34:43 train.py[line:78] INFO train: epoch=6, iteration=180, loss=3.7797863483428955, lr=[tensor(0.0007, device='cuda:0')], in 3.963s
2022-04-19 16:34:47 train.py[line:78] INFO train: epoch=6, iteration=200, loss=4.461197853088379, lr=[tensor(0.0007, device='cuda:0')], in 3.669s
2022-04-19 16:34:51 train.py[line:78] INFO train: epoch=6, iteration=220, loss=5.358502388000488, lr=[tensor(0.0007, device='cuda:0')], in 4.179s
2022-04-19 16:34:55 train.py[line:78] INFO train: epoch=6, iteration=240, loss=4.990592956542969, lr=[tensor(0.0007, device='cuda:0')], in 3.663s
2022-04-19 16:34:58 train.py[line:78] INFO train: epoch=6, iteration=260, loss=3.221489906311035, lr=[tensor(0.0007, device='cuda:0')], in 3.695s
2022-04-19 16:35:02 train.py[line:78] INFO train: epoch=6, iteration=280, loss=3.9318861961364746, lr=[tensor(0.0007, device='cuda:0')], in 3.672s
2022-04-19 16:35:06 train.py[line:78] INFO train: epoch=6, iteration=300, loss=4.255062103271484, lr=[tensor(0.0007, device='cuda:0')], in 3.672s
2022-04-19 16:35:09 train.py[line:78] INFO train: epoch=6, iteration=320, loss=5.1092915534973145, lr=[tensor(0.0007, device='cuda:0')], in 3.675s
2022-04-19 16:35:13 train.py[line:78] INFO train: epoch=6, iteration=340, loss=3.6463463306427, lr=[tensor(0.0007, device='cuda:0')], in 4.016s
2022-04-19 16:35:17 train.py[line:78] INFO train: epoch=6, iteration=360, loss=3.6806960105895996, lr=[tensor(0.0007, device='cuda:0')], in 3.683s
2022-04-19 16:35:21 train.py[line:78] INFO train: epoch=6, iteration=380, loss=4.381068229675293, lr=[tensor(0.0007, device='cuda:0')], in 3.691s
2022-04-19 16:35:25 train.py[line:78] INFO train: epoch=6, iteration=400, loss=5.306540012359619, lr=[tensor(0.0007, device='cuda:0')], in 4.154s
2022-04-19 16:35:29 train.py[line:78] INFO train: epoch=6, iteration=420, loss=4.920904159545898, lr=[tensor(0.0007, device='cuda:0')], in 3.695s
2022-04-19 16:35:32 train.py[line:78] INFO train: epoch=6, iteration=440, loss=3.087344169616699, lr=[tensor(0.0007, device='cuda:0')], in 3.676s
2022-04-19 16:35:36 train.py[line:78] INFO train: epoch=6, iteration=460, loss=3.8048765659332275, lr=[tensor(0.0007, device='cuda:0')], in 3.671s
2022-04-19 16:35:40 train.py[line:78] INFO train: epoch=6, iteration=480, loss=4.165531635284424, lr=[tensor(0.0007, device='cuda:0')], in 3.783s
2022-04-19 16:35:44 train.py[line:78] INFO train: epoch=6, iteration=500, loss=5.039332389831543, lr=[tensor(0.0007, device='cuda:0')], in 4.036s
2022-04-19 16:35:48 train.py[line:78] INFO train: epoch=6, iteration=520, loss=3.506389617919922, lr=[tensor(0.0007, device='cuda:0')], in 3.982s
2022-04-19 16:35:51 train.py[line:78] INFO train: epoch=6, iteration=540, loss=3.53080153465271, lr=[tensor(0.0007, device='cuda:0')], in 3.676s
2022-04-19 16:35:55 train.py[line:78] INFO train: epoch=6, iteration=560, loss=4.255734920501709, lr=[tensor(0.0007, device='cuda:0')], in 3.686s
2022-04-19 16:35:59 train.py[line:78] INFO train: epoch=6, iteration=580, loss=5.239683151245117, lr=[tensor(0.0007, device='cuda:0')], in 3.699s
2022-04-19 16:36:03 train.py[line:78] INFO train: epoch=6, iteration=600, loss=4.8545074462890625, lr=[tensor(0.0007, device='cuda:0')], in 4.015s
2022-04-19 16:36:04 train.py[line:86] INFO -------train exits, epoch=6-------
2022-04-19 16:36:23 train.py[line:78] INFO train: epoch=6, iteration=20, loss=2.95585560798645, lr=[tensor(0.0007, device='cuda:0')], in 19.119s
2022-04-19 16:36:27 train.py[line:78] INFO train: epoch=6, iteration=40, loss=3.711404800415039, lr=[tensor(0.0007, device='cuda:0')], in 3.655s
2022-04-19 16:36:31 train.py[line:78] INFO train: epoch=6, iteration=60, loss=4.0842695236206055, lr=[tensor(0.0007, device='cuda:0')], in 3.656s
2022-04-19 16:36:35 train.py[line:78] INFO train: epoch=6, iteration=80, loss=4.997514247894287, lr=[tensor(0.0007, device='cuda:0')], in 4.039s
2022-04-19 16:36:39 train.py[line:78] INFO train: epoch=6, iteration=100, loss=3.3879663944244385, lr=[tensor(0.0007, device='cuda:0')], in 4.286s
2022-04-19 16:36:43 train.py[line:78] INFO train: epoch=6, iteration=120, loss=3.467156171798706, lr=[tensor(0.0007, device='cuda:0')], in 3.680s
2022-04-19 16:36:46 train.py[line:78] INFO train: epoch=6, iteration=140, loss=4.186379909515381, lr=[tensor(0.0007, device='cuda:0')], in 3.653s
2022-04-19 16:36:50 train.py[line:78] INFO train: epoch=6, iteration=160, loss=5.209922790527344, lr=[tensor(0.0007, device='cuda:0')], in 3.663s
2022-04-19 16:36:54 train.py[line:78] INFO train: epoch=6, iteration=180, loss=4.809228420257568, lr=[tensor(0.0007, device='cuda:0')], in 3.689s
2022-04-19 16:36:57 train.py[line:78] INFO train: epoch=6, iteration=200, loss=2.84055495262146, lr=[tensor(0.0007, device='cuda:0')], in 3.661s
2022-04-19 16:37:01 train.py[line:78] INFO train: epoch=6, iteration=220, loss=3.6420464515686035, lr=[tensor(0.0007, device='cuda:0')], in 3.662s
2022-04-19 16:37:05 train.py[line:78] INFO train: epoch=6, iteration=240, loss=3.987351179122925, lr=[tensor(0.0007, device='cuda:0')], in 3.664s
2022-04-19 16:37:08 train.py[line:78] INFO train: epoch=6, iteration=260, loss=4.946936130523682, lr=[tensor(0.0007, device='cuda:0')], in 3.685s
2022-04-19 16:37:12 train.py[line:78] INFO train: epoch=6, iteration=280, loss=3.2766916751861572, lr=[tensor(0.0007, device='cuda:0')], in 3.665s
2022-04-19 16:37:16 train.py[line:78] INFO train: epoch=6, iteration=300, loss=3.402254343032837, lr=[tensor(0.0007, device='cuda:0')], in 3.676s
2022-04-19 16:37:19 train.py[line:78] INFO train: epoch=6, iteration=320, loss=4.0469512939453125, lr=[tensor(0.0007, device='cuda:0')], in 3.678s
2022-04-19 16:37:23 train.py[line:78] INFO train: epoch=6, iteration=340, loss=5.137616157531738, lr=[tensor(0.0007, device='cuda:0')], in 3.698s
2022-04-19 16:37:27 train.py[line:78] INFO train: epoch=6, iteration=360, loss=4.759555816650391, lr=[tensor(0.0007, device='cuda:0')], in 3.674s
2022-04-19 16:37:31 train.py[line:78] INFO train: epoch=6, iteration=380, loss=2.735028028488159, lr=[tensor(0.0007, device='cuda:0')], in 3.681s
2022-04-19 16:37:34 train.py[line:78] INFO train: epoch=6, iteration=400, loss=3.517666816711426, lr=[tensor(0.0007, device='cuda:0')], in 3.666s
2022-04-19 16:37:39 train.py[line:78] INFO train: epoch=6, iteration=420, loss=3.935269832611084, lr=[tensor(0.0007, device='cuda:0')], in 4.359s
2022-04-19 16:37:42 train.py[line:78] INFO train: epoch=6, iteration=440, loss=4.876832485198975, lr=[tensor(0.0007, device='cuda:0')], in 3.719s
2022-04-19 16:37:46 train.py[line:78] INFO train: epoch=6, iteration=460, loss=3.176140069961548, lr=[tensor(0.0007, device='cuda:0')], in 3.678s
2022-04-19 16:37:50 train.py[line:78] INFO train: epoch=6, iteration=480, loss=3.2949583530426025, lr=[tensor(0.0008, device='cuda:0')], in 3.675s
2022-04-19 16:37:53 train.py[line:78] INFO train: epoch=6, iteration=500, loss=3.969823122024536, lr=[tensor(0.0008, device='cuda:0')], in 3.690s
2022-04-19 16:37:57 train.py[line:78] INFO train: epoch=6, iteration=520, loss=5.076967239379883, lr=[tensor(0.0008, device='cuda:0')], in 3.668s
2022-04-19 16:38:01 train.py[line:78] INFO train: epoch=6, iteration=540, loss=4.688042163848877, lr=[tensor(0.0008, device='cuda:0')], in 3.667s
2022-04-19 16:38:04 train.py[line:78] INFO train: epoch=6, iteration=560, loss=2.5894081592559814, lr=[tensor(0.0008, device='cuda:0')], in 3.670s
2022-04-19 16:38:08 train.py[line:78] INFO train: epoch=6, iteration=580, loss=3.454333543777466, lr=[tensor(0.0008, device='cuda:0')], in 3.684s
2022-04-19 16:38:12 train.py[line:78] INFO train: epoch=6, iteration=600, loss=3.853703022003174, lr=[tensor(0.0008, device='cuda:0')], in 3.703s
2022-04-19 16:38:12 train.py[line:86] INFO -------train exits, epoch=6-------
2022-04-19 16:38:12 train.py[line:299] INFO save model and statistics to D:/A日常/大学/毕业设计/code/yui/checkpoints
2022-04-19 16:38:30 train.py[line:78] INFO train: epoch=6, iteration=20, loss=4.838834762573242, lr=[tensor(0.0008, device='cuda:0')], in 17.852s
2022-04-19 16:38:34 train.py[line:78] INFO train: epoch=6, iteration=40, loss=3.045499086380005, lr=[tensor(0.0008, device='cuda:0')], in 3.653s
2022-04-19 16:38:38 train.py[line:78] INFO train: epoch=6, iteration=60, loss=3.1351606845855713, lr=[tensor(0.0008, device='cuda:0')], in 3.654s
2022-04-19 16:38:41 train.py[line:78] INFO train: epoch=6, iteration=80, loss=3.9085562229156494, lr=[tensor(0.0008, device='cuda:0')], in 3.655s
2022-04-19 16:38:45 train.py[line:78] INFO train: epoch=6, iteration=100, loss=5.023175239562988, lr=[tensor(0.0008, device='cuda:0')], in 3.679s
