2022-04-19 16:48:16 train.py[line:151] INFO YuiConfigPro(RANDOM_SEED=233, DATASET_DIR='D:/A日常/大学/毕业设计/dataset/maestro-v3.0.0/', DATAMETA_NAME='maestro-v3.0.0_tinymp3.csv', WORKSPACE='D:/A日常/大学/毕业设计/code/yui/', MAX_INPUTS_LENGTH=512, MAX_TARGETS_LENGTH=1024, PROGRAM_GRANULARITY='flat', SAMPLE_RATE=16000, FRAME_SIZE=128, HOP_WIDTH=128, NUM_MEL_BINS=256, FFT_SIZE=2048, MEL_LO_HZ=20.0, MEL_HI_HZ=8000.0, PAD_ID=0, ENCODED_EOS_ID=1, ENCODED_UNK_ID=2, EXTRA_IDS=100, DECODED_EOS_ID=-1, DECODED_INVALID_ID=-2, STEPS_PER_SECOND=100, MAX_SHIFT_SECONDS=10, NUM_VELOCITY_BINS=127, CUDA=True, BATCH_SIZE=4, NUM_WORKERS=3, NUM_EPOCHS=160, TRAIN_ITERATION=600, LEARNING_RATE=0.001, OVERFIT_PATIENCE=8)
2022-04-19 16:48:16 train.py[line:153] INFO Using GPU.
2022-04-19 16:48:16 train.py[line:154] INFO GPU number: 1
2022-04-19 16:48:16 train.py[line:177] INFO The model has 4,640,512 trainable parameters
2022-04-19 16:48:18 train.py[line:225] INFO resume training with epoch=20, lr=0.0007589217857457697
2022-04-19 16:48:18 train.py[line:254] INFO -------train loop starts, start_time=1650358098.071s-------
2022-04-19 16:48:34 train.py[line:78] INFO train: epoch=6, iteration=20, loss=4.851537704467773, lr=[tensor(0.0008, device='cuda:0')], in 16.636s
2022-04-19 16:48:38 train.py[line:78] INFO train: epoch=6, iteration=40, loss=3.0182945728302, lr=[tensor(0.0008, device='cuda:0')], in 3.640s
2022-04-19 16:48:41 train.py[line:78] INFO train: epoch=6, iteration=60, loss=3.1867191791534424, lr=[tensor(0.0008, device='cuda:0')], in 3.644s
2022-04-19 16:48:45 train.py[line:78] INFO train: epoch=6, iteration=80, loss=3.918546199798584, lr=[tensor(0.0008, device='cuda:0')], in 3.640s
2022-04-19 16:48:49 train.py[line:78] INFO train: epoch=6, iteration=100, loss=5.037101745605469, lr=[tensor(0.0008, device='cuda:0')], in 3.665s
2022-04-19 16:48:52 train.py[line:78] INFO train: epoch=6, iteration=120, loss=4.64069128036499, lr=[tensor(0.0008, device='cuda:0')], in 3.639s
2022-04-19 16:48:56 train.py[line:78] INFO train: epoch=6, iteration=140, loss=2.4638335704803467, lr=[tensor(0.0008, device='cuda:0')], in 3.642s
2022-04-19 16:49:00 train.py[line:78] INFO train: epoch=6, iteration=160, loss=3.3115365505218506, lr=[tensor(0.0008, device='cuda:0')], in 3.684s
2022-04-19 16:49:03 train.py[line:78] INFO train: epoch=6, iteration=180, loss=3.7783381938934326, lr=[tensor(0.0008, device='cuda:0')], in 3.710s
2022-04-19 16:49:07 train.py[line:78] INFO train: epoch=6, iteration=200, loss=4.81647253036499, lr=[tensor(0.0008, device='cuda:0')], in 3.669s
2022-04-19 16:49:11 train.py[line:78] INFO train: epoch=6, iteration=220, loss=2.8801629543304443, lr=[tensor(0.0008, device='cuda:0')], in 3.665s
2022-04-19 16:49:14 train.py[line:78] INFO train: epoch=6, iteration=240, loss=2.979478597640991, lr=[tensor(0.0008, device='cuda:0')], in 3.663s
2022-04-19 16:49:18 train.py[line:78] INFO train: epoch=6, iteration=260, loss=3.815065860748291, lr=[tensor(0.0008, device='cuda:0')], in 3.692s
2022-04-19 16:49:22 train.py[line:78] INFO train: epoch=6, iteration=280, loss=4.987605094909668, lr=[tensor(0.0008, device='cuda:0')], in 3.665s
2022-04-19 16:49:25 train.py[line:78] INFO train: epoch=6, iteration=300, loss=4.601350784301758, lr=[tensor(0.0008, device='cuda:0')], in 3.661s
2022-04-19 16:49:29 train.py[line:78] INFO train: epoch=6, iteration=320, loss=2.379721164703369, lr=[tensor(0.0008, device='cuda:0')], in 3.669s
2022-04-19 16:49:33 train.py[line:78] INFO train: epoch=6, iteration=340, loss=3.2501633167266846, lr=[tensor(0.0008, device='cuda:0')], in 3.695s
2022-04-19 16:49:37 train.py[line:78] INFO train: epoch=6, iteration=360, loss=3.6821324825286865, lr=[tensor(0.0008, device='cuda:0')], in 3.663s
2022-04-19 16:49:40 train.py[line:78] INFO train: epoch=6, iteration=380, loss=4.754766941070557, lr=[tensor(0.0008, device='cuda:0')], in 3.669s
2022-04-19 16:49:44 train.py[line:78] INFO train: epoch=6, iteration=400, loss=2.802154302597046, lr=[tensor(0.0008, device='cuda:0')], in 4.184s
2022-04-19 16:49:49 train.py[line:78] INFO train: epoch=6, iteration=420, loss=2.9077978134155273, lr=[tensor(0.0008, device='cuda:0')], in 4.328s
2022-04-19 16:49:52 train.py[line:78] INFO train: epoch=6, iteration=440, loss=3.7441258430480957, lr=[tensor(0.0008, device='cuda:0')], in 3.681s
2022-04-19 16:49:57 train.py[line:78] INFO train: epoch=6, iteration=460, loss=4.9395751953125, lr=[tensor(0.0008, device='cuda:0')], in 4.182s
2022-04-19 16:50:00 train.py[line:78] INFO train: epoch=6, iteration=480, loss=4.563218116760254, lr=[tensor(0.0008, device='cuda:0')], in 3.662s
2022-04-19 16:50:04 train.py[line:78] INFO train: epoch=6, iteration=500, loss=2.2470462322235107, lr=[tensor(0.0008, device='cuda:0')], in 3.702s
2022-04-19 16:50:08 train.py[line:78] INFO train: epoch=6, iteration=520, loss=3.175177574157715, lr=[tensor(0.0008, device='cuda:0')], in 3.695s
2022-04-19 16:50:11 train.py[line:78] INFO train: epoch=6, iteration=540, loss=3.608083486557007, lr=[tensor(0.0008, device='cuda:0')], in 3.667s
2022-04-19 16:50:15 train.py[line:78] INFO train: epoch=6, iteration=560, loss=4.709325313568115, lr=[tensor(0.0008, device='cuda:0')], in 3.674s
2022-04-19 16:50:19 train.py[line:78] INFO train: epoch=6, iteration=580, loss=2.6783945560455322, lr=[tensor(0.0008, device='cuda:0')], in 3.693s
2022-04-19 16:50:22 train.py[line:78] INFO train: epoch=6, iteration=600, loss=2.825610637664795, lr=[tensor(0.0008, device='cuda:0')], in 3.674s
2022-04-19 16:50:23 train.py[line:86] INFO -------train exits, epoch=6-------
2022-04-19 16:50:23 train.py[line:298] INFO save model and statistics to D:/A日常/大学/毕业设计/code/yui/checkpoints
2022-04-19 16:50:40 train.py[line:78] INFO train: epoch=7, iteration=20, loss=3.596883773803711, lr=[tensor(0.0008, device='cuda:0')], in 17.213s
2022-04-19 16:50:44 train.py[line:78] INFO train: epoch=7, iteration=40, loss=4.88466739654541, lr=[tensor(0.0008, device='cuda:0')], in 3.969s
2022-04-19 16:50:48 train.py[line:78] INFO train: epoch=7, iteration=60, loss=4.504857063293457, lr=[tensor(0.0008, device='cuda:0')], in 4.072s
2022-04-19 16:50:52 train.py[line:78] INFO train: epoch=7, iteration=80, loss=2.1610076427459717, lr=[tensor(0.0008, device='cuda:0')], in 3.653s
2022-04-19 16:50:56 train.py[line:78] INFO train: epoch=7, iteration=100, loss=3.0506224632263184, lr=[tensor(0.0008, device='cuda:0')], in 3.980s
2022-04-19 16:51:00 train.py[line:78] INFO train: epoch=7, iteration=120, loss=3.514195203781128, lr=[tensor(0.0008, device='cuda:0')], in 3.837s
2022-04-19 16:51:03 train.py[line:78] INFO train: epoch=7, iteration=140, loss=4.6502604484558105, lr=[tensor(0.0008, device='cuda:0')], in 3.650s
2022-04-19 16:51:07 train.py[line:78] INFO train: epoch=7, iteration=160, loss=2.5666236877441406, lr=[tensor(0.0008, device='cuda:0')], in 3.663s
2022-04-19 16:51:11 train.py[line:78] INFO train: epoch=7, iteration=180, loss=2.7199394702911377, lr=[tensor(0.0008, device='cuda:0')], in 3.945s
2022-04-19 16:51:15 train.py[line:78] INFO train: epoch=7, iteration=200, loss=3.5145363807678223, lr=[tensor(0.0008, device='cuda:0')], in 3.873s
2022-04-19 16:51:19 train.py[line:78] INFO train: epoch=7, iteration=220, loss=4.825190544128418, lr=[tensor(0.0008, device='cuda:0')], in 3.657s
2022-04-19 16:51:22 train.py[line:78] INFO train: epoch=7, iteration=240, loss=4.468958377838135, lr=[tensor(0.0008, device='cuda:0')], in 3.657s
2022-04-19 16:51:26 train.py[line:78] INFO train: epoch=7, iteration=260, loss=2.046461343765259, lr=[tensor(0.0008, device='cuda:0')], in 3.680s
2022-04-19 16:51:30 train.py[line:78] INFO train: epoch=7, iteration=280, loss=2.9957902431488037, lr=[tensor(0.0008, device='cuda:0')], in 3.660s
2022-04-19 16:51:33 train.py[line:78] INFO train: epoch=7, iteration=300, loss=3.3874998092651367, lr=[tensor(0.0008, device='cuda:0')], in 3.652s
2022-04-19 16:51:37 train.py[line:78] INFO train: epoch=7, iteration=320, loss=4.618936538696289, lr=[tensor(0.0008, device='cuda:0')], in 3.658s
2022-04-19 16:51:41 train.py[line:78] INFO train: epoch=7, iteration=340, loss=2.3924686908721924, lr=[tensor(0.0008, device='cuda:0')], in 3.679s
2022-04-19 16:51:44 train.py[line:78] INFO train: epoch=7, iteration=360, loss=2.610694169998169, lr=[tensor(0.0008, device='cuda:0')], in 3.655s
2022-04-19 16:51:48 train.py[line:78] INFO train: epoch=7, iteration=380, loss=3.4180424213409424, lr=[tensor(0.0008, device='cuda:0')], in 3.655s
2022-04-19 16:51:52 train.py[line:78] INFO train: epoch=7, iteration=400, loss=4.77866268157959, lr=[tensor(0.0008, device='cuda:0')], in 3.656s
2022-04-19 16:51:55 train.py[line:78] INFO train: epoch=7, iteration=420, loss=4.394449710845947, lr=[tensor(0.0008, device='cuda:0')], in 3.680s
2022-04-19 16:51:59 train.py[line:78] INFO train: epoch=7, iteration=440, loss=1.911378264427185, lr=[tensor(0.0008, device='cuda:0')], in 3.663s
2022-04-19 16:52:03 train.py[line:78] INFO train: epoch=7, iteration=460, loss=2.898432970046997, lr=[tensor(0.0008, device='cuda:0')], in 3.713s
2022-04-19 16:52:06 train.py[line:78] INFO train: epoch=7, iteration=480, loss=3.3522610664367676, lr=[tensor(0.0008, device='cuda:0')], in 3.655s
2022-04-19 16:52:10 train.py[line:78] INFO train: epoch=7, iteration=500, loss=4.580742835998535, lr=[tensor(0.0008, device='cuda:0')], in 3.677s
2022-04-19 16:52:14 train.py[line:78] INFO train: epoch=7, iteration=520, loss=2.308598279953003, lr=[tensor(0.0008, device='cuda:0')], in 3.687s
2022-04-19 16:52:17 train.py[line:78] INFO train: epoch=7, iteration=540, loss=2.52347993850708, lr=[tensor(0.0008, device='cuda:0')], in 3.660s
2022-04-19 16:52:21 train.py[line:78] INFO train: epoch=7, iteration=560, loss=3.313108444213867, lr=[tensor(0.0008, device='cuda:0')], in 3.658s
2022-04-19 16:52:25 train.py[line:78] INFO train: epoch=7, iteration=580, loss=4.733017444610596, lr=[tensor(0.0008, device='cuda:0')], in 3.682s
2022-04-19 16:52:28 train.py[line:78] INFO train: epoch=7, iteration=600, loss=4.357090473175049, lr=[tensor(0.0008, device='cuda:0')], in 3.663s
2022-04-19 16:52:29 train.py[line:86] INFO -------train exits, epoch=7-------
2022-04-19 16:52:29 train.py[line:298] INFO save model and statistics to D:/A日常/大学/毕业设计/code/yui/checkpoints
2022-04-19 16:52:47 train.py[line:78] INFO train: epoch=7, iteration=20, loss=1.8088880777359009, lr=[tensor(0.0008, device='cuda:0')], in 17.845s
2022-04-19 16:52:51 train.py[line:78] INFO train: epoch=7, iteration=40, loss=2.744277238845825, lr=[tensor(0.0008, device='cuda:0')], in 3.659s
2022-04-19 16:52:54 train.py[line:78] INFO train: epoch=7, iteration=60, loss=3.208735227584839, lr=[tensor(0.0008, device='cuda:0')], in 3.659s
2022-04-19 16:52:58 train.py[line:78] INFO train: epoch=7, iteration=80, loss=4.548843860626221, lr=[tensor(0.0008, device='cuda:0')], in 3.660s
2022-04-19 16:53:02 train.py[line:78] INFO train: epoch=7, iteration=100, loss=2.191453695297241, lr=[tensor(0.0008, device='cuda:0')], in 3.685s
2022-04-19 16:53:05 train.py[line:78] INFO train: epoch=7, iteration=120, loss=2.381267547607422, lr=[tensor(0.0008, device='cuda:0')], in 3.654s
2022-04-19 16:53:09 train.py[line:78] INFO train: epoch=7, iteration=140, loss=3.2112069129943848, lr=[tensor(0.0008, device='cuda:0')], in 3.664s
2022-04-19 16:53:13 train.py[line:78] INFO train: epoch=7, iteration=160, loss=4.681191444396973, lr=[tensor(0.0008, device='cuda:0')], in 3.661s
2022-04-19 16:53:16 train.py[line:78] INFO train: epoch=7, iteration=180, loss=4.275064945220947, lr=[tensor(0.0008, device='cuda:0')], in 3.689s
2022-04-19 16:53:20 train.py[line:78] INFO train: epoch=7, iteration=200, loss=1.73076593875885, lr=[tensor(0.0008, device='cuda:0')], in 3.664s
2022-04-19 16:53:24 train.py[line:78] INFO train: epoch=7, iteration=220, loss=2.7117419242858887, lr=[tensor(0.0008, device='cuda:0')], in 3.714s
2022-04-19 16:53:27 train.py[line:78] INFO train: epoch=7, iteration=240, loss=3.128373861312866, lr=[tensor(0.0008, device='cuda:0')], in 3.663s
2022-04-19 16:53:31 train.py[line:78] INFO train: epoch=7, iteration=260, loss=4.489716529846191, lr=[tensor(0.0009, device='cuda:0')], in 3.695s
2022-04-19 16:53:35 train.py[line:78] INFO train: epoch=7, iteration=280, loss=2.0886871814727783, lr=[tensor(0.0009, device='cuda:0')], in 3.669s
2022-04-19 16:53:38 train.py[line:78] INFO train: epoch=7, iteration=300, loss=2.270909309387207, lr=[tensor(0.0009, device='cuda:0')], in 3.674s
2022-04-19 16:53:42 train.py[line:78] INFO train: epoch=7, iteration=320, loss=3.1362762451171875, lr=[tensor(0.0009, device='cuda:0')], in 3.669s
2022-04-19 16:53:46 train.py[line:78] INFO train: epoch=7, iteration=340, loss=4.621951580047607, lr=[tensor(0.0009, device='cuda:0')], in 4.118s
2022-04-19 16:53:50 train.py[line:78] INFO train: epoch=7, iteration=360, loss=4.253462791442871, lr=[tensor(0.0009, device='cuda:0')], in 3.940s
2022-04-19 16:53:54 train.py[line:78] INFO train: epoch=7, iteration=380, loss=1.5804859399795532, lr=[tensor(0.0009, device='cuda:0')], in 3.662s
2022-04-19 16:53:57 train.py[line:78] INFO train: epoch=7, iteration=400, loss=2.5834598541259766, lr=[tensor(0.0009, device='cuda:0')], in 3.673s
2022-04-19 16:54:01 train.py[line:78] INFO train: epoch=7, iteration=420, loss=3.074058771133423, lr=[tensor(0.0009, device='cuda:0')], in 3.688s
2022-04-19 16:54:05 train.py[line:78] INFO train: epoch=7, iteration=440, loss=4.460594654083252, lr=[tensor(0.0009, device='cuda:0')], in 3.676s
2022-04-19 16:54:08 train.py[line:78] INFO train: epoch=7, iteration=460, loss=2.0197694301605225, lr=[tensor(0.0009, device='cuda:0')], in 3.671s
2022-04-19 16:54:12 train.py[line:78] INFO train: epoch=7, iteration=480, loss=2.2190115451812744, lr=[tensor(0.0009, device='cuda:0')], in 3.678s
2022-04-19 16:54:16 train.py[line:78] INFO train: epoch=7, iteration=500, loss=3.051470994949341, lr=[tensor(0.0009, device='cuda:0')], in 3.700s
2022-04-19 16:54:19 train.py[line:78] INFO train: epoch=7, iteration=520, loss=4.594063758850098, lr=[tensor(0.0009, device='cuda:0')], in 3.672s
2022-04-19 16:54:23 train.py[line:78] INFO train: epoch=7, iteration=540, loss=4.2002644538879395, lr=[tensor(0.0009, device='cuda:0')], in 3.665s
2022-04-19 16:54:27 train.py[line:78] INFO train: epoch=7, iteration=560, loss=1.5368456840515137, lr=[tensor(0.0009, device='cuda:0')], in 4.098s
2022-04-19 16:54:31 train.py[line:78] INFO train: epoch=7, iteration=580, loss=2.559691905975342, lr=[tensor(0.0009, device='cuda:0')], in 4.031s
2022-04-19 16:54:35 train.py[line:78] INFO train: epoch=7, iteration=600, loss=2.9729697704315186, lr=[tensor(0.0009, device='cuda:0')], in 3.678s
2022-04-19 16:54:36 train.py[line:86] INFO -------train exits, epoch=7-------
2022-04-19 16:54:36 train.py[line:298] INFO save model and statistics to D:/A日常/大学/毕业设计/code/yui/checkpoints
2022-04-19 16:54:53 train.py[line:78] INFO train: epoch=7, iteration=20, loss=4.393043518066406, lr=[tensor(0.0009, device='cuda:0')], in 17.171s
2022-04-19 16:54:56 train.py[line:78] INFO train: epoch=7, iteration=40, loss=1.8879927396774292, lr=[tensor(0.0009, device='cuda:0')], in 3.669s
2022-04-19 16:55:00 train.py[line:78] INFO train: epoch=7, iteration=60, loss=2.1358983516693115, lr=[tensor(0.0009, device='cuda:0')], in 3.664s
2022-04-19 16:55:04 train.py[line:78] INFO train: epoch=7, iteration=80, loss=2.9792985916137695, lr=[tensor(0.0009, device='cuda:0')], in 3.659s
2022-04-19 16:55:08 train.py[line:78] INFO train: epoch=7, iteration=100, loss=4.509824752807617, lr=[tensor(0.0009, device='cuda:0')], in 3.713s
2022-04-19 16:55:11 train.py[line:78] INFO train: epoch=7, iteration=120, loss=4.160926342010498, lr=[tensor(0.0009, device='cuda:0')], in 3.670s
2022-04-19 16:55:15 train.py[line:78] INFO train: epoch=7, iteration=140, loss=1.4835925102233887, lr=[tensor(0.0009, device='cuda:0')], in 3.687s
2022-04-19 16:55:19 train.py[line:78] INFO train: epoch=7, iteration=160, loss=2.4460501670837402, lr=[tensor(0.0009, device='cuda:0')], in 4.379s
2022-04-19 16:55:23 train.py[line:78] INFO train: epoch=7, iteration=180, loss=2.884944200515747, lr=[tensor(0.0009, device='cuda:0')], in 3.704s
2022-04-19 16:55:27 train.py[line:78] INFO train: epoch=7, iteration=200, loss=4.3510966300964355, lr=[tensor(0.0009, device='cuda:0')], in 4.339s
2022-04-19 16:55:31 train.py[line:78] INFO train: epoch=7, iteration=220, loss=1.722400188446045, lr=[tensor(0.0009, device='cuda:0')], in 4.185s
2022-04-19 16:55:36 train.py[line:78] INFO train: epoch=7, iteration=240, loss=2.058542490005493, lr=[tensor(0.0009, device='cuda:0')], in 4.127s
2022-04-19 16:55:39 train.py[line:78] INFO train: epoch=7, iteration=260, loss=2.8253941535949707, lr=[tensor(0.0009, device='cuda:0')], in 3.771s
2022-04-19 16:55:43 train.py[line:78] INFO train: epoch=7, iteration=280, loss=4.4687371253967285, lr=[tensor(0.0009, device='cuda:0')], in 3.688s
2022-04-19 16:55:47 train.py[line:78] INFO train: epoch=7, iteration=300, loss=4.114466667175293, lr=[tensor(0.0009, device='cuda:0')], in 3.694s
2022-04-19 16:55:50 train.py[line:78] INFO train: epoch=7, iteration=320, loss=1.3257750272750854, lr=[tensor(0.0009, device='cuda:0')], in 3.665s
2022-04-19 16:55:54 train.py[line:78] INFO train: epoch=7, iteration=340, loss=2.326369285583496, lr=[tensor(0.0009, device='cuda:0')], in 3.688s
2022-04-19 16:55:58 train.py[line:78] INFO train: epoch=7, iteration=360, loss=2.842027425765991, lr=[tensor(0.0009, device='cuda:0')], in 3.665s
2022-04-19 16:56:01 train.py[line:78] INFO train: epoch=7, iteration=380, loss=4.324979305267334, lr=[tensor(0.0009, device='cuda:0')], in 3.663s
2022-04-19 16:56:05 train.py[line:78] INFO train: epoch=7, iteration=400, loss=1.708251953125, lr=[tensor(0.0009, device='cuda:0')], in 3.706s
2022-04-19 16:56:09 train.py[line:78] INFO train: epoch=7, iteration=420, loss=1.9650790691375732, lr=[tensor(0.0009, device='cuda:0')], in 3.777s
2022-04-19 16:56:13 train.py[line:78] INFO train: epoch=7, iteration=440, loss=2.729717254638672, lr=[tensor(0.0009, device='cuda:0')], in 3.684s
2022-04-19 16:56:16 train.py[line:78] INFO train: epoch=7, iteration=460, loss=4.434261322021484, lr=[tensor(0.0009, device='cuda:0')], in 3.677s
2022-04-19 16:56:20 train.py[line:78] INFO train: epoch=7, iteration=480, loss=4.068272590637207, lr=[tensor(0.0009, device='cuda:0')], in 3.679s
2022-04-19 16:56:24 train.py[line:78] INFO train: epoch=7, iteration=500, loss=1.2922430038452148, lr=[tensor(0.0009, device='cuda:0')], in 3.698s
2022-04-19 16:56:27 train.py[line:78] INFO train: epoch=7, iteration=520, loss=2.2780025005340576, lr=[tensor(0.0009, device='cuda:0')], in 3.680s
2022-04-19 16:56:31 train.py[line:78] INFO train: epoch=7, iteration=540, loss=2.7568023204803467, lr=[tensor(0.0009, device='cuda:0')], in 3.683s
2022-04-19 16:56:35 train.py[line:78] INFO train: epoch=7, iteration=560, loss=4.2998576164245605, lr=[tensor(0.0009, device='cuda:0')], in 3.683s
2022-04-19 16:56:38 train.py[line:78] INFO train: epoch=7, iteration=580, loss=1.588451623916626, lr=[tensor(0.0009, device='cuda:0')], in 3.699s
2022-04-19 16:56:42 train.py[line:78] INFO train: epoch=7, iteration=600, loss=1.8398537635803223, lr=[tensor(0.0009, device='cuda:0')], in 3.682s
2022-04-19 16:56:43 train.py[line:86] INFO -------train exits, epoch=7-------
2022-04-19 16:56:43 train.py[line:298] INFO save model and statistics to D:/A日常/大学/毕业设计/code/yui/checkpoints
2022-04-19 16:57:02 train.py[line:78] INFO train: epoch=8, iteration=20, loss=2.6629655361175537, lr=[tensor(0.0009, device='cuda:0')], in 18.771s
2022-04-19 16:57:06 train.py[line:78] INFO train: epoch=8, iteration=40, loss=4.395050048828125, lr=[tensor(0.0009, device='cuda:0')], in 4.151s
2022-04-19 16:57:09 train.py[line:78] INFO train: epoch=8, iteration=60, loss=4.0394134521484375, lr=[tensor(0.0009, device='cuda:0')], in 3.670s
2022-04-19 16:57:13 train.py[line:78] INFO train: epoch=8, iteration=80, loss=1.1877241134643555, lr=[tensor(0.0009, device='cuda:0')], in 3.693s
2022-04-19 16:57:17 train.py[line:78] INFO train: epoch=8, iteration=100, loss=2.151170492172241, lr=[tensor(0.0009, device='cuda:0')], in 4.133s
2022-04-19 16:57:21 train.py[line:78] INFO train: epoch=8, iteration=120, loss=2.647972345352173, lr=[tensor(0.0009, device='cuda:0')], in 3.768s
2022-04-19 16:57:25 train.py[line:78] INFO train: epoch=8, iteration=140, loss=4.269246578216553, lr=[tensor(0.0009, device='cuda:0')], in 3.675s
2022-04-19 16:57:28 train.py[line:78] INFO train: epoch=8, iteration=160, loss=1.531699776649475, lr=[tensor(0.0009, device='cuda:0')], in 3.725s
2022-04-19 16:57:32 train.py[line:78] INFO train: epoch=8, iteration=180, loss=1.723926067352295, lr=[tensor(0.0009, device='cuda:0')], in 3.695s
2022-04-19 16:57:36 train.py[line:78] INFO train: epoch=8, iteration=200, loss=2.552286148071289, lr=[tensor(0.0009, device='cuda:0')], in 3.667s
2022-04-19 16:57:39 train.py[line:78] INFO train: epoch=8, iteration=220, loss=4.350214958190918, lr=[tensor(0.0009, device='cuda:0')], in 3.672s
2022-04-19 16:57:44 train.py[line:78] INFO train: epoch=8, iteration=240, loss=3.988590717315674, lr=[tensor(0.0009, device='cuda:0')], in 4.182s
2022-04-19 16:57:47 train.py[line:78] INFO train: epoch=8, iteration=260, loss=1.1300506591796875, lr=[tensor(0.0009, device='cuda:0')], in 3.693s
2022-04-19 16:57:51 train.py[line:78] INFO train: epoch=8, iteration=280, loss=2.101489305496216, lr=[tensor(0.0009, device='cuda:0')], in 3.659s
2022-04-19 16:57:55 train.py[line:78] INFO train: epoch=8, iteration=300, loss=2.530484676361084, lr=[tensor(0.0009, device='cuda:0')], in 3.663s
2022-04-19 16:57:58 train.py[line:78] INFO train: epoch=8, iteration=320, loss=4.233591556549072, lr=[tensor(0.0009, device='cuda:0')], in 3.666s
2022-04-19 16:58:02 train.py[line:78] INFO train: epoch=8, iteration=340, loss=1.4007961750030518, lr=[tensor(0.0009, device='cuda:0')], in 3.692s
2022-04-19 16:58:06 train.py[line:78] INFO train: epoch=8, iteration=360, loss=1.7173398733139038, lr=[tensor(0.0009, device='cuda:0')], in 3.663s
2022-04-19 16:58:09 train.py[line:78] INFO train: epoch=8, iteration=380, loss=2.531857490539551, lr=[tensor(0.0009, device='cuda:0')], in 3.663s
2022-04-19 16:58:13 train.py[line:78] INFO train: epoch=8, iteration=400, loss=4.316451072692871, lr=[tensor(0.0009, device='cuda:0')], in 3.663s
2022-04-19 16:58:17 train.py[line:78] INFO train: epoch=8, iteration=420, loss=3.922950029373169, lr=[tensor(0.0009, device='cuda:0')], in 3.687s
2022-04-19 16:58:20 train.py[line:78] INFO train: epoch=8, iteration=440, loss=1.091500163078308, lr=[tensor(0.0009, device='cuda:0')], in 3.664s
2022-04-19 16:58:24 train.py[line:78] INFO train: epoch=8, iteration=460, loss=2.005854606628418, lr=[tensor(0.0009, device='cuda:0')], in 3.664s
2022-04-19 16:58:28 train.py[line:78] INFO train: epoch=8, iteration=480, loss=2.503995656967163, lr=[tensor(0.0009, device='cuda:0')], in 3.660s
2022-04-19 16:58:31 train.py[line:78] INFO train: epoch=8, iteration=500, loss=4.160483360290527, lr=[tensor(0.0009, device='cuda:0')], in 3.688s
2022-04-19 16:58:35 train.py[line:78] INFO train: epoch=8, iteration=520, loss=1.3624544143676758, lr=[tensor(0.0009, device='cuda:0')], in 3.662s
2022-04-19 16:58:39 train.py[line:78] INFO train: epoch=8, iteration=540, loss=1.559152364730835, lr=[tensor(0.0009, device='cuda:0')], in 3.665s
2022-04-19 16:58:43 train.py[line:78] INFO train: epoch=8, iteration=560, loss=2.4227590560913086, lr=[tensor(0.0009, device='cuda:0')], in 3.889s
2022-04-19 16:58:46 train.py[line:78] INFO train: epoch=8, iteration=580, loss=4.2215070724487305, lr=[tensor(0.0009, device='cuda:0')], in 3.845s
2022-04-19 16:58:50 train.py[line:78] INFO train: epoch=8, iteration=600, loss=3.888673782348633, lr=[tensor(0.0009, device='cuda:0')], in 3.667s
2022-04-19 16:58:51 train.py[line:86] INFO -------train exits, epoch=8-------
2022-04-19 16:58:51 train.py[line:298] INFO save model and statistics to D:/A日常/大学/毕业设计/code/yui/checkpoints
2022-04-19 16:59:12 train.py[line:78] INFO train: epoch=8, iteration=20, loss=0.9988724589347839, lr=[tensor(0.0010, device='cuda:0')], in 20.782s
2022-04-19 16:59:15 train.py[line:78] INFO train: epoch=8, iteration=40, loss=1.9478793144226074, lr=[tensor(0.0010, device='cuda:0')], in 3.707s
2022-04-19 16:59:19 train.py[line:78] INFO train: epoch=8, iteration=60, loss=2.398515224456787, lr=[tensor(0.0010, device='cuda:0')], in 3.647s
2022-04-19 16:59:23 train.py[line:78] INFO train: epoch=8, iteration=80, loss=4.135267734527588, lr=[tensor(0.0010, device='cuda:0')], in 3.651s
2022-04-19 16:59:26 train.py[line:78] INFO train: epoch=8, iteration=100, loss=1.2519311904907227, lr=[tensor(0.0010, device='cuda:0')], in 3.693s
2022-04-19 16:59:30 train.py[line:78] INFO train: epoch=8, iteration=120, loss=1.4980517625808716, lr=[tensor(0.0010, device='cuda:0')], in 3.690s
2022-04-19 16:59:34 train.py[line:78] INFO train: epoch=8, iteration=140, loss=2.3113009929656982, lr=[tensor(0.0010, device='cuda:0')], in 4.064s
2022-04-19 16:59:38 train.py[line:78] INFO train: epoch=8, iteration=160, loss=4.18233060836792, lr=[tensor(0.0010, device='cuda:0')], in 3.674s
2022-04-19 16:59:41 train.py[line:78] INFO train: epoch=8, iteration=180, loss=3.822643280029297, lr=[tensor(0.0010, device='cuda:0')], in 3.699s
2022-04-19 16:59:45 train.py[line:78] INFO train: epoch=8, iteration=200, loss=0.9376614093780518, lr=[tensor(0.0010, device='cuda:0')], in 3.682s
2022-04-19 16:59:49 train.py[line:78] INFO train: epoch=8, iteration=220, loss=1.8966212272644043, lr=[tensor(0.0010, device='cuda:0')], in 4.080s
2022-04-19 16:59:53 train.py[line:78] INFO train: epoch=8, iteration=240, loss=2.329134225845337, lr=[tensor(0.0010, device='cuda:0')], in 3.673s
2022-04-19 16:59:57 train.py[line:78] INFO train: epoch=8, iteration=260, loss=4.096757888793945, lr=[tensor(0.0010, device='cuda:0')], in 3.706s
2022-04-19 17:00:01 train.py[line:78] INFO train: epoch=8, iteration=280, loss=1.2000162601470947, lr=[tensor(0.0010, device='cuda:0')], in 4.057s
2022-04-19 17:00:04 train.py[line:78] INFO train: epoch=8, iteration=300, loss=1.454172968864441, lr=[tensor(0.0010, device='cuda:0')], in 3.677s
2022-04-19 17:00:08 train.py[line:78] INFO train: epoch=8, iteration=320, loss=2.235023021697998, lr=[tensor(0.0010, device='cuda:0')], in 3.680s
2022-04-19 17:00:12 train.py[line:78] INFO train: epoch=8, iteration=340, loss=4.136427879333496, lr=[tensor(0.0010, device='cuda:0')], in 3.704s
2022-04-19 17:00:15 train.py[line:78] INFO train: epoch=8, iteration=360, loss=3.8013484477996826, lr=[tensor(0.0010, device='cuda:0')], in 3.674s
2022-04-19 17:00:19 train.py[line:78] INFO train: epoch=8, iteration=380, loss=0.8686152100563049, lr=[tensor(0.0010, device='cuda:0')], in 3.676s
2022-04-19 17:00:23 train.py[line:78] INFO train: epoch=8, iteration=400, loss=1.780025839805603, lr=[tensor(0.0010, device='cuda:0')], in 4.016s
2022-04-19 17:00:27 train.py[line:78] INFO train: epoch=8, iteration=420, loss=2.27827525138855, lr=[tensor(0.0010, device='cuda:0')], in 4.083s
2022-04-19 17:00:31 train.py[line:78] INFO train: epoch=8, iteration=440, loss=4.050800800323486, lr=[tensor(0.0010, device='cuda:0')], in 3.940s
2022-04-19 17:00:35 train.py[line:78] INFO train: epoch=8, iteration=460, loss=1.1087610721588135, lr=[tensor(0.0010, device='cuda:0')], in 3.679s
2022-04-19 17:00:38 train.py[line:78] INFO train: epoch=8, iteration=480, loss=1.3307973146438599, lr=[tensor(0.0010, device='cuda:0')], in 3.673s
2022-04-19 17:00:42 train.py[line:78] INFO train: epoch=8, iteration=500, loss=2.1764299869537354, lr=[tensor(0.0010, device='cuda:0')], in 3.693s
2022-04-19 17:00:46 train.py[line:78] INFO train: epoch=8, iteration=520, loss=4.0651092529296875, lr=[tensor(0.0010, device='cuda:0')], in 3.675s
2022-04-19 17:00:49 train.py[line:78] INFO train: epoch=8, iteration=540, loss=3.740908145904541, lr=[tensor(0.0010, device='cuda:0')], in 3.670s
2022-04-19 17:00:53 train.py[line:78] INFO train: epoch=8, iteration=560, loss=0.8072196245193481, lr=[tensor(0.0010, device='cuda:0')], in 3.674s
2022-04-19 17:00:57 train.py[line:78] INFO train: epoch=8, iteration=580, loss=1.7992117404937744, lr=[tensor(0.0010, device='cuda:0')], in 4.320s
2022-04-19 17:01:01 train.py[line:78] INFO train: epoch=8, iteration=600, loss=2.1957643032073975, lr=[tensor(0.0010, device='cuda:0')], in 3.673s
2022-04-19 17:01:02 train.py[line:86] INFO -------train exits, epoch=8-------
2022-04-19 17:01:02 train.py[line:298] INFO save model and statistics to D:/A日常/大学/毕业设计/code/yui/checkpoints
2022-04-19 17:01:19 train.py[line:78] INFO train: epoch=8, iteration=20, loss=3.999001979827881, lr=[tensor(0.0010, device='cuda:0')], in 17.226s
2022-04-19 17:01:23 train.py[line:78] INFO train: epoch=8, iteration=40, loss=1.0298237800598145, lr=[tensor(0.0010, device='cuda:0')], in 4.128s
2022-04-19 17:01:27 train.py[line:78] INFO train: epoch=8, iteration=60, loss=1.4153876304626465, lr=[tensor(0.0010, device='cuda:0')], in 3.664s
2022-04-19 17:01:31 train.py[line:78] INFO train: epoch=8, iteration=80, loss=2.098757028579712, lr=[tensor(0.0010, device='cuda:0')], in 3.666s
2022-04-19 17:01:35 train.py[line:78] INFO train: epoch=8, iteration=100, loss=4.018505573272705, lr=[tensor(0.0010, device='cuda:0')], in 4.054s
2022-04-19 17:01:38 train.py[line:78] INFO train: epoch=8, iteration=120, loss=3.695488214492798, lr=[tensor(0.0010, device='cuda:0')], in 3.766s
2022-04-19 17:01:42 train.py[line:78] INFO train: epoch=8, iteration=140, loss=0.7919429540634155, lr=[tensor(0.0010, device='cuda:0')], in 3.664s
2022-04-19 17:01:46 train.py[line:78] INFO train: epoch=8, iteration=160, loss=1.7406842708587646, lr=[tensor(0.0010, device='cuda:0')], in 3.668s
2022-04-19 17:01:49 train.py[line:78] INFO train: epoch=8, iteration=180, loss=2.049872636795044, lr=[tensor(0.0010, device='cuda:0')], in 3.693s
2022-04-19 17:01:53 train.py[line:78] INFO train: epoch=8, iteration=200, loss=4.006816864013672, lr=[tensor(0.0010, device='cuda:0')], in 3.672s
2022-04-19 17:01:57 train.py[line:78] INFO train: epoch=8, iteration=220, loss=1.0125430822372437, lr=[tensor(0.0010, device='cuda:0')], in 3.671s
2022-04-19 17:02:01 train.py[line:78] INFO train: epoch=8, iteration=240, loss=1.3049067258834839, lr=[tensor(0.0010, device='cuda:0')], in 4.183s
2022-04-19 17:02:05 train.py[line:78] INFO train: epoch=8, iteration=260, loss=1.9720356464385986, lr=[tensor(0.0010, device='cuda:0')], in 3.738s
2022-04-19 17:02:08 train.py[line:78] INFO train: epoch=8, iteration=280, loss=3.9770779609680176, lr=[tensor(0.0010, device='cuda:0')], in 3.672s
2022-04-19 17:02:12 train.py[line:78] INFO train: epoch=8, iteration=300, loss=3.667145013809204, lr=[tensor(0.0010, device='cuda:0')], in 3.677s
2022-04-19 17:02:16 train.py[line:78] INFO train: epoch=8, iteration=320, loss=0.8316305875778198, lr=[tensor(0.0010, device='cuda:0')], in 3.670s
2022-04-19 17:02:19 train.py[line:78] INFO train: epoch=8, iteration=340, loss=1.6902928352355957, lr=[tensor(0.0010, device='cuda:0')], in 3.699s
2022-04-19 17:02:23 train.py[line:78] INFO train: epoch=8, iteration=360, loss=1.9908995628356934, lr=[tensor(0.0010, device='cuda:0')], in 4.001s
2022-04-19 17:02:27 train.py[line:78] INFO train: epoch=8, iteration=380, loss=3.9429726600646973, lr=[tensor(0.0010, device='cuda:0')], in 3.772s
2022-04-19 17:02:31 train.py[line:78] INFO train: epoch=8, iteration=400, loss=0.9896022081375122, lr=[tensor(0.0010, device='cuda:0')], in 3.666s
2022-04-19 17:02:35 train.py[line:78] INFO train: epoch=8, iteration=420, loss=1.2638955116271973, lr=[tensor(0.0010, device='cuda:0')], in 3.703s
2022-04-19 17:02:38 train.py[line:78] INFO train: epoch=8, iteration=440, loss=1.896716833114624, lr=[tensor(0.0010, device='cuda:0')], in 3.677s
2022-04-19 17:02:42 train.py[line:78] INFO train: epoch=8, iteration=460, loss=3.9341042041778564, lr=[tensor(0.0010, device='cuda:0')], in 3.675s
2022-04-19 17:02:46 train.py[line:78] INFO train: epoch=8, iteration=480, loss=3.6210951805114746, lr=[tensor(0.0010, device='cuda:0')], in 3.675s
2022-04-19 17:02:49 train.py[line:78] INFO train: epoch=8, iteration=500, loss=0.723844587802887, lr=[tensor(0.0010, device='cuda:0')], in 3.693s
2022-04-19 17:02:53 train.py[line:78] INFO train: epoch=8, iteration=520, loss=1.5885021686553955, lr=[tensor(0.0010, device='cuda:0')], in 3.675s
2022-04-19 17:02:57 train.py[line:78] INFO train: epoch=8, iteration=540, loss=1.938215732574463, lr=[tensor(0.0010, device='cuda:0')], in 4.153s
2022-04-19 17:03:01 train.py[line:78] INFO train: epoch=8, iteration=560, loss=3.904200792312622, lr=[tensor(0.0010, device='cuda:0')], in 3.679s
2022-04-19 17:03:05 train.py[line:78] INFO train: epoch=8, iteration=580, loss=0.9272537231445312, lr=[tensor(0.0010, device='cuda:0')], in 3.706s
2022-04-19 17:03:08 train.py[line:78] INFO train: epoch=8, iteration=600, loss=1.1775046586990356, lr=[tensor(0.0010, device='cuda:0')], in 3.687s
2022-04-19 17:03:09 train.py[line:86] INFO -------train exits, epoch=8-------
2022-04-19 17:03:09 train.py[line:298] INFO save model and statistics to D:/A日常/大学/毕业设计/code/yui/checkpoints
2022-04-19 17:03:27 train.py[line:78] INFO train: epoch=9, iteration=20, loss=1.8088829517364502, lr=[tensor(0.0010, device='cuda:0')], in 17.712s
2022-04-19 17:03:30 train.py[line:78] INFO train: epoch=9, iteration=40, loss=3.87341570854187, lr=[tensor(0.0010, device='cuda:0')], in 3.666s
2022-04-19 17:03:34 train.py[line:78] INFO train: epoch=9, iteration=60, loss=3.563711643218994, lr=[tensor(0.0010, device='cuda:0')], in 3.665s
2022-04-19 17:03:38 train.py[line:78] INFO train: epoch=9, iteration=80, loss=0.7296688556671143, lr=[tensor(0.0010, device='cuda:0')], in 3.665s
2022-04-19 17:03:41 train.py[line:78] INFO train: epoch=9, iteration=100, loss=1.5174970626831055, lr=[tensor(0.0010, device='cuda:0')], in 3.684s
2022-04-19 17:03:46 train.py[line:78] INFO train: epoch=9, iteration=120, loss=1.9163646697998047, lr=[tensor(0.0010, device='cuda:0')], in 4.059s
2022-04-19 17:03:49 train.py[line:78] INFO train: epoch=9, iteration=140, loss=3.8652799129486084, lr=[tensor(0.0010, device='cuda:0')], in 3.662s
2022-04-19 17:03:53 train.py[line:78] INFO train: epoch=9, iteration=160, loss=0.8790231943130493, lr=[tensor(0.0010, device='cuda:0')], in 3.659s
2022-04-19 17:03:57 train.py[line:78] INFO train: epoch=9, iteration=180, loss=1.095869779586792, lr=[tensor(0.0010, device='cuda:0')], in 3.681s
2022-04-19 17:04:00 train.py[line:78] INFO train: epoch=9, iteration=200, loss=1.7039799690246582, lr=[tensor(0.0010, device='cuda:0')], in 3.662s
2022-04-19 17:04:04 train.py[line:78] INFO train: epoch=9, iteration=220, loss=3.8301613330841064, lr=[tensor(0.0010, device='cuda:0')], in 3.674s
2022-04-19 17:04:08 train.py[line:78] INFO train: epoch=9, iteration=240, loss=3.5079705715179443, lr=[tensor(0.0010, device='cuda:0')], in 3.672s
2022-04-19 17:04:11 train.py[line:78] INFO train: epoch=9, iteration=260, loss=0.6191233992576599, lr=[tensor(0.0010, device='cuda:0')], in 3.694s
2022-04-19 17:04:15 train.py[line:78] INFO train: epoch=9, iteration=280, loss=1.4779666662216187, lr=[tensor(0.0010, device='cuda:0')], in 3.672s
2022-04-19 17:04:19 train.py[line:78] INFO train: epoch=9, iteration=300, loss=1.7777661085128784, lr=[tensor(0.0010, device='cuda:0')], in 3.678s
2022-04-19 17:04:22 train.py[line:78] INFO train: epoch=9, iteration=320, loss=3.82350754737854, lr=[tensor(0.0010, device='cuda:0')], in 3.674s
2022-04-19 17:04:26 train.py[line:78] INFO train: epoch=9, iteration=340, loss=0.7952716946601868, lr=[tensor(0.0010, device='cuda:0')], in 3.705s
2022-04-19 17:04:30 train.py[line:78] INFO train: epoch=9, iteration=360, loss=1.076590895652771, lr=[tensor(0.0010, device='cuda:0')], in 3.675s
2022-04-19 17:04:34 train.py[line:78] INFO train: epoch=9, iteration=380, loss=1.694657564163208, lr=[tensor(0.0010, device='cuda:0')], in 4.000s
2022-04-19 17:04:37 train.py[line:78] INFO train: epoch=9, iteration=400, loss=3.8015782833099365, lr=[tensor(0.0010, device='cuda:0')], in 3.737s
2022-04-19 17:04:42 train.py[line:78] INFO train: epoch=9, iteration=420, loss=3.4606902599334717, lr=[tensor(0.0011, device='cuda:0')], in 4.220s
2022-04-19 17:04:45 train.py[line:78] INFO train: epoch=9, iteration=440, loss=0.6676038503646851, lr=[tensor(0.0011, device='cuda:0')], in 3.672s
2022-04-19 17:04:49 train.py[line:78] INFO train: epoch=9, iteration=460, loss=1.4188811779022217, lr=[tensor(0.0011, device='cuda:0')], in 3.667s
2022-04-19 17:04:53 train.py[line:78] INFO train: epoch=9, iteration=480, loss=1.7849348783493042, lr=[tensor(0.0011, device='cuda:0')], in 3.792s
2022-04-19 17:04:57 train.py[line:78] INFO train: epoch=9, iteration=500, loss=3.8109426498413086, lr=[tensor(0.0011, device='cuda:0')], in 4.140s
2022-04-19 17:05:01 train.py[line:78] INFO train: epoch=9, iteration=520, loss=0.773667573928833, lr=[tensor(0.0011, device='cuda:0')], in 4.143s
2022-04-19 17:05:05 train.py[line:78] INFO train: epoch=9, iteration=540, loss=1.0084248781204224, lr=[tensor(0.0011, device='cuda:0')], in 3.687s
2022-04-19 17:05:08 train.py[line:78] INFO train: epoch=9, iteration=560, loss=1.6492353677749634, lr=[tensor(0.0011, device='cuda:0')], in 3.678s
2022-04-19 17:05:13 train.py[line:78] INFO train: epoch=9, iteration=580, loss=3.74438214302063, lr=[tensor(0.0011, device='cuda:0')], in 4.267s
2022-04-19 17:05:16 train.py[line:78] INFO train: epoch=9, iteration=600, loss=3.372607707977295, lr=[tensor(0.0011, device='cuda:0')], in 3.670s
2022-04-19 17:05:17 train.py[line:86] INFO -------train exits, epoch=9-------
2022-04-19 17:05:17 train.py[line:298] INFO save model and statistics to D:/A日常/大学/毕业设计/code/yui/checkpoints
2022-04-19 17:05:36 train.py[line:78] INFO train: epoch=9, iteration=20, loss=0.5743293166160583, lr=[tensor(0.0011, device='cuda:0')], in 18.881s
2022-04-19 17:05:40 train.py[line:78] INFO train: epoch=9, iteration=40, loss=1.29698646068573, lr=[tensor(0.0011, device='cuda:0')], in 3.668s
2022-04-19 17:05:43 train.py[line:78] INFO train: epoch=9, iteration=60, loss=1.7020139694213867, lr=[tensor(0.0011, device='cuda:0')], in 3.663s
2022-04-19 17:05:48 train.py[line:78] INFO train: epoch=9, iteration=80, loss=3.737434148788452, lr=[tensor(0.0011, device='cuda:0')], in 4.297s
2022-04-19 17:05:51 train.py[line:78] INFO train: epoch=9, iteration=100, loss=0.7036653161048889, lr=[tensor(0.0011, device='cuda:0')], in 3.691s
2022-04-19 17:05:55 train.py[line:78] INFO train: epoch=9, iteration=120, loss=1.0375012159347534, lr=[tensor(0.0011, device='cuda:0')], in 3.665s
2022-04-19 17:05:59 train.py[line:78] INFO train: epoch=9, iteration=140, loss=1.5995622873306274, lr=[tensor(0.0011, device='cuda:0')], in 3.669s
2022-04-19 17:06:02 train.py[line:78] INFO train: epoch=9, iteration=160, loss=3.6535463333129883, lr=[tensor(0.0011, device='cuda:0')], in 3.686s
2022-04-19 17:06:06 train.py[line:78] INFO train: epoch=9, iteration=180, loss=3.3490800857543945, lr=[tensor(0.0011, device='cuda:0')], in 3.689s
2022-04-19 17:06:10 train.py[line:78] INFO train: epoch=9, iteration=200, loss=0.5642378330230713, lr=[tensor(0.0011, device='cuda:0')], in 3.667s
2022-04-19 17:06:13 train.py[line:78] INFO train: epoch=9, iteration=220, loss=1.3061622381210327, lr=[tensor(0.0011, device='cuda:0')], in 3.671s
2022-04-19 17:06:17 train.py[line:78] INFO train: epoch=9, iteration=240, loss=1.5912845134735107, lr=[tensor(0.0011, device='cuda:0')], in 3.667s
2022-04-19 17:06:21 train.py[line:78] INFO train: epoch=9, iteration=260, loss=3.7197635173797607, lr=[tensor(0.0011, device='cuda:0')], in 3.699s
2022-04-19 17:06:24 train.py[line:78] INFO train: epoch=9, iteration=280, loss=0.7374367713928223, lr=[tensor(0.0011, device='cuda:0')], in 3.675s
2022-04-19 17:06:28 train.py[line:78] INFO train: epoch=9, iteration=300, loss=1.022895097732544, lr=[tensor(0.0011, device='cuda:0')], in 3.714s
2022-04-19 17:06:32 train.py[line:78] INFO train: epoch=9, iteration=320, loss=1.4863176345825195, lr=[tensor(0.0011, device='cuda:0')], in 3.665s
2022-04-19 17:06:35 train.py[line:78] INFO train: epoch=9, iteration=340, loss=3.609170913696289, lr=[tensor(0.0011, device='cuda:0')], in 3.693s
2022-04-19 17:06:39 train.py[line:78] INFO train: epoch=9, iteration=360, loss=3.285776376724243, lr=[tensor(0.0011, device='cuda:0')], in 3.662s
2022-04-19 17:06:43 train.py[line:78] INFO train: epoch=9, iteration=380, loss=0.5198591351509094, lr=[tensor(0.0011, device='cuda:0')], in 3.668s
2022-04-19 17:06:46 train.py[line:78] INFO train: epoch=9, iteration=400, loss=1.2112970352172852, lr=[tensor(0.0011, device='cuda:0')], in 3.663s
2022-04-19 17:06:50 train.py[line:78] INFO train: epoch=9, iteration=420, loss=1.57439124584198, lr=[tensor(0.0011, device='cuda:0')], in 3.689s
2022-04-19 17:06:54 train.py[line:78] INFO train: epoch=9, iteration=440, loss=3.6477344036102295, lr=[tensor(0.0011, device='cuda:0')], in 3.673s
2022-04-19 17:06:58 train.py[line:78] INFO train: epoch=9, iteration=460, loss=0.6809784173965454, lr=[tensor(0.0011, device='cuda:0')], in 3.671s
2022-04-19 17:07:01 train.py[line:78] INFO train: epoch=9, iteration=480, loss=0.9056670069694519, lr=[tensor(0.0011, device='cuda:0')], in 3.667s
2022-04-19 17:07:05 train.py[line:78] INFO train: epoch=9, iteration=500, loss=1.4307807683944702, lr=[tensor(0.0011, device='cuda:0')], in 3.687s
2022-04-19 17:07:09 train.py[line:78] INFO train: epoch=9, iteration=520, loss=3.530214548110962, lr=[tensor(0.0011, device='cuda:0')], in 3.665s
2022-04-19 17:07:12 train.py[line:78] INFO train: epoch=9, iteration=540, loss=3.2647204399108887, lr=[tensor(0.0011, device='cuda:0')], in 3.667s
2022-04-19 17:07:16 train.py[line:78] INFO train: epoch=9, iteration=560, loss=0.5125132203102112, lr=[tensor(0.0011, device='cuda:0')], in 3.666s
2022-04-19 17:07:20 train.py[line:78] INFO train: epoch=9, iteration=580, loss=1.103165864944458, lr=[tensor(0.0011, device='cuda:0')], in 3.688s
2022-04-19 17:07:23 train.py[line:78] INFO train: epoch=9, iteration=600, loss=1.5449944734573364, lr=[tensor(0.0011, device='cuda:0')], in 3.664s
2022-04-19 17:07:24 train.py[line:86] INFO -------train exits, epoch=9-------
2022-04-19 17:07:24 train.py[line:298] INFO save model and statistics to D:/A日常/大学/毕业设计/code/yui/checkpoints
2022-04-19 17:07:42 train.py[line:78] INFO train: epoch=9, iteration=20, loss=3.587702989578247, lr=[tensor(0.0011, device='cuda:0')], in 18.014s
2022-04-19 17:07:46 train.py[line:78] INFO train: epoch=9, iteration=40, loss=0.5788742899894714, lr=[tensor(0.0011, device='cuda:0')], in 3.671s
2022-04-19 17:07:49 train.py[line:78] INFO train: epoch=9, iteration=60, loss=0.8720229268074036, lr=[tensor(0.0011, device='cuda:0')], in 3.664s
2022-04-19 17:07:53 train.py[line:78] INFO train: epoch=9, iteration=80, loss=1.3773630857467651, lr=[tensor(0.0011, device='cuda:0')], in 3.663s
2022-04-19 17:07:57 train.py[line:78] INFO train: epoch=9, iteration=100, loss=3.486548900604248, lr=[tensor(0.0011, device='cuda:0')], in 3.687s
2022-04-19 17:08:00 train.py[line:78] INFO train: epoch=9, iteration=120, loss=3.2122764587402344, lr=[tensor(0.0011, device='cuda:0')], in 3.671s
2022-04-19 17:08:04 train.py[line:78] INFO train: epoch=9, iteration=140, loss=0.4929954707622528, lr=[tensor(0.0011, device='cuda:0')], in 3.679s
2022-04-19 17:08:08 train.py[line:78] INFO train: epoch=9, iteration=160, loss=1.1600395441055298, lr=[tensor(0.0011, device='cuda:0')], in 3.671s
2022-04-19 17:08:11 train.py[line:78] INFO train: epoch=9, iteration=180, loss=1.491450309753418, lr=[tensor(0.0011, device='cuda:0')], in 3.697s
2022-04-19 17:08:15 train.py[line:78] INFO train: epoch=9, iteration=200, loss=3.56363582611084, lr=[tensor(0.0011, device='cuda:0')], in 3.672s
2022-04-19 17:08:19 train.py[line:78] INFO train: epoch=9, iteration=220, loss=0.561255156993866, lr=[tensor(0.0011, device='cuda:0')], in 3.677s
2022-04-19 17:08:22 train.py[line:78] INFO train: epoch=9, iteration=240, loss=0.9281674027442932, lr=[tensor(0.0011, device='cuda:0')], in 3.675s
2022-04-19 17:08:26 train.py[line:78] INFO train: epoch=9, iteration=260, loss=1.3179582357406616, lr=[tensor(0.0011, device='cuda:0')], in 3.696s
2022-04-19 17:08:30 train.py[line:78] INFO train: epoch=9, iteration=280, loss=3.4633631706237793, lr=[tensor(0.0011, device='cuda:0')], in 4.187s
2022-04-19 17:08:34 train.py[line:78] INFO train: epoch=9, iteration=300, loss=3.1625568866729736, lr=[tensor(0.0011, device='cuda:0')], in 3.672s
2022-04-19 17:08:38 train.py[line:78] INFO train: epoch=9, iteration=320, loss=0.45739635825157166, lr=[tensor(0.0011, device='cuda:0')], in 4.382s
2022-04-19 17:08:42 train.py[line:78] INFO train: epoch=9, iteration=340, loss=1.088894248008728, lr=[tensor(0.0011, device='cuda:0')], in 3.686s
2022-04-19 17:08:46 train.py[line:78] INFO train: epoch=9, iteration=360, loss=1.381690263748169, lr=[tensor(0.0011, device='cuda:0')], in 3.671s
2022-04-19 17:08:49 train.py[line:78] INFO train: epoch=9, iteration=380, loss=3.503540515899658, lr=[tensor(0.0011, device='cuda:0')], in 3.664s
2022-04-19 17:08:53 train.py[line:78] INFO train: epoch=9, iteration=400, loss=0.5609469413757324, lr=[tensor(0.0011, device='cuda:0')], in 3.667s
2022-04-19 17:08:57 train.py[line:78] INFO train: epoch=9, iteration=420, loss=0.8456348180770874, lr=[tensor(0.0011, device='cuda:0')], in 3.689s
2022-04-19 17:09:00 train.py[line:78] INFO train: epoch=9, iteration=440, loss=1.2800246477127075, lr=[tensor(0.0011, device='cuda:0')], in 3.665s
2022-04-19 17:09:04 train.py[line:78] INFO train: epoch=9, iteration=460, loss=3.3951709270477295, lr=[tensor(0.0011, device='cuda:0')], in 3.667s
2022-04-19 17:09:08 train.py[line:78] INFO train: epoch=9, iteration=480, loss=3.1148369312286377, lr=[tensor(0.0011, device='cuda:0')], in 3.673s
2022-04-19 17:09:11 train.py[line:78] INFO train: epoch=9, iteration=500, loss=0.47993966937065125, lr=[tensor(0.0011, device='cuda:0')], in 3.696s
2022-04-19 17:09:16 train.py[line:78] INFO train: epoch=9, iteration=520, loss=1.0774363279342651, lr=[tensor(0.0011, device='cuda:0')], in 4.089s
2022-04-19 17:09:19 train.py[line:78] INFO train: epoch=9, iteration=540, loss=1.401280164718628, lr=[tensor(0.0011, device='cuda:0')], in 3.919s
2022-04-19 17:09:23 train.py[line:78] INFO train: epoch=9, iteration=560, loss=3.4869260787963867, lr=[tensor(0.0011, device='cuda:0')], in 3.850s
2022-04-19 17:09:27 train.py[line:78] INFO train: epoch=9, iteration=580, loss=0.5465232133865356, lr=[tensor(0.0011, device='cuda:0')], in 3.695s
2022-04-19 17:09:31 train.py[line:78] INFO train: epoch=9, iteration=600, loss=0.7932067513465881, lr=[tensor(0.0011, device='cuda:0')], in 3.664s
2022-04-19 17:09:31 train.py[line:86] INFO -------train exits, epoch=9-------
2022-04-19 17:09:31 train.py[line:298] INFO save model and statistics to D:/A日常/大学/毕业设计/code/yui/checkpoints
2022-04-19 17:09:49 train.py[line:78] INFO train: epoch=10, iteration=20, loss=1.2577815055847168, lr=[tensor(0.0011, device='cuda:0')], in 17.684s
2022-04-19 17:09:53 train.py[line:78] INFO train: epoch=10, iteration=40, loss=3.3304977416992188, lr=[tensor(0.0011, device='cuda:0')], in 3.667s
2022-04-19 17:09:57 train.py[line:78] INFO train: epoch=10, iteration=60, loss=3.0701467990875244, lr=[tensor(0.0011, device='cuda:0')], in 3.730s
2022-04-19 17:10:00 train.py[line:78] INFO train: epoch=10, iteration=80, loss=0.43494078516960144, lr=[tensor(0.0011, device='cuda:0')], in 3.665s
2022-04-19 17:10:04 train.py[line:78] INFO train: epoch=10, iteration=100, loss=1.0806320905685425, lr=[tensor(0.0011, device='cuda:0')], in 3.694s
2022-04-19 17:10:08 train.py[line:78] INFO train: epoch=10, iteration=120, loss=1.2688275575637817, lr=[tensor(0.0011, device='cuda:0')], in 3.666s
2022-04-19 17:10:11 train.py[line:78] INFO train: epoch=10, iteration=140, loss=3.407764434814453, lr=[tensor(0.0011, device='cuda:0')], in 3.839s
2022-04-19 17:10:16 train.py[line:78] INFO train: epoch=10, iteration=160, loss=0.5306510925292969, lr=[tensor(0.0011, device='cuda:0')], in 4.143s
2022-04-19 17:10:19 train.py[line:78] INFO train: epoch=10, iteration=180, loss=0.7577112913131714, lr=[tensor(0.0012, device='cuda:0')], in 3.690s
2022-04-19 17:10:23 train.py[line:78] INFO train: epoch=10, iteration=200, loss=1.1716153621673584, lr=[tensor(0.0012, device='cuda:0')], in 3.698s
2022-04-19 17:10:27 train.py[line:78] INFO train: epoch=10, iteration=220, loss=3.3115451335906982, lr=[tensor(0.0012, device='cuda:0')], in 3.904s
2022-04-19 17:10:31 train.py[line:78] INFO train: epoch=10, iteration=240, loss=3.0405259132385254, lr=[tensor(0.0012, device='cuda:0')], in 4.120s
2022-04-19 17:10:35 train.py[line:78] INFO train: epoch=10, iteration=260, loss=0.444770872592926, lr=[tensor(0.0012, device='cuda:0')], in 3.910s
2022-04-19 17:10:39 train.py[line:78] INFO train: epoch=10, iteration=280, loss=1.0097250938415527, lr=[tensor(0.0012, device='cuda:0')], in 4.217s
2022-04-19 17:10:43 train.py[line:78] INFO train: epoch=10, iteration=300, loss=1.2714227437973022, lr=[tensor(0.0012, device='cuda:0')], in 3.723s
2022-04-19 17:10:46 train.py[line:78] INFO train: epoch=10, iteration=320, loss=3.380262613296509, lr=[tensor(0.0012, device='cuda:0')], in 3.662s
2022-04-19 17:10:50 train.py[line:78] INFO train: epoch=10, iteration=340, loss=0.5196037292480469, lr=[tensor(0.0012, device='cuda:0')], in 3.685s
2022-04-19 17:10:54 train.py[line:78] INFO train: epoch=10, iteration=360, loss=0.7764606475830078, lr=[tensor(0.0012, device='cuda:0')], in 3.663s
2022-04-19 17:10:57 train.py[line:78] INFO train: epoch=10, iteration=380, loss=1.1216589212417603, lr=[tensor(0.0012, device='cuda:0')], in 3.672s
2022-04-19 17:11:01 train.py[line:78] INFO train: epoch=10, iteration=400, loss=3.246429920196533, lr=[tensor(0.0012, device='cuda:0')], in 3.660s
2022-04-19 17:11:05 train.py[line:78] INFO train: epoch=10, iteration=420, loss=2.9833502769470215, lr=[tensor(0.0012, device='cuda:0')], in 3.695s
2022-04-19 17:11:09 train.py[line:78] INFO train: epoch=10, iteration=440, loss=0.39598432183265686, lr=[tensor(0.0012, device='cuda:0')], in 3.669s
2022-04-19 17:11:12 train.py[line:78] INFO train: epoch=10, iteration=460, loss=0.9724301695823669, lr=[tensor(0.0012, device='cuda:0')], in 3.669s
2022-04-19 17:11:16 train.py[line:78] INFO train: epoch=10, iteration=480, loss=1.2550978660583496, lr=[tensor(0.0012, device='cuda:0')], in 3.670s
2022-04-19 17:11:20 train.py[line:78] INFO train: epoch=10, iteration=500, loss=3.318439483642578, lr=[tensor(0.0012, device='cuda:0')], in 3.703s
2022-04-19 17:11:23 train.py[line:78] INFO train: epoch=10, iteration=520, loss=0.47618579864501953, lr=[tensor(0.0012, device='cuda:0')], in 3.671s
2022-04-19 17:11:27 train.py[line:78] INFO train: epoch=10, iteration=540, loss=0.7834216356277466, lr=[tensor(0.0012, device='cuda:0')], in 3.678s
2022-04-19 17:11:31 train.py[line:78] INFO train: epoch=10, iteration=560, loss=1.1098685264587402, lr=[tensor(0.0012, device='cuda:0')], in 3.677s
2022-04-19 17:11:35 train.py[line:78] INFO train: epoch=10, iteration=580, loss=3.1604092121124268, lr=[tensor(0.0012, device='cuda:0')], in 4.064s
2022-04-19 17:11:39 train.py[line:78] INFO train: epoch=10, iteration=600, loss=2.9395551681518555, lr=[tensor(0.0012, device='cuda:0')], in 4.297s
2022-04-19 17:11:40 train.py[line:86] INFO -------train exits, epoch=10-------
2022-04-19 17:11:40 train.py[line:298] INFO save model and statistics to D:/A日常/大学/毕业设计/code/yui/checkpoints
2022-04-19 17:12:01 train.py[line:78] INFO train: epoch=10, iteration=20, loss=0.38671237230300903, lr=[tensor(0.0012, device='cuda:0')], in 21.346s
2022-04-19 17:12:05 train.py[line:78] INFO train: epoch=10, iteration=40, loss=0.9018597602844238, lr=[tensor(0.0012, device='cuda:0')], in 3.660s
2022-04-19 17:12:08 train.py[line:78] INFO train: epoch=10, iteration=60, loss=1.2060604095458984, lr=[tensor(0.0012, device='cuda:0')], in 3.659s
2022-04-19 17:12:12 train.py[line:78] INFO train: epoch=10, iteration=80, loss=3.278040647506714, lr=[tensor(0.0012, device='cuda:0')], in 3.672s
2022-04-19 17:12:16 train.py[line:78] INFO train: epoch=10, iteration=100, loss=0.45135214924812317, lr=[tensor(0.0012, device='cuda:0')], in 4.180s
2022-04-19 17:12:20 train.py[line:78] INFO train: epoch=10, iteration=120, loss=0.8033798933029175, lr=[tensor(0.0012, device='cuda:0')], in 3.678s
2022-04-19 17:12:24 train.py[line:78] INFO train: epoch=10, iteration=140, loss=1.110854148864746, lr=[tensor(0.0012, device='cuda:0')], in 3.675s
2022-04-19 17:12:27 train.py[line:78] INFO train: epoch=10, iteration=160, loss=3.121903896331787, lr=[tensor(0.0012, device='cuda:0')], in 3.671s
2022-04-19 17:12:31 train.py[line:78] INFO train: epoch=10, iteration=180, loss=2.8665738105773926, lr=[tensor(0.0012, device='cuda:0')], in 3.697s
2022-04-19 17:12:35 train.py[line:78] INFO train: epoch=10, iteration=200, loss=0.3449394702911377, lr=[tensor(0.0012, device='cuda:0')], in 3.673s
2022-04-19 17:12:38 train.py[line:78] INFO train: epoch=10, iteration=220, loss=0.8879634141921997, lr=[tensor(0.0012, device='cuda:0')], in 3.670s
2022-04-19 17:12:42 train.py[line:78] INFO train: epoch=10, iteration=240, loss=1.1180565357208252, lr=[tensor(0.0012, device='cuda:0')], in 3.679s
2022-04-19 17:12:46 train.py[line:78] INFO train: epoch=10, iteration=260, loss=3.2118942737579346, lr=[tensor(0.0012, device='cuda:0')], in 3.702s
2022-04-19 17:12:49 train.py[line:78] INFO train: epoch=10, iteration=280, loss=0.4121242165565491, lr=[tensor(0.0012, device='cuda:0')], in 3.673s
2022-04-19 17:12:53 train.py[line:78] INFO train: epoch=10, iteration=300, loss=0.6389147043228149, lr=[tensor(0.0012, device='cuda:0')], in 3.680s
2022-04-19 17:12:57 train.py[line:78] INFO train: epoch=10, iteration=320, loss=1.0226470232009888, lr=[tensor(0.0012, device='cuda:0')], in 3.675s
2022-04-19 17:13:00 train.py[line:78] INFO train: epoch=10, iteration=340, loss=3.0477793216705322, lr=[tensor(0.0012, device='cuda:0')], in 3.707s
2022-04-19 17:13:04 train.py[line:78] INFO train: epoch=10, iteration=360, loss=2.804164409637451, lr=[tensor(0.0012, device='cuda:0')], in 3.672s
2022-04-19 17:13:08 train.py[line:78] INFO train: epoch=10, iteration=380, loss=0.3480071723461151, lr=[tensor(0.0012, device='cuda:0')], in 3.669s
2022-04-19 17:13:11 train.py[line:78] INFO train: epoch=10, iteration=400, loss=0.825494647026062, lr=[tensor(0.0012, device='cuda:0')], in 3.670s
2022-04-19 17:13:15 train.py[line:78] INFO train: epoch=10, iteration=420, loss=1.078795313835144, lr=[tensor(0.0012, device='cuda:0')], in 3.694s
2022-04-19 17:13:19 train.py[line:78] INFO train: epoch=10, iteration=440, loss=3.1627378463745117, lr=[tensor(0.0012, device='cuda:0')], in 3.681s
2022-04-19 17:13:23 train.py[line:78] INFO train: epoch=10, iteration=460, loss=0.41215136647224426, lr=[tensor(0.0012, device='cuda:0')], in 3.672s
2022-04-19 17:13:27 train.py[line:78] INFO train: epoch=10, iteration=480, loss=0.6263265013694763, lr=[tensor(0.0012, device='cuda:0')], in 4.492s
2022-04-19 17:13:31 train.py[line:78] INFO train: epoch=10, iteration=500, loss=1.0520424842834473, lr=[tensor(0.0012, device='cuda:0')], in 4.181s
2022-04-19 17:13:35 train.py[line:78] INFO train: epoch=10, iteration=520, loss=2.990828275680542, lr=[tensor(0.0012, device='cuda:0')], in 3.793s
2022-04-19 17:13:39 train.py[line:78] INFO train: epoch=10, iteration=540, loss=2.757481098175049, lr=[tensor(0.0012, device='cuda:0')], in 3.670s
2022-04-19 17:13:42 train.py[line:78] INFO train: epoch=10, iteration=560, loss=0.3452731966972351, lr=[tensor(0.0012, device='cuda:0')], in 3.677s
2022-04-19 17:13:46 train.py[line:78] INFO train: epoch=10, iteration=580, loss=0.8580195307731628, lr=[tensor(0.0012, device='cuda:0')], in 4.034s
2022-04-19 17:13:50 train.py[line:78] INFO train: epoch=10, iteration=600, loss=1.0518635511398315, lr=[tensor(0.0012, device='cuda:0')], in 3.757s
2022-04-19 17:13:51 train.py[line:86] INFO -------train exits, epoch=10-------
2022-04-19 17:13:51 train.py[line:298] INFO save model and statistics to D:/A日常/大学/毕业设计/code/yui/checkpoints
2022-04-19 17:14:09 train.py[line:78] INFO train: epoch=10, iteration=20, loss=3.130322217941284, lr=[tensor(0.0012, device='cuda:0')], in 17.872s
2022-04-19 17:14:12 train.py[line:78] INFO train: epoch=10, iteration=40, loss=0.3974330723285675, lr=[tensor(0.0012, device='cuda:0')], in 3.678s
2022-04-19 17:14:16 train.py[line:78] INFO train: epoch=10, iteration=60, loss=0.652350902557373, lr=[tensor(0.0012, device='cuda:0')], in 3.667s
2022-04-19 17:14:20 train.py[line:78] INFO train: epoch=10, iteration=80, loss=0.9540686011314392, lr=[tensor(0.0012, device='cuda:0')], in 3.671s
2022-04-19 17:14:24 train.py[line:78] INFO train: epoch=10, iteration=100, loss=2.963212013244629, lr=[tensor(0.0012, device='cuda:0')], in 3.692s
2022-04-19 17:14:27 train.py[line:78] INFO train: epoch=10, iteration=120, loss=2.7373878955841064, lr=[tensor(0.0012, device='cuda:0')], in 3.667s
2022-04-19 17:14:31 train.py[line:78] INFO train: epoch=10, iteration=140, loss=0.3846946954727173, lr=[tensor(0.0012, device='cuda:0')], in 3.677s
2022-04-19 17:14:35 train.py[line:78] INFO train: epoch=10, iteration=160, loss=0.7469833493232727, lr=[tensor(0.0012, device='cuda:0')], in 3.674s
2022-04-19 17:14:38 train.py[line:78] INFO train: epoch=10, iteration=180, loss=1.0148022174835205, lr=[tensor(0.0012, device='cuda:0')], in 3.703s
2022-04-19 17:14:42 train.py[line:78] INFO train: epoch=10, iteration=200, loss=3.101940393447876, lr=[tensor(0.0012, device='cuda:0')], in 4.144s
2022-04-19 17:14:46 train.py[line:78] INFO train: epoch=10, iteration=220, loss=0.37917014956474304, lr=[tensor(0.0012, device='cuda:0')], in 3.674s
2022-04-19 17:14:50 train.py[line:78] INFO train: epoch=10, iteration=240, loss=0.6098678708076477, lr=[tensor(0.0012, device='cuda:0')], in 3.726s
2022-04-19 17:14:54 train.py[line:78] INFO train: epoch=10, iteration=260, loss=0.9320998191833496, lr=[tensor(0.0012, device='cuda:0')], in 4.140s
2022-04-19 17:14:58 train.py[line:78] INFO train: epoch=10, iteration=280, loss=2.9057912826538086, lr=[tensor(0.0012, device='cuda:0')], in 3.734s
2022-04-19 17:15:02 train.py[line:78] INFO train: epoch=10, iteration=300, loss=2.6553354263305664, lr=[tensor(0.0012, device='cuda:0')], in 4.164s
2022-04-19 17:15:05 train.py[line:78] INFO train: epoch=10, iteration=320, loss=0.33171796798706055, lr=[tensor(0.0012, device='cuda:0')], in 3.681s
2022-04-19 17:15:10 train.py[line:78] INFO train: epoch=10, iteration=340, loss=0.7465444803237915, lr=[tensor(0.0012, device='cuda:0')], in 4.142s
2022-04-19 17:15:13 train.py[line:78] INFO train: epoch=10, iteration=360, loss=0.9706399440765381, lr=[tensor(0.0012, device='cuda:0')], in 3.664s
2022-04-19 17:15:17 train.py[line:78] INFO train: epoch=10, iteration=380, loss=3.0122923851013184, lr=[tensor(0.0012, device='cuda:0')], in 3.693s
2022-04-19 17:15:21 train.py[line:78] INFO train: epoch=10, iteration=400, loss=0.33835822343826294, lr=[tensor(0.0012, device='cuda:0')], in 3.664s
2022-04-19 17:15:24 train.py[line:78] INFO train: epoch=10, iteration=420, loss=0.6056522727012634, lr=[tensor(0.0012, device='cuda:0')], in 3.686s
2022-04-19 17:15:28 train.py[line:78] INFO train: epoch=10, iteration=440, loss=0.9096749424934387, lr=[tensor(0.0012, device='cuda:0')], in 3.664s
2022-04-19 17:15:32 train.py[line:78] INFO train: epoch=10, iteration=460, loss=2.8558318614959717, lr=[tensor(0.0012, device='cuda:0')], in 3.662s
2022-04-19 17:15:36 train.py[line:78] INFO train: epoch=10, iteration=480, loss=2.6122868061065674, lr=[tensor(0.0012, device='cuda:0')], in 4.134s
2022-04-19 17:15:40 train.py[line:78] INFO train: epoch=10, iteration=500, loss=0.3498842716217041, lr=[tensor(0.0012, device='cuda:0')], in 4.056s
2022-04-19 17:15:44 train.py[line:78] INFO train: epoch=10, iteration=520, loss=0.7818300724029541, lr=[tensor(0.0012, device='cuda:0')], in 3.791s
2022-04-19 17:15:48 train.py[line:78] INFO train: epoch=10, iteration=540, loss=0.9493619203567505, lr=[tensor(0.0012, device='cuda:0')], in 4.090s
2022-04-19 17:15:51 train.py[line:78] INFO train: epoch=10, iteration=560, loss=3.009021520614624, lr=[tensor(0.0012, device='cuda:0')], in 3.664s
2022-04-19 17:15:55 train.py[line:78] INFO train: epoch=10, iteration=580, loss=0.33409807085990906, lr=[tensor(0.0013, device='cuda:0')], in 3.681s
2022-04-19 17:15:59 train.py[line:78] INFO train: epoch=10, iteration=600, loss=0.5525975823402405, lr=[tensor(0.0013, device='cuda:0')], in 4.061s
2022-04-19 17:16:00 train.py[line:86] INFO -------train exits, epoch=10-------
2022-04-19 17:16:00 train.py[line:298] INFO save model and statistics to D:/A日常/大学/毕业设计/code/yui/checkpoints
