2022-04-19 15:05:44 train.py[line:151] INFO YuiConfigPro(RANDOM_SEED=233, DATASET_DIR='D:/A日常/大学/毕业设计/dataset/maestro-v3.0.0/', DATAMETA_NAME='maestro-v3.0.0_tinymp3.csv', WORKSPACE='D:/A日常/大学/毕业设计/code/yui/', MAX_INPUTS_LENGTH=512, MAX_TARGETS_LENGTH=1024, PROGRAM_GRANULARITY='flat', SAMPLE_RATE=16000, FRAME_SIZE=128, HOP_WIDTH=128, NUM_MEL_BINS=256, FFT_SIZE=2048, MEL_LO_HZ=20.0, MEL_HI_HZ=8000.0, PAD_ID=0, ENCODED_EOS_ID=1, ENCODED_UNK_ID=2, EXTRA_IDS=100, DECODED_EOS_ID=-1, DECODED_INVALID_ID=-2, STEPS_PER_SECOND=100, MAX_SHIFT_SECONDS=10, NUM_VELOCITY_BINS=127, CUDA=True, BATCH_SIZE=4, NUM_WORKERS=3, NUM_EPOCHS=160, TRAIN_ITERATION=600, LEARNING_RATE=0.001, OVERFIT_PATIENCE=8)
2022-04-19 15:05:44 train.py[line:153] INFO Using GPU.
2022-04-19 15:05:44 train.py[line:154] INFO GPU number: 1
2022-04-19 15:05:44 train.py[line:177] INFO The model has 4,641,792 trainable parameters
2022-04-19 15:05:45 train.py[line:225] INFO resume training with epoch=60, lr=0.002
2022-04-19 15:05:45 train.py[line:255] INFO -------train loop starts, start_time=1650351945.724s-------
2022-04-19 15:06:02 train.py[line:78] INFO train: epoch=60, iteration=20, loss=2.1497278213500977, lr=[0.002], in 17.223s
2022-04-19 15:06:07 train.py[line:78] INFO train: epoch=60, iteration=40, loss=4.215470314025879, lr=[0.002], in 4.451s
2022-04-19 15:06:11 train.py[line:78] INFO train: epoch=60, iteration=60, loss=3.7464048862457275, lr=[0.002], in 4.450s
2022-04-19 15:06:16 train.py[line:78] INFO train: epoch=60, iteration=80, loss=2.4760189056396484, lr=[0.002], in 4.451s
2022-04-19 15:06:20 train.py[line:78] INFO train: epoch=60, iteration=100, loss=4.0267462730407715, lr=[0.002], in 4.453s
2022-04-19 15:06:25 train.py[line:78] INFO train: epoch=60, iteration=120, loss=4.268942832946777, lr=[0.002], in 4.474s
2022-04-19 15:06:29 train.py[line:78] INFO train: epoch=60, iteration=140, loss=2.565150022506714, lr=[0.002], in 4.471s
2022-04-19 15:06:34 train.py[line:78] INFO train: epoch=60, iteration=160, loss=1.8465029001235962, lr=[0.002], in 4.472s
2022-04-19 15:06:38 train.py[line:78] INFO train: epoch=60, iteration=180, loss=4.13547420501709, lr=[0.002], in 4.478s
2022-04-19 15:06:43 train.py[line:78] INFO train: epoch=60, iteration=200, loss=4.175102233886719, lr=[0.002], in 4.470s
2022-04-19 15:06:47 train.py[line:78] INFO train: epoch=60, iteration=220, loss=2.7677457332611084, lr=[0.002], in 4.469s
2022-04-19 15:06:52 train.py[line:78] INFO train: epoch=60, iteration=240, loss=2.146679162979126, lr=[0.002], in 4.470s
2022-04-19 15:06:56 train.py[line:78] INFO train: epoch=60, iteration=260, loss=4.305389881134033, lr=[0.002], in 4.478s
2022-04-19 15:07:01 train.py[line:78] INFO train: epoch=60, iteration=280, loss=4.0670905113220215, lr=[0.002], in 4.481s
2022-04-19 15:07:05 train.py[line:78] INFO train: epoch=60, iteration=300, loss=2.684075117111206, lr=[0.002], in 4.476s
2022-04-19 15:07:09 train.py[line:78] INFO train: epoch=60, iteration=320, loss=3.748652696609497, lr=[0.002], in 4.477s
2022-04-19 15:07:14 train.py[line:78] INFO train: epoch=60, iteration=340, loss=4.202341079711914, lr=[0.002], in 4.483s
2022-04-19 15:07:18 train.py[line:78] INFO train: epoch=60, iteration=360, loss=2.7169504165649414, lr=[0.002], in 4.482s
2022-04-19 15:07:23 train.py[line:78] INFO train: epoch=60, iteration=380, loss=1.7387301921844482, lr=[0.002], in 4.483s
2022-04-19 15:07:27 train.py[line:78] INFO train: epoch=60, iteration=400, loss=4.391015529632568, lr=[0.002], in 4.479s
2022-04-19 15:07:32 train.py[line:78] INFO train: epoch=60, iteration=420, loss=4.2116851806640625, lr=[0.002], in 4.480s
2022-04-19 15:07:36 train.py[line:78] INFO train: epoch=60, iteration=440, loss=3.1921167373657227, lr=[0.002], in 4.476s
2022-04-19 15:07:41 train.py[line:78] INFO train: epoch=60, iteration=460, loss=2.2321512699127197, lr=[0.002], in 4.481s
2022-04-19 15:07:45 train.py[line:78] INFO train: epoch=60, iteration=480, loss=4.281544208526611, lr=[0.002], in 4.484s
2022-04-19 15:07:50 train.py[line:78] INFO train: epoch=60, iteration=500, loss=4.2310662269592285, lr=[0.002], in 4.483s
2022-04-19 15:07:54 train.py[line:78] INFO train: epoch=60, iteration=520, loss=2.5897977352142334, lr=[0.002], in 4.479s
2022-04-19 15:07:59 train.py[line:78] INFO train: epoch=60, iteration=540, loss=2.876821279525757, lr=[0.002], in 4.477s
2022-04-19 15:08:03 train.py[line:78] INFO train: epoch=60, iteration=560, loss=4.104773998260498, lr=[0.002], in 4.480s
2022-04-19 15:08:08 train.py[line:78] INFO train: epoch=60, iteration=580, loss=3.562189817428589, lr=[0.002], in 4.484s
2022-04-19 15:08:12 train.py[line:78] INFO train: epoch=60, iteration=600, loss=2.582730293273926, lr=[0.002], in 4.477s
2022-04-19 15:08:13 train.py[line:86] INFO -------train exits, epoch=60-------
2022-04-19 15:08:30 train.py[line:78] INFO train: epoch=61, iteration=20, loss=4.832431793212891, lr=[0.002], in 17.031s
2022-04-19 15:08:34 train.py[line:78] INFO train: epoch=61, iteration=40, loss=4.6121697425842285, lr=[0.002], in 4.493s
2022-04-19 15:08:39 train.py[line:78] INFO train: epoch=61, iteration=60, loss=5.213118076324463, lr=[0.002], in 4.475s
2022-04-19 15:08:43 train.py[line:78] INFO train: epoch=61, iteration=80, loss=5.335153579711914, lr=[0.002], in 4.471s
2022-04-19 15:08:48 train.py[line:78] INFO train: epoch=61, iteration=100, loss=4.987427234649658, lr=[0.002], in 4.486s
2022-04-19 15:08:52 train.py[line:78] INFO train: epoch=61, iteration=120, loss=4.8544230461120605, lr=[0.002], in 4.535s
2022-04-19 15:08:57 train.py[line:78] INFO train: epoch=61, iteration=140, loss=5.246623992919922, lr=[0.002], in 4.864s
2022-04-19 15:09:02 train.py[line:78] INFO train: epoch=61, iteration=160, loss=4.380212306976318, lr=[0.002], in 4.471s
2022-04-19 15:09:07 train.py[line:78] INFO train: epoch=61, iteration=180, loss=4.481543064117432, lr=[0.002], in 5.385s
2022-04-19 15:09:12 train.py[line:78] INFO train: epoch=61, iteration=200, loss=4.398536205291748, lr=[0.002], in 4.496s
2022-04-19 15:09:16 train.py[line:78] INFO train: epoch=61, iteration=220, loss=4.431355953216553, lr=[0.002], in 4.486s
2022-04-19 15:09:21 train.py[line:78] INFO train: epoch=61, iteration=240, loss=4.576335906982422, lr=[0.002], in 4.479s
2022-04-19 15:09:25 train.py[line:78] INFO train: epoch=61, iteration=260, loss=4.296289443969727, lr=[0.002], in 4.486s
2022-04-19 15:09:29 train.py[line:78] INFO train: epoch=61, iteration=280, loss=4.222900867462158, lr=[0.002], in 4.481s
2022-04-19 15:09:34 train.py[line:78] INFO train: epoch=61, iteration=300, loss=4.461606025695801, lr=[0.002], in 4.484s
2022-04-19 15:09:38 train.py[line:78] INFO train: epoch=61, iteration=320, loss=4.455161094665527, lr=[0.002], in 4.483s
2022-04-19 15:09:43 train.py[line:78] INFO train: epoch=61, iteration=340, loss=4.316005706787109, lr=[0.002], in 4.484s
2022-04-19 15:09:47 train.py[line:78] INFO train: epoch=61, iteration=360, loss=4.38695764541626, lr=[0.002], in 4.491s
2022-04-19 15:09:52 train.py[line:78] INFO train: epoch=61, iteration=380, loss=4.4579386711120605, lr=[0.002], in 4.490s
2022-04-19 15:09:56 train.py[line:78] INFO train: epoch=61, iteration=400, loss=4.228616714477539, lr=[0.002], in 4.495s
2022-04-19 15:10:01 train.py[line:78] INFO train: epoch=61, iteration=420, loss=4.1173882484436035, lr=[0.002], in 4.486s
2022-04-19 15:10:05 train.py[line:78] INFO train: epoch=61, iteration=440, loss=4.510601997375488, lr=[0.002], in 4.479s
2022-04-19 15:10:10 train.py[line:78] INFO train: epoch=61, iteration=460, loss=4.411862850189209, lr=[0.002], in 4.480s
2022-04-19 15:10:14 train.py[line:78] INFO train: epoch=61, iteration=480, loss=4.18571662902832, lr=[0.002], in 4.478s
2022-04-19 15:10:19 train.py[line:78] INFO train: epoch=61, iteration=500, loss=4.480928421020508, lr=[0.002], in 4.484s
2022-04-19 15:10:23 train.py[line:78] INFO train: epoch=61, iteration=520, loss=4.426168441772461, lr=[0.002], in 4.478s
2022-04-19 15:10:28 train.py[line:78] INFO train: epoch=61, iteration=540, loss=4.2516937255859375, lr=[0.002], in 4.758s
2022-04-19 15:10:33 train.py[line:78] INFO train: epoch=61, iteration=560, loss=4.126621723175049, lr=[0.002], in 4.587s
2022-04-19 15:10:38 train.py[line:78] INFO train: epoch=61, iteration=580, loss=4.7278642654418945, lr=[0.002], in 5.154s
2022-04-19 15:10:42 train.py[line:78] INFO train: epoch=61, iteration=600, loss=4.405888080596924, lr=[0.002], in 4.476s
2022-04-19 15:10:43 train.py[line:86] INFO -------train exits, epoch=61-------
2022-04-19 15:11:00 train.py[line:78] INFO train: epoch=61, iteration=20, loss=4.038640022277832, lr=[0.002], in 17.469s
2022-04-19 15:11:05 train.py[line:78] INFO train: epoch=61, iteration=40, loss=4.490952491760254, lr=[0.002], in 4.466s
2022-04-19 15:11:09 train.py[line:78] INFO train: epoch=61, iteration=60, loss=4.413145065307617, lr=[0.002], in 4.466s
2022-04-19 15:11:14 train.py[line:78] INFO train: epoch=61, iteration=80, loss=4.167300224304199, lr=[0.002], in 4.465s
2022-04-19 15:11:18 train.py[line:78] INFO train: epoch=61, iteration=100, loss=4.102926731109619, lr=[0.002], in 4.469s
2022-04-19 15:11:23 train.py[line:78] INFO train: epoch=61, iteration=120, loss=4.739162921905518, lr=[0.002], in 4.677s
2022-04-19 15:11:27 train.py[line:78] INFO train: epoch=61, iteration=140, loss=4.3406662940979, lr=[0.002], in 4.536s
2022-04-19 15:11:32 train.py[line:78] INFO train: epoch=61, iteration=160, loss=4.133963584899902, lr=[0.002], in 4.468s
2022-04-19 15:11:36 train.py[line:78] INFO train: epoch=61, iteration=180, loss=4.3182220458984375, lr=[0.002], in 4.476s
2022-04-19 15:11:41 train.py[line:78] INFO train: epoch=61, iteration=200, loss=4.41309118270874, lr=[0.002], in 4.477s
2022-04-19 15:11:46 train.py[line:78] INFO train: epoch=61, iteration=220, loss=4.018125057220459, lr=[0.002], in 4.784s
2022-04-19 15:11:50 train.py[line:78] INFO train: epoch=61, iteration=240, loss=4.309863567352295, lr=[0.002], in 4.491s
2022-04-19 15:11:55 train.py[line:78] INFO train: epoch=61, iteration=260, loss=4.400308609008789, lr=[0.002], in 4.491s
2022-04-19 15:12:00 train.py[line:78] INFO train: epoch=61, iteration=280, loss=4.058084011077881, lr=[0.002], in 4.837s
2022-04-19 15:12:04 train.py[line:78] INFO train: epoch=61, iteration=300, loss=3.854142189025879, lr=[0.002], in 4.474s
2022-04-19 15:12:08 train.py[line:78] INFO train: epoch=61, iteration=320, loss=4.319197177886963, lr=[0.002], in 4.474s
2022-04-19 15:12:13 train.py[line:78] INFO train: epoch=61, iteration=340, loss=4.349842071533203, lr=[0.002], in 4.497s
2022-04-19 15:12:17 train.py[line:78] INFO train: epoch=61, iteration=360, loss=4.019360542297363, lr=[0.002], in 4.475s
2022-04-19 15:12:22 train.py[line:78] INFO train: epoch=61, iteration=380, loss=4.252192497253418, lr=[0.002], in 4.477s
2022-04-19 15:12:26 train.py[line:78] INFO train: epoch=61, iteration=400, loss=4.475216865539551, lr=[0.002], in 4.477s
2022-04-19 15:12:31 train.py[line:78] INFO train: epoch=61, iteration=420, loss=3.919320821762085, lr=[0.002], in 4.479s
2022-04-19 15:12:35 train.py[line:78] INFO train: epoch=61, iteration=440, loss=3.784789562225342, lr=[0.002], in 4.477s
2022-04-19 15:12:40 train.py[line:78] INFO train: epoch=61, iteration=460, loss=4.42518424987793, lr=[0.002], in 4.479s
2022-04-19 15:12:44 train.py[line:78] INFO train: epoch=61, iteration=480, loss=4.328919410705566, lr=[0.002], in 4.475s
2022-04-19 15:12:49 train.py[line:78] INFO train: epoch=61, iteration=500, loss=3.9788260459899902, lr=[0.002], in 4.494s
2022-04-19 15:12:54 train.py[line:78] INFO train: epoch=61, iteration=520, loss=4.363691329956055, lr=[0.002], in 4.919s
2022-04-19 15:12:58 train.py[line:78] INFO train: epoch=61, iteration=540, loss=4.34362268447876, lr=[0.002], in 4.478s
2022-04-19 15:13:03 train.py[line:78] INFO train: epoch=61, iteration=560, loss=4.093568801879883, lr=[0.002], in 4.477s
2022-04-19 15:13:07 train.py[line:78] INFO train: epoch=61, iteration=580, loss=3.8839311599731445, lr=[0.002], in 4.477s
2022-04-19 15:13:12 train.py[line:78] INFO train: epoch=61, iteration=600, loss=4.60060977935791, lr=[0.002], in 4.474s
2022-04-19 15:13:12 train.py[line:86] INFO -------train exits, epoch=61-------
2022-04-19 15:13:30 train.py[line:78] INFO train: epoch=61, iteration=20, loss=4.287058353424072, lr=[0.002], in 18.133s
2022-04-19 15:13:35 train.py[line:78] INFO train: epoch=61, iteration=40, loss=3.756159543991089, lr=[0.002], in 4.468s
2022-04-19 15:13:39 train.py[line:78] INFO train: epoch=61, iteration=60, loss=4.433863639831543, lr=[0.002], in 4.468s
2022-04-19 15:13:44 train.py[line:78] INFO train: epoch=61, iteration=80, loss=4.3075995445251465, lr=[0.002], in 4.468s
2022-04-19 15:13:48 train.py[line:78] INFO train: epoch=61, iteration=100, loss=4.116678714752197, lr=[0.002], in 4.483s
2022-04-19 15:13:53 train.py[line:78] INFO train: epoch=61, iteration=120, loss=3.716966390609741, lr=[0.002], in 4.476s
2022-04-19 15:13:57 train.py[line:78] INFO train: epoch=61, iteration=140, loss=4.600937843322754, lr=[0.002], in 4.484s
2022-04-19 15:14:02 train.py[line:78] INFO train: epoch=61, iteration=160, loss=4.200028419494629, lr=[0.002], in 4.493s
2022-04-19 15:14:06 train.py[line:78] INFO train: epoch=61, iteration=180, loss=3.7227437496185303, lr=[0.002], in 4.497s
2022-04-19 15:14:11 train.py[line:78] INFO train: epoch=61, iteration=200, loss=4.240939617156982, lr=[0.002], in 4.488s
2022-04-19 15:14:15 train.py[line:78] INFO train: epoch=61, iteration=220, loss=4.393645286560059, lr=[0.002], in 4.491s
2022-04-19 15:14:20 train.py[line:78] INFO train: epoch=61, iteration=240, loss=3.8855981826782227, lr=[0.002], in 4.490s
2022-04-19 15:14:24 train.py[line:78] INFO train: epoch=61, iteration=260, loss=4.309349060058594, lr=[0.002], in 4.490s
2022-04-19 15:14:29 train.py[line:78] INFO train: epoch=61, iteration=280, loss=4.401237487792969, lr=[0.002], in 4.488s
2022-04-19 15:14:33 train.py[line:78] INFO train: epoch=61, iteration=300, loss=3.875875949859619, lr=[0.002], in 4.494s
2022-04-19 15:14:38 train.py[line:78] INFO train: epoch=61, iteration=320, loss=3.5019006729125977, lr=[0.002], in 4.485s
2022-04-19 15:14:42 train.py[line:78] INFO train: epoch=61, iteration=340, loss=4.207592964172363, lr=[0.002], in 4.497s
2022-04-19 15:14:47 train.py[line:78] INFO train: epoch=61, iteration=360, loss=4.334486961364746, lr=[0.002], in 4.491s
2022-04-19 15:14:51 train.py[line:78] INFO train: epoch=61, iteration=380, loss=3.772246837615967, lr=[0.002], in 4.499s
2022-04-19 15:14:56 train.py[line:78] INFO train: epoch=61, iteration=400, loss=4.121906280517578, lr=[0.002], in 4.485s
2022-04-19 15:15:01 train.py[line:78] INFO train: epoch=61, iteration=420, loss=4.390355110168457, lr=[0.002], in 5.011s
2022-04-19 15:15:05 train.py[line:78] INFO train: epoch=61, iteration=440, loss=3.8748843669891357, lr=[0.002], in 4.635s
2022-04-19 15:15:10 train.py[line:78] INFO train: epoch=61, iteration=460, loss=3.5496842861175537, lr=[0.002], in 4.502s
2022-04-19 15:15:14 train.py[line:78] INFO train: epoch=61, iteration=480, loss=4.33210563659668, lr=[0.002], in 4.495s
2022-04-19 15:15:19 train.py[line:78] INFO train: epoch=61, iteration=500, loss=4.297947883605957, lr=[0.002], in 4.503s
2022-04-19 15:15:23 train.py[line:78] INFO train: epoch=61, iteration=520, loss=3.773348569869995, lr=[0.002], in 4.486s
2022-04-19 15:15:28 train.py[line:78] INFO train: epoch=61, iteration=540, loss=4.3470988273620605, lr=[0.002], in 4.485s
2022-04-19 15:15:32 train.py[line:78] INFO train: epoch=61, iteration=560, loss=4.331873893737793, lr=[0.002], in 4.486s
2022-04-19 15:15:37 train.py[line:78] INFO train: epoch=61, iteration=580, loss=3.898916482925415, lr=[0.002], in 4.494s
2022-04-19 15:15:41 train.py[line:78] INFO train: epoch=61, iteration=600, loss=3.41752552986145, lr=[0.002], in 4.680s
2022-04-19 15:15:42 train.py[line:86] INFO -------train exits, epoch=61-------
2022-04-19 15:16:00 train.py[line:78] INFO train: epoch=61, iteration=20, loss=4.5569376945495605, lr=[0.002], in 17.984s
2022-04-19 15:16:05 train.py[line:78] INFO train: epoch=61, iteration=40, loss=4.306877136230469, lr=[0.002], in 4.833s
2022-04-19 15:16:10 train.py[line:78] INFO train: epoch=61, iteration=60, loss=3.5401225090026855, lr=[0.002], in 4.815s
2022-04-19 15:16:14 train.py[line:78] INFO train: epoch=61, iteration=80, loss=4.365092754364014, lr=[0.002], in 4.690s
2022-04-19 15:16:19 train.py[line:78] INFO train: epoch=61, iteration=100, loss=4.303186893463135, lr=[0.002], in 4.470s
2022-04-19 15:16:23 train.py[line:78] INFO train: epoch=61, iteration=120, loss=3.858704090118408, lr=[0.002], in 4.483s
2022-04-19 15:16:28 train.py[line:78] INFO train: epoch=61, iteration=140, loss=3.5154385566711426, lr=[0.002], in 4.466s
2022-04-19 15:16:32 train.py[line:78] INFO train: epoch=61, iteration=160, loss=4.5133957862854, lr=[0.002], in 4.467s
2022-04-19 15:16:37 train.py[line:78] INFO train: epoch=61, iteration=180, loss=4.121536731719971, lr=[0.002], in 4.473s
2022-04-19 15:16:41 train.py[line:78] INFO train: epoch=61, iteration=200, loss=3.4838883876800537, lr=[0.002], in 4.486s
2022-04-19 15:16:46 train.py[line:78] INFO train: epoch=61, iteration=220, loss=4.210338115692139, lr=[0.002], in 4.504s
2022-04-19 15:16:50 train.py[line:78] INFO train: epoch=61, iteration=240, loss=4.346868991851807, lr=[0.002], in 4.516s
2022-04-19 15:16:55 train.py[line:78] INFO train: epoch=61, iteration=260, loss=3.767583131790161, lr=[0.002], in 4.536s
2022-04-19 15:16:59 train.py[line:78] INFO train: epoch=61, iteration=280, loss=3.719299554824829, lr=[0.002], in 4.523s
2022-04-19 15:17:04 train.py[line:78] INFO train: epoch=61, iteration=300, loss=4.326041221618652, lr=[0.002], in 4.494s
2022-04-19 15:17:08 train.py[line:78] INFO train: epoch=61, iteration=320, loss=3.938983678817749, lr=[0.002], in 4.488s
2022-04-19 15:17:13 train.py[line:78] INFO train: epoch=61, iteration=340, loss=3.3071584701538086, lr=[0.002], in 4.495s
2022-04-19 15:17:17 train.py[line:78] INFO train: epoch=61, iteration=360, loss=4.213706970214844, lr=[0.002], in 4.489s
2022-04-19 15:17:22 train.py[line:78] INFO train: epoch=61, iteration=380, loss=4.289733409881592, lr=[0.002], in 4.490s
2022-04-19 15:17:26 train.py[line:78] INFO train: epoch=61, iteration=400, loss=3.5056097507476807, lr=[0.002], in 4.485s
2022-04-19 15:17:31 train.py[line:78] INFO train: epoch=61, iteration=420, loss=4.019486427307129, lr=[0.002], in 4.499s
2022-04-19 15:17:35 train.py[line:78] INFO train: epoch=61, iteration=440, loss=4.369081974029541, lr=[0.002], in 4.487s
2022-04-19 15:17:40 train.py[line:78] INFO train: epoch=61, iteration=460, loss=3.6106274127960205, lr=[0.002], in 4.493s
2022-04-19 15:17:44 train.py[line:78] INFO train: epoch=61, iteration=480, loss=3.3396315574645996, lr=[0.002], in 4.592s
2022-04-19 15:17:50 train.py[line:78] INFO train: epoch=61, iteration=500, loss=4.33000373840332, lr=[0.002], in 5.446s
2022-04-19 15:17:55 train.py[line:78] INFO train: epoch=61, iteration=520, loss=4.287890911102295, lr=[0.002], in 5.041s
2022-04-19 15:17:59 train.py[line:78] INFO train: epoch=61, iteration=540, loss=3.6473519802093506, lr=[0.002], in 4.495s
2022-04-19 15:18:04 train.py[line:78] INFO train: epoch=61, iteration=560, loss=4.355330944061279, lr=[0.002], in 4.500s
2022-04-19 15:18:08 train.py[line:78] INFO train: epoch=61, iteration=580, loss=4.345409870147705, lr=[0.002], in 4.495s
2022-04-19 15:18:13 train.py[line:78] INFO train: epoch=61, iteration=600, loss=3.849424362182617, lr=[0.002], in 4.487s
2022-04-19 15:18:13 train.py[line:86] INFO -------train exits, epoch=61-------
2022-04-19 15:18:34 train.py[line:78] INFO train: epoch=61, iteration=20, loss=3.3092598915100098, lr=[0.002], in 20.112s
2022-04-19 15:18:38 train.py[line:78] INFO train: epoch=61, iteration=40, loss=4.50960636138916, lr=[0.002], in 4.477s
2022-04-19 15:18:43 train.py[line:78] INFO train: epoch=61, iteration=60, loss=4.283289432525635, lr=[0.002], in 4.475s
2022-04-19 15:18:47 train.py[line:78] INFO train: epoch=61, iteration=80, loss=3.3674631118774414, lr=[0.002], in 4.471s
2022-04-19 15:18:52 train.py[line:78] INFO train: epoch=61, iteration=100, loss=4.347083568572998, lr=[0.002], in 4.497s
2022-04-19 15:18:56 train.py[line:78] INFO train: epoch=61, iteration=120, loss=4.321191310882568, lr=[0.002], in 4.894s
2022-04-19 15:19:01 train.py[line:78] INFO train: epoch=61, iteration=140, loss=4.027904510498047, lr=[0.002], in 4.473s
2022-04-19 15:19:05 train.py[line:78] INFO train: epoch=61, iteration=160, loss=3.210186004638672, lr=[0.002], in 4.469s
2022-04-19 15:19:10 train.py[line:78] INFO train: epoch=61, iteration=180, loss=4.5603413581848145, lr=[0.002], in 4.474s
2022-04-19 15:19:14 train.py[line:78] INFO train: epoch=61, iteration=200, loss=4.127077102661133, lr=[0.002], in 4.471s
2022-04-19 15:19:19 train.py[line:78] INFO train: epoch=61, iteration=220, loss=3.161943197250366, lr=[0.002], in 4.483s
2022-04-19 15:19:23 train.py[line:78] INFO train: epoch=61, iteration=240, loss=4.1767072677612305, lr=[0.002], in 4.481s
2022-04-19 15:19:28 train.py[line:78] INFO train: epoch=61, iteration=260, loss=4.36168909072876, lr=[0.002], in 4.499s
2022-04-19 15:19:32 train.py[line:78] INFO train: epoch=61, iteration=280, loss=3.687145948410034, lr=[0.002], in 4.485s
2022-04-19 15:19:37 train.py[line:78] INFO train: epoch=61, iteration=300, loss=3.53231143951416, lr=[0.002], in 4.484s
2022-04-19 15:19:41 train.py[line:78] INFO train: epoch=61, iteration=320, loss=4.363696098327637, lr=[0.002], in 4.485s
2022-04-19 15:19:46 train.py[line:78] INFO train: epoch=61, iteration=340, loss=3.577333927154541, lr=[0.002], in 4.484s
2022-04-19 15:19:50 train.py[line:78] INFO train: epoch=61, iteration=360, loss=2.945605754852295, lr=[0.002], in 4.485s
2022-04-19 15:19:55 train.py[line:78] INFO train: epoch=61, iteration=380, loss=4.2079668045043945, lr=[0.002], in 4.478s
2022-04-19 15:19:59 train.py[line:78] INFO train: epoch=61, iteration=400, loss=4.325271129608154, lr=[0.002], in 4.501s
2022-04-19 15:20:04 train.py[line:78] INFO train: epoch=61, iteration=420, loss=3.4375293254852295, lr=[0.002], in 4.495s
2022-04-19 15:20:08 train.py[line:78] INFO train: epoch=61, iteration=440, loss=3.9363977909088135, lr=[0.002], in 4.480s
2022-04-19 15:20:13 train.py[line:78] INFO train: epoch=61, iteration=460, loss=4.30337381362915, lr=[0.002], in 4.493s
2022-04-19 15:20:17 train.py[line:78] INFO train: epoch=61, iteration=480, loss=3.411497116088867, lr=[0.002], in 4.485s
2022-04-19 15:20:22 train.py[line:78] INFO train: epoch=61, iteration=500, loss=2.962998390197754, lr=[0.002], in 4.484s
2022-04-19 15:20:26 train.py[line:78] INFO train: epoch=61, iteration=520, loss=4.311293601989746, lr=[0.002], in 4.483s
2022-04-19 15:20:31 train.py[line:78] INFO train: epoch=61, iteration=540, loss=4.244469165802002, lr=[0.002], in 4.508s
2022-04-19 15:20:35 train.py[line:78] INFO train: epoch=61, iteration=560, loss=3.4855446815490723, lr=[0.002], in 4.485s
2022-04-19 15:20:40 train.py[line:78] INFO train: epoch=61, iteration=580, loss=4.281222343444824, lr=[0.002], in 4.488s
2022-04-19 15:20:44 train.py[line:78] INFO train: epoch=61, iteration=600, loss=4.2646942138671875, lr=[0.002], in 4.481s
2022-04-19 15:20:45 train.py[line:86] INFO -------train exits, epoch=61-------
2022-04-19 15:21:03 train.py[line:78] INFO train: epoch=61, iteration=20, loss=3.7054078578948975, lr=[0.002], in 17.833s
2022-04-19 15:21:07 train.py[line:78] INFO train: epoch=61, iteration=40, loss=2.824887990951538, lr=[0.002], in 4.950s
2022-04-19 15:21:12 train.py[line:78] INFO train: epoch=61, iteration=60, loss=4.464593887329102, lr=[0.002], in 4.842s
2022-04-19 15:21:17 train.py[line:78] INFO train: epoch=61, iteration=80, loss=4.25874662399292, lr=[0.002], in 4.490s
2022-04-19 15:21:21 train.py[line:78] INFO train: epoch=61, iteration=100, loss=3.2829172611236572, lr=[0.002], in 4.507s
2022-04-19 15:21:26 train.py[line:78] INFO train: epoch=61, iteration=120, loss=4.338545322418213, lr=[0.002], in 4.476s
2022-04-19 15:21:30 train.py[line:78] INFO train: epoch=61, iteration=140, loss=4.368105888366699, lr=[0.002], in 4.472s
2022-04-19 15:21:35 train.py[line:78] INFO train: epoch=61, iteration=160, loss=3.7866299152374268, lr=[0.002], in 4.869s
2022-04-19 15:21:40 train.py[line:78] INFO train: epoch=61, iteration=180, loss=3.193239212036133, lr=[0.002], in 4.593s
2022-04-19 15:21:44 train.py[line:78] INFO train: epoch=61, iteration=200, loss=4.549907684326172, lr=[0.002], in 4.478s
2022-04-19 15:21:49 train.py[line:78] INFO train: epoch=61, iteration=220, loss=4.088205814361572, lr=[0.002], in 4.473s
2022-04-19 15:21:53 train.py[line:78] INFO train: epoch=61, iteration=240, loss=3.208836555480957, lr=[0.002], in 4.472s
2022-04-19 15:21:58 train.py[line:78] INFO train: epoch=61, iteration=260, loss=4.245485782623291, lr=[0.002], in 4.747s
2022-04-19 15:22:03 train.py[line:78] INFO train: epoch=61, iteration=280, loss=4.349367141723633, lr=[0.002], in 4.622s
2022-04-19 15:22:07 train.py[line:78] INFO train: epoch=61, iteration=300, loss=3.699810028076172, lr=[0.002], in 4.485s
2022-04-19 15:22:12 train.py[line:78] INFO train: epoch=61, iteration=320, loss=3.6118786334991455, lr=[0.002], in 4.479s
2022-04-19 15:22:16 train.py[line:78] INFO train: epoch=61, iteration=340, loss=4.3551530838012695, lr=[0.002], in 4.483s
2022-04-19 15:22:21 train.py[line:78] INFO train: epoch=61, iteration=360, loss=3.7938687801361084, lr=[0.002], in 4.516s
2022-04-19 15:22:25 train.py[line:78] INFO train: epoch=61, iteration=380, loss=2.95220685005188, lr=[0.002], in 4.484s
2022-04-19 15:22:30 train.py[line:78] INFO train: epoch=61, iteration=400, loss=4.273379802703857, lr=[0.002], in 4.549s
2022-04-19 15:22:34 train.py[line:78] INFO train: epoch=61, iteration=420, loss=4.393779754638672, lr=[0.002], in 4.506s
2022-04-19 15:22:39 train.py[line:78] INFO train: epoch=61, iteration=440, loss=3.5692102909088135, lr=[0.002], in 4.516s
2022-04-19 15:22:43 train.py[line:78] INFO train: epoch=61, iteration=460, loss=4.03271484375, lr=[0.002], in 4.498s
2022-04-19 15:22:48 train.py[line:78] INFO train: epoch=61, iteration=480, loss=4.350039005279541, lr=[0.002], in 4.497s
2022-04-19 15:22:52 train.py[line:78] INFO train: epoch=61, iteration=500, loss=3.596306085586548, lr=[0.002], in 4.508s
2022-04-19 15:22:57 train.py[line:78] INFO train: epoch=61, iteration=520, loss=3.1612746715545654, lr=[0.002], in 4.909s
2022-04-19 15:23:03 train.py[line:78] INFO train: epoch=61, iteration=540, loss=4.393016338348389, lr=[0.002], in 5.618s
2022-04-19 15:23:08 train.py[line:78] INFO train: epoch=61, iteration=560, loss=4.211516380310059, lr=[0.002], in 5.025s
2022-04-19 15:23:13 train.py[line:78] INFO train: epoch=61, iteration=580, loss=3.5431227684020996, lr=[0.002], in 5.200s
2022-04-19 15:23:17 train.py[line:78] INFO train: epoch=61, iteration=600, loss=4.310489177703857, lr=[0.002], in 4.558s
2022-04-19 15:23:18 train.py[line:86] INFO -------train exits, epoch=61-------
2022-04-19 15:23:38 train.py[line:78] INFO train: epoch=61, iteration=20, loss=4.2746992111206055, lr=[0.002], in 20.370s
2022-04-19 15:23:43 train.py[line:78] INFO train: epoch=61, iteration=40, loss=3.813486337661743, lr=[0.002], in 4.934s
2022-04-19 15:23:48 train.py[line:78] INFO train: epoch=61, iteration=60, loss=3.195241689682007, lr=[0.002], in 4.464s
2022-04-19 15:23:52 train.py[line:78] INFO train: epoch=61, iteration=80, loss=4.558638572692871, lr=[0.002], in 4.467s
2022-04-19 15:23:57 train.py[line:78] INFO train: epoch=61, iteration=100, loss=4.220609664916992, lr=[0.002], in 4.477s
2022-04-19 15:24:02 train.py[line:78] INFO train: epoch=61, iteration=120, loss=3.2072324752807617, lr=[0.002], in 4.936s
2022-04-19 15:24:06 train.py[line:78] INFO train: epoch=61, iteration=140, loss=4.329041481018066, lr=[0.002], in 4.484s
2022-04-19 15:24:11 train.py[line:78] INFO train: epoch=61, iteration=160, loss=4.281964302062988, lr=[0.002], in 4.492s
2022-04-19 15:24:15 train.py[line:78] INFO train: epoch=61, iteration=180, loss=3.6821980476379395, lr=[0.002], in 4.492s
2022-04-19 15:24:20 train.py[line:78] INFO train: epoch=61, iteration=200, loss=3.228623628616333, lr=[0.002], in 4.485s
2022-04-19 15:24:24 train.py[line:78] INFO train: epoch=61, iteration=220, loss=4.458982467651367, lr=[0.002], in 4.484s
2022-04-19 15:24:29 train.py[line:78] INFO train: epoch=61, iteration=240, loss=3.9461069107055664, lr=[0.002], in 4.485s
2022-04-19 15:24:33 train.py[line:78] INFO train: epoch=61, iteration=260, loss=2.9681954383850098, lr=[0.002], in 4.490s
2022-04-19 15:24:38 train.py[line:78] INFO train: epoch=61, iteration=280, loss=4.231933116912842, lr=[0.002], in 4.490s
2022-04-19 15:24:42 train.py[line:78] INFO train: epoch=61, iteration=300, loss=4.337639808654785, lr=[0.002], in 4.487s
2022-04-19 15:24:47 train.py[line:78] INFO train: epoch=61, iteration=320, loss=3.4717798233032227, lr=[0.002], in 4.503s
2022-04-19 15:24:51 train.py[line:78] INFO train: epoch=61, iteration=340, loss=3.427305221557617, lr=[0.002], in 4.844s
2022-04-19 15:24:56 train.py[line:78] INFO train: epoch=61, iteration=360, loss=4.367393970489502, lr=[0.002], in 4.486s
2022-04-19 15:25:00 train.py[line:78] INFO train: epoch=61, iteration=380, loss=3.5995750427246094, lr=[0.002], in 4.482s
2022-04-19 15:25:05 train.py[line:78] INFO train: epoch=61, iteration=400, loss=2.8034543991088867, lr=[0.002], in 4.484s
2022-04-19 15:25:09 train.py[line:78] INFO train: epoch=61, iteration=420, loss=4.208530902862549, lr=[0.002], in 4.488s
2022-04-19 15:25:14 train.py[line:78] INFO train: epoch=61, iteration=440, loss=4.264541149139404, lr=[0.002], in 4.485s
2022-04-19 15:25:18 train.py[line:78] INFO train: epoch=61, iteration=460, loss=3.440112829208374, lr=[0.002], in 4.486s
2022-04-19 15:25:23 train.py[line:78] INFO train: epoch=61, iteration=480, loss=3.892707347869873, lr=[0.002], in 4.482s
2022-04-19 15:25:28 train.py[line:78] INFO train: epoch=61, iteration=500, loss=4.328639984130859, lr=[0.002], in 4.870s
2022-04-19 15:25:32 train.py[line:78] INFO train: epoch=61, iteration=520, loss=3.4125425815582275, lr=[0.002], in 4.506s
2022-04-19 15:25:37 train.py[line:78] INFO train: epoch=61, iteration=540, loss=2.9940598011016846, lr=[0.002], in 4.485s
2022-04-19 15:25:41 train.py[line:78] INFO train: epoch=61, iteration=560, loss=4.418326377868652, lr=[0.002], in 4.484s
2022-04-19 15:25:46 train.py[line:78] INFO train: epoch=61, iteration=580, loss=4.219248294830322, lr=[0.002], in 4.490s
2022-04-19 15:25:50 train.py[line:78] INFO train: epoch=61, iteration=600, loss=3.2643799781799316, lr=[0.002], in 4.482s
2022-04-19 15:25:51 train.py[line:86] INFO -------train exits, epoch=61-------
2022-04-19 15:26:10 train.py[line:78] INFO train: epoch=61, iteration=20, loss=4.252323150634766, lr=[0.002], in 19.703s
2022-04-19 15:26:15 train.py[line:78] INFO train: epoch=61, iteration=40, loss=4.334924697875977, lr=[0.002], in 4.475s
2022-04-19 15:26:19 train.py[line:78] INFO train: epoch=61, iteration=60, loss=3.655345916748047, lr=[0.002], in 4.479s
2022-04-19 15:26:24 train.py[line:78] INFO train: epoch=61, iteration=80, loss=2.9193058013916016, lr=[0.002], in 4.473s
2022-04-19 15:26:28 train.py[line:78] INFO train: epoch=61, iteration=100, loss=4.648497104644775, lr=[0.002], in 4.482s
2022-04-19 15:26:33 train.py[line:78] INFO train: epoch=61, iteration=120, loss=4.221747875213623, lr=[0.002], in 4.493s
2022-04-19 15:26:38 train.py[line:78] INFO train: epoch=61, iteration=140, loss=3.216735601425171, lr=[0.002], in 4.936s
2022-04-19 15:26:43 train.py[line:78] INFO train: epoch=61, iteration=160, loss=4.318905830383301, lr=[0.002], in 4.757s
2022-04-19 15:26:47 train.py[line:78] INFO train: epoch=61, iteration=180, loss=4.291271686553955, lr=[0.002], in 4.646s
2022-04-19 15:26:52 train.py[line:78] INFO train: epoch=61, iteration=200, loss=3.674887180328369, lr=[0.002], in 4.578s
2022-04-19 15:26:56 train.py[line:78] INFO train: epoch=61, iteration=220, loss=2.9712958335876465, lr=[0.002], in 4.527s
2022-04-19 15:27:01 train.py[line:78] INFO train: epoch=61, iteration=240, loss=4.47897481918335, lr=[0.002], in 4.476s
2022-04-19 15:27:05 train.py[line:78] INFO train: epoch=61, iteration=260, loss=4.102324962615967, lr=[0.002], in 4.487s
2022-04-19 15:27:10 train.py[line:78] INFO train: epoch=61, iteration=280, loss=2.8043465614318848, lr=[0.002], in 4.915s
2022-04-19 15:27:15 train.py[line:78] INFO train: epoch=61, iteration=300, loss=4.192493915557861, lr=[0.002], in 4.476s
2022-04-19 15:27:19 train.py[line:78] INFO train: epoch=61, iteration=320, loss=4.328840255737305, lr=[0.002], in 4.484s
2022-04-19 15:27:24 train.py[line:78] INFO train: epoch=61, iteration=340, loss=3.3707690238952637, lr=[0.002], in 4.490s
2022-04-19 15:27:29 train.py[line:78] INFO train: epoch=61, iteration=360, loss=3.2257776260375977, lr=[0.002], in 4.972s
2022-04-19 15:27:33 train.py[line:78] INFO train: epoch=61, iteration=380, loss=4.312403678894043, lr=[0.002], in 4.488s
2022-04-19 15:27:38 train.py[line:78] INFO train: epoch=61, iteration=400, loss=3.5617516040802, lr=[0.002], in 4.722s
2022-04-19 15:27:42 train.py[line:78] INFO train: epoch=61, iteration=420, loss=2.731576442718506, lr=[0.002], in 4.491s
2022-04-19 15:27:47 train.py[line:78] INFO train: epoch=61, iteration=440, loss=4.256026268005371, lr=[0.002], in 4.481s
2022-04-19 15:27:51 train.py[line:78] INFO train: epoch=61, iteration=460, loss=4.2301836013793945, lr=[0.002], in 4.486s
2022-04-19 15:27:56 train.py[line:78] INFO train: epoch=61, iteration=480, loss=3.336941957473755, lr=[0.002], in 4.490s
2022-04-19 15:28:00 train.py[line:78] INFO train: epoch=61, iteration=500, loss=3.845393419265747, lr=[0.002], in 4.489s
2022-04-19 15:28:05 train.py[line:78] INFO train: epoch=61, iteration=520, loss=4.291256904602051, lr=[0.002], in 4.482s
2022-04-19 15:28:09 train.py[line:78] INFO train: epoch=61, iteration=540, loss=3.2383029460906982, lr=[0.002], in 4.497s
2022-04-19 15:28:14 train.py[line:78] INFO train: epoch=61, iteration=560, loss=2.612320899963379, lr=[0.002], in 4.512s
2022-04-19 15:28:18 train.py[line:78] INFO train: epoch=61, iteration=580, loss=4.359151840209961, lr=[0.002], in 4.488s
2022-04-19 15:28:23 train.py[line:78] INFO train: epoch=61, iteration=600, loss=4.211184501647949, lr=[0.002], in 4.495s
2022-04-19 15:28:23 train.py[line:86] INFO -------train exits, epoch=61-------
2022-04-19 15:28:42 train.py[line:78] INFO train: epoch=61, iteration=20, loss=3.213735342025757, lr=[0.002], in 18.641s
2022-04-19 15:28:47 train.py[line:78] INFO train: epoch=61, iteration=40, loss=4.1966400146484375, lr=[0.002], in 4.474s
2022-04-19 15:28:51 train.py[line:78] INFO train: epoch=61, iteration=60, loss=4.310434341430664, lr=[0.002], in 4.478s
2022-04-19 15:28:56 train.py[line:78] INFO train: epoch=61, iteration=80, loss=3.439880132675171, lr=[0.002], in 4.474s
2022-04-19 15:29:00 train.py[line:78] INFO train: epoch=61, iteration=100, loss=2.8047518730163574, lr=[0.002], in 4.484s
2022-04-19 15:29:05 train.py[line:78] INFO train: epoch=61, iteration=120, loss=4.567657947540283, lr=[0.002], in 4.475s
2022-04-19 15:29:09 train.py[line:78] INFO train: epoch=61, iteration=140, loss=4.235380172729492, lr=[0.002], in 4.525s
2022-04-19 15:29:14 train.py[line:78] INFO train: epoch=61, iteration=160, loss=3.2960104942321777, lr=[0.002], in 4.488s
2022-04-19 15:29:18 train.py[line:78] INFO train: epoch=61, iteration=180, loss=4.323269844055176, lr=[0.002], in 4.509s
2022-04-19 15:29:23 train.py[line:78] INFO train: epoch=61, iteration=200, loss=4.296812534332275, lr=[0.002], in 4.495s
2022-04-19 15:29:27 train.py[line:78] INFO train: epoch=61, iteration=220, loss=3.7309577465057373, lr=[0.002], in 4.480s
2022-04-19 15:29:32 train.py[line:78] INFO train: epoch=61, iteration=240, loss=3.025986909866333, lr=[0.002], in 4.489s
2022-04-19 15:29:36 train.py[line:78] INFO train: epoch=61, iteration=260, loss=4.605469226837158, lr=[0.002], in 4.484s
2022-04-19 15:29:40 train.py[line:78] INFO train: epoch=61, iteration=280, loss=4.011307716369629, lr=[0.002], in 4.507s
2022-04-19 15:29:45 train.py[line:78] INFO train: epoch=61, iteration=300, loss=3.0577855110168457, lr=[0.002], in 4.769s
2022-04-19 15:29:50 train.py[line:78] INFO train: epoch=61, iteration=320, loss=4.200319766998291, lr=[0.002], in 4.482s
2022-04-19 15:29:54 train.py[line:78] INFO train: epoch=61, iteration=340, loss=4.389316082000732, lr=[0.002], in 4.484s
2022-04-19 15:29:59 train.py[line:78] INFO train: epoch=61, iteration=360, loss=3.5957257747650146, lr=[0.002], in 4.480s
2022-04-19 15:30:03 train.py[line:78] INFO train: epoch=61, iteration=380, loss=3.4586029052734375, lr=[0.002], in 4.481s
2022-04-19 15:30:08 train.py[line:78] INFO train: epoch=61, iteration=400, loss=4.349735736846924, lr=[0.002], in 4.484s
2022-04-19 15:30:12 train.py[line:78] INFO train: epoch=61, iteration=420, loss=3.4903805255889893, lr=[0.002], in 4.489s
2022-04-19 15:30:17 train.py[line:78] INFO train: epoch=61, iteration=440, loss=2.92226243019104, lr=[0.002], in 4.488s
2022-04-19 15:30:21 train.py[line:78] INFO train: epoch=61, iteration=460, loss=4.186141014099121, lr=[0.002], in 4.479s
2022-04-19 15:30:26 train.py[line:78] INFO train: epoch=61, iteration=480, loss=4.28385066986084, lr=[0.002], in 4.478s
2022-04-19 15:30:30 train.py[line:78] INFO train: epoch=61, iteration=500, loss=3.376073122024536, lr=[0.002], in 4.483s
2022-04-19 15:30:35 train.py[line:78] INFO train: epoch=61, iteration=520, loss=3.9283223152160645, lr=[0.002], in 4.477s
2022-04-19 15:30:39 train.py[line:78] INFO train: epoch=61, iteration=540, loss=4.322213649749756, lr=[0.002], in 4.482s
2022-04-19 15:30:44 train.py[line:78] INFO train: epoch=61, iteration=560, loss=3.300534963607788, lr=[0.002], in 4.483s
2022-04-19 15:30:48 train.py[line:78] INFO train: epoch=61, iteration=580, loss=2.7663686275482178, lr=[0.002], in 4.487s
2022-04-19 15:30:53 train.py[line:78] INFO train: epoch=61, iteration=600, loss=4.414553642272949, lr=[0.002], in 4.478s
2022-04-19 15:30:53 train.py[line:86] INFO -------train exits, epoch=61-------
2022-04-19 15:31:13 train.py[line:78] INFO train: epoch=61, iteration=20, loss=4.2433037757873535, lr=[0.002], in 19.388s
2022-04-19 15:31:17 train.py[line:78] INFO train: epoch=61, iteration=40, loss=3.300921678543091, lr=[0.002], in 4.475s
2022-04-19 15:31:22 train.py[line:78] INFO train: epoch=61, iteration=60, loss=4.30760383605957, lr=[0.002], in 4.484s
2022-04-19 15:31:26 train.py[line:78] INFO train: epoch=61, iteration=80, loss=4.352025985717773, lr=[0.002], in 4.474s
2022-04-19 15:31:30 train.py[line:78] INFO train: epoch=61, iteration=100, loss=3.4789562225341797, lr=[0.002], in 4.486s
2022-04-19 15:31:35 train.py[line:78] INFO train: epoch=61, iteration=120, loss=2.5848727226257324, lr=[0.002], in 4.574s
2022-04-19 15:31:40 train.py[line:78] INFO train: epoch=61, iteration=140, loss=4.495070457458496, lr=[0.002], in 4.907s
2022-04-19 15:31:45 train.py[line:78] INFO train: epoch=61, iteration=160, loss=4.165657043457031, lr=[0.002], in 4.567s
2022-04-19 15:31:49 train.py[line:78] INFO train: epoch=61, iteration=180, loss=3.1118807792663574, lr=[0.002], in 4.477s
2022-04-19 15:31:54 train.py[line:78] INFO train: epoch=61, iteration=200, loss=4.364248275756836, lr=[0.002], in 4.475s
2022-04-19 15:31:58 train.py[line:78] INFO train: epoch=61, iteration=220, loss=4.297635555267334, lr=[0.002], in 4.688s
2022-04-19 15:32:03 train.py[line:78] INFO train: epoch=61, iteration=240, loss=3.4306435585021973, lr=[0.002], in 4.599s
2022-04-19 15:32:07 train.py[line:78] INFO train: epoch=61, iteration=260, loss=2.7672791481018066, lr=[0.002], in 4.479s
2022-04-19 15:32:12 train.py[line:78] INFO train: epoch=61, iteration=280, loss=4.470555305480957, lr=[0.002], in 4.474s
2022-04-19 15:32:16 train.py[line:78] INFO train: epoch=61, iteration=300, loss=3.8511507511138916, lr=[0.002], in 4.481s
2022-04-19 15:32:21 train.py[line:78] INFO train: epoch=61, iteration=320, loss=2.7874770164489746, lr=[0.002], in 4.482s
2022-04-19 15:32:25 train.py[line:78] INFO train: epoch=61, iteration=340, loss=4.15336799621582, lr=[0.002], in 4.492s
2022-04-19 15:32:30 train.py[line:78] INFO train: epoch=61, iteration=360, loss=4.3024749755859375, lr=[0.002], in 4.482s
2022-04-19 15:32:34 train.py[line:78] INFO train: epoch=61, iteration=380, loss=3.3141398429870605, lr=[0.002], in 4.483s
2022-04-19 15:32:39 train.py[line:78] INFO train: epoch=61, iteration=400, loss=3.208240509033203, lr=[0.002], in 4.481s
2022-04-19 15:32:44 train.py[line:78] INFO train: epoch=61, iteration=420, loss=4.422361373901367, lr=[0.002], in 4.911s
2022-04-19 15:32:48 train.py[line:78] INFO train: epoch=61, iteration=440, loss=3.4181718826293945, lr=[0.002], in 4.482s
2022-04-19 15:32:53 train.py[line:78] INFO train: epoch=61, iteration=460, loss=2.5357532501220703, lr=[0.002], in 4.482s
2022-04-19 15:32:57 train.py[line:78] INFO train: epoch=61, iteration=480, loss=4.163146018981934, lr=[0.002], in 4.481s
2022-04-19 15:33:01 train.py[line:78] INFO train: epoch=61, iteration=500, loss=4.286423683166504, lr=[0.002], in 4.490s
2022-04-19 15:33:06 train.py[line:78] INFO train: epoch=61, iteration=520, loss=3.0998153686523438, lr=[0.002], in 4.479s
2022-04-19 15:33:10 train.py[line:78] INFO train: epoch=61, iteration=540, loss=3.8647236824035645, lr=[0.002], in 4.477s
2022-04-19 15:33:15 train.py[line:78] INFO train: epoch=61, iteration=560, loss=4.3425211906433105, lr=[0.002], in 4.492s
2022-04-19 15:33:19 train.py[line:78] INFO train: epoch=61, iteration=580, loss=3.1044905185699463, lr=[0.002], in 4.485s
2022-04-19 15:33:24 train.py[line:78] INFO train: epoch=61, iteration=600, loss=2.5099809169769287, lr=[0.002], in 4.480s
2022-04-19 15:33:26 train.py[line:86] INFO -------train exits, epoch=61-------
2022-04-19 15:33:44 train.py[line:78] INFO train: epoch=61, iteration=20, loss=4.325160503387451, lr=[0.002], in 18.301s
2022-04-19 15:33:49 train.py[line:78] INFO train: epoch=61, iteration=40, loss=4.255892753601074, lr=[0.002], in 4.716s
2022-04-19 15:33:54 train.py[line:78] INFO train: epoch=61, iteration=60, loss=3.3476476669311523, lr=[0.002], in 4.694s
2022-04-19 15:33:58 train.py[line:78] INFO train: epoch=61, iteration=80, loss=4.247951984405518, lr=[0.002], in 4.478s
2022-04-19 15:34:03 train.py[line:78] INFO train: epoch=61, iteration=100, loss=4.299106597900391, lr=[0.002], in 4.482s
2022-04-19 15:34:07 train.py[line:78] INFO train: epoch=61, iteration=120, loss=3.276911973953247, lr=[0.002], in 4.479s
2022-04-19 15:34:12 train.py[line:78] INFO train: epoch=61, iteration=140, loss=2.536679983139038, lr=[0.002], in 4.476s
2022-04-19 15:34:16 train.py[line:78] INFO train: epoch=61, iteration=160, loss=4.503267765045166, lr=[0.002], in 4.480s
2022-04-19 15:34:21 train.py[line:78] INFO train: epoch=61, iteration=180, loss=4.1976799964904785, lr=[0.002], in 4.967s
2022-04-19 15:34:25 train.py[line:78] INFO train: epoch=61, iteration=200, loss=3.041639566421509, lr=[0.002], in 4.482s
2022-04-19 15:34:30 train.py[line:78] INFO train: epoch=61, iteration=220, loss=4.253593921661377, lr=[0.002], in 4.485s
2022-04-19 15:34:34 train.py[line:78] INFO train: epoch=61, iteration=240, loss=4.345452785491943, lr=[0.002], in 4.485s
2022-04-19 15:34:39 train.py[line:78] INFO train: epoch=61, iteration=260, loss=3.4518589973449707, lr=[0.002], in 4.487s
2022-04-19 15:34:43 train.py[line:78] INFO train: epoch=61, iteration=280, loss=2.7475266456604004, lr=[0.002], in 4.482s
2022-04-19 15:34:48 train.py[line:78] INFO train: epoch=61, iteration=300, loss=4.5890984535217285, lr=[0.002], in 4.481s
2022-04-19 15:34:52 train.py[line:78] INFO train: epoch=61, iteration=320, loss=3.87117862701416, lr=[0.002], in 4.533s
2022-04-19 15:34:58 train.py[line:78] INFO train: epoch=61, iteration=340, loss=2.6285200119018555, lr=[0.002], in 5.135s
2022-04-19 15:35:02 train.py[line:78] INFO train: epoch=61, iteration=360, loss=4.1371870040893555, lr=[0.002], in 4.825s
2022-04-19 15:35:07 train.py[line:78] INFO train: epoch=61, iteration=380, loss=4.334107398986816, lr=[0.002], in 4.527s
2022-04-19 15:35:11 train.py[line:78] INFO train: epoch=61, iteration=400, loss=3.2872979640960693, lr=[0.002], in 4.484s
2022-04-19 15:35:16 train.py[line:78] INFO train: epoch=61, iteration=420, loss=3.0285377502441406, lr=[0.002], in 4.484s
2022-04-19 15:35:20 train.py[line:78] INFO train: epoch=61, iteration=440, loss=4.2910237312316895, lr=[0.002], in 4.481s
2022-04-19 15:35:25 train.py[line:78] INFO train: epoch=61, iteration=460, loss=3.224966049194336, lr=[0.002], in 4.478s
2022-04-19 15:35:29 train.py[line:78] INFO train: epoch=61, iteration=480, loss=2.539281129837036, lr=[0.002], in 4.481s
2022-04-19 15:35:34 train.py[line:78] INFO train: epoch=61, iteration=500, loss=4.182977199554443, lr=[0.002], in 4.484s
2022-04-19 15:35:38 train.py[line:78] INFO train: epoch=61, iteration=520, loss=4.202816009521484, lr=[0.002], in 4.495s
2022-04-19 15:35:43 train.py[line:78] INFO train: epoch=61, iteration=540, loss=3.1048693656921387, lr=[0.002], in 4.515s
2022-04-19 15:35:47 train.py[line:78] INFO train: epoch=61, iteration=560, loss=3.766317367553711, lr=[0.002], in 4.501s
2022-04-19 15:35:52 train.py[line:78] INFO train: epoch=61, iteration=580, loss=4.323406219482422, lr=[0.002], in 4.495s
2022-04-19 15:35:56 train.py[line:78] INFO train: epoch=61, iteration=600, loss=3.133012294769287, lr=[0.002], in 4.482s
2022-04-19 15:35:57 train.py[line:86] INFO -------train exits, epoch=61-------
2022-04-19 15:36:18 train.py[line:78] INFO train: epoch=61, iteration=20, loss=2.5796525478363037, lr=[0.002], in 21.359s
2022-04-19 15:36:23 train.py[line:78] INFO train: epoch=61, iteration=40, loss=4.344932556152344, lr=[0.002], in 4.537s
2022-04-19 15:36:28 train.py[line:78] INFO train: epoch=61, iteration=60, loss=4.2568159103393555, lr=[0.002], in 4.962s
2022-04-19 15:36:33 train.py[line:78] INFO train: epoch=61, iteration=80, loss=3.185462713241577, lr=[0.002], in 4.848s
2022-04-19 15:36:37 train.py[line:78] INFO train: epoch=61, iteration=100, loss=4.206448078155518, lr=[0.002], in 4.473s
2022-04-19 15:36:42 train.py[line:78] INFO train: epoch=61, iteration=120, loss=4.330104827880859, lr=[0.002], in 4.470s
2022-04-19 15:36:46 train.py[line:78] INFO train: epoch=61, iteration=140, loss=3.3455677032470703, lr=[0.002], in 4.475s
2022-04-19 15:36:51 train.py[line:78] INFO train: epoch=61, iteration=160, loss=2.406639337539673, lr=[0.002], in 4.476s
2022-04-19 15:36:55 train.py[line:78] INFO train: epoch=61, iteration=180, loss=4.465795516967773, lr=[0.002], in 4.483s
2022-04-19 15:37:00 train.py[line:78] INFO train: epoch=61, iteration=200, loss=4.182986736297607, lr=[0.002], in 4.480s
2022-04-19 15:37:04 train.py[line:78] INFO train: epoch=61, iteration=220, loss=2.918998956680298, lr=[0.002], in 4.481s
2022-04-19 15:37:09 train.py[line:78] INFO train: epoch=61, iteration=240, loss=4.279352188110352, lr=[0.002], in 4.930s
2022-04-19 15:37:13 train.py[line:78] INFO train: epoch=61, iteration=260, loss=4.288712024688721, lr=[0.002], in 4.493s
2022-04-19 15:37:18 train.py[line:78] INFO train: epoch=61, iteration=280, loss=3.5320284366607666, lr=[0.002], in 4.488s
2022-04-19 15:37:22 train.py[line:78] INFO train: epoch=61, iteration=300, loss=2.804264545440674, lr=[0.002], in 4.483s
2022-04-19 15:37:27 train.py[line:78] INFO train: epoch=61, iteration=320, loss=4.462288856506348, lr=[0.002], in 4.502s
2022-04-19 15:37:31 train.py[line:78] INFO train: epoch=61, iteration=340, loss=3.7274484634399414, lr=[0.002], in 4.518s
2022-04-19 15:37:36 train.py[line:78] INFO train: epoch=61, iteration=360, loss=2.350886344909668, lr=[0.002], in 4.493s
2022-04-19 15:37:40 train.py[line:78] INFO train: epoch=61, iteration=380, loss=4.161167144775391, lr=[0.002], in 4.496s
2022-04-19 15:37:45 train.py[line:78] INFO train: epoch=61, iteration=400, loss=4.3203911781311035, lr=[0.002], in 4.481s
2022-04-19 15:37:49 train.py[line:78] INFO train: epoch=61, iteration=420, loss=3.1286299228668213, lr=[0.002], in 4.511s
2022-04-19 15:37:54 train.py[line:78] INFO train: epoch=61, iteration=440, loss=2.886903762817383, lr=[0.002], in 4.498s
2022-04-19 15:37:58 train.py[line:78] INFO train: epoch=61, iteration=460, loss=4.290177345275879, lr=[0.002], in 4.488s
2022-04-19 15:38:03 train.py[line:78] INFO train: epoch=61, iteration=480, loss=3.138707160949707, lr=[0.002], in 4.514s
2022-04-19 15:38:07 train.py[line:78] INFO train: epoch=61, iteration=500, loss=2.490962028503418, lr=[0.002], in 4.486s
2022-04-19 15:38:12 train.py[line:78] INFO train: epoch=61, iteration=520, loss=4.159367084503174, lr=[0.002], in 4.485s
2022-04-19 15:38:17 train.py[line:78] INFO train: epoch=61, iteration=540, loss=4.263922214508057, lr=[0.002], in 4.725s
2022-04-19 15:38:21 train.py[line:78] INFO train: epoch=61, iteration=560, loss=3.0478386878967285, lr=[0.002], in 4.498s
2022-04-19 15:38:26 train.py[line:78] INFO train: epoch=61, iteration=580, loss=3.774724245071411, lr=[0.002], in 4.595s
2022-04-19 15:38:30 train.py[line:78] INFO train: epoch=61, iteration=600, loss=4.311269760131836, lr=[0.002], in 4.501s
2022-04-19 15:38:31 train.py[line:86] INFO -------train exits, epoch=61-------
2022-04-19 15:38:50 train.py[line:78] INFO train: epoch=61, iteration=20, loss=2.892183542251587, lr=[0.002], in 19.257s
2022-04-19 15:38:55 train.py[line:78] INFO train: epoch=61, iteration=40, loss=2.482438325881958, lr=[0.002], in 4.488s
2022-04-19 15:38:59 train.py[line:78] INFO train: epoch=61, iteration=60, loss=4.39178991317749, lr=[0.002], in 4.530s
2022-04-19 15:39:04 train.py[line:78] INFO train: epoch=61, iteration=80, loss=4.233165264129639, lr=[0.002], in 4.516s
2022-04-19 15:39:09 train.py[line:78] INFO train: epoch=61, iteration=100, loss=3.0061123371124268, lr=[0.002], in 5.032s
2022-04-19 15:39:14 train.py[line:78] INFO train: epoch=61, iteration=120, loss=4.213419437408447, lr=[0.002], in 4.812s
2022-04-19 15:39:18 train.py[line:78] INFO train: epoch=61, iteration=140, loss=4.318047523498535, lr=[0.002], in 4.478s
2022-04-19 15:39:23 train.py[line:78] INFO train: epoch=61, iteration=160, loss=3.055022716522217, lr=[0.002], in 4.476s
2022-04-19 15:39:27 train.py[line:78] INFO train: epoch=61, iteration=180, loss=2.3084769248962402, lr=[0.002], in 4.481s
2022-04-19 15:39:32 train.py[line:78] INFO train: epoch=61, iteration=200, loss=4.524805068969727, lr=[0.002], in 4.484s
2022-04-19 15:39:36 train.py[line:78] INFO train: epoch=61, iteration=220, loss=4.191344738006592, lr=[0.002], in 4.482s
2022-04-19 15:39:40 train.py[line:78] INFO train: epoch=61, iteration=240, loss=2.8449454307556152, lr=[0.002], in 4.480s
2022-04-19 15:39:45 train.py[line:78] INFO train: epoch=61, iteration=260, loss=4.319155216217041, lr=[0.002], in 4.497s
2022-04-19 15:39:50 train.py[line:78] INFO train: epoch=61, iteration=280, loss=4.272492408752441, lr=[0.002], in 4.827s
2022-04-19 15:39:54 train.py[line:78] INFO train: epoch=61, iteration=300, loss=3.3856399059295654, lr=[0.002], in 4.498s
2022-04-19 15:39:59 train.py[line:78] INFO train: epoch=61, iteration=320, loss=2.5362606048583984, lr=[0.002], in 4.479s
2022-04-19 15:40:03 train.py[line:78] INFO train: epoch=61, iteration=340, loss=4.4619975090026855, lr=[0.002], in 4.492s
2022-04-19 15:40:08 train.py[line:78] INFO train: epoch=61, iteration=360, loss=3.8377883434295654, lr=[0.002], in 5.027s
2022-04-19 15:40:13 train.py[line:78] INFO train: epoch=61, iteration=380, loss=2.8457143306732178, lr=[0.002], in 4.479s
2022-04-19 15:40:17 train.py[line:78] INFO train: epoch=61, iteration=400, loss=4.134459972381592, lr=[0.002], in 4.526s
2022-04-19 15:40:22 train.py[line:78] INFO train: epoch=61, iteration=420, loss=4.295648097991943, lr=[0.002], in 4.757s
2022-04-19 15:40:27 train.py[line:78] INFO train: epoch=61, iteration=440, loss=3.218735456466675, lr=[0.002], in 4.887s
2022-04-19 15:40:31 train.py[line:78] INFO train: epoch=61, iteration=460, loss=2.9547576904296875, lr=[0.002], in 4.481s
2022-04-19 15:40:36 train.py[line:78] INFO train: epoch=61, iteration=480, loss=4.281213760375977, lr=[0.002], in 4.482s
2022-04-19 15:40:41 train.py[line:78] INFO train: epoch=61, iteration=500, loss=3.1428279876708984, lr=[0.002], in 4.967s
2022-04-19 15:40:45 train.py[line:78] INFO train: epoch=61, iteration=520, loss=2.6057498455047607, lr=[0.002], in 4.482s
2022-04-19 15:40:50 train.py[line:78] INFO train: epoch=61, iteration=540, loss=4.210083961486816, lr=[0.002], in 4.482s
2022-04-19 15:40:54 train.py[line:78] INFO train: epoch=61, iteration=560, loss=4.237031936645508, lr=[0.002], in 4.488s
2022-04-19 15:40:59 train.py[line:78] INFO train: epoch=61, iteration=580, loss=2.9743800163269043, lr=[0.002], in 4.494s
2022-04-19 15:41:04 train.py[line:78] INFO train: epoch=61, iteration=600, loss=3.747530460357666, lr=[0.002], in 4.925s
2022-04-19 15:41:04 train.py[line:86] INFO -------train exits, epoch=61-------
2022-04-19 15:41:25 train.py[line:78] INFO train: epoch=61, iteration=20, loss=4.3228044509887695, lr=[0.002], in 20.554s
2022-04-19 15:41:29 train.py[line:78] INFO train: epoch=61, iteration=40, loss=3.0688064098358154, lr=[0.002], in 4.472s
2022-04-19 15:41:34 train.py[line:78] INFO train: epoch=61, iteration=60, loss=2.397366762161255, lr=[0.002], in 4.469s
2022-04-19 15:41:38 train.py[line:78] INFO train: epoch=61, iteration=80, loss=4.373932838439941, lr=[0.002], in 4.478s
2022-04-19 15:41:43 train.py[line:78] INFO train: epoch=61, iteration=100, loss=4.228690147399902, lr=[0.002], in 4.480s
2022-04-19 15:41:48 train.py[line:78] INFO train: epoch=61, iteration=120, loss=3.0086517333984375, lr=[0.002], in 5.061s
2022-04-19 15:41:52 train.py[line:78] INFO train: epoch=61, iteration=140, loss=4.174413681030273, lr=[0.002], in 4.473s
2022-04-19 15:41:57 train.py[line:78] INFO train: epoch=61, iteration=160, loss=4.317629814147949, lr=[0.002], in 4.488s
2022-04-19 15:42:01 train.py[line:78] INFO train: epoch=61, iteration=180, loss=3.1196935176849365, lr=[0.002], in 4.494s
2022-04-19 15:42:06 train.py[line:78] INFO train: epoch=61, iteration=200, loss=2.4372599124908447, lr=[0.002], in 4.953s
2022-04-19 15:42:11 train.py[line:78] INFO train: epoch=61, iteration=220, loss=4.5050272941589355, lr=[0.002], in 4.796s
2022-04-19 15:42:16 train.py[line:78] INFO train: epoch=61, iteration=240, loss=4.172338962554932, lr=[0.002], in 4.487s
2022-04-19 15:42:20 train.py[line:78] INFO train: epoch=61, iteration=260, loss=2.812067985534668, lr=[0.002], in 4.499s
2022-04-19 15:42:25 train.py[line:78] INFO train: epoch=61, iteration=280, loss=4.253425598144531, lr=[0.002], in 4.487s
2022-04-19 15:42:29 train.py[line:78] INFO train: epoch=61, iteration=300, loss=4.233484745025635, lr=[0.002], in 4.489s
2022-04-19 15:42:34 train.py[line:78] INFO train: epoch=61, iteration=320, loss=3.1470017433166504, lr=[0.002], in 4.501s
2022-04-19 15:42:38 train.py[line:78] INFO train: epoch=61, iteration=340, loss=2.5439934730529785, lr=[0.002], in 4.882s
2022-04-19 15:42:43 train.py[line:78] INFO train: epoch=61, iteration=360, loss=4.365072727203369, lr=[0.002], in 4.791s
2022-04-19 15:42:48 train.py[line:78] INFO train: epoch=61, iteration=380, loss=3.7656424045562744, lr=[0.002], in 4.685s
2022-04-19 15:42:53 train.py[line:78] INFO train: epoch=61, iteration=400, loss=2.3056905269622803, lr=[0.002], in 4.869s
2022-04-19 15:42:57 train.py[line:78] INFO train: epoch=61, iteration=420, loss=4.101644992828369, lr=[0.002], in 4.509s
2022-04-19 15:43:02 train.py[line:78] INFO train: epoch=61, iteration=440, loss=4.233165740966797, lr=[0.002], in 4.492s
2022-04-19 15:43:06 train.py[line:78] INFO train: epoch=61, iteration=460, loss=3.015803813934326, lr=[0.002], in 4.602s
2022-04-19 15:43:11 train.py[line:78] INFO train: epoch=61, iteration=480, loss=2.814359188079834, lr=[0.002], in 4.764s
2022-04-19 15:43:16 train.py[line:78] INFO train: epoch=61, iteration=500, loss=4.328381061553955, lr=[0.002], in 4.721s
2022-04-19 15:43:20 train.py[line:78] INFO train: epoch=61, iteration=520, loss=3.177863121032715, lr=[0.002], in 4.493s
2022-04-19 15:43:25 train.py[line:78] INFO train: epoch=61, iteration=540, loss=2.324328660964966, lr=[0.002], in 4.489s
2022-04-19 15:43:29 train.py[line:78] INFO train: epoch=61, iteration=560, loss=4.110700607299805, lr=[0.002], in 4.494s
2022-04-19 15:43:34 train.py[line:78] INFO train: epoch=61, iteration=580, loss=4.21453857421875, lr=[0.002], in 4.515s
2022-04-19 15:43:38 train.py[line:78] INFO train: epoch=61, iteration=600, loss=3.0495543479919434, lr=[0.002], in 4.498s
2022-04-19 15:43:39 train.py[line:86] INFO -------train exits, epoch=61-------
2022-04-19 15:43:58 train.py[line:78] INFO train: epoch=61, iteration=20, loss=3.6084654331207275, lr=[0.002], in 18.895s
2022-04-19 15:44:03 train.py[line:78] INFO train: epoch=61, iteration=40, loss=4.286266326904297, lr=[0.002], in 4.488s
2022-04-19 15:44:07 train.py[line:78] INFO train: epoch=61, iteration=60, loss=2.853437662124634, lr=[0.002], in 4.479s
2022-04-19 15:44:12 train.py[line:78] INFO train: epoch=61, iteration=80, loss=2.4012622833251953, lr=[0.002], in 4.473s
2022-04-19 15:44:16 train.py[line:78] INFO train: epoch=61, iteration=100, loss=4.365382671356201, lr=[0.002], in 4.858s
2022-04-19 15:44:21 train.py[line:78] INFO train: epoch=61, iteration=120, loss=4.2078752517700195, lr=[0.002], in 4.531s
2022-04-19 15:44:25 train.py[line:78] INFO train: epoch=61, iteration=140, loss=2.94421648979187, lr=[0.002], in 4.498s
2022-04-19 15:44:30 train.py[line:78] INFO train: epoch=61, iteration=160, loss=4.283483028411865, lr=[0.002], in 4.513s
2022-04-19 15:44:35 train.py[line:78] INFO train: epoch=61, iteration=180, loss=4.288136959075928, lr=[0.002], in 4.817s
2022-04-19 15:44:39 train.py[line:78] INFO train: epoch=61, iteration=200, loss=3.1256487369537354, lr=[0.002], in 4.476s
2022-04-19 15:44:44 train.py[line:78] INFO train: epoch=61, iteration=220, loss=2.350247859954834, lr=[0.002], in 4.479s
2022-04-19 15:44:48 train.py[line:78] INFO train: epoch=61, iteration=240, loss=4.407854080200195, lr=[0.002], in 4.483s
2022-04-19 15:44:53 train.py[line:78] INFO train: epoch=61, iteration=260, loss=4.1133880615234375, lr=[0.002], in 4.491s
2022-04-19 15:44:57 train.py[line:78] INFO train: epoch=61, iteration=280, loss=2.612154245376587, lr=[0.002], in 4.493s
2022-04-19 15:45:02 train.py[line:78] INFO train: epoch=61, iteration=300, loss=4.243213653564453, lr=[0.002], in 4.487s
2022-04-19 15:45:06 train.py[line:78] INFO train: epoch=61, iteration=320, loss=4.16380500793457, lr=[0.002], in 4.491s
2022-04-19 15:45:11 train.py[line:78] INFO train: epoch=61, iteration=340, loss=3.150540828704834, lr=[0.002], in 4.490s
2022-04-19 15:45:15 train.py[line:78] INFO train: epoch=61, iteration=360, loss=2.3994758129119873, lr=[0.002], in 4.493s
2022-04-19 15:45:20 train.py[line:78] INFO train: epoch=61, iteration=380, loss=4.365199565887451, lr=[0.002], in 4.902s
2022-04-19 15:45:24 train.py[line:78] INFO train: epoch=61, iteration=400, loss=3.6843156814575195, lr=[0.002], in 4.486s
2022-04-19 15:45:29 train.py[line:78] INFO train: epoch=61, iteration=420, loss=2.2374157905578613, lr=[0.002], in 4.498s
2022-04-19 15:45:33 train.py[line:78] INFO train: epoch=61, iteration=440, loss=4.1210150718688965, lr=[0.002], in 4.484s
2022-04-19 15:45:38 train.py[line:78] INFO train: epoch=61, iteration=460, loss=4.287111759185791, lr=[0.002], in 4.489s
2022-04-19 15:45:42 train.py[line:78] INFO train: epoch=61, iteration=480, loss=3.0197155475616455, lr=[0.002], in 4.493s
2022-04-19 15:45:47 train.py[line:78] INFO train: epoch=61, iteration=500, loss=2.7694196701049805, lr=[0.002], in 4.487s
2022-04-19 15:45:51 train.py[line:78] INFO train: epoch=61, iteration=520, loss=4.253561973571777, lr=[0.002], in 4.503s
2022-04-19 15:45:56 train.py[line:78] INFO train: epoch=61, iteration=540, loss=3.0407230854034424, lr=[0.002], in 4.490s
2022-04-19 15:46:00 train.py[line:78] INFO train: epoch=61, iteration=560, loss=2.326951265335083, lr=[0.002], in 4.507s
2022-04-19 15:46:05 train.py[line:78] INFO train: epoch=61, iteration=580, loss=4.149656772613525, lr=[0.002], in 4.616s
2022-04-19 15:46:10 train.py[line:78] INFO train: epoch=61, iteration=600, loss=4.219326972961426, lr=[0.002], in 4.483s
2022-04-19 15:46:10 train.py[line:86] INFO -------train exits, epoch=61-------
2022-04-19 15:46:28 train.py[line:78] INFO train: epoch=61, iteration=20, loss=2.816009521484375, lr=[0.002], in 18.101s
2022-04-19 15:46:33 train.py[line:78] INFO train: epoch=61, iteration=40, loss=3.602126359939575, lr=[0.002], in 4.473s
2022-04-19 15:46:37 train.py[line:78] INFO train: epoch=61, iteration=60, loss=4.273077964782715, lr=[0.002], in 4.474s
2022-04-19 15:46:42 train.py[line:78] INFO train: epoch=61, iteration=80, loss=2.9815545082092285, lr=[0.002], in 4.878s
2022-04-19 15:46:47 train.py[line:78] INFO train: epoch=61, iteration=100, loss=2.2302746772766113, lr=[0.002], in 4.543s
2022-04-19 15:46:52 train.py[line:78] INFO train: epoch=61, iteration=120, loss=4.310841083526611, lr=[0.002], in 5.373s
2022-04-19 15:46:57 train.py[line:78] INFO train: epoch=61, iteration=140, loss=4.2723822593688965, lr=[0.002], in 4.494s
2022-04-19 15:47:01 train.py[line:78] INFO train: epoch=61, iteration=160, loss=2.8776113986968994, lr=[0.002], in 4.475s
2022-04-19 15:47:06 train.py[line:78] INFO train: epoch=61, iteration=180, loss=4.115061283111572, lr=[0.002], in 4.482s
2022-04-19 15:47:10 train.py[line:78] INFO train: epoch=61, iteration=200, loss=4.314516544342041, lr=[0.002], in 4.481s
2022-04-19 15:47:14 train.py[line:78] INFO train: epoch=61, iteration=220, loss=3.098206043243408, lr=[0.002], in 4.475s
2022-04-19 15:47:19 train.py[line:78] INFO train: epoch=61, iteration=240, loss=2.1652324199676514, lr=[0.002], in 4.480s
2022-04-19 15:47:23 train.py[line:78] INFO train: epoch=61, iteration=260, loss=4.39329195022583, lr=[0.002], in 4.489s
2022-04-19 15:47:28 train.py[line:78] INFO train: epoch=61, iteration=280, loss=4.124014377593994, lr=[0.002], in 4.483s
2022-04-19 15:47:32 train.py[line:78] INFO train: epoch=61, iteration=300, loss=2.6937036514282227, lr=[0.002], in 4.482s
2022-04-19 15:47:37 train.py[line:78] INFO train: epoch=61, iteration=320, loss=4.2615966796875, lr=[0.002], in 4.480s
2022-04-19 15:47:42 train.py[line:78] INFO train: epoch=61, iteration=340, loss=4.277654647827148, lr=[0.002], in 4.882s
2022-04-19 15:47:46 train.py[line:78] INFO train: epoch=61, iteration=360, loss=3.101515531539917, lr=[0.002], in 4.487s
2022-04-19 15:47:51 train.py[line:78] INFO train: epoch=61, iteration=380, loss=2.4694933891296387, lr=[0.002], in 4.501s
2022-04-19 15:47:56 train.py[line:78] INFO train: epoch=61, iteration=400, loss=4.357109069824219, lr=[0.002], in 5.092s
2022-04-19 15:48:00 train.py[line:78] INFO train: epoch=61, iteration=420, loss=3.684410572052002, lr=[0.002], in 4.504s
2022-04-19 15:48:05 train.py[line:78] INFO train: epoch=61, iteration=440, loss=2.211505651473999, lr=[0.002], in 4.482s
2022-04-19 15:48:09 train.py[line:78] INFO train: epoch=61, iteration=460, loss=4.042192459106445, lr=[0.002], in 4.479s
2022-04-19 15:48:14 train.py[line:78] INFO train: epoch=61, iteration=480, loss=4.254379749298096, lr=[0.002], in 4.492s
2022-04-19 15:48:18 train.py[line:78] INFO train: epoch=61, iteration=500, loss=2.942577838897705, lr=[0.002], in 4.499s
2022-04-19 15:48:23 train.py[line:78] INFO train: epoch=61, iteration=520, loss=2.6634130477905273, lr=[0.002], in 4.481s
2022-04-19 15:48:27 train.py[line:78] INFO train: epoch=61, iteration=540, loss=4.28794002532959, lr=[0.002], in 4.484s
2022-04-19 15:48:32 train.py[line:78] INFO train: epoch=61, iteration=560, loss=2.9916534423828125, lr=[0.002], in 4.500s
2022-04-19 15:48:36 train.py[line:78] INFO train: epoch=61, iteration=580, loss=2.26513671875, lr=[0.002], in 4.503s
2022-04-19 15:48:41 train.py[line:78] INFO train: epoch=61, iteration=600, loss=4.120573997497559, lr=[0.002], in 4.484s
2022-04-19 15:48:42 train.py[line:86] INFO -------train exits, epoch=61-------
2022-04-19 15:49:00 train.py[line:78] INFO train: epoch=61, iteration=20, loss=4.176403522491455, lr=[0.002], in 18.885s
2022-04-19 15:49:05 train.py[line:78] INFO train: epoch=61, iteration=40, loss=2.7588071823120117, lr=[0.002], in 4.476s
2022-04-19 15:49:09 train.py[line:78] INFO train: epoch=61, iteration=60, loss=3.7191898822784424, lr=[0.002], in 4.478s
2022-04-19 15:49:14 train.py[line:78] INFO train: epoch=61, iteration=80, loss=4.273449420928955, lr=[0.002], in 4.845s
2022-04-19 15:49:19 train.py[line:78] INFO train: epoch=61, iteration=100, loss=2.7590436935424805, lr=[0.002], in 4.480s
2022-04-19 15:49:23 train.py[line:78] INFO train: epoch=61, iteration=120, loss=2.3426051139831543, lr=[0.002], in 4.477s
2022-04-19 15:49:28 train.py[line:78] INFO train: epoch=61, iteration=140, loss=4.282545566558838, lr=[0.002], in 4.483s
2022-04-19 15:49:33 train.py[line:78] INFO train: epoch=61, iteration=160, loss=4.179279327392578, lr=[0.002], in 5.020s
2022-04-19 15:49:37 train.py[line:78] INFO train: epoch=61, iteration=180, loss=2.9696340560913086, lr=[0.002], in 4.529s
2022-04-19 15:49:42 train.py[line:78] INFO train: epoch=61, iteration=200, loss=4.097881317138672, lr=[0.002], in 4.481s
2022-04-19 15:49:46 train.py[line:78] INFO train: epoch=61, iteration=220, loss=4.22962760925293, lr=[0.002], in 4.477s
2022-04-19 15:49:51 train.py[line:78] INFO train: epoch=61, iteration=240, loss=3.003570318222046, lr=[0.002], in 4.476s
2022-04-19 15:49:55 train.py[line:78] INFO train: epoch=61, iteration=260, loss=2.083832263946533, lr=[0.002], in 4.485s
2022-04-19 15:50:00 train.py[line:78] INFO train: epoch=61, iteration=280, loss=4.362354278564453, lr=[0.002], in 4.479s
2022-04-19 15:50:04 train.py[line:78] INFO train: epoch=61, iteration=300, loss=4.115237712860107, lr=[0.002], in 4.487s
2022-04-19 15:50:09 train.py[line:78] INFO train: epoch=61, iteration=320, loss=2.620445489883423, lr=[0.002], in 4.490s
2022-04-19 15:50:13 train.py[line:78] INFO train: epoch=61, iteration=340, loss=4.166426181793213, lr=[0.002], in 4.503s
2022-04-19 15:50:18 train.py[line:78] INFO train: epoch=61, iteration=360, loss=4.210441589355469, lr=[0.002], in 4.494s
2022-04-19 15:50:22 train.py[line:78] INFO train: epoch=61, iteration=380, loss=2.999567747116089, lr=[0.002], in 4.933s
2022-04-19 15:50:27 train.py[line:78] INFO train: epoch=61, iteration=400, loss=2.2778139114379883, lr=[0.002], in 4.493s
2022-04-19 15:50:31 train.py[line:78] INFO train: epoch=61, iteration=420, loss=4.394851207733154, lr=[0.002], in 4.500s
2022-04-19 15:50:36 train.py[line:78] INFO train: epoch=61, iteration=440, loss=3.604449510574341, lr=[0.002], in 4.530s
2022-04-19 15:50:41 train.py[line:78] INFO train: epoch=61, iteration=460, loss=2.4569623470306396, lr=[0.002], in 5.355s
2022-04-19 15:50:46 train.py[line:78] INFO train: epoch=61, iteration=480, loss=4.164669990539551, lr=[0.002], in 4.489s
2022-04-19 15:50:50 train.py[line:78] INFO train: epoch=61, iteration=500, loss=4.244097709655762, lr=[0.002], in 4.491s
2022-04-19 15:50:55 train.py[line:78] INFO train: epoch=61, iteration=520, loss=2.8842570781707764, lr=[0.002], in 4.490s
2022-04-19 15:50:59 train.py[line:78] INFO train: epoch=61, iteration=540, loss=2.6915767192840576, lr=[0.002], in 4.489s
2022-04-19 15:51:04 train.py[line:78] INFO train: epoch=61, iteration=560, loss=4.275245189666748, lr=[0.002], in 4.488s
2022-04-19 15:51:09 train.py[line:78] INFO train: epoch=61, iteration=580, loss=2.9119367599487305, lr=[0.002], in 5.137s
2022-04-19 15:51:13 train.py[line:78] INFO train: epoch=61, iteration=600, loss=2.223728656768799, lr=[0.002], in 4.519s
2022-04-19 15:51:14 train.py[line:86] INFO -------train exits, epoch=61-------
2022-04-19 15:51:34 train.py[line:78] INFO train: epoch=61, iteration=20, loss=4.138788223266602, lr=[0.002], in 20.257s
2022-04-19 15:51:39 train.py[line:78] INFO train: epoch=61, iteration=40, loss=4.230440139770508, lr=[0.002], in 4.473s
2022-04-19 15:51:43 train.py[line:78] INFO train: epoch=61, iteration=60, loss=2.9068374633789062, lr=[0.002], in 4.466s
2022-04-19 15:51:48 train.py[line:78] INFO train: epoch=61, iteration=80, loss=3.527656078338623, lr=[0.002], in 4.466s
2022-04-19 15:51:52 train.py[line:78] INFO train: epoch=61, iteration=100, loss=4.267155170440674, lr=[0.002], in 4.486s
2022-04-19 15:51:57 train.py[line:78] INFO train: epoch=61, iteration=120, loss=2.7490406036376953, lr=[0.002], in 4.491s
2022-04-19 15:52:01 train.py[line:78] INFO train: epoch=61, iteration=140, loss=2.27795147895813, lr=[0.002], in 4.497s
2022-04-19 15:52:06 train.py[line:78] INFO train: epoch=61, iteration=160, loss=4.2907490730285645, lr=[0.002], in 4.476s
2022-04-19 15:52:10 train.py[line:78] INFO train: epoch=61, iteration=180, loss=4.172604084014893, lr=[0.002], in 4.478s
2022-04-19 15:52:15 train.py[line:78] INFO train: epoch=61, iteration=200, loss=2.728029489517212, lr=[0.002], in 4.490s
2022-04-19 15:52:19 train.py[line:78] INFO train: epoch=61, iteration=220, loss=4.184342861175537, lr=[0.002], in 4.499s
2022-04-19 15:52:24 train.py[line:78] INFO train: epoch=61, iteration=240, loss=4.288459777832031, lr=[0.002], in 4.482s
2022-04-19 15:52:28 train.py[line:78] INFO train: epoch=61, iteration=260, loss=2.9492292404174805, lr=[0.002], in 4.497s
2022-04-19 15:52:33 train.py[line:78] INFO train: epoch=61, iteration=280, loss=2.2714662551879883, lr=[0.002], in 4.501s
2022-04-19 15:52:37 train.py[line:78] INFO train: epoch=61, iteration=300, loss=4.484120845794678, lr=[0.002], in 4.490s
2022-04-19 15:52:42 train.py[line:78] INFO train: epoch=61, iteration=320, loss=4.130486965179443, lr=[0.002], in 4.748s
2022-04-19 15:52:47 train.py[line:78] INFO train: epoch=61, iteration=340, loss=2.4856600761413574, lr=[0.002], in 4.630s
2022-04-19 15:52:51 train.py[line:78] INFO train: epoch=61, iteration=360, loss=4.228634834289551, lr=[0.002], in 4.483s
2022-04-19 15:52:56 train.py[line:78] INFO train: epoch=61, iteration=380, loss=4.243442058563232, lr=[0.002], in 4.487s
2022-04-19 15:53:00 train.py[line:78] INFO train: epoch=61, iteration=400, loss=3.058614492416382, lr=[0.002], in 4.657s
2022-04-19 15:53:05 train.py[line:78] INFO train: epoch=61, iteration=420, loss=2.5614371299743652, lr=[0.002], in 4.649s
2022-04-19 15:53:10 train.py[line:78] INFO train: epoch=61, iteration=440, loss=4.3824543952941895, lr=[0.002], in 4.950s
2022-04-19 15:53:14 train.py[line:78] INFO train: epoch=61, iteration=460, loss=3.5421621799468994, lr=[0.002], in 4.536s
2022-04-19 15:53:19 train.py[line:78] INFO train: epoch=61, iteration=480, loss=2.3401529788970947, lr=[0.002], in 4.845s
